Log file open, 05/10/24 13:33:39
LogWindows: Failed to load 'aqProf.dll' (GetLastError=126)
LogWindows: File 'aqProf.dll' does not exist
LogWindows: Failed to load 'VtuneApi.dll' (GetLastError=126)
LogWindows: File 'VtuneApi.dll' does not exist
LogWindows: Failed to load 'VtuneApi32e.dll' (GetLastError=126)
LogWindows: File 'VtuneApi32e.dll' does not exist
LogConsoleResponse: Display: Failed to find resolution value strings in scalability ini. Falling back to default.
LogConsoleResponse: Display: Failed to find resolution value strings in scalability ini. Falling back to default.
LogInit: Display: Running engine for game: SnakeGame
LogPlatformFile: Not using cached read wrapper
LogTaskGraph: Started task graph with 5 named threads and 35 total threads with 3 sets of task threads.
LogStats: Stats thread started at 0.311302
LogICUInternationalization: ICU TimeZone Detection - Raw Offset: +3:00, Platform Override: ''
LogInit: Display: Loading text-based GConfig....
LogPluginManager: Mounting plugin MeshPainting
LogPluginManager: Mounting plugin XGEController
LogPluginManager: Mounting plugin Paper2D
LogPluginManager: Mounting plugin AISupport
LogPluginManager: Mounting plugin LiveLink
LogPluginManager: Mounting plugin EnvironmentQueryEditor
LogPluginManager: Mounting plugin LightPropagationVolume
LogPluginManager: Mounting plugin CameraShakePreviewer
LogPluginManager: Mounting plugin OodleData
LogPluginManager: Mounting plugin DatasmithContent
LogPluginManager: Mounting plugin VariantManagerContent
LogPluginManager: Mounting plugin CLionSourceCodeAccess
LogPluginManager: Mounting plugin AnimationSharing
LogPluginManager: Mounting plugin KDevelopSourceCodeAccess
LogPluginManager: Mounting plugin GitSourceControl
LogPluginManager: Mounting plugin NullSourceCodeAccess
LogPluginManager: Mounting plugin CodeLiteSourceCodeAccess
LogPluginManager: Mounting plugin PerforceSourceControl
LogPluginManager: Mounting plugin PlasticSourceControl
LogPluginManager: Mounting plugin PluginUtils
LogPluginManager: Mounting plugin PropertyAccessNode
LogPluginManager: Mounting plugin GameplayCameras
LogPluginManager: Mounting plugin RiderSourceCodeAccess
LogPluginManager: Mounting plugin SubversionSourceControl
LogPluginManager: Mounting plugin TextureFormatOodle
LogPluginManager: Mounting plugin UObjectPlugin
LogPluginManager: Mounting plugin VisualStudioSourceCodeAccess
LogPluginManager: Mounting plugin Niagara
LogPluginManager: Mounting plugin LuminPlatformFeatures
LogPluginManager: Mounting plugin VisualStudioCodeSourceCodeAccess
LogPluginManager: Mounting plugin MagicLeap
LogPluginManager: Mounting plugin MagicLeapLightEstimation
LogPluginManager: Mounting plugin MagicLeapMedia
LogPluginManager: Mounting plugin PixWinPlugin
LogPluginManager: Mounting plugin XCodeSourceCodeAccess
LogPluginManager: Mounting plugin MLSDK
LogPluginManager: Mounting plugin AndroidMedia
LogPluginManager: Mounting plugin AvfMedia
LogPluginManager: Mounting plugin AlembicImporter
LogPluginManager: Mounting plugin AutomationUtils
LogPluginManager: Mounting plugin BackChannel
LogPluginManager: Mounting plugin ChaosCloth
LogPluginManager: Mounting plugin UdpMessaging
LogPluginManager: Mounting plugin ChaosClothEditor
LogPluginManager: Mounting plugin ImgMedia
LogPluginManager: Mounting plugin ChaosEditor
LogPluginManager: Mounting plugin ChaosNiagara
LogPluginManager: Mounting plugin TcpMessaging
LogPluginManager: Mounting plugin MediaCompositing
LogPluginManager: Mounting plugin CharacterAI
LogPluginManager: Mounting plugin ChaosSolverPlugin
LogPluginManager: Mounting plugin MediaPlayerEditor
LogPluginManager: Mounting plugin GeometryCache
LogPluginManager: Mounting plugin WebMMedia
LogPluginManager: Mounting plugin WmfMedia
LogPluginManager: Mounting plugin GeometryCollectionPlugin
LogPluginManager: Mounting plugin GeometryProcessing
LogPluginManager: Mounting plugin MagicLeapPassableWorld
LogPluginManager: Mounting plugin MotoSynth
LogPluginManager: Mounting plugin OpenImageDenoise
LogPluginManager: Mounting plugin PlanarCut
LogPluginManager: Mounting plugin PlatformCrypto
LogPluginManager: Mounting plugin PythonScriptPlugin
LogPluginManager: Mounting plugin ProxyLODPlugin
LogPluginManager: Mounting plugin SkeletalReduction
LogPluginManager: Mounting plugin OnlineSubsystem
LogPluginManager: Mounting plugin ActorSequence
LogPluginManager: Mounting plugin LevelSequenceEditor
LogPluginManager: Mounting plugin MatineeToLevelSequence
LogPluginManager: Mounting plugin OnlineSubsystemNull
LogPluginManager: Mounting plugin OnlineSubsystemUtils
LogPluginManager: Mounting plugin LauncherChunkInstaller
LogPluginManager: Mounting plugin TemplateSequence
LogPluginManager: Mounting plugin ActorLayerUtilities
LogPluginManager: Mounting plugin AndroidDeviceProfileSelector
LogPluginManager: Mounting plugin AndroidMoviePlayer
LogPluginManager: Mounting plugin AndroidPermission
LogPluginManager: Mounting plugin AppleImageUtils
LogPluginManager: Mounting plugin AppleMoviePlayer
LogPluginManager: Mounting plugin ArchVisCharacter
LogPluginManager: Mounting plugin AudioCapture
LogPluginManager: Mounting plugin AudioSynesthesia
LogPluginManager: Mounting plugin CableComponent
LogPluginManager: Mounting plugin ChunkDownloader
LogPluginManager: Mounting plugin CustomMeshComponent
LogPluginManager: Mounting plugin AssetTags
LogPluginManager: Mounting plugin EditableMesh
LogPluginManager: Mounting plugin ExampleDeviceProfileSelector
LogPluginManager: Mounting plugin GooglePAD
LogPluginManager: Mounting plugin GoogleCloudMessaging
LogPluginManager: Mounting plugin IOSDeviceProfileSelector
LogPluginManager: Mounting plugin LinuxDeviceProfileSelector
LogPluginManager: Mounting plugin LocationServicesBPLibrary
LogPluginManager: Mounting plugin MobilePatchingUtils
LogPluginManager: Mounting plugin ScreenshotTools
LogPluginManager: Mounting plugin OpenXR
LogPluginManager: Mounting plugin OpenXREyeTracker
LogPluginManager: Mounting plugin OpenXRHandTracking
LogPluginManager: Mounting plugin PhysXVehicles
LogPluginManager: Mounting plugin Takes
LogPluginManager: Mounting plugin PostSplashScreen
LogPluginManager: Mounting plugin ProceduralMeshComponent
LogPluginManager: Mounting plugin SignificanceManager
LogPluginManager: Mounting plugin PropertyAccessEditor
LogPluginManager: Mounting plugin RuntimePhysXCooking
LogPluginManager: Mounting plugin WebMMoviePlayer
LogPluginManager: Mounting plugin WindowsMoviePlayer
LogPluginManager: Mounting plugin OodleNetwork
LogPluginManager: Mounting plugin SoundFields
LogPluginManager: Mounting plugin CryptoKeys
LogPluginManager: Mounting plugin CurveEditorTools
LogPluginManager: Mounting plugin DataValidation
LogPluginManager: Mounting plugin FacialAnimation
LogPluginManager: Mounting plugin MacGraphicsSwitching
LogPluginManager: Mounting plugin GeometryMode
LogPluginManager: Mounting plugin GameplayTagsEditor
LogPluginManager: Mounting plugin MaterialAnalyzer
LogPluginManager: Mounting plugin AssetManagerEditor
LogPluginManager: Mounting plugin PluginBrowser
LogPluginManager: Mounting plugin SpeedTreeImporter
LogPluginManager: Mounting plugin MobileLauncherProfileWizard
LogPluginManager: Mounting plugin Synthesis
LogPluginManager: Mounting plugin OnlineSubsystemIOS
LogPluginManager: Mounting plugin OnlineSubsystemGooglePlay
LogPluginManager: Mounting plugin OculusVR
LogPluginManager: Mounting plugin SteamVR
LogPluginManager: Mounting plugin ContentBrowserAssetDataSource
LogPluginManager: Mounting plugin ContentBrowserClassDataSource
LogPluginManager: Mounting plugin ContentBrowserFileDataSource
PixWinPlugin: PIX capture plugin failed to initialize! Check that the process is launched from PIX.
LogInit: Using libcurl 7.55.1-DEV
LogInit:  - built for x86_64-pc-win32
LogInit:  - supports SSL with OpenSSL/1.1.1
LogInit:  - supports HTTP deflate (compression) using libz 1.2.8
LogInit:  - other features:
LogInit:      CURL_VERSION_SSL
LogInit:      CURL_VERSION_LIBZ
LogInit:      CURL_VERSION_IPV6
LogInit:      CURL_VERSION_ASYNCHDNS
LogInit:      CURL_VERSION_LARGEFILE
LogInit:      CURL_VERSION_IDN
LogInit:  CurlRequestOptions (configurable via config and command line):
LogInit:  - bVerifyPeer = true  - Libcurl will verify peer certificate
LogInit:  - bUseHttpProxy = false  - Libcurl will NOT use HTTP proxy
LogInit:  - bDontReuseConnections = false  - Libcurl will reuse connections
LogInit:  - MaxHostConnections = 16  - Libcurl will limit the number of connections to a host
LogInit:  - LocalHostAddr = Default
LogInit:  - BufferSize = 65536
LogOnline: OSS: Creating online subsystem instance for: NULL
LogInit: WinSock: version 1.1 (2.2), MaxSocks=32767, MaxUdp=65467
LogOnline: OSS: TryLoadSubsystemAndSetDefault: Loaded subsystem for module [NULL]
LogOculusPluginWrapper: OculusPlugin initialized successfully
LogHMD: Failed initializing OVRPlugin 1.59.0
LogInit: Build: ++UE4+Release-4.27-CL-18319896
LogInit: Engine Version: 4.27.2-18319896+++UE4+Release-4.27
LogInit: Compatible Engine Version: 4.27.0-17155196+++UE4+Release-4.27
LogInit: Net CL: 17155196
LogInit: OS: Windows 10 (Release 2009) (), CPU: Intel(R) Core(TM) i7-8700K CPU @ 3.70GHz, GPU: AMD Radeon RX 6750 XT
LogInit: Compiled (64-bit): Nov 30 2021 07:12:08
LogInit: Compiled with Visual C++: 19.24.28315.00
LogInit: Build Configuration: Development
LogInit: Branch Name: ++UE4+Release-4.27
LogInit: Command Line:  -skipcompile
LogInit: Base Directory: C:/Program Files/Epic Games/UE_4.27/Engine/Binaries/Win64/
LogInit: Allocator: TBB
LogInit: Installed Engine Build: 1
LogDevObjectVersion: Number of dev versions registered: 29
LogDevObjectVersion:   Dev-Blueprints (B0D832E4-1F89-4F0D-ACCF-7EB736FD4AA2): 10
LogDevObjectVersion:   Dev-Build (E1C64328-A22C-4D53-A36C-8E866417BD8C): 0
LogDevObjectVersion:   Dev-Core (375EC13C-06E4-48FB-B500-84F0262A717E): 4
LogDevObjectVersion:   Dev-Editor (E4B068ED-F494-42E9-A231-DA0B2E46BB41): 40
LogDevObjectVersion:   Dev-Framework (CFFC743F-43B0-4480-9391-14DF171D2073): 37
LogDevObjectVersion:   Dev-Mobile (B02B49B5-BB20-44E9-A304-32B752E40360): 3
LogDevObjectVersion:   Dev-Networking (A4E4105C-59A1-49B5-A7C5-40C4547EDFEE): 0
LogDevObjectVersion:   Dev-Online (39C831C9-5AE6-47DC-9A44-9C173E1C8E7C): 0
LogDevObjectVersion:   Dev-Physics (78F01B33-EBEA-4F98-B9B4-84EACCB95AA2): 14
LogDevObjectVersion:   Dev-Platform (6631380F-2D4D-43E0-8009-CF276956A95A): 0
LogDevObjectVersion:   Dev-Rendering (12F88B9F-8875-4AFC-A67C-D90C383ABD29): 45
LogDevObjectVersion:   Dev-Sequencer (7B5AE74C-D270-4C10-A958-57980B212A5A): 13
LogDevObjectVersion:   Dev-VR (D7296918-1DD6-4BDD-9DE2-64A83CC13884): 3
LogDevObjectVersion:   Dev-LoadTimes (C2A15278-BFE7-4AFE-6C17-90FF531DF755): 1
LogDevObjectVersion:   Private-Geometry (6EACA3D4-40EC-4CC1-B786-8BED09428FC5): 3
LogDevObjectVersion:   Dev-AnimPhys (29E575DD-E0A3-4627-9D10-D276232CDCEA): 17
LogDevObjectVersion:   Dev-Anim (AF43A65D-7FD3-4947-9873-3E8ED9C1BB05): 15
LogDevObjectVersion:   Dev-ReflectionCapture (6B266CEC-1EC7-4B8F-A30B-E4D90942FC07): 1
LogDevObjectVersion:   Dev-Automation (0DF73D61-A23F-47EA-B727-89E90C41499A): 1
LogDevObjectVersion:   FortniteMain (601D1886-AC64-4F84-AA16-D3DE0DEAC7D6): 47
LogDevObjectVersion:   FortniteRelease (E7086368-6B23-4C58-8439-1B7016265E91): 1
LogDevObjectVersion:   Dev-Enterprise (9DFFBCD6-494F-0158-E221-12823C92A888): 10
LogDevObjectVersion:   Dev-Niagara (F2AED0AC-9AFE-416F-8664-AA7FFA26D6FC): 1
LogDevObjectVersion:   Dev-Destruction (174F1F0B-B4C6-45A5-B13F-2EE8D0FB917D): 10
LogDevObjectVersion:   Dev-Physics-Ext (35F94A83-E258-406C-A318-09F59610247C): 41
LogDevObjectVersion:   Dev-PhysicsMaterial-Chaos (B68FC16E-8B1B-42E2-B453-215C058844FE): 1
LogDevObjectVersion:   Dev-CineCamera (B2E18506-4273-CFC2-A54E-F4BB758BBA07): 1
LogDevObjectVersion:   Dev-VirtualProduction (64F58936-FD1B-42BA-BA96-7289D5D0FA4E): 1
LogDevObjectVersion:   Dev-MediaFramework (6F0ED827-A609-4895-9C91-998D90180EA4): 2
LogInit: Presizing for max 25165824 objects, including 0 objects not considered by GC, pre-allocating 0 bytes for permanent pool.
LogConfig: Applying CVar settings from Section [/Script/Engine.StreamingSettings] File [C:/Users/Green/Desktop/Snake/SnakeGame/Saved/Config/Windows/Engine.ini]
LogConfig: Setting CVar [[s.MinBulkDataSizeForAsyncLoading:131072]]
LogConfig: Setting CVar [[s.AsyncLoadingThreadEnabled:0]]
LogConfig: Setting CVar [[s.EventDrivenLoaderEnabled:1]]
LogConfig: Setting CVar [[s.WarnIfTimeLimitExceeded:0]]
LogConfig: Setting CVar [[s.TimeLimitExceededMultiplier:1.5]]
LogConfig: Setting CVar [[s.TimeLimitExceededMinTime:0.005]]
LogConfig: Setting CVar [[s.UseBackgroundLevelStreaming:1]]
LogConfig: Setting CVar [[s.PriorityAsyncLoadingExtraTime:15.0]]
LogConfig: Setting CVar [[s.LevelStreamingActorsUpdateTimeLimit:5.0]]
LogConfig: Setting CVar [[s.PriorityLevelStreamingActorsUpdateExtraTime:5.0]]
LogConfig: Setting CVar [[s.LevelStreamingComponentsRegistrationGranularity:10]]
LogConfig: Setting CVar [[s.UnregisterComponentsTimeLimit:1.0]]
LogConfig: Setting CVar [[s.LevelStreamingComponentsUnregistrationGranularity:5]]
LogConfig: Setting CVar [[s.FlushStreamingOnExit:1]]
LogInit: Object subsystem initialized
LogConfig: Setting CVar [[con.DebugEarlyDefault:1]]
LogConfig: Setting CVar [[r.setres:1280x720]]
[2024.05.10-10.33.40:726][  0]LogConfig: Setting CVar [[r.VSync:0]]
[2024.05.10-10.33.40:726][  0]LogConfig: Setting CVar [[r.RHICmdBypass:0]]
[2024.05.10-10.33.40:726][  0]LogConfig: Applying CVar settings from Section [/Script/Engine.RendererSettings] File [C:/Users/Green/Desktop/Snake/SnakeGame/Saved/Config/Windows/Engine.ini]
[2024.05.10-10.33.40:726][  0]LogConfig: Setting CVar [[r.GPUCrashDebugging:0]]
[2024.05.10-10.33.40:726][  0]LogConfig: Setting CVar [[r.DefaultFeature.AntiAliasing:0]]
[2024.05.10-10.33.40:726][  0]LogConfig: Setting CVar [[r.DefaultFeature.MotionBlur:0]]
[2024.05.10-10.33.40:726][  0]LogConfig: Applying CVar settings from Section [/Script/Engine.RendererOverrideSettings] File [C:/Users/Green/Desktop/Snake/SnakeGame/Saved/Config/Windows/Engine.ini]
[2024.05.10-10.33.40:726][  0]LogConfig: Applying CVar settings from Section [/Script/Engine.StreamingSettings] File [C:/Users/Green/Desktop/Snake/SnakeGame/Saved/Config/Windows/Engine.ini]
[2024.05.10-10.33.40:726][  0]LogConfig: Setting CVar [[s.MinBulkDataSizeForAsyncLoading:131072]]
[2024.05.10-10.33.40:727][  0]LogConfig: Setting CVar [[s.AsyncLoadingThreadEnabled:0]]
[2024.05.10-10.33.40:727][  0]LogConfig: Setting CVar [[s.EventDrivenLoaderEnabled:1]]
[2024.05.10-10.33.40:727][  0]LogConfig: Setting CVar [[s.WarnIfTimeLimitExceeded:0]]
[2024.05.10-10.33.40:727][  0]LogConfig: Setting CVar [[s.TimeLimitExceededMultiplier:1.5]]
[2024.05.10-10.33.40:727][  0]LogConfig: Setting CVar [[s.TimeLimitExceededMinTime:0.005]]
[2024.05.10-10.33.40:727][  0]LogConfig: Setting CVar [[s.UseBackgroundLevelStreaming:1]]
[2024.05.10-10.33.40:727][  0]LogConfig: Setting CVar [[s.PriorityAsyncLoadingExtraTime:15.0]]
[2024.05.10-10.33.40:727][  0]LogConfig: Setting CVar [[s.LevelStreamingActorsUpdateTimeLimit:5.0]]
[2024.05.10-10.33.40:727][  0]LogConfig: Setting CVar [[s.PriorityLevelStreamingActorsUpdateExtraTime:5.0]]
[2024.05.10-10.33.40:727][  0]LogConfig: Setting CVar [[s.LevelStreamingComponentsRegistrationGranularity:10]]
[2024.05.10-10.33.40:727][  0]LogConfig: Setting CVar [[s.UnregisterComponentsTimeLimit:1.0]]
[2024.05.10-10.33.40:727][  0]LogConfig: Setting CVar [[s.LevelStreamingComponentsUnregistrationGranularity:5]]
[2024.05.10-10.33.40:727][  0]LogConfig: Setting CVar [[s.FlushStreamingOnExit:1]]
[2024.05.10-10.33.40:727][  0]LogConfig: Applying CVar settings from Section [/Script/Engine.GarbageCollectionSettings] File [C:/Users/Green/Desktop/Snake/SnakeGame/Saved/Config/Windows/Engine.ini]
[2024.05.10-10.33.40:727][  0]LogConfig: Setting CVar [[gc.MaxObjectsNotConsideredByGC:1]]
[2024.05.10-10.33.40:727][  0]LogConfig: Setting CVar [[gc.SizeOfPermanentObjectPool:0]]
[2024.05.10-10.33.40:727][  0]LogConfig: Setting CVar [[gc.FlushStreamingOnGC:0]]
[2024.05.10-10.33.40:727][  0]LogConfig: Setting CVar [[gc.NumRetriesBeforeForcingGC:10]]
[2024.05.10-10.33.40:727][  0]LogConfig: Setting CVar [[gc.AllowParallelGC:1]]
[2024.05.10-10.33.40:727][  0]LogConfig: Setting CVar [[gc.TimeBetweenPurgingPendingKillObjects:61.1]]
[2024.05.10-10.33.40:727][  0]LogConfig: Setting CVar [[gc.MaxObjectsInEditor:25165824]]
[2024.05.10-10.33.40:728][  0]LogConfig: Setting CVar [[gc.IncrementalBeginDestroyEnabled:1]]
[2024.05.10-10.33.40:728][  0]LogConfig: Setting CVar [[gc.CreateGCClusters:1]]
[2024.05.10-10.33.40:728][  0]LogConfig: Setting CVar [[gc.MinGCClusterSize:5]]
[2024.05.10-10.33.40:728][  0]LogConfig: Setting CVar [[gc.ActorClusteringEnabled:0]]
[2024.05.10-10.33.40:728][  0]LogConfig: Setting CVar [[gc.BlueprintClusteringEnabled:0]]
[2024.05.10-10.33.40:728][  0]LogConfig: Setting CVar [[gc.UseDisregardForGCOnDedicatedServers:0]]
[2024.05.10-10.33.40:728][  0]LogConfig: Setting CVar [[gc.MultithreadedDestructionEnabled:1]]
[2024.05.10-10.33.40:728][  0]LogConfig: Applying CVar settings from Section [/Script/Engine.NetworkSettings] File [C:/Users/Green/Desktop/Snake/SnakeGame/Saved/Config/Windows/Engine.ini]
[2024.05.10-10.33.40:728][  0]LogConfig: Applying CVar settings from Section [/Script/UnrealEd.CookerSettings] File [C:/Users/Green/Desktop/Snake/SnakeGame/Saved/Config/Windows/Engine.ini]
[2024.05.10-10.33.40:742][  0]LogConfig: Applying CVar settings from Section [ViewDistanceQuality@3] File [C:/Users/Green/Desktop/Snake/SnakeGame/Saved/Config/Windows/Scalability.ini]
[2024.05.10-10.33.40:742][  0]LogConfig: Setting CVar [[r.SkeletalMeshLODBias:0]]
[2024.05.10-10.33.40:742][  0]LogConfig: Setting CVar [[r.ViewDistanceScale:1.0]]
[2024.05.10-10.33.40:742][  0]LogConfig: Applying CVar settings from Section [AntiAliasingQuality@3] File [C:/Users/Green/Desktop/Snake/SnakeGame/Saved/Config/Windows/Scalability.ini]
[2024.05.10-10.33.40:742][  0]LogConfig: Setting CVar [[r.PostProcessAAQuality:4]]
[2024.05.10-10.33.40:742][  0]LogConfig: Applying CVar settings from Section [ShadowQuality@3] File [C:/Users/Green/Desktop/Snake/SnakeGame/Saved/Config/Windows/Scalability.ini]
[2024.05.10-10.33.40:742][  0]LogConfig: Setting CVar [[r.LightFunctionQuality:1]]
[2024.05.10-10.33.40:742][  0]LogConfig: Setting CVar [[r.ShadowQuality:5]]
[2024.05.10-10.33.40:743][  0]LogConfig: Setting CVar [[r.Shadow.CSM.MaxCascades:10]]
[2024.05.10-10.33.40:743][  0]LogConfig: Setting CVar [[r.Shadow.MaxResolution:2048]]
[2024.05.10-10.33.40:743][  0]LogConfig: Setting CVar [[r.Shadow.MaxCSMResolution:2048]]
[2024.05.10-10.33.40:743][  0]LogConfig: Setting CVar [[r.Shadow.RadiusThreshold:0.01]]
[2024.05.10-10.33.40:743][  0]LogConfig: Setting CVar [[r.Shadow.DistanceScale:1.0]]
[2024.05.10-10.33.40:743][  0]LogConfig: Setting CVar [[r.Shadow.CSM.TransitionScale:1.0]]
[2024.05.10-10.33.40:743][  0]LogConfig: Setting CVar [[r.Shadow.PreShadowResolutionFactor:1.0]]
[2024.05.10-10.33.40:743][  0]LogConfig: Setting CVar [[r.DistanceFieldShadowing:1]]
[2024.05.10-10.33.40:743][  0]LogConfig: Setting CVar [[r.DistanceFieldAO:1]]
[2024.05.10-10.33.40:743][  0]LogConfig: Setting CVar [[r.AOQuality:2]]
[2024.05.10-10.33.40:743][  0]LogConfig: Setting CVar [[r.VolumetricFog:1]]
[2024.05.10-10.33.40:743][  0]LogConfig: Setting CVar [[r.VolumetricFog.GridPixelSize:8]]
[2024.05.10-10.33.40:743][  0]LogConfig: Setting CVar [[r.VolumetricFog.GridSizeZ:128]]
[2024.05.10-10.33.40:743][  0]LogConfig: Setting CVar [[r.VolumetricFog.HistoryMissSupersampleCount:4]]
[2024.05.10-10.33.40:743][  0]LogConfig: Setting CVar [[r.LightMaxDrawDistanceScale:1]]
[2024.05.10-10.33.40:743][  0]LogConfig: Setting CVar [[r.CapsuleShadows:1]]
[2024.05.10-10.33.40:743][  0]LogConfig: Applying CVar settings from Section [PostProcessQuality@3] File [C:/Users/Green/Desktop/Snake/SnakeGame/Saved/Config/Windows/Scalability.ini]
[2024.05.10-10.33.40:743][  0]LogConfig: Setting CVar [[r.MotionBlurQuality:4]]
[2024.05.10-10.33.40:743][  0]LogConfig: Setting CVar [[r.AmbientOcclusionMipLevelFactor:0.4]]
[2024.05.10-10.33.40:744][  0]LogConfig: Setting CVar [[r.AmbientOcclusionMaxQuality:100]]
[2024.05.10-10.33.40:744][  0]LogConfig: Setting CVar [[r.AmbientOcclusionLevels:-1]]
[2024.05.10-10.33.40:744][  0]LogConfig: Setting CVar [[r.AmbientOcclusionRadiusScale:1.0]]
[2024.05.10-10.33.40:744][  0]LogConfig: Setting CVar [[r.DepthOfFieldQuality:2]]
[2024.05.10-10.33.40:744][  0]LogConfig: Setting CVar [[r.RenderTargetPoolMin:400]]
[2024.05.10-10.33.40:744][  0]LogConfig: Setting CVar [[r.LensFlareQuality:2]]
[2024.05.10-10.33.40:744][  0]LogConfig: Setting CVar [[r.SceneColorFringeQuality:1]]
[2024.05.10-10.33.40:744][  0]LogConfig: Setting CVar [[r.EyeAdaptationQuality:2]]
[2024.05.10-10.33.40:744][  0]LogConfig: Setting CVar [[r.BloomQuality:5]]
[2024.05.10-10.33.40:744][  0]LogConfig: Setting CVar [[r.FastBlurThreshold:100]]
[2024.05.10-10.33.40:744][  0]LogConfig: Setting CVar [[r.Upscale.Quality:3]]
[2024.05.10-10.33.40:744][  0]LogConfig: Setting CVar [[r.Tonemapper.GrainQuantization:1]]
[2024.05.10-10.33.40:744][  0]LogConfig: Setting CVar [[r.LightShaftQuality:1]]
[2024.05.10-10.33.40:744][  0]LogConfig: Setting CVar [[r.Filter.SizeScale:1]]
[2024.05.10-10.33.40:744][  0]LogConfig: Setting CVar [[r.Tonemapper.Quality:5]]
[2024.05.10-10.33.40:744][  0]LogConfig: Setting CVar [[r.DOF.Gather.AccumulatorQuality:1        ; higher gathering accumulator quality]]
[2024.05.10-10.33.40:744][  0]LogConfig: Setting CVar [[r.DOF.Gather.PostfilterMethod:1          ; Median3x3 postfilering method]]
[2024.05.10-10.33.40:744][  0]LogConfig: Setting CVar [[r.DOF.Gather.EnableBokehSettings:0       ; no bokeh simulation when gathering]]
[2024.05.10-10.33.40:744][  0]LogConfig: Setting CVar [[r.DOF.Gather.RingCount:4                 ; medium number of samples when gathering]]
[2024.05.10-10.33.40:744][  0]LogConfig: Setting CVar [[r.DOF.Scatter.ForegroundCompositing:1    ; additive foreground scattering]]
[2024.05.10-10.33.40:744][  0]LogConfig: Setting CVar [[r.DOF.Scatter.BackgroundCompositing:2    ; additive background scattering]]
[2024.05.10-10.33.40:744][  0]LogConfig: Setting CVar [[r.DOF.Scatter.EnableBokehSettings:1      ; bokeh simulation when scattering]]
[2024.05.10-10.33.40:745][  0]LogConfig: Setting CVar [[r.DOF.Scatter.MaxSpriteRatio:0.1         ; only a maximum of 10% of scattered bokeh]]
[2024.05.10-10.33.40:745][  0]LogConfig: Setting CVar [[r.DOF.Recombine.Quality:1                ; cheap slight out of focus]]
[2024.05.10-10.33.40:745][  0]LogConfig: Setting CVar [[r.DOF.Recombine.EnableBokehSettings:0    ; no bokeh simulation on slight out of focus]]
[2024.05.10-10.33.40:745][  0]LogConfig: Setting CVar [[r.DOF.TemporalAAQuality:1                ; more stable temporal accumulation]]
[2024.05.10-10.33.40:745][  0]LogConfig: Setting CVar [[r.DOF.Kernel.MaxForegroundRadius:0.025]]
[2024.05.10-10.33.40:745][  0]LogConfig: Setting CVar [[r.DOF.Kernel.MaxBackgroundRadius:0.025]]
[2024.05.10-10.33.40:745][  0]LogConfig: Applying CVar settings from Section [TextureQuality@3] File [C:/Users/Green/Desktop/Snake/SnakeGame/Saved/Config/Windows/Scalability.ini]
[2024.05.10-10.33.40:745][  0]LogConfig: Setting CVar [[r.Streaming.MipBias:0]]
[2024.05.10-10.33.40:745][  0]LogConfig: Setting CVar [[r.Streaming.AmortizeCPUToGPUCopy:0]]
[2024.05.10-10.33.40:745][  0]LogConfig: Setting CVar [[r.Streaming.MaxNumTexturesToStreamPerFrame:0]]
[2024.05.10-10.33.40:745][  0]LogConfig: Setting CVar [[r.Streaming.Boost:1]]
[2024.05.10-10.33.40:745][  0]LogConfig: Setting CVar [[r.MaxAnisotropy:8]]
[2024.05.10-10.33.40:745][  0]LogConfig: Setting CVar [[r.VT.MaxAnisotropy:8]]
[2024.05.10-10.33.40:745][  0]LogConfig: Setting CVar [[r.Streaming.LimitPoolSizeToVRAM:0]]
[2024.05.10-10.33.40:745][  0]LogConfig: Setting CVar [[r.Streaming.PoolSize:1000]]
[2024.05.10-10.33.40:745][  0]LogConfig: Setting CVar [[r.Streaming.MaxEffectiveScreenSize:0]]
[2024.05.10-10.33.40:745][  0]LogConfig: Applying CVar settings from Section [EffectsQuality@3] File [C:/Users/Green/Desktop/Snake/SnakeGame/Saved/Config/Windows/Scalability.ini]
[2024.05.10-10.33.40:745][  0]LogConfig: Setting CVar [[r.TranslucencyLightingVolumeDim:64]]
[2024.05.10-10.33.40:745][  0]LogConfig: Setting CVar [[r.RefractionQuality:2]]
[2024.05.10-10.33.40:745][  0]LogConfig: Setting CVar [[r.SSR.Quality:3]]
[2024.05.10-10.33.40:745][  0]LogConfig: Setting CVar [[r.SSR.HalfResSceneColor:0]]
[2024.05.10-10.33.40:745][  0]LogConfig: Setting CVar [[r.SceneColorFormat:4]]
[2024.05.10-10.33.40:746][  0]LogConfig: Setting CVar [[r.DetailMode:2]]
[2024.05.10-10.33.40:746][  0]LogConfig: Setting CVar [[r.TranslucencyVolumeBlur:1]]
[2024.05.10-10.33.40:746][  0]LogConfig: Setting CVar [[r.MaterialQualityLevel:1 ; High quality]]
[2024.05.10-10.33.40:746][  0]LogConfig: Setting CVar [[r.AnisotropicMaterials:1]]
[2024.05.10-10.33.40:746][  0]LogConfig: Setting CVar [[r.SSS.Scale:1]]
[2024.05.10-10.33.40:746][  0]LogConfig: Setting CVar [[r.SSS.SampleSet:2]]
[2024.05.10-10.33.40:746][  0]LogConfig: Setting CVar [[r.SSS.Quality:1]]
[2024.05.10-10.33.40:746][  0]LogConfig: Setting CVar [[r.SSS.HalfRes:0]]
[2024.05.10-10.33.40:746][  0]LogConfig: Setting CVar [[r.SSGI.Quality:3]]
[2024.05.10-10.33.40:746][  0]LogConfig: Setting CVar [[r.EmitterSpawnRateScale:1.0]]
[2024.05.10-10.33.40:746][  0]LogConfig: Setting CVar [[r.ParticleLightQuality:2]]
[2024.05.10-10.33.40:746][  0]LogConfig: Setting CVar [[r.SkyAtmosphere.AerialPerspectiveLUT.FastApplyOnOpaque:1 ; Always have FastSkyLUT 1 in this case to avoid wrong sky]]
[2024.05.10-10.33.40:746][  0]LogConfig: Setting CVar [[r.SkyAtmosphere.AerialPerspectiveLUT.SampleCountMaxPerSlice:4]]
[2024.05.10-10.33.40:746][  0]LogConfig: Setting CVar [[r.SkyAtmosphere.AerialPerspectiveLUT.DepthResolution:16.0]]
[2024.05.10-10.33.40:746][  0]LogConfig: Setting CVar [[r.SkyAtmosphere.FastSkyLUT:1]]
[2024.05.10-10.33.40:746][  0]LogConfig: Setting CVar [[r.SkyAtmosphere.FastSkyLUT.SampleCountMin:4.0]]
[2024.05.10-10.33.40:746][  0]LogConfig: Setting CVar [[r.SkyAtmosphere.FastSkyLUT.SampleCountMax:128.0]]
[2024.05.10-10.33.40:746][  0]LogConfig: Setting CVar [[r.SkyAtmosphere.SampleCountMin:4.0]]
[2024.05.10-10.33.40:746][  0]LogConfig: Setting CVar [[r.SkyAtmosphere.SampleCountMax:128.0]]
[2024.05.10-10.33.40:746][  0]LogConfig: Setting CVar [[r.SkyAtmosphere.TransmittanceLUT.UseSmallFormat:0]]
[2024.05.10-10.33.40:746][  0]LogConfig: Setting CVar [[r.SkyAtmosphere.TransmittanceLUT.SampleCount:10.0]]
[2024.05.10-10.33.40:746][  0]LogConfig: Setting CVar [[r.SkyAtmosphere.MultiScatteringLUT.SampleCount:15.0]]
[2024.05.10-10.33.40:747][  0]LogConfig: Setting CVar [[r.SkyLight.RealTimeReflectionCapture:1]]
[2024.05.10-10.33.40:747][  0]LogConfig: Applying CVar settings from Section [FoliageQuality@3] File [C:/Users/Green/Desktop/Snake/SnakeGame/Saved/Config/Windows/Scalability.ini]
[2024.05.10-10.33.40:747][  0]LogConfig: Setting CVar [[foliage.DensityScale:1.0]]
[2024.05.10-10.33.40:747][  0]LogConfig: Setting CVar [[grass.DensityScale:1.0]]
[2024.05.10-10.33.40:747][  0]LogConfig: Applying CVar settings from Section [ShadingQuality@3] File [C:/Users/Green/Desktop/Snake/SnakeGame/Saved/Config/Windows/Scalability.ini]
[2024.05.10-10.33.40:747][  0]LogConfig: Setting CVar [[r.HairStrands.SkyLighting.IntegrationType:2]]
[2024.05.10-10.33.40:747][  0]LogConfig: Setting CVar [[r.HairStrands.SkyAO.SampleCount:4]]
[2024.05.10-10.33.40:747][  0]LogConfig: Setting CVar [[r.HairStrands.Visibility.MSAA.SamplePerPixel:4]]
[2024.05.10-10.33.40:747][  0]LogInit: Selected Device Profile: [Windows]
[2024.05.10-10.33.40:747][  0]LogInit: Applying CVar settings loaded from the selected device profile: [Windows]
[2024.05.10-10.33.40:747][  0]LogHAL: Display: Platform has ~ 16 GB [17100578816 / 17179869184 / 16], which maps to Larger [LargestMinGB=32, LargerMinGB=12, DefaultMinGB=8, SmallerMinGB=6, SmallestMinGB=0)
[2024.05.10-10.33.40:747][  0]LogInit: Going up to parent DeviceProfile []
[2024.05.10-10.33.40:747][  0]LogConfig: Applying CVar settings from Section [ViewDistanceQuality@3] File [C:/Users/Green/Desktop/Snake/SnakeGame/Saved/Config/Windows/Scalability.ini]
[2024.05.10-10.33.40:747][  0]LogConfig: Setting CVar [[r.SkeletalMeshLODBias:0]]
[2024.05.10-10.33.40:747][  0]LogConfig: Setting CVar [[r.ViewDistanceScale:1.0]]
[2024.05.10-10.33.40:747][  0]LogConfig: Applying CVar settings from Section [AntiAliasingQuality@3] File [C:/Users/Green/Desktop/Snake/SnakeGame/Saved/Config/Windows/Scalability.ini]
[2024.05.10-10.33.40:747][  0]LogConfig: Setting CVar [[r.PostProcessAAQuality:4]]
[2024.05.10-10.33.40:747][  0]LogConfig: Applying CVar settings from Section [ShadowQuality@3] File [C:/Users/Green/Desktop/Snake/SnakeGame/Saved/Config/Windows/Scalability.ini]
[2024.05.10-10.33.40:747][  0]LogConfig: Setting CVar [[r.LightFunctionQuality:1]]
[2024.05.10-10.33.40:747][  0]LogConfig: Setting CVar [[r.ShadowQuality:5]]
[2024.05.10-10.33.40:748][  0]LogConfig: Setting CVar [[r.Shadow.CSM.MaxCascades:10]]
[2024.05.10-10.33.40:748][  0]LogConfig: Setting CVar [[r.Shadow.MaxResolution:2048]]
[2024.05.10-10.33.40:748][  0]LogConfig: Setting CVar [[r.Shadow.MaxCSMResolution:2048]]
[2024.05.10-10.33.40:748][  0]LogConfig: Setting CVar [[r.Shadow.RadiusThreshold:0.01]]
[2024.05.10-10.33.40:748][  0]LogConfig: Setting CVar [[r.Shadow.DistanceScale:1.0]]
[2024.05.10-10.33.40:748][  0]LogConfig: Setting CVar [[r.Shadow.CSM.TransitionScale:1.0]]
[2024.05.10-10.33.40:748][  0]LogConfig: Setting CVar [[r.Shadow.PreShadowResolutionFactor:1.0]]
[2024.05.10-10.33.40:748][  0]LogConfig: Setting CVar [[r.DistanceFieldShadowing:1]]
[2024.05.10-10.33.40:748][  0]LogConfig: Setting CVar [[r.DistanceFieldAO:1]]
[2024.05.10-10.33.40:748][  0]LogConfig: Setting CVar [[r.AOQuality:2]]
[2024.05.10-10.33.40:748][  0]LogConfig: Setting CVar [[r.VolumetricFog:1]]
[2024.05.10-10.33.40:748][  0]LogConfig: Setting CVar [[r.VolumetricFog.GridPixelSize:8]]
[2024.05.10-10.33.40:748][  0]LogConfig: Setting CVar [[r.VolumetricFog.GridSizeZ:128]]
[2024.05.10-10.33.40:748][  0]LogConfig: Setting CVar [[r.VolumetricFog.HistoryMissSupersampleCount:4]]
[2024.05.10-10.33.40:748][  0]LogConfig: Setting CVar [[r.LightMaxDrawDistanceScale:1]]
[2024.05.10-10.33.40:748][  0]LogConfig: Setting CVar [[r.CapsuleShadows:1]]
[2024.05.10-10.33.40:748][  0]LogConfig: Applying CVar settings from Section [PostProcessQuality@3] File [C:/Users/Green/Desktop/Snake/SnakeGame/Saved/Config/Windows/Scalability.ini]
[2024.05.10-10.33.40:748][  0]LogConfig: Setting CVar [[r.MotionBlurQuality:4]]
[2024.05.10-10.33.40:748][  0]LogConfig: Setting CVar [[r.AmbientOcclusionMipLevelFactor:0.4]]
[2024.05.10-10.33.40:748][  0]LogConfig: Setting CVar [[r.AmbientOcclusionMaxQuality:100]]
[2024.05.10-10.33.40:748][  0]LogConfig: Setting CVar [[r.AmbientOcclusionLevels:-1]]
[2024.05.10-10.33.40:748][  0]LogConfig: Setting CVar [[r.AmbientOcclusionRadiusScale:1.0]]
[2024.05.10-10.33.40:749][  0]LogConfig: Setting CVar [[r.DepthOfFieldQuality:2]]
[2024.05.10-10.33.40:749][  0]LogConfig: Setting CVar [[r.RenderTargetPoolMin:400]]
[2024.05.10-10.33.40:749][  0]LogConfig: Setting CVar [[r.LensFlareQuality:2]]
[2024.05.10-10.33.40:749][  0]LogConfig: Setting CVar [[r.SceneColorFringeQuality:1]]
[2024.05.10-10.33.40:749][  0]LogConfig: Setting CVar [[r.EyeAdaptationQuality:2]]
[2024.05.10-10.33.40:749][  0]LogConfig: Setting CVar [[r.BloomQuality:5]]
[2024.05.10-10.33.40:749][  0]LogConfig: Setting CVar [[r.FastBlurThreshold:100]]
[2024.05.10-10.33.40:749][  0]LogConfig: Setting CVar [[r.Upscale.Quality:3]]
[2024.05.10-10.33.40:749][  0]LogConfig: Setting CVar [[r.Tonemapper.GrainQuantization:1]]
[2024.05.10-10.33.40:749][  0]LogConfig: Setting CVar [[r.LightShaftQuality:1]]
[2024.05.10-10.33.40:749][  0]LogConfig: Setting CVar [[r.Filter.SizeScale:1]]
[2024.05.10-10.33.40:749][  0]LogConfig: Setting CVar [[r.Tonemapper.Quality:5]]
[2024.05.10-10.33.40:749][  0]LogConfig: Setting CVar [[r.DOF.Gather.AccumulatorQuality:1        ; higher gathering accumulator quality]]
[2024.05.10-10.33.40:749][  0]LogConfig: Setting CVar [[r.DOF.Gather.PostfilterMethod:1          ; Median3x3 postfilering method]]
[2024.05.10-10.33.40:750][  0]LogConfig: Setting CVar [[r.DOF.Gather.EnableBokehSettings:0       ; no bokeh simulation when gathering]]
[2024.05.10-10.33.40:750][  0]LogConfig: Setting CVar [[r.DOF.Gather.RingCount:4                 ; medium number of samples when gathering]]
[2024.05.10-10.33.40:750][  0]LogConfig: Setting CVar [[r.DOF.Scatter.ForegroundCompositing:1    ; additive foreground scattering]]
[2024.05.10-10.33.40:750][  0]LogConfig: Setting CVar [[r.DOF.Scatter.BackgroundCompositing:2    ; additive background scattering]]
[2024.05.10-10.33.40:750][  0]LogConfig: Setting CVar [[r.DOF.Scatter.EnableBokehSettings:1      ; bokeh simulation when scattering]]
[2024.05.10-10.33.40:750][  0]LogConfig: Setting CVar [[r.DOF.Scatter.MaxSpriteRatio:0.1         ; only a maximum of 10% of scattered bokeh]]
[2024.05.10-10.33.40:750][  0]LogConfig: Setting CVar [[r.DOF.Recombine.Quality:1                ; cheap slight out of focus]]
[2024.05.10-10.33.40:750][  0]LogConfig: Setting CVar [[r.DOF.Recombine.EnableBokehSettings:0    ; no bokeh simulation on slight out of focus]]
[2024.05.10-10.33.40:750][  0]LogConfig: Setting CVar [[r.DOF.TemporalAAQuality:1                ; more stable temporal accumulation]]
[2024.05.10-10.33.40:750][  0]LogConfig: Setting CVar [[r.DOF.Kernel.MaxForegroundRadius:0.025]]
[2024.05.10-10.33.40:750][  0]LogConfig: Setting CVar [[r.DOF.Kernel.MaxBackgroundRadius:0.025]]
[2024.05.10-10.33.40:750][  0]LogConfig: Applying CVar settings from Section [TextureQuality@3] File [C:/Users/Green/Desktop/Snake/SnakeGame/Saved/Config/Windows/Scalability.ini]
[2024.05.10-10.33.40:750][  0]LogConfig: Setting CVar [[r.Streaming.MipBias:0]]
[2024.05.10-10.33.40:750][  0]LogConfig: Setting CVar [[r.Streaming.AmortizeCPUToGPUCopy:0]]
[2024.05.10-10.33.40:750][  0]LogConfig: Setting CVar [[r.Streaming.MaxNumTexturesToStreamPerFrame:0]]
[2024.05.10-10.33.40:750][  0]LogConfig: Setting CVar [[r.Streaming.Boost:1]]
[2024.05.10-10.33.40:751][  0]LogConfig: Setting CVar [[r.MaxAnisotropy:8]]
[2024.05.10-10.33.40:751][  0]LogConfig: Setting CVar [[r.VT.MaxAnisotropy:8]]
[2024.05.10-10.33.40:751][  0]LogConfig: Setting CVar [[r.Streaming.LimitPoolSizeToVRAM:0]]
[2024.05.10-10.33.40:751][  0]LogConfig: Setting CVar [[r.Streaming.PoolSize:1000]]
[2024.05.10-10.33.40:751][  0]LogConfig: Setting CVar [[r.Streaming.MaxEffectiveScreenSize:0]]
[2024.05.10-10.33.40:751][  0]LogConfig: Applying CVar settings from Section [EffectsQuality@3] File [C:/Users/Green/Desktop/Snake/SnakeGame/Saved/Config/Windows/Scalability.ini]
[2024.05.10-10.33.40:751][  0]LogConfig: Setting CVar [[r.TranslucencyLightingVolumeDim:64]]
[2024.05.10-10.33.40:751][  0]LogConfig: Setting CVar [[r.RefractionQuality:2]]
[2024.05.10-10.33.40:751][  0]LogConfig: Setting CVar [[r.SSR.Quality:3]]
[2024.05.10-10.33.40:751][  0]LogConfig: Setting CVar [[r.SSR.HalfResSceneColor:0]]
[2024.05.10-10.33.40:751][  0]LogConfig: Setting CVar [[r.SceneColorFormat:4]]
[2024.05.10-10.33.40:751][  0]LogConfig: Setting CVar [[r.DetailMode:2]]
[2024.05.10-10.33.40:751][  0]LogConfig: Setting CVar [[r.TranslucencyVolumeBlur:1]]
[2024.05.10-10.33.40:751][  0]LogConfig: Setting CVar [[r.MaterialQualityLevel:1 ; High quality]]
[2024.05.10-10.33.40:751][  0]LogConfig: Setting CVar [[r.AnisotropicMaterials:1]]
[2024.05.10-10.33.40:751][  0]LogConfig: Setting CVar [[r.SSS.Scale:1]]
[2024.05.10-10.33.40:752][  0]LogConfig: Setting CVar [[r.SSS.SampleSet:2]]
[2024.05.10-10.33.40:752][  0]LogConfig: Setting CVar [[r.SSS.Quality:1]]
[2024.05.10-10.33.40:752][  0]LogConfig: Setting CVar [[r.SSS.HalfRes:0]]
[2024.05.10-10.33.40:752][  0]LogConfig: Setting CVar [[r.SSGI.Quality:3]]
[2024.05.10-10.33.40:752][  0]LogConfig: Setting CVar [[r.EmitterSpawnRateScale:1.0]]
[2024.05.10-10.33.40:752][  0]LogConfig: Setting CVar [[r.ParticleLightQuality:2]]
[2024.05.10-10.33.40:752][  0]LogConfig: Setting CVar [[r.SkyAtmosphere.AerialPerspectiveLUT.FastApplyOnOpaque:1 ; Always have FastSkyLUT 1 in this case to avoid wrong sky]]
[2024.05.10-10.33.40:752][  0]LogConfig: Setting CVar [[r.SkyAtmosphere.AerialPerspectiveLUT.SampleCountMaxPerSlice:4]]
[2024.05.10-10.33.40:752][  0]LogConfig: Setting CVar [[r.SkyAtmosphere.AerialPerspectiveLUT.DepthResolution:16.0]]
[2024.05.10-10.33.40:752][  0]LogConfig: Setting CVar [[r.SkyAtmosphere.FastSkyLUT:1]]
[2024.05.10-10.33.40:752][  0]LogConfig: Setting CVar [[r.SkyAtmosphere.FastSkyLUT.SampleCountMin:4.0]]
[2024.05.10-10.33.40:752][  0]LogConfig: Setting CVar [[r.SkyAtmosphere.FastSkyLUT.SampleCountMax:128.0]]
[2024.05.10-10.33.40:752][  0]LogConfig: Setting CVar [[r.SkyAtmosphere.SampleCountMin:4.0]]
[2024.05.10-10.33.40:752][  0]LogConfig: Setting CVar [[r.SkyAtmosphere.SampleCountMax:128.0]]
[2024.05.10-10.33.40:752][  0]LogConfig: Setting CVar [[r.SkyAtmosphere.TransmittanceLUT.UseSmallFormat:0]]
[2024.05.10-10.33.40:752][  0]LogConfig: Setting CVar [[r.SkyAtmosphere.TransmittanceLUT.SampleCount:10.0]]
[2024.05.10-10.33.40:752][  0]LogConfig: Setting CVar [[r.SkyAtmosphere.MultiScatteringLUT.SampleCount:15.0]]
[2024.05.10-10.33.40:752][  0]LogConfig: Setting CVar [[r.SkyLight.RealTimeReflectionCapture:1]]
[2024.05.10-10.33.40:753][  0]LogConfig: Applying CVar settings from Section [FoliageQuality@3] File [C:/Users/Green/Desktop/Snake/SnakeGame/Saved/Config/Windows/Scalability.ini]
[2024.05.10-10.33.40:753][  0]LogConfig: Setting CVar [[foliage.DensityScale:1.0]]
[2024.05.10-10.33.40:753][  0]LogConfig: Setting CVar [[grass.DensityScale:1.0]]
[2024.05.10-10.33.40:753][  0]LogConfig: Applying CVar settings from Section [ShadingQuality@3] File [C:/Users/Green/Desktop/Snake/SnakeGame/Saved/Config/Windows/Scalability.ini]
[2024.05.10-10.33.40:753][  0]LogConfig: Setting CVar [[r.HairStrands.SkyLighting.IntegrationType:2]]
[2024.05.10-10.33.40:753][  0]LogConfig: Setting CVar [[r.HairStrands.SkyAO.SampleCount:4]]
[2024.05.10-10.33.40:753][  0]LogConfig: Setting CVar [[r.HairStrands.Visibility.MSAA.SamplePerPixel:4]]
[2024.05.10-10.33.40:753][  0]LogConfig: Applying CVar settings from Section [Startup] File [../../../Engine/Config/ConsoleVariables.ini]
[2024.05.10-10.33.40:753][  0]LogConfig: Setting CVar [[net.UseAdaptiveNetUpdateFrequency:0]]
[2024.05.10-10.33.40:753][  0]LogConfig: Setting CVar [[p.chaos.AllowCreatePhysxBodies:1]]
[2024.05.10-10.33.40:754][  0]LogConfig: Setting CVar [[fx.SkipVectorVMBackendOptimizations:1]]
[2024.05.10-10.33.40:754][  0]LogConfig: Applying CVar settings from Section [ConsoleVariables] File [C:/Users/Green/Desktop/Snake/SnakeGame/Saved/Config/Windows/Engine.ini]
[2024.05.10-10.33.40:754][  0]LogConfig: Applying CVar settings from Section [ConsoleVariables] File [C:/Users/Green/Desktop/Snake/SnakeGame/Saved/Config/Windows/Editor.ini]
[2024.05.10-10.33.40:754][  0]LogInit: Computer: DESKTOP-I7FE9TA
[2024.05.10-10.33.40:754][  0]LogInit: User: Green
[2024.05.10-10.33.40:754][  0]LogInit: CPU Page size=4096, Cores=6
[2024.05.10-10.33.40:754][  0]LogInit: High frequency timer resolution =10.000000 MHz
[2024.05.10-10.33.40:754][  0]LogMemory: Memory total: Physical=15.9GB (16GB approx)
[2024.05.10-10.33.40:754][  0]LogMemory: Platform Memory Stats for Windows
[2024.05.10-10.33.40:754][  0]LogMemory: Process Physical Memory: 145.02 MB used, 145.02 MB peak
[2024.05.10-10.33.40:754][  0]LogMemory: Process Virtual Memory: 123.59 MB used, 123.59 MB peak
[2024.05.10-10.33.40:754][  0]LogMemory: Physical Memory: 9014.88 MB used,  7293.51 MB free, 16308.38 MB total
[2024.05.10-10.33.40:754][  0]LogMemory: Virtual Memory: 134207576.00 MB used,  10152.46 MB free, 134217728.00 MB total
[2024.05.10-10.33.40:765][  0]LogWindows: WindowsPlatformFeatures enabled
[2024.05.10-10.33.40:838][  0]LogInit: Physics initialised using underlying interface: PhysX
[2024.05.10-10.33.40:839][  0]LogInit: Using OS detected language (en-US).
[2024.05.10-10.33.40:839][  0]LogInit: Using OS detected locale (en-US).
[2024.05.10-10.33.40:843][  0]LogTextLocalizationManager: No specific localization for 'en-US' exists, so the 'en' localization will be used.
[2024.05.10-10.33.41:026][  0]LogInit: Setting process to per monitor DPI aware
[2024.05.10-10.33.41:046][  0]LogWindowsTextInputMethodSystem: Display: IME system deactivated.
[2024.05.10-10.33.41:062][  0]LogSlate: New Slate User Created.  User Index 0, Is Virtual User: 0
[2024.05.10-10.33.41:062][  0]LogSlate: Slate User Registered.  User Index 0, Is Virtual User: 0
[2024.05.10-10.33.41:201][  0]LogD3D11RHI: Loaded GFSDK_Aftermath_Lib.x64.dll
[2024.05.10-10.33.41:206][  0]LogHMD: Failed to initialize OpenVR with code 110
[2024.05.10-10.33.41:206][  0]LogD3D11RHI: D3D11 min allowed feature level: 11_0
[2024.05.10-10.33.41:206][  0]LogD3D11RHI: D3D11 max allowed feature level: 11_0
[2024.05.10-10.33.41:206][  0]LogD3D11RHI: D3D11 adapters:
[2024.05.10-10.33.41:303][  0]LogD3D11RHI:    0. 'AMD Radeon RX 6750 XT' (Feature Level 11_0)
[2024.05.10-10.33.41:304][  0]LogD3D11RHI:       12243/0/8154 MB DedicatedVideo/DedicatedSystem/SharedSystem, Outputs:1, VendorId:0x1002
[2024.05.10-10.33.41:308][  0]LogD3D11RHI:    1. 'Microsoft Basic Render Driver' (Feature Level 11_0)
[2024.05.10-10.33.41:308][  0]LogD3D11RHI:       0/0/8154 MB DedicatedVideo/DedicatedSystem/SharedSystem, Outputs:0, VendorId:0x1414
[2024.05.10-10.33.41:308][  0]LogD3D11RHI: Chosen D3D11 Adapter:
[2024.05.10-10.33.41:308][  0]LogD3D11RHI:     Description : AMD Radeon RX 6750 XT
[2024.05.10-10.33.41:308][  0]LogD3D11RHI:     VendorId    : 1002
[2024.05.10-10.33.41:308][  0]LogD3D11RHI:     DeviceId    : 73df
[2024.05.10-10.33.41:308][  0]LogD3D11RHI:     SubSysId    : 465e1da2
[2024.05.10-10.33.41:308][  0]LogD3D11RHI:     Revision    : 00c0
[2024.05.10-10.33.41:308][  0]LogD3D11RHI:     DedicatedVideoMemory : 12837953536 bytes
[2024.05.10-10.33.41:308][  0]LogD3D11RHI:     DedicatedSystemMemory : 0 bytes
[2024.05.10-10.33.41:308][  0]LogD3D11RHI:     SharedSystemMemory : 8550289408 bytes
[2024.05.10-10.33.41:308][  0]LogD3D11RHI:     AdapterLuid : 0 3811332
[2024.05.10-10.33.41:314][  0]LogD3D11RHI: Creating new Direct3DDevice
[2024.05.10-10.33.41:314][  0]LogD3D11RHI:     GPU DeviceId: 0x73df (for the marketing name, search the web for "GPU Device Id")
[2024.05.10-10.33.41:314][  0]LogWindows: EnumDisplayDevices:
[2024.05.10-10.33.41:314][  0]LogWindows:    0. 'AMD Radeon RX 6750 XT' (P:1 D:1)
[2024.05.10-10.33.41:314][  0]LogWindows:    1. 'AMD Radeon RX 6750 XT' (P:0 D:0)
[2024.05.10-10.33.41:315][  0]LogWindows:    2. 'AMD Radeon RX 6750 XT' (P:0 D:0)
[2024.05.10-10.33.41:315][  0]LogWindows:    3. 'AMD Radeon RX 6750 XT' (P:0 D:0)
[2024.05.10-10.33.41:316][  0]LogWindows:    4. 'AMD Radeon RX 6750 XT' (P:0 D:0)
[2024.05.10-10.33.41:316][  0]LogWindows:    5. 'AMD Radeon RX 6750 XT' (P:0 D:0)
[2024.05.10-10.33.41:317][  0]LogWindows:    6. 'AMD Radeon RX 6750 XT' (P:0 D:0)
[2024.05.10-10.33.41:317][  0]LogWindows: DebugString: FoundDriverCount:7 
[2024.05.10-10.33.41:317][  0]LogD3D11RHI:     Adapter Name: AMD Radeon RX 6750 XT
[2024.05.10-10.33.41:317][  0]LogD3D11RHI:   Driver Version: AMD Software: Adrenalin Edition 24.4.1 (internal:31.0.24031.5001, unified:31.0.24031.5001)
[2024.05.10-10.33.41:317][  0]LogD3D11RHI:      Driver Date: 4-17-2024
[2024.05.10-10.33.41:317][  0]LogRHI: Texture pool is 8032 MB (70% of 11475 MB)
[2024.05.10-10.33.41:341][  0]LogD3D11RHI: Creating D3DDevice with AMD AGS, using adapter:
[2024.05.10-10.33.41:341][  0]LogD3D11RHI:     Description : AMD Radeon RX 6750 XT
[2024.05.10-10.33.41:341][  0]LogD3D11RHI:     VendorId    : 1002
[2024.05.10-10.33.41:341][  0]LogD3D11RHI:     DeviceId    : 73df
[2024.05.10-10.33.41:341][  0]LogD3D11RHI:     SubSysId    : 465e1da2
[2024.05.10-10.33.41:342][  0]LogD3D11RHI:     Revision    : 00c0
[2024.05.10-10.33.41:342][  0]LogD3D11RHI:     DedicatedVideoMemory : 12837953536 bytes
[2024.05.10-10.33.41:342][  0]LogD3D11RHI:     DedicatedSystemMemory : 0 bytes
[2024.05.10-10.33.41:342][  0]LogD3D11RHI:     SharedSystemMemory : 8550289408 bytes
[2024.05.10-10.33.41:342][  0]LogD3D11RHI:     AdapterLuid : 0 3811332
[2024.05.10-10.33.41:423][  0]LogD3D11RHI: Created device via AGS, feature level 11_0, supported extensions 1fffffbf.
[2024.05.10-10.33.41:423][  0]LogD3D11RHI: RHI has support for 64 bit atomics
[2024.05.10-10.33.41:423][  0]LogD3D11RHI: Async texture creation enabled
[2024.05.10-10.33.41:423][  0]LogD3D11RHI: Array index from any shader is supported
[2024.05.10-10.33.41:423][  0]LogD3D11RHI: HDR output is supported on display 0 (AMD Device: 0x0, Display: 0x0).
[2024.05.10-10.33.41:436][  0]LogD3D11RHI: GPU Timing Frequency: 100.000000 (Debug: 2 1)
[2024.05.10-10.33.41:704][  0]LogTargetPlatformManager: Display: Loaded TargetPlatform 'AllDesktop'
[2024.05.10-10.33.41:724][  0]LogTargetPlatformManager: Display: Loaded TargetPlatform 'Android'
[2024.05.10-10.33.41:724][  0]LogTargetPlatformManager: Display: Loaded TargetPlatform 'Android_ASTC'
[2024.05.10-10.33.41:724][  0]LogTargetPlatformManager: Display: Loaded TargetPlatform 'Android_DXT'
[2024.05.10-10.33.41:724][  0]LogTargetPlatformManager: Display: Loaded TargetPlatform 'Android_ETC2'
[2024.05.10-10.33.41:725][  0]LogTargetPlatformManager: Display: Loaded TargetPlatform 'AndroidClient'
[2024.05.10-10.33.41:725][  0]LogTargetPlatformManager: Display: Loaded TargetPlatform 'Android_ASTCClient'
[2024.05.10-10.33.41:725][  0]LogTargetPlatformManager: Display: Loaded TargetPlatform 'Android_DXTClient'
[2024.05.10-10.33.41:725][  0]LogTargetPlatformManager: Display: Loaded TargetPlatform 'Android_ETC2Client'
[2024.05.10-10.33.41:725][  0]LogTargetPlatformManager: Display: Loaded TargetPlatform 'Android_Multi'
[2024.05.10-10.33.41:725][  0]LogTargetPlatformManager: Display: Loaded TargetPlatform 'Android_MultiClient'
[2024.05.10-10.33.41:745][  0]LogTargetPlatformManager: Display: Loaded TargetPlatform 'IOSClient'
[2024.05.10-10.33.41:745][  0]LogTargetPlatformManager: Display: Loaded TargetPlatform 'IOS'
[2024.05.10-10.33.41:755][  0]LogTargetPlatformManager: Display: Loaded TargetPlatform 'Linux'
[2024.05.10-10.33.41:760][  0]LogTargetPlatformManager: Display: Loaded TargetPlatform 'LinuxNoEditor'
[2024.05.10-10.33.41:764][  0]LogTargetPlatformManager: Display: Loaded TargetPlatform 'LinuxClient'
[2024.05.10-10.33.41:769][  0]LogTargetPlatformManager: Display: Loaded TargetPlatform 'LinuxServer'
[2024.05.10-10.33.41:779][  0]LogTargetPlatformManager: Display: Loaded TargetPlatform 'LinuxAArch64NoEditor'
[2024.05.10-10.33.41:783][  0]LogTargetPlatformManager: Display: Loaded TargetPlatform 'LinuxAArch64Client'
[2024.05.10-10.33.41:788][  0]LogTargetPlatformManager: Display: Loaded TargetPlatform 'LinuxAArch64Server'
[2024.05.10-10.33.41:811][  0]LogTargetPlatformManager: Display: Loaded TargetPlatform 'Lumin'
[2024.05.10-10.33.41:811][  0]LogTargetPlatformManager: Display: Loaded TargetPlatform 'LuminClient'
[2024.05.10-10.33.41:820][  0]LogTargetPlatformManager: Display: Loaded TargetPlatform 'MacNoEditor'
[2024.05.10-10.33.41:824][  0]LogTargetPlatformManager: Display: Loaded TargetPlatform 'Mac'
[2024.05.10-10.33.41:829][  0]LogTargetPlatformManager: Display: Loaded TargetPlatform 'MacClient'
[2024.05.10-10.33.41:834][  0]LogTargetPlatformManager: Display: Loaded TargetPlatform 'MacServer'
[2024.05.10-10.33.41:843][  0]LogTargetPlatformManager: Display: Loaded TargetPlatform 'TVOSClient'
[2024.05.10-10.33.41:843][  0]LogTargetPlatformManager: Display: Loaded TargetPlatform 'TVOS'
[2024.05.10-10.33.41:852][  0]LogTargetPlatformManager: Display: Loaded TargetPlatform 'WindowsNoEditor'
[2024.05.10-10.33.41:857][  0]LogTargetPlatformManager: Display: Loaded TargetPlatform 'Windows'
[2024.05.10-10.33.41:861][  0]LogTargetPlatformManager: Display: Loaded TargetPlatform 'WindowsClient'
[2024.05.10-10.33.41:866][  0]LogTargetPlatformManager: Display: Loaded TargetPlatform 'WindowsServer'
[2024.05.10-10.33.41:866][  0]LogTargetPlatformManager: Display: Building Assets For Windows
[2024.05.10-10.33.41:877][  0]LogAudioDebug: Display: Lib vorbis DLL was dynamically loaded.
[2024.05.10-10.33.41:920][  0]LogTextureFormatOodle: Display: Oodle Texture 2.9.0 init RDO Off
[2024.05.10-10.33.41:960][  0]LogRendererCore: Ray tracing is disabled. Reason: r.RayTracing=0.
[2024.05.10-10.33.41:960][  0]LogShaderCompilers: Guid format shader working directory is -8 characters bigger than the processId version (../../../../../../Users/Green/Desktop/Snake/SnakeGame/Intermediate/Shaders/WorkingDirectory/17764/).
[2024.05.10-10.33.41:960][  0]LogShaderCompilers: Cleaned the shader compiler working directory 'C:/Users/Green/AppData/Local/Temp/UnrealShaderWorkingDir/B72826194C1CCF0D982DA1A182EA0721/'.
[2024.05.10-10.33.41:961][  0]LogXGEController: Cleaning working directory: C:/Users/Green/AppData/Local/Temp/UnrealXGEWorkingDir/
[2024.05.10-10.33.41:962][  0]LogShaderCompilers: Display: Using XGE Controller for Shader Compilation.
[2024.05.10-10.33.42:602][  0]LogDerivedDataCache: Display: Max Cache Size: 512 MB
[2024.05.10-10.33.42:653][  0]LogDerivedDataCache: Loaded boot cache 0.05s 94MB C:/Users/Green/AppData/Local/UnrealEngine/4.27/DerivedDataCache/Boot.ddc.
[2024.05.10-10.33.42:653][  0]LogDerivedDataCache: Display: Loaded Boot cache: C:/Users/Green/AppData/Local/UnrealEngine/4.27/DerivedDataCache/Boot.ddc
[2024.05.10-10.33.42:653][  0]LogDerivedDataCache: FDerivedDataBackendGraph:  Pak pak cache file ../../../../../../Users/Green/Desktop/Snake/SnakeGame/DerivedDataCache/DDC.ddp not found, will not use a pak cache.
[2024.05.10-10.33.42:653][  0]LogDerivedDataCache: Unable to find inner node Pak for hierarchical cache Hierarchy.
[2024.05.10-10.33.42:653][  0]LogDerivedDataCache: FDerivedDataBackendGraph:  CompressedPak pak cache file ../../../../../../Users/Green/Desktop/Snake/SnakeGame/DerivedDataCache/Compressed.ddp not found, will not use a pak cache.
[2024.05.10-10.33.42:653][  0]LogDerivedDataCache: Unable to find inner node CompressedPak for hierarchical cache Hierarchy.
[2024.05.10-10.33.42:667][  0]LogDerivedDataCache: Display: Pak cache opened for reading ../../../Engine/DerivedDataCache/Compressed.ddp.
[2024.05.10-10.33.42:667][  0]LogDerivedDataCache: FDerivedDataBackendGraph:  EnterprisePak pak cache file ../../../Enterprise/DerivedDataCache/Compressed.ddp not found, will not use a pak cache.
[2024.05.10-10.33.42:668][  0]LogDerivedDataCache: Unable to find inner node EnterprisePak for hierarchical cache Hierarchy.
[2024.05.10-10.33.42:673][  0]LogDerivedDataCache: Speed tests for C:/Users/Green/AppData/Local/UnrealEngine/Common/DerivedDataCache took 0.01 seconds
[2024.05.10-10.33.42:673][  0]LogDerivedDataCache: Display: Performance to C:/Users/Green/AppData/Local/UnrealEngine/Common/DerivedDataCache: Latency=0.04ms. RandomReadSpeed=1001.28MBs, RandomWriteSpeed=256.55MBs. Assigned SpeedClass 'Local'
[2024.05.10-10.33.42:674][  0]LogDerivedDataCache: Using Local data cache path C:/Users/Green/AppData/Local/UnrealEngine/Common/DerivedDataCache: Writable
[2024.05.10-10.33.42:674][  0]LogDerivedDataCache: Shared data cache path not found in *engine.ini, will not use an Shared cache.
[2024.05.10-10.33.42:674][  0]LogDerivedDataCache: Unable to find inner node Shared for hierarchical cache Hierarchy.
[2024.05.10-10.33.42:713][  0]LogSlate: Using FreeType 2.10.0
[2024.05.10-10.33.42:713][  0]LogSlate: SlateFontServices - WITH_FREETYPE: 1, WITH_HARFBUZZ: 1
[2024.05.10-10.33.42:738][  0]LogAssetRegistry: FAssetRegistry took 0.0038 seconds to start up
[2024.05.10-10.33.42:962][  0]LogInit: Selected Device Profile: [Windows]
[2024.05.10-10.33.42:963][  0]LogInit: Active device profile: [0000028531804900][0000028530A6DB80 49] Windows
[2024.05.10-10.33.42:963][  0]LogInit: Profiles: [0000028531804900][0000028530A6DB80 49] Windows, [00000285317C7800][000002852FD10180 49] WindowsNoEditor, [0000028531807500][000002852FD14300 49] WindowsServer, [00000285317C4E00][000002852FD1C480 49] WindowsClient, [0000028531807800][000002852FD0C5C0 49] IOS, [00000285317C6800][0000028527E18700 49] iPadAir, [0000028531806000][0000028527E1C840 49] iPadAir2, [0000028531740A00][0000028527E54AC0 49] IPadPro, [0000028531740B00][0000028527E4CB00 49] iPadAir3, [00000285317C5900][000002852E9EAC80 49] iPadAir4, [0000028531743400][000002852E9EEE00 49] iPadMini2, [00000285317C6A00][000002852E9FCF80 49] iPadMini3, [0000028531741700][000002852EA01100 49] iPadMini4, [0000028531805100][0000028527E49280 49] iPadMini5, [0000028531760300][000002852FD19540 49] iPhone6, [0000028531760400][000002852492B580 49] iPodTouch6, [000002853172FF00][0000028527E6D840 49] iPhone7, [000002853172FE00][000002852EA05880 49] iPodTouch7, [00000285317C6000][0000028527E71A00 49] iPhone5S, [000002853172DA00][0000028527E75B80 49] iPhone6Plus, [0000028531760200][0000028527E78180 49] iPhone6S, [000002853172C600][0000028527E7C300 49] iPhone6SPlus, [0000028531762900][0000028527E80480 49] iPhone7Plus, [000002853172F100][0000028527E20600 49] iPhoneSE, [0000028531762200][0000028527E50740 49] iPhone8, [000002853172FB00][0000028527E24880 49] iPhone8Plus, [0000028531760A00][0000028527E289C0 49] iPhoneX, [000002853172D400][0000028527E2CB00 49] iPhoneXS, [0000028531763900][0000028527E34C80 49] iPhoneXSMax, [000002853172C900][0000028527E38E00 49] iPhoneXR, [0000028531762F00][0000028527E3CF80 49] iPhone11, [000002853172D300][0000028527E41100 49] iPhone11Pro, [0000028531761000][0000028527E45280 49] iPhone11ProMax, [000002853172EA00][00000285309E5400 49] iPhoneSE2, [0000028531761400][00000285309E9580 49] iPhone12Mini, [000002853172E400][00000285309ED700 49] iPhone12, [0000028531760D00][00000285309F1880 49] iPhone12Pro, [000002853172EB00][00000285309F5A00 49] iPhone12ProMax, [0000028531763000][00000285309F9B80 49] iPadPro105, [000002853172C700][00000285309FC180 49] iPadPro129, [0000028531762800][0000028530A00300 49] iPadPro97, [000002853172E600][0000028530A04480 49] iPadPro2_129, [0000028531763C00][0000028530A08600 49] iPad5, [000002853172E200][0000028530A0C780 49] iPad6, [0000028531760F00][0000028530A10900 49] iPad7, [000002853172ED00][0000028527E30A40 49] iPad8, [0000028531761100][000002852FB3CB80 49] iPadPro11, [000002853172D600][000002852FB40CC0 49] iPadPro2_11, [0000028531763400][000002852FDE8E40 49] iPadPro3_129, [000002853172E800][000002852FDECFC0 49] iPadPro4_129, [0000028531763A00][000002852FDF1140 49] AppleTV, [000002853172E100][000002852FDF52C0 49] AppleTV4K, [0000028531761F00][000002852FDF9440 49] TVOS, [000002853172F400][000002852FDFD5C0 49] Mac, [0000028531763800][000002852FE01740 49] MacClient, [000002853172DE00][00000285249038C0 49] MacNoEditor, [0000028531763F00][0000028524907A40 49] MacServer, [000002853172F500][000002852490BBC0 49] Linux, [0000028531760C00][000002852490E1C0 49] LinuxAArch64, [000002853172EF00][0000028524912340 49] LinuxNoEditor, [0000028531760B00][00000285249164C0 49] LinuxAArch64NoEditor, [000002853172F700][000002852491A640 49] LinuxClient, [0000028531761A00][000002852491E7C0 49] LinuxAArch64Client, [000002853172D000][0000028524922940 49] LinuxServer, [0000028531762500][0000028524926AC0 49] LinuxAArch64Server, [000002853172D900][000002852FDE4C00 49] Android, [0000028531761300][0000028527EC4D40 49] Android_Low, [000002853172E700][0000028527EC8E80 49] Android_Mid, [0000028531762B00][0000028527ECCFC0 49] Android_High, [000002853172F800][0000028527ED5140 49] Android_Default, [0000028531761600][0000028527ED92C0 49] Android_Adreno4xx, [000002853172D500][0000028527EDD440 49] Android_Adreno5xx_Low, [0000028531743600][0000028527EE15C0 49] Android_Adreno5xx, [00000285317C5800][0000028527EE5740 49] Android_Adreno6xx, [0000028531741200][0000028527EE98C0 49] Android_Adreno6xx_Vulkan, [00000285317C7C00][0000028506337A40 49] Android_Mali_T6xx, [0000028531741100][000002850633BBC0 49] Android_Mali_T7xx, [00000285317C5600][000002850633E1C0 49] Android_Mali_T8xx, [0000028531741E00][0000028506342340 49] Android_Mali_G71, [00000285317C4500][00000285063464C0 49] Android_Mali_G72, [0000028531740800][000002850634A640 49] Android_Mali_G72_Vulkan, [00000285317C5300][000002850634E7C0 49] Android_Mali_G76, [0000028531740100][0000028506352940 49] Android_Mali_G76_Vulkan, [00000285317C5F00][0000028506356AC0 49] Android_Mali_G77, [0000028531741000][000002850635AC40 49] Android_Mali_G77_Vulkan, [00000285317C4A00][0000028527ED0D80 49] Android_Mali_G78, [0000028531742C00][000002850635EEC0 49] Android_Mali_G78_Vulkan, [00000285317C7600][0000028506363000 49] Android_Mali_G710, [0000028531742A00][000002852FB45140 49] Android_Mali_G710_Vulkan, [00000285317C7F00][000002852FB4D2C0 49] Android_Vulkan_SM5, [0000028531743B00][000002852FB51440 49] Android_PowerVR_G6xxx, [00000285317C7B00][000002852FB555C0 49] Android_PowerVR_GT7xxx, [0000028531743900][000002852FB59740 49] Android_PowerVR_GE8xxx, [00000285317C4C00][000002852FB5D8C0 49] Android_PowerVR_GM9xxx, [0000028531742700][000002852FB61A40 49] Android_PowerVR_GM9xxx_Vulkan, [00000285317C6700][000002852FB65BC0 49] Android_TegraK1, [0000028531740900][000002852FB681C0 49] Android_Unknown_Vulkan, [00000285317C5D00][000002852FB6C340 49] Lumin, [0000028531740500][000002852FB704C0 49] Lumin_Desktop, [00000285317C7300][000002852FB74640 49] HoloLens, 
[2024.05.10-10.33.43:086][  0]LogMeshReduction: Using QuadricMeshReduction for automatic static mesh reduction
[2024.05.10-10.33.43:086][  0]LogMeshReduction: Using SimplygonMeshReduction for automatic skeletal mesh reduction
[2024.05.10-10.33.43:087][  0]LogMeshReduction: Using ProxyLODMeshReduction for automatic mesh merging
[2024.05.10-10.33.43:087][  0]LogMeshReduction: No distributed automatic mesh merging module available
[2024.05.10-10.33.43:087][  0]LogMeshMerging: No distributed automatic mesh merging module available
[2024.05.10-10.33.43:101][  0]LogNetVersion: SnakeGame 1.0.0, NetCL: 17155196, EngineNetVer: 17, GameNetVer: 0 (Checksum: 3033270002)
[2024.05.10-10.33.43:449][  0]LogTexture: Default maximum texture size for cubemaps generated from long-lat sources has been changed from 512 to unlimited. In order to preserve old behaiour for '/Engine/MapTemplates/Sky/DaylightAmbientCubemap.DaylightAmbientCubemap', its maximum texture size has been explicitly set to 512.
[2024.05.10-10.33.43:499][  0]LogHMD: PokeAHoleMaterial loaded successfully
[2024.05.10-10.33.43:504][  0]LogUObjectArray: 17178 objects as part of root set at end of initial load.
[2024.05.10-10.33.43:504][  0]LogUObjectAllocator: 4302048 out of 0 bytes used by permanent object pool.
[2024.05.10-10.33.43:504][  0]LogUObjectArray: CloseDisregardForGC: 0/0 objects in disregard for GC pool
[2024.05.10-10.33.43:694][  0]LogNiagaraDebuggerClient: Niagara Debugger Client Initialized | Session: 5EF720A34A0E7C9E3A01E09064B57901 | Instance: 85432EA14BBDA27B69672F92FB0DEE90 (DESKTOP-I7FE9TA-17764).
[2024.05.10-10.33.43:809][  0]LogUdpMessaging: Initializing bridge on interface 0.0.0.0:0 to multicast group 230.0.0.1:6666.
[2024.05.10-10.33.43:821][  0]LogTcpMessaging: Initializing TcpMessaging bridge
[2024.05.10-10.33.43:833][  0]LogPython: Using Python 3.7.7
[2024.05.10-10.33.44:560][  0]SourceControl: Source control is disabled
[2024.05.10-10.33.44:560][  0]SourceControl: Source control is disabled
[2024.05.10-10.33.44:564][  0]SourceControl: Source control is disabled
[2024.05.10-10.33.44:567][  0]SourceControl: Source control is disabled
[2024.05.10-10.33.44:578][  0]SourceControl: Source control is disabled
[2024.05.10-10.33.44:585][  0]LogUProjectInfo: Found projects:
[2024.05.10-10.33.44:761][  0]LogOpenImageDenoise: OIDN starting up
[2024.05.10-10.33.44:775][  0]LogAndroidPermission: UAndroidPermissionCallbackProxy::GetInstance
[2024.05.10-10.33.44:794][  0]LogAudioCaptureCore: Display: No Audio Capture implementations found. Audio input will be silent.
[2024.05.10-10.33.44:795][  0]LogAudioCaptureCore: Display: No Audio Capture implementations found. Audio input will be silent.
[2024.05.10-10.33.44:982][  0]LogOcInput: OculusInput pre-init called
[2024.05.10-10.33.45:154][  0]LogCollectionManager: Loaded 0 collections in 0.001601 seconds
[2024.05.10-10.33.45:214][  0]LogFileCache: Scanning file cache for directory 'C:/Users/Green/Desktop/Snake/SnakeGame/Saved/Collections/' took 0.00s
[2024.05.10-10.33.45:215][  0]LogFileCache: Scanning file cache for directory 'C:/Users/Green/Desktop/Snake/SnakeGame/Content/Developers/Green/Collections/' took 0.00s
[2024.05.10-10.33.45:215][  0]LogFileCache: Scanning file cache for directory 'C:/Users/Green/Desktop/Snake/SnakeGame/Content/Collections/' took 0.00s
[2024.05.10-10.33.45:215][  0]LogEngine: Initializing Engine...
[2024.05.10-10.33.45:218][  0]LogHMD: Failed to enumerate extensions. Please check that you have a valid OpenXR runtime installed.
[2024.05.10-10.33.45:218][  0]LogHMD: Failed to initialize OpenVR with code 110
[2024.05.10-10.33.45:218][  0]LogMagicLeap: Warning: VR disabled because ZI is not enabled.  To enable, in the editor, Edit -> Project Settings -> Plugins -> Magic Leap Plugin -> Enable Zero Iteration
[2024.05.10-10.33.45:219][  0]LogStats: UGameplayTagsManager::InitializeManager -  0.000 s
[2024.05.10-10.33.45:318][  0]LogInit: Initializing FReadOnlyCVARCache
[2024.05.10-10.33.45:326][  0]LogAIModule: Creating AISystem for world Untitled
[2024.05.10-10.33.45:329][  0]LogAudio: Display: Initializing Audio Device Manager...
[2024.05.10-10.33.45:334][  0]LogAudio: Display: Loading Default Audio Settings Objects...
[2024.05.10-10.33.45:334][  0]LogAudio: Display: No default SoundConcurrencyObject specified (or failed to load).
[2024.05.10-10.33.45:335][  0]LogAudio: Display: Audio Device Manager Initialized
[2024.05.10-10.33.45:335][  0]LogAudio: Display: Creating Audio Device:                 Id: 1, Scope: Shared, Realtime: True
[2024.05.10-10.33.45:335][  0]LogAudioMixer: Display: Audio Mixer Platform Settings:
[2024.05.10-10.33.45:335][  0]LogAudioMixer: Display: 	Sample Rate:						  48000
[2024.05.10-10.33.45:335][  0]LogAudioMixer: Display: 	Callback Buffer Frame Size Requested: 1024
[2024.05.10-10.33.45:335][  0]LogAudioMixer: Display: 	Callback Buffer Frame Size To Use:	  1024
[2024.05.10-10.33.45:335][  0]LogAudioMixer: Display: 	Number of buffers to queue:			  2
[2024.05.10-10.33.45:336][  0]LogAudioMixer: Display: 	Max Channels (voices):				  32
[2024.05.10-10.33.45:336][  0]LogAudioMixer: Display: 	Number of Async Source Workers:		  0
[2024.05.10-10.33.45:336][  0]LogAudio: Display: AudioDevice MaxSources: 32
[2024.05.10-10.33.45:336][  0]LogAudio: Display: Audio Spatialization Plugin: None (built-in).
[2024.05.10-10.33.45:336][  0]LogAudio: Display: Audio Reverb Plugin: None (built-in).
[2024.05.10-10.33.45:336][  0]LogAudio: Display: Audio Occlusion Plugin: None (built-in).
[2024.05.10-10.33.45:336][  0]LogAudioMixer: Display: Initializing audio mixer.
[2024.05.10-10.33.45:352][  0]LogAudioMixer: Display: 0: FrontLeft
[2024.05.10-10.33.45:353][  0]LogAudioMixer: Display: 1: FrontRight
[2024.05.10-10.33.45:382][  0]LogAudioMixer: Display: Using Audio Device Speakers (ASUS Essence STX II Audio Device)
[2024.05.10-10.33.45:385][  0]LogAudioMixer: Display: Initializing Sound Submixes...
[2024.05.10-10.33.45:387][  0]LogAudioMixer: Display: Creating Master Submix 'MasterSubmixDefault'
[2024.05.10-10.33.45:387][  0]LogAudioMixer: Display: Creating Master Submix 'MasterReverbSubmixDefault'
[2024.05.10-10.33.45:388][  0]LogAudioMixer: Display: Creating Master Submix 'MasterEQSubmixDefault'
[2024.05.10-10.33.45:388][  0]LogAudioMixer: FMixerPlatformXAudio2::StartAudioStream() called
[2024.05.10-10.33.45:388][  0]LogAudioMixer: Display: Output buffers initialized: Frames=1024, Channels=2, Samples=2048
[2024.05.10-10.33.45:389][  0]LogAudioMixer: Display: Starting AudioMixerPlatformInterface::RunInternal()
[2024.05.10-10.33.45:389][  0]LogAudioMixer: Display: FMixerPlatformXAudio2::SubmitBuffer() called for the first time
[2024.05.10-10.33.45:389][  0]LogInit: FAudioDevice initialized.
[2024.05.10-10.33.45:389][  0]LogAudio: Display: Audio Device (ID: 1) registered with world 'Untitled'.
[2024.05.10-10.33.45:390][  0]LogNetVersion: Set ProjectVersion to 1.0.0.0. Version Checksum will be recalculated on next use.
[2024.05.10-10.33.45:436][  0]LogDerivedDataCache: Saved boot cache 0.05s 94MB C:/Users/Green/AppData/Local/UnrealEngine/4.27/DerivedDataCache/Boot.ddc.
[2024.05.10-10.33.45:436][  0]LogInit: Texture streaming: Enabled
[2024.05.10-10.33.45:449][  0]LogAnalytics: Display: [UEEditor.Rocket.Release] APIServer = https://datarouter.ol.epicgames.com/. AppVersion = 4.27.2-18319896+++UE4+Release-4.27
[2024.05.10-10.33.45:454][  0]LogEngineSessionManager: EngineSessionManager initialized
[2024.05.10-10.33.45:454][  0]LogEngineSessionManager: EngineSessionManager sent abnormal shutdown report. Type=Debugger, SessionId={F17ABB29-430C-41D2-8F0B-1E92E6CFB406}
[2024.05.10-10.33.45:454][  0]LogEditorSessionSummary: Verbose: Initializing EditorSessionSummaryWriter for editor session tracking
[2024.05.10-10.33.45:456][  0]LogEditorSessionSummary: EditorSessionSummaryWriter initialized
[2024.05.10-10.33.45:477][  0]LogInit: Transaction tracking system initialized
[2024.05.10-10.33.45:499][  0]BlueprintLog: New page: Editor Load
[2024.05.10-10.33.45:567][  0]LocalizationService: Localization service is disabled
[2024.05.10-10.33.45:592][  0]TimingProfiler: Initialize
[2024.05.10-10.33.45:592][  0]TimingProfiler: OnSessionChanged
[2024.05.10-10.33.45:592][  0]LoadingProfiler: Initialize
[2024.05.10-10.33.45:592][  0]LoadingProfiler: OnSessionChanged
[2024.05.10-10.33.45:592][  0]NetworkingProfiler: Initialize
[2024.05.10-10.33.45:592][  0]NetworkingProfiler: OnSessionChanged
[2024.05.10-10.33.45:593][  0]MemoryProfiler: Initialize
[2024.05.10-10.33.45:593][  0]MemoryProfiler: OnSessionChanged
[2024.05.10-10.33.45:727][  0]LogCook: Display: CookSettings for Memory: MemoryMaxUsedVirtual 0MiB, MemoryMaxUsedPhysical 16384MiB, MemoryMinFreeVirtual 0MiB, MemoryMinFreePhysical 1024MiB
[2024.05.10-10.33.45:728][  0]LogCook: Display: Mobile HDR setting 1
[2024.05.10-10.33.45:733][  0]LogFileCache: Scanning file cache for directory 'C:/Users/Green/Desktop/Snake/SnakeGame/Content/' took 0.00s
[2024.05.10-10.33.46:093][  0]LogInit: Display: Engine is initialized. Leaving FEngineLoop::Init()
[2024.05.10-10.33.46:096][  0]SourceControl: Source control is disabled
[2024.05.10-10.33.46:096][  0]LogUnrealEdMisc: Loading editor; pre map load, took 6.968
[2024.05.10-10.33.46:096][  0]Cmd: MAP LOAD FILE="../../../../../../Users/Green/Desktop/Snake/SnakeGame/Content/MainMap.umap" TEMPLATE=0 SHOWPROGRESS=1 FEATURELEVEL=3
[2024.05.10-10.33.46:097][  0]LightingResults: New page: Lighting Build
[2024.05.10-10.33.46:098][  0]LogWorld: UWorld::CleanupWorld for Untitled, bSessionEnded=true, bCleanupResources=true
[2024.05.10-10.33.46:098][  0]LogSlate: InvalidateAllWidgets triggered.  All widgets were invalidated
[2024.05.10-10.33.46:098][  0]MapCheck: New page: Map Check
[2024.05.10-10.33.46:098][  0]LightingResults: New page: Lighting Build
[2024.05.10-10.33.46:106][  0]LogAudio: Display: Audio Device unregistered from world 'None'.
[2024.05.10-10.33.46:109][  0]LogUObjectHash: Compacting FUObjectHashTables data took   0.69ms
[2024.05.10-10.33.46:177][  0]LogAudio: Display: Audio Device (ID: 1) registered with world 'MainMap'.
[2024.05.10-10.33.46:178][  0]LogAIModule: Creating AISystem for world MainMap
[2024.05.10-10.33.46:183][  0]LogEditorServer: Finished looking for orphan Actors (0.000 secs)
[2024.05.10-10.33.46:196][  0]LogUObjectHash: Compacting FUObjectHashTables data took   0.69ms
[2024.05.10-10.33.46:196][  0]Cmd: MAP CHECKDEP NOCLEARLOG
[2024.05.10-10.33.46:197][  0]MapCheck: Map check complete: 0 Error(s), 0 Warning(s), took 0.176ms to complete.
[2024.05.10-10.33.46:197][  0]LogFileHelpers: Loading map 'MainMap' took 0.101
[2024.05.10-10.33.46:200][  0]LogUnrealEdMisc: Total Editor Startup Time, took 7.072
[2024.05.10-10.33.46:303][  0]LogSlate: Updating window title bar state: overlay mode, drag disabled, window buttons hidden, title bar hidden
[2024.05.10-10.33.46:308][  0]LogSlate: Updating window title bar state: overlay mode, drag disabled, window buttons hidden, title bar hidden
[2024.05.10-10.33.46:313][  0]LogSlate: Updating window title bar state: overlay mode, drag disabled, window buttons hidden, title bar hidden
[2024.05.10-10.33.46:318][  0]LogSlate: Updating window title bar state: overlay mode, drag disabled, window buttons hidden, title bar hidden
[2024.05.10-10.33.46:330][  0]LogNativeClassHierarchy: Verbose: Native class hierarchy populated in 0.0080 seconds. Added 3833 classes and 930 folders.
[2024.05.10-10.33.46:334][  0]LogNativeClassHierarchy: Verbose: Native class hierarchy updated for 'WidgetCarousel' in 0.0002 seconds. Added 0 classes and 0 folders.
[2024.05.10-10.33.46:336][  0]LogPakFile: PakFile PrimaryIndexSize=187
[2024.05.10-10.33.46:336][  0]LogPakFile: PakFile PathHashIndexSize=101
[2024.05.10-10.33.46:336][  0]LogPakFile: PakFile FullDirectoryIndexSize=148
[2024.05.10-10.33.46:336][  0]LogShaderLibrary: Display: ShaderCodeLibraryPakFileMountedCallback: PakFile 'C:/Program Files/Epic Games/UE_4.27/FeaturePacks/FP_FirstPerson.upack' (chunk index -1, root 'root:/') mounted
[2024.05.10-10.33.46:336][  0]LogShaderLibrary: Display: ShaderCodeLibraryPakFileMountedCallback: pending pak file info (ChunkID:-1 Root:root:/ File:C:/Program Files/Epic Games/UE_4.27/FeaturePacks/FP_FirstPerson.upack)
[2024.05.10-10.33.46:336][  0]LogPakFile: OnPakFileMounted2Time == 0.000251
[2024.05.10-10.33.46:337][  0]LogPakFile: PakFile PrimaryIndexSize=189
[2024.05.10-10.33.46:337][  0]LogPakFile: PakFile PathHashIndexSize=101
[2024.05.10-10.33.46:337][  0]LogPakFile: PakFile FullDirectoryIndexSize=152
[2024.05.10-10.33.46:337][  0]LogShaderLibrary: Display: ShaderCodeLibraryPakFileMountedCallback: PakFile 'C:/Program Files/Epic Games/UE_4.27/FeaturePacks/FP_FirstPersonBP.upack' (chunk index -1, root 'root:/') mounted
[2024.05.10-10.33.46:338][  0]LogShaderLibrary: Display: ShaderCodeLibraryPakFileMountedCallback: pending pak file info (ChunkID:-1 Root:root:/ File:C:/Program Files/Epic Games/UE_4.27/FeaturePacks/FP_FirstPersonBP.upack)
[2024.05.10-10.33.46:338][  0]LogPakFile: OnPakFileMounted2Time == 0.000114
[2024.05.10-10.33.46:338][  0]LogPakFile: PakFile PrimaryIndexSize=191
[2024.05.10-10.33.46:338][  0]LogPakFile: PakFile PathHashIndexSize=101
[2024.05.10-10.33.46:338][  0]LogPakFile: PakFile FullDirectoryIndexSize=160
[2024.05.10-10.33.46:338][  0]LogShaderLibrary: Display: ShaderCodeLibraryPakFileMountedCallback: PakFile 'C:/Program Files/Epic Games/UE_4.27/FeaturePacks/MobileStarterContent.upack' (chunk index -1, root 'root:/') mounted
[2024.05.10-10.33.46:339][  0]LogShaderLibrary: Display: ShaderCodeLibraryPakFileMountedCallback: pending pak file info (ChunkID:-1 Root:root:/ File:C:/Program Files/Epic Games/UE_4.27/FeaturePacks/MobileStarterContent.upack)
[2024.05.10-10.33.46:339][  0]LogPakFile: OnPakFileMounted2Time == 0.000207
[2024.05.10-10.33.46:339][  0]LogPakFile: PakFile PrimaryIndexSize=185
[2024.05.10-10.33.46:339][  0]LogPakFile: PakFile PathHashIndexSize=101
[2024.05.10-10.33.46:340][  0]LogPakFile: PakFile FullDirectoryIndexSize=148
[2024.05.10-10.33.46:340][  0]LogShaderLibrary: Display: ShaderCodeLibraryPakFileMountedCallback: PakFile 'C:/Program Files/Epic Games/UE_4.27/FeaturePacks/StarterContent.upack' (chunk index -1, root 'root:/') mounted
[2024.05.10-10.33.46:340][  0]LogShaderLibrary: Display: ShaderCodeLibraryPakFileMountedCallback: pending pak file info (ChunkID:-1 Root:root:/ File:C:/Program Files/Epic Games/UE_4.27/FeaturePacks/StarterContent.upack)
[2024.05.10-10.33.46:340][  0]LogPakFile: OnPakFileMounted2Time == 0.000130
[2024.05.10-10.33.46:340][  0]LogPakFile: PakFile PrimaryIndexSize=190
[2024.05.10-10.33.46:340][  0]LogPakFile: PakFile PathHashIndexSize=101
[2024.05.10-10.33.46:340][  0]LogPakFile: PakFile FullDirectoryIndexSize=154
[2024.05.10-10.33.46:341][  0]LogShaderLibrary: Display: ShaderCodeLibraryPakFileMountedCallback: PakFile 'C:/Program Files/Epic Games/UE_4.27/FeaturePacks/TP_2DSideScroller.upack' (chunk index -1, root 'root:/') mounted
[2024.05.10-10.33.46:341][  0]LogShaderLibrary: Display: ShaderCodeLibraryPakFileMountedCallback: pending pak file info (ChunkID:-1 Root:root:/ File:C:/Program Files/Epic Games/UE_4.27/FeaturePacks/TP_2DSideScroller.upack)
[2024.05.10-10.33.46:341][  0]LogPakFile: OnPakFileMounted2Time == 0.000110
[2024.05.10-10.33.46:341][  0]LogPakFile: PakFile PrimaryIndexSize=192
[2024.05.10-10.33.46:341][  0]LogPakFile: PakFile PathHashIndexSize=101
[2024.05.10-10.33.46:341][  0]LogPakFile: PakFile FullDirectoryIndexSize=158
[2024.05.10-10.33.46:341][  0]LogShaderLibrary: Display: ShaderCodeLibraryPakFileMountedCallback: PakFile 'C:/Program Files/Epic Games/UE_4.27/FeaturePacks/TP_2DSideScrollerBP.upack' (chunk index -1, root 'root:/') mounted
[2024.05.10-10.33.46:341][  0]LogShaderLibrary: Display: ShaderCodeLibraryPakFileMountedCallback: pending pak file info (ChunkID:-1 Root:root:/ File:C:/Program Files/Epic Games/UE_4.27/FeaturePacks/TP_2DSideScrollerBP.upack)
[2024.05.10-10.33.46:341][  0]LogPakFile: OnPakFileMounted2Time == 0.000109
[2024.05.10-10.33.46:342][  0]LogPakFile: PakFile PrimaryIndexSize=182
[2024.05.10-10.33.46:342][  0]LogPakFile: PakFile PathHashIndexSize=101
[2024.05.10-10.33.46:342][  0]LogPakFile: PakFile FullDirectoryIndexSize=138
[2024.05.10-10.33.46:342][  0]LogShaderLibrary: Display: ShaderCodeLibraryPakFileMountedCallback: PakFile 'C:/Program Files/Epic Games/UE_4.27/FeaturePacks/TP_Flying.upack' (chunk index -1, root 'root:/') mounted
[2024.05.10-10.33.46:342][  0]LogShaderLibrary: Display: ShaderCodeLibraryPakFileMountedCallback: pending pak file info (ChunkID:-1 Root:root:/ File:C:/Program Files/Epic Games/UE_4.27/FeaturePacks/TP_Flying.upack)
[2024.05.10-10.33.46:343][  0]LogPakFile: OnPakFileMounted2Time == 0.000170
[2024.05.10-10.33.46:343][  0]LogPakFile: PakFile PrimaryIndexSize=184
[2024.05.10-10.33.46:343][  0]LogPakFile: PakFile PathHashIndexSize=101
[2024.05.10-10.33.46:343][  0]LogPakFile: PakFile FullDirectoryIndexSize=142
[2024.05.10-10.33.46:343][  0]LogShaderLibrary: Display: ShaderCodeLibraryPakFileMountedCallback: PakFile 'C:/Program Files/Epic Games/UE_4.27/FeaturePacks/TP_FlyingBP.upack' (chunk index -1, root 'root:/') mounted
[2024.05.10-10.33.46:343][  0]LogShaderLibrary: Display: ShaderCodeLibraryPakFileMountedCallback: pending pak file info (ChunkID:-1 Root:root:/ File:C:/Program Files/Epic Games/UE_4.27/FeaturePacks/TP_FlyingBP.upack)
[2024.05.10-10.33.46:344][  0]LogPakFile: OnPakFileMounted2Time == 0.000151
[2024.05.10-10.33.46:344][  0]LogPakFile: PakFile PrimaryIndexSize=188
[2024.05.10-10.33.46:344][  0]LogPakFile: PakFile PathHashIndexSize=101
[2024.05.10-10.33.46:344][  0]LogPakFile: PakFile FullDirectoryIndexSize=150
[2024.05.10-10.33.46:344][  0]LogShaderLibrary: Display: ShaderCodeLibraryPakFileMountedCallback: PakFile 'C:/Program Files/Epic Games/UE_4.27/FeaturePacks/TP_HandheldARBP.upack' (chunk index -1, root 'root:/') mounted
[2024.05.10-10.33.46:344][  0]LogShaderLibrary: Display: ShaderCodeLibraryPakFileMountedCallback: pending pak file info (ChunkID:-1 Root:root:/ File:C:/Program Files/Epic Games/UE_4.27/FeaturePacks/TP_HandheldARBP.upack)
[2024.05.10-10.33.46:344][  0]LogPakFile: OnPakFileMounted2Time == 0.000116
[2024.05.10-10.33.46:345][  0]LogPakFile: PakFile PrimaryIndexSize=182
[2024.05.10-10.33.46:345][  0]LogPakFile: PakFile PathHashIndexSize=101
[2024.05.10-10.33.46:345][  0]LogPakFile: PakFile FullDirectoryIndexSize=138
[2024.05.10-10.33.46:345][  0]LogShaderLibrary: Display: ShaderCodeLibraryPakFileMountedCallback: PakFile 'C:/Program Files/Epic Games/UE_4.27/FeaturePacks/TP_Puzzle.upack' (chunk index -1, root 'root:/') mounted
[2024.05.10-10.33.46:345][  0]LogShaderLibrary: Display: ShaderCodeLibraryPakFileMountedCallback: pending pak file info (ChunkID:-1 Root:root:/ File:C:/Program Files/Epic Games/UE_4.27/FeaturePacks/TP_Puzzle.upack)
[2024.05.10-10.33.46:345][  0]LogPakFile: OnPakFileMounted2Time == 0.000110
[2024.05.10-10.33.46:346][  0]LogPakFile: PakFile PrimaryIndexSize=184
[2024.05.10-10.33.46:346][  0]LogPakFile: PakFile PathHashIndexSize=101
[2024.05.10-10.33.46:346][  0]LogPakFile: PakFile FullDirectoryIndexSize=142
[2024.05.10-10.33.46:346][  0]LogShaderLibrary: Display: ShaderCodeLibraryPakFileMountedCallback: PakFile 'C:/Program Files/Epic Games/UE_4.27/FeaturePacks/TP_PuzzleBP.upack' (chunk index -1, root 'root:/') mounted
[2024.05.10-10.33.46:346][  0]LogShaderLibrary: Display: ShaderCodeLibraryPakFileMountedCallback: pending pak file info (ChunkID:-1 Root:root:/ File:C:/Program Files/Epic Games/UE_4.27/FeaturePacks/TP_PuzzleBP.upack)
[2024.05.10-10.33.46:346][  0]LogPakFile: OnPakFileMounted2Time == 0.000191
[2024.05.10-10.33.46:347][  0]LogPakFile: PakFile PrimaryIndexSize=183
[2024.05.10-10.33.46:347][  0]LogPakFile: PakFile PathHashIndexSize=101
[2024.05.10-10.33.46:347][  0]LogPakFile: PakFile FullDirectoryIndexSize=140
[2024.05.10-10.33.46:347][  0]LogShaderLibrary: Display: ShaderCodeLibraryPakFileMountedCallback: PakFile 'C:/Program Files/Epic Games/UE_4.27/FeaturePacks/TP_Rolling.upack' (chunk index -1, root 'root:/') mounted
[2024.05.10-10.33.46:347][  0]LogShaderLibrary: Display: ShaderCodeLibraryPakFileMountedCallback: pending pak file info (ChunkID:-1 Root:root:/ File:C:/Program Files/Epic Games/UE_4.27/FeaturePacks/TP_Rolling.upack)
[2024.05.10-10.33.46:347][  0]LogPakFile: OnPakFileMounted2Time == 0.000114
[2024.05.10-10.33.46:348][  0]LogPakFile: PakFile PrimaryIndexSize=185
[2024.05.10-10.33.46:348][  0]LogPakFile: PakFile PathHashIndexSize=101
[2024.05.10-10.33.46:348][  0]LogPakFile: PakFile FullDirectoryIndexSize=144
[2024.05.10-10.33.46:348][  0]LogShaderLibrary: Display: ShaderCodeLibraryPakFileMountedCallback: PakFile 'C:/Program Files/Epic Games/UE_4.27/FeaturePacks/TP_RollingBP.upack' (chunk index -1, root 'root:/') mounted
[2024.05.10-10.33.46:348][  0]LogShaderLibrary: Display: ShaderCodeLibraryPakFileMountedCallback: pending pak file info (ChunkID:-1 Root:root:/ File:C:/Program Files/Epic Games/UE_4.27/FeaturePacks/TP_RollingBP.upack)
[2024.05.10-10.33.46:348][  0]LogPakFile: OnPakFileMounted2Time == 0.000114
[2024.05.10-10.33.46:349][  0]LogPakFile: PakFile PrimaryIndexSize=188
[2024.05.10-10.33.46:349][  0]LogPakFile: PakFile PathHashIndexSize=101
[2024.05.10-10.33.46:349][  0]LogPakFile: PakFile FullDirectoryIndexSize=150
[2024.05.10-10.33.46:349][  0]LogShaderLibrary: Display: ShaderCodeLibraryPakFileMountedCallback: PakFile 'C:/Program Files/Epic Games/UE_4.27/FeaturePacks/TP_SideScroller.upack' (chunk index -1, root 'root:/') mounted
[2024.05.10-10.33.46:349][  0]LogShaderLibrary: Display: ShaderCodeLibraryPakFileMountedCallback: pending pak file info (ChunkID:-1 Root:root:/ File:C:/Program Files/Epic Games/UE_4.27/FeaturePacks/TP_SideScroller.upack)
[2024.05.10-10.33.46:349][  0]LogPakFile: OnPakFileMounted2Time == 0.000112
[2024.05.10-10.33.46:350][  0]LogPakFile: PakFile PrimaryIndexSize=190
[2024.05.10-10.33.46:350][  0]LogPakFile: PakFile PathHashIndexSize=101
[2024.05.10-10.33.46:350][  0]LogPakFile: PakFile FullDirectoryIndexSize=154
[2024.05.10-10.33.46:350][  0]LogShaderLibrary: Display: ShaderCodeLibraryPakFileMountedCallback: PakFile 'C:/Program Files/Epic Games/UE_4.27/FeaturePacks/TP_SideScrollerBP.upack' (chunk index -1, root 'root:/') mounted
[2024.05.10-10.33.46:350][  0]LogShaderLibrary: Display: ShaderCodeLibraryPakFileMountedCallback: pending pak file info (ChunkID:-1 Root:root:/ File:C:/Program Files/Epic Games/UE_4.27/FeaturePacks/TP_SideScrollerBP.upack)
[2024.05.10-10.33.46:350][  0]LogPakFile: OnPakFileMounted2Time == 0.000110
[2024.05.10-10.33.46:351][  0]LogPakFile: PakFile PrimaryIndexSize=187
[2024.05.10-10.33.46:351][  0]LogPakFile: PakFile PathHashIndexSize=101
[2024.05.10-10.33.46:351][  0]LogPakFile: PakFile FullDirectoryIndexSize=148
[2024.05.10-10.33.46:351][  0]LogShaderLibrary: Display: ShaderCodeLibraryPakFileMountedCallback: PakFile 'C:/Program Files/Epic Games/UE_4.27/FeaturePacks/TP_ThirdPerson.upack' (chunk index -1, root 'root:/') mounted
[2024.05.10-10.33.46:351][  0]LogShaderLibrary: Display: ShaderCodeLibraryPakFileMountedCallback: pending pak file info (ChunkID:-1 Root:root:/ File:C:/Program Files/Epic Games/UE_4.27/FeaturePacks/TP_ThirdPerson.upack)
[2024.05.10-10.33.46:351][  0]LogPakFile: OnPakFileMounted2Time == 0.000105
[2024.05.10-10.33.46:351][  0]LogPakFile: PakFile PrimaryIndexSize=189
[2024.05.10-10.33.46:352][  0]LogPakFile: PakFile PathHashIndexSize=101
[2024.05.10-10.33.46:352][  0]LogPakFile: PakFile FullDirectoryIndexSize=152
[2024.05.10-10.33.46:352][  0]LogShaderLibrary: Display: ShaderCodeLibraryPakFileMountedCallback: PakFile 'C:/Program Files/Epic Games/UE_4.27/FeaturePacks/TP_ThirdPersonBP.upack' (chunk index -1, root 'root:/') mounted
[2024.05.10-10.33.46:352][  0]LogShaderLibrary: Display: ShaderCodeLibraryPakFileMountedCallback: pending pak file info (ChunkID:-1 Root:root:/ File:C:/Program Files/Epic Games/UE_4.27/FeaturePacks/TP_ThirdPersonBP.upack)
[2024.05.10-10.33.46:352][  0]LogPakFile: OnPakFileMounted2Time == 0.000114
[2024.05.10-10.33.46:352][  0]LogPakFile: PakFile PrimaryIndexSize=183
[2024.05.10-10.33.46:352][  0]LogPakFile: PakFile PathHashIndexSize=101
[2024.05.10-10.33.46:352][  0]LogPakFile: PakFile FullDirectoryIndexSize=140
[2024.05.10-10.33.46:352][  0]LogShaderLibrary: Display: ShaderCodeLibraryPakFileMountedCallback: PakFile 'C:/Program Files/Epic Games/UE_4.27/FeaturePacks/TP_TopDown.upack' (chunk index -1, root 'root:/') mounted
[2024.05.10-10.33.46:353][  0]LogShaderLibrary: Display: ShaderCodeLibraryPakFileMountedCallback: pending pak file info (ChunkID:-1 Root:root:/ File:C:/Program Files/Epic Games/UE_4.27/FeaturePacks/TP_TopDown.upack)
[2024.05.10-10.33.46:353][  0]LogPakFile: OnPakFileMounted2Time == 0.000128
[2024.05.10-10.33.46:353][  0]LogPakFile: PakFile PrimaryIndexSize=185
[2024.05.10-10.33.46:353][  0]LogPakFile: PakFile PathHashIndexSize=101
[2024.05.10-10.33.46:353][  0]LogPakFile: PakFile FullDirectoryIndexSize=144
[2024.05.10-10.33.46:353][  0]LogShaderLibrary: Display: ShaderCodeLibraryPakFileMountedCallback: PakFile 'C:/Program Files/Epic Games/UE_4.27/FeaturePacks/TP_TopDownBP.upack' (chunk index -1, root 'root:/') mounted
[2024.05.10-10.33.46:353][  0]LogShaderLibrary: Display: ShaderCodeLibraryPakFileMountedCallback: pending pak file info (ChunkID:-1 Root:root:/ File:C:/Program Files/Epic Games/UE_4.27/FeaturePacks/TP_TopDownBP.upack)
[2024.05.10-10.33.46:353][  0]LogPakFile: OnPakFileMounted2Time == 0.000128
[2024.05.10-10.33.46:354][  0]LogPakFile: PakFile PrimaryIndexSize=185
[2024.05.10-10.33.46:354][  0]LogPakFile: PakFile PathHashIndexSize=101
[2024.05.10-10.33.46:354][  0]LogPakFile: PakFile FullDirectoryIndexSize=144
[2024.05.10-10.33.46:354][  0]LogShaderLibrary: Display: ShaderCodeLibraryPakFileMountedCallback: PakFile 'C:/Program Files/Epic Games/UE_4.27/FeaturePacks/TP_TwinStick.upack' (chunk index -1, root 'root:/') mounted
[2024.05.10-10.33.46:354][  0]LogShaderLibrary: Display: ShaderCodeLibraryPakFileMountedCallback: pending pak file info (ChunkID:-1 Root:root:/ File:C:/Program Files/Epic Games/UE_4.27/FeaturePacks/TP_TwinStick.upack)
[2024.05.10-10.33.46:354][  0]LogPakFile: OnPakFileMounted2Time == 0.000114
[2024.05.10-10.33.46:355][  0]LogPakFile: PakFile PrimaryIndexSize=187
[2024.05.10-10.33.46:355][  0]LogPakFile: PakFile PathHashIndexSize=101
[2024.05.10-10.33.46:355][  0]LogPakFile: PakFile FullDirectoryIndexSize=148
[2024.05.10-10.33.46:355][  0]LogShaderLibrary: Display: ShaderCodeLibraryPakFileMountedCallback: PakFile 'C:/Program Files/Epic Games/UE_4.27/FeaturePacks/TP_TwinStickBP.upack' (chunk index -1, root 'root:/') mounted
[2024.05.10-10.33.46:355][  0]LogShaderLibrary: Display: ShaderCodeLibraryPakFileMountedCallback: pending pak file info (ChunkID:-1 Root:root:/ File:C:/Program Files/Epic Games/UE_4.27/FeaturePacks/TP_TwinStickBP.upack)
[2024.05.10-10.33.46:355][  0]LogPakFile: OnPakFileMounted2Time == 0.000116
[2024.05.10-10.33.46:356][  0]LogPakFile: PakFile PrimaryIndexSize=183
[2024.05.10-10.33.46:356][  0]LogPakFile: PakFile PathHashIndexSize=101
[2024.05.10-10.33.46:356][  0]LogPakFile: PakFile FullDirectoryIndexSize=140
[2024.05.10-10.33.46:356][  0]LogShaderLibrary: Display: ShaderCodeLibraryPakFileMountedCallback: PakFile 'C:/Program Files/Epic Games/UE_4.27/FeaturePacks/TP_Vehicle.upack' (chunk index -1, root 'root:/') mounted
[2024.05.10-10.33.46:356][  0]LogShaderLibrary: Display: ShaderCodeLibraryPakFileMountedCallback: pending pak file info (ChunkID:-1 Root:root:/ File:C:/Program Files/Epic Games/UE_4.27/FeaturePacks/TP_Vehicle.upack)
[2024.05.10-10.33.46:356][  0]LogPakFile: OnPakFileMounted2Time == 0.000111
[2024.05.10-10.33.46:357][  0]LogPakFile: PakFile PrimaryIndexSize=186
[2024.05.10-10.33.46:357][  0]LogPakFile: PakFile PathHashIndexSize=101
[2024.05.10-10.33.46:357][  0]LogPakFile: PakFile FullDirectoryIndexSize=146
[2024.05.10-10.33.46:357][  0]LogShaderLibrary: Display: ShaderCodeLibraryPakFileMountedCallback: PakFile 'C:/Program Files/Epic Games/UE_4.27/FeaturePacks/TP_VehicleAdv.upack' (chunk index -1, root 'root:/') mounted
[2024.05.10-10.33.46:357][  0]LogShaderLibrary: Display: ShaderCodeLibraryPakFileMountedCallback: pending pak file info (ChunkID:-1 Root:root:/ File:C:/Program Files/Epic Games/UE_4.27/FeaturePacks/TP_VehicleAdv.upack)
[2024.05.10-10.33.46:357][  0]LogPakFile: OnPakFileMounted2Time == 0.000115
[2024.05.10-10.33.46:358][  0]LogPakFile: PakFile PrimaryIndexSize=188
[2024.05.10-10.33.46:358][  0]LogPakFile: PakFile PathHashIndexSize=101
[2024.05.10-10.33.46:358][  0]LogPakFile: PakFile FullDirectoryIndexSize=150
[2024.05.10-10.33.46:358][  0]LogShaderLibrary: Display: ShaderCodeLibraryPakFileMountedCallback: PakFile 'C:/Program Files/Epic Games/UE_4.27/FeaturePacks/TP_VehicleAdvBP.upack' (chunk index -1, root 'root:/') mounted
[2024.05.10-10.33.46:358][  0]LogShaderLibrary: Display: ShaderCodeLibraryPakFileMountedCallback: pending pak file info (ChunkID:-1 Root:root:/ File:C:/Program Files/Epic Games/UE_4.27/FeaturePacks/TP_VehicleAdvBP.upack)
[2024.05.10-10.33.46:358][  0]LogPakFile: OnPakFileMounted2Time == 0.000118
[2024.05.10-10.33.46:359][  0]LogPakFile: PakFile PrimaryIndexSize=185
[2024.05.10-10.33.46:359][  0]LogPakFile: PakFile PathHashIndexSize=101
[2024.05.10-10.33.46:359][  0]LogPakFile: PakFile FullDirectoryIndexSize=144
[2024.05.10-10.33.46:359][  0]LogShaderLibrary: Display: ShaderCodeLibraryPakFileMountedCallback: PakFile 'C:/Program Files/Epic Games/UE_4.27/FeaturePacks/TP_VehicleBP.upack' (chunk index -1, root 'root:/') mounted
[2024.05.10-10.33.46:359][  0]LogShaderLibrary: Display: ShaderCodeLibraryPakFileMountedCallback: pending pak file info (ChunkID:-1 Root:root:/ File:C:/Program Files/Epic Games/UE_4.27/FeaturePacks/TP_VehicleBP.upack)
[2024.05.10-10.33.46:359][  0]LogPakFile: OnPakFileMounted2Time == 0.000116
[2024.05.10-10.33.46:359][  0]LogPakFile: PakFile PrimaryIndexSize=192
[2024.05.10-10.33.46:360][  0]LogPakFile: PakFile PathHashIndexSize=101
[2024.05.10-10.33.46:360][  0]LogPakFile: PakFile FullDirectoryIndexSize=158
[2024.05.10-10.33.46:360][  0]LogShaderLibrary: Display: ShaderCodeLibraryPakFileMountedCallback: PakFile 'C:/Program Files/Epic Games/UE_4.27/FeaturePacks/TP_VirtualRealityBP.upack' (chunk index -1, root 'root:/') mounted
[2024.05.10-10.33.46:360][  0]LogShaderLibrary: Display: ShaderCodeLibraryPakFileMountedCallback: pending pak file info (ChunkID:-1 Root:root:/ File:C:/Program Files/Epic Games/UE_4.27/FeaturePacks/TP_VirtualRealityBP.upack)
[2024.05.10-10.33.46:360][  0]LogPakFile: OnPakFileMounted2Time == 0.000122
[2024.05.10-10.33.46:413][  0]LogNativeClassHierarchy: Verbose: Native class hierarchy updated for 'AddContentDialog' in 0.0003 seconds. Added 0 classes and 0 folders.
[2024.05.10-10.33.46:414][  0]LogNativeClassHierarchy: Verbose: Native class hierarchy updated for 'SceneOutliner' in 0.0002 seconds. Added 2 classes and 0 folders.
[2024.05.10-10.33.46:440][  0]LogNativeClassHierarchy: Verbose: Native class hierarchy updated for 'HierarchicalLODOutliner' in 0.0002 seconds. Added 0 classes and 0 folders.
[2024.05.10-10.33.46:440][  0]LogLoad: (Engine Initialization) Total time: 7.31 seconds
[2024.05.10-10.33.46:440][  0]LogLoad: (Engine Initialization) Total Blueprint compile time: 0.00 seconds
[2024.05.10-10.33.46:476][  0]LogAssetRegistry: Asset discovery search completed in 3.7397 seconds
[2024.05.10-10.33.46:481][  0]LogCollectionManager: Fixed up redirectors for 0 collections in 0.000003 seconds (updated 0 objects)
[2024.05.10-10.33.46:484][  0]LogContentStreaming: Texture pool size now 1000 MB
[2024.05.10-10.33.46:491][  0]LogSlate: Took 0.000146 seconds to synchronously load lazily loaded font '../../../Engine/Content/Slate/Fonts/Roboto-Regular.ttf' (155K)
[2024.05.10-10.33.46:493][  0]LogSlate: Took 0.000258 seconds to synchronously load lazily loaded font '../../../Engine/Content/Editor/Slate/Fonts/FontAwesome.ttf' (139K)
[2024.05.10-10.33.46:494][  0]LogSlate: Took 0.000218 seconds to synchronously load lazily loaded font '../../../Engine/Content/Slate/Fonts/Roboto-Bold.ttf' (160K)
[2024.05.10-10.33.46:588][  1]LogRenderer: Reallocating scene render targets to support 968x772 Format 10 NumSamples 1 (Frame:1).
