Log file open, 05/10/24 13:35:51
LogWindows: Failed to load 'aqProf.dll' (GetLastError=126)
LogWindows: File 'aqProf.dll' does not exist
LogWindows: Failed to load 'VtuneApi.dll' (GetLastError=126)
LogWindows: File 'VtuneApi.dll' does not exist
LogWindows: Failed to load 'VtuneApi32e.dll' (GetLastError=126)
LogWindows: File 'VtuneApi32e.dll' does not exist
LogConsoleResponse: Display: Failed to find resolution value strings in scalability ini. Falling back to default.
LogConsoleResponse: Display: Failed to find resolution value strings in scalability ini. Falling back to default.
LogInit: Display: Running engine for game: SnakeGame
LogPlatformFile: Not using cached read wrapper
LogTaskGraph: Started task graph with 5 named threads and 35 total threads with 3 sets of task threads.
LogStats: Stats thread started at 0.308073
LogICUInternationalization: ICU TimeZone Detection - Raw Offset: +3:00, Platform Override: ''
LogInit: Display: Loading text-based GConfig....
LogPluginManager: Mounting plugin MeshPainting
LogPluginManager: Mounting plugin XGEController
LogPluginManager: Mounting plugin Paper2D
LogPluginManager: Mounting plugin LiveLink
LogPluginManager: Mounting plugin EnvironmentQueryEditor
LogPluginManager: Mounting plugin CameraShakePreviewer
LogPluginManager: Mounting plugin GameplayCameras
LogPluginManager: Mounting plugin AISupport
LogPluginManager: Mounting plugin DatasmithContent
LogPluginManager: Mounting plugin LightPropagationVolume
LogPluginManager: Mounting plugin VariantManagerContent
LogPluginManager: Mounting plugin AlembicImporter
LogPluginManager: Mounting plugin AutomationUtils
LogPluginManager: Mounting plugin BackChannel
LogPluginManager: Mounting plugin ChaosCloth
LogPluginManager: Mounting plugin ChaosClothEditor
LogPluginManager: Mounting plugin ChaosNiagara
LogPluginManager: Mounting plugin CharacterAI
LogPluginManager: Mounting plugin ChaosSolverPlugin
LogPluginManager: Mounting plugin ChaosEditor
LogPluginManager: Mounting plugin GeometryCache
LogPluginManager: Mounting plugin GeometryCollectionPlugin
LogPluginManager: Mounting plugin GeometryProcessing
LogPluginManager: Mounting plugin MotoSynth
LogPluginManager: Mounting plugin OpenImageDenoise
LogPluginManager: Mounting plugin PlatformCrypto
LogPluginManager: Mounting plugin ProxyLODPlugin
LogPluginManager: Mounting plugin PythonScriptPlugin
LogPluginManager: Mounting plugin PlanarCut
LogPluginManager: Mounting plugin SkeletalReduction
LogPluginManager: Mounting plugin MagicLeap
LogPluginManager: Mounting plugin LuminPlatformFeatures
LogPluginManager: Mounting plugin AssetManagerEditor
LogPluginManager: Mounting plugin MagicLeapLightEstimation
LogPluginManager: Mounting plugin MagicLeapMedia
LogPluginManager: Mounting plugin MagicLeapPassableWorld
LogPluginManager: Mounting plugin Niagara
LogPluginManager: Mounting plugin CryptoKeys
LogPluginManager: Mounting plugin DataValidation
LogPluginManager: Mounting plugin CurveEditorTools
LogPluginManager: Mounting plugin FacialAnimation
LogPluginManager: Mounting plugin GameplayTagsEditor
LogPluginManager: Mounting plugin GeometryMode
LogPluginManager: Mounting plugin MaterialAnalyzer
LogPluginManager: Mounting plugin MobileLauncherProfileWizard
LogPluginManager: Mounting plugin PluginBrowser
LogPluginManager: Mounting plugin SpeedTreeImporter
LogPluginManager: Mounting plugin MacGraphicsSwitching
LogPluginManager: Mounting plugin MLSDK
LogPluginManager: Mounting plugin AndroidMedia
LogPluginManager: Mounting plugin AvfMedia
LogPluginManager: Mounting plugin ImgMedia
LogPluginManager: Mounting plugin MediaCompositing
LogPluginManager: Mounting plugin MediaPlayerEditor
LogPluginManager: Mounting plugin WebMMedia
LogPluginManager: Mounting plugin WmfMedia
LogPluginManager: Mounting plugin UdpMessaging
LogPluginManager: Mounting plugin ActorSequence
LogPluginManager: Mounting plugin LevelSequenceEditor
LogPluginManager: Mounting plugin MatineeToLevelSequence
LogPluginManager: Mounting plugin LauncherChunkInstaller
LogPluginManager: Mounting plugin TemplateSequence
LogPluginManager: Mounting plugin ActorLayerUtilities
LogPluginManager: Mounting plugin AndroidMoviePlayer
LogPluginManager: Mounting plugin AndroidPermission
LogPluginManager: Mounting plugin AppleImageUtils
LogPluginManager: Mounting plugin AudioCapture
LogPluginManager: Mounting plugin AppleMoviePlayer
LogPluginManager: Mounting plugin ArchVisCharacter
LogPluginManager: Mounting plugin AssetTags
LogPluginManager: Mounting plugin CableComponent
LogPluginManager: Mounting plugin ChunkDownloader
LogPluginManager: Mounting plugin CustomMeshComponent
LogPluginManager: Mounting plugin EditableMesh
LogPluginManager: Mounting plugin AndroidDeviceProfileSelector
LogPluginManager: Mounting plugin GoogleCloudMessaging
LogPluginManager: Mounting plugin AudioSynesthesia
LogPluginManager: Mounting plugin GooglePAD
LogPluginManager: Mounting plugin ExampleDeviceProfileSelector
LogPluginManager: Mounting plugin IOSDeviceProfileSelector
LogPluginManager: Mounting plugin LinuxDeviceProfileSelector
LogPluginManager: Mounting plugin LocationServicesBPLibrary
LogPluginManager: Mounting plugin MobilePatchingUtils
LogPluginManager: Mounting plugin TcpMessaging
LogPluginManager: Mounting plugin OpenXR
LogPluginManager: Mounting plugin OpenXREyeTracker
LogPluginManager: Mounting plugin OpenXRHandTracking
LogPluginManager: Mounting plugin ScreenshotTools
LogPluginManager: Mounting plugin OnlineSubsystem
LogPluginManager: Mounting plugin PhysXVehicles
LogPluginManager: Mounting plugin OnlineSubsystemUtils
LogPluginManager: Mounting plugin OnlineSubsystemNull
LogPluginManager: Mounting plugin ProceduralMeshComponent
LogPluginManager: Mounting plugin PostSplashScreen
LogPluginManager: Mounting plugin PropertyAccessEditor
LogPluginManager: Mounting plugin RuntimePhysXCooking
LogPluginManager: Mounting plugin SignificanceManager
LogPluginManager: Mounting plugin SoundFields
LogPluginManager: Mounting plugin Synthesis
LogPluginManager: Mounting plugin WebMMoviePlayer
LogPluginManager: Mounting plugin OodleData
LogPluginManager: Mounting plugin Takes
LogPluginManager: Mounting plugin OodleNetwork
LogPluginManager: Mounting plugin AnimationSharing
LogPluginManager: Mounting plugin CodeLiteSourceCodeAccess
LogPluginManager: Mounting plugin CLionSourceCodeAccess
LogPluginManager: Mounting plugin GitSourceControl
LogPluginManager: Mounting plugin KDevelopSourceCodeAccess
LogPluginManager: Mounting plugin NullSourceCodeAccess
LogPluginManager: Mounting plugin PixWinPlugin
LogPluginManager: Mounting plugin PlasticSourceControl
LogPluginManager: Mounting plugin PropertyAccessNode
LogPluginManager: Mounting plugin PluginUtils
LogPluginManager: Mounting plugin RiderSourceCodeAccess
LogPluginManager: Mounting plugin SubversionSourceControl
LogPluginManager: Mounting plugin TextureFormatOodle
LogPluginManager: Mounting plugin WindowsMoviePlayer
LogPluginManager: Mounting plugin PerforceSourceControl
LogPluginManager: Mounting plugin UObjectPlugin
LogPluginManager: Mounting plugin VisualStudioCodeSourceCodeAccess
LogPluginManager: Mounting plugin VisualStudioSourceCodeAccess
LogPluginManager: Mounting plugin XCodeSourceCodeAccess
LogPluginManager: Mounting plugin ContentBrowserAssetDataSource
LogPluginManager: Mounting plugin ContentBrowserClassDataSource
LogPluginManager: Mounting plugin ContentBrowserFileDataSource
LogPluginManager: Mounting plugin OnlineSubsystemGooglePlay
LogPluginManager: Mounting plugin OnlineSubsystemIOS
LogPluginManager: Mounting plugin OculusVR
LogPluginManager: Mounting plugin SteamVR
LogInit: Using libcurl 7.55.1-DEV
LogInit:  - built for x86_64-pc-win32
LogInit:  - supports SSL with OpenSSL/1.1.1
LogInit:  - supports HTTP deflate (compression) using libz 1.2.8
LogInit:  - other features:
LogInit:      CURL_VERSION_SSL
LogInit:      CURL_VERSION_LIBZ
LogInit:      CURL_VERSION_IPV6
LogInit:      CURL_VERSION_ASYNCHDNS
LogInit:      CURL_VERSION_LARGEFILE
LogInit:      CURL_VERSION_IDN
LogInit:  CurlRequestOptions (configurable via config and command line):
LogInit:  - bVerifyPeer = true  - Libcurl will verify peer certificate
LogInit:  - bUseHttpProxy = false  - Libcurl will NOT use HTTP proxy
LogInit:  - bDontReuseConnections = false  - Libcurl will reuse connections
LogInit:  - MaxHostConnections = 16  - Libcurl will limit the number of connections to a host
LogInit:  - LocalHostAddr = Default
LogInit:  - BufferSize = 65536
LogOnline: OSS: Creating online subsystem instance for: NULL
LogInit: WinSock: version 1.1 (2.2), MaxSocks=32767, MaxUdp=65467
LogOnline: OSS: TryLoadSubsystemAndSetDefault: Loaded subsystem for module [NULL]
PixWinPlugin: PIX capture plugin failed to initialize! Check that the process is launched from PIX.
LogOculusPluginWrapper: OculusPlugin initialized successfully
LogHMD: Failed initializing OVRPlugin 1.59.0
LogInit: Build: ++UE4+Release-4.27-CL-18319896
LogInit: Engine Version: 4.27.2-18319896+++UE4+Release-4.27
LogInit: Compatible Engine Version: 4.27.0-17155196+++UE4+Release-4.27
LogInit: Net CL: 17155196
LogInit: OS: Windows 10 (Release 2009) (), CPU: Intel(R) Core(TM) i7-8700K CPU @ 3.70GHz, GPU: AMD Radeon RX 6750 XT
LogInit: Compiled (64-bit): Nov 30 2021 07:12:08
LogInit: Compiled with Visual C++: 19.24.28315.00
LogInit: Build Configuration: Development
LogInit: Branch Name: ++UE4+Release-4.27
LogInit: Command Line:  -skipcompile
LogInit: Base Directory: C:/Program Files/Epic Games/UE_4.27/Engine/Binaries/Win64/
LogInit: Allocator: TBB
LogInit: Installed Engine Build: 1
LogDevObjectVersion: Number of dev versions registered: 29
LogDevObjectVersion:   Dev-Blueprints (B0D832E4-1F89-4F0D-ACCF-7EB736FD4AA2): 10
LogDevObjectVersion:   Dev-Build (E1C64328-A22C-4D53-A36C-8E866417BD8C): 0
LogDevObjectVersion:   Dev-Core (375EC13C-06E4-48FB-B500-84F0262A717E): 4
LogDevObjectVersion:   Dev-Editor (E4B068ED-F494-42E9-A231-DA0B2E46BB41): 40
LogDevObjectVersion:   Dev-Framework (CFFC743F-43B0-4480-9391-14DF171D2073): 37
LogDevObjectVersion:   Dev-Mobile (B02B49B5-BB20-44E9-A304-32B752E40360): 3
LogDevObjectVersion:   Dev-Networking (A4E4105C-59A1-49B5-A7C5-40C4547EDFEE): 0
LogDevObjectVersion:   Dev-Online (39C831C9-5AE6-47DC-9A44-9C173E1C8E7C): 0
LogDevObjectVersion:   Dev-Physics (78F01B33-EBEA-4F98-B9B4-84EACCB95AA2): 14
LogDevObjectVersion:   Dev-Platform (6631380F-2D4D-43E0-8009-CF276956A95A): 0
LogDevObjectVersion:   Dev-Rendering (12F88B9F-8875-4AFC-A67C-D90C383ABD29): 45
LogDevObjectVersion:   Dev-Sequencer (7B5AE74C-D270-4C10-A958-57980B212A5A): 13
LogDevObjectVersion:   Dev-VR (D7296918-1DD6-4BDD-9DE2-64A83CC13884): 3
LogDevObjectVersion:   Dev-LoadTimes (C2A15278-BFE7-4AFE-6C17-90FF531DF755): 1
LogDevObjectVersion:   Private-Geometry (6EACA3D4-40EC-4CC1-B786-8BED09428FC5): 3
LogDevObjectVersion:   Dev-AnimPhys (29E575DD-E0A3-4627-9D10-D276232CDCEA): 17
LogDevObjectVersion:   Dev-Anim (AF43A65D-7FD3-4947-9873-3E8ED9C1BB05): 15
LogDevObjectVersion:   Dev-ReflectionCapture (6B266CEC-1EC7-4B8F-A30B-E4D90942FC07): 1
LogDevObjectVersion:   Dev-Automation (0DF73D61-A23F-47EA-B727-89E90C41499A): 1
LogDevObjectVersion:   FortniteMain (601D1886-AC64-4F84-AA16-D3DE0DEAC7D6): 47
LogDevObjectVersion:   FortniteRelease (E7086368-6B23-4C58-8439-1B7016265E91): 1
LogDevObjectVersion:   Dev-Enterprise (9DFFBCD6-494F-0158-E221-12823C92A888): 10
LogDevObjectVersion:   Dev-Niagara (F2AED0AC-9AFE-416F-8664-AA7FFA26D6FC): 1
LogDevObjectVersion:   Dev-Destruction (174F1F0B-B4C6-45A5-B13F-2EE8D0FB917D): 10
LogDevObjectVersion:   Dev-Physics-Ext (35F94A83-E258-406C-A318-09F59610247C): 41
LogDevObjectVersion:   Dev-PhysicsMaterial-Chaos (B68FC16E-8B1B-42E2-B453-215C058844FE): 1
LogDevObjectVersion:   Dev-CineCamera (B2E18506-4273-CFC2-A54E-F4BB758BBA07): 1
LogDevObjectVersion:   Dev-VirtualProduction (64F58936-FD1B-42BA-BA96-7289D5D0FA4E): 1
LogDevObjectVersion:   Dev-MediaFramework (6F0ED827-A609-4895-9C91-998D90180EA4): 2
LogInit: Presizing for max 25165824 objects, including 0 objects not considered by GC, pre-allocating 0 bytes for permanent pool.
LogConfig: Applying CVar settings from Section [/Script/Engine.StreamingSettings] File [C:/Users/Green/Desktop/Snake/SnakeGame/Saved/Config/Windows/Engine.ini]
LogConfig: Setting CVar [[s.MinBulkDataSizeForAsyncLoading:131072]]
LogConfig: Setting CVar [[s.AsyncLoadingThreadEnabled:0]]
LogConfig: Setting CVar [[s.EventDrivenLoaderEnabled:1]]
LogConfig: Setting CVar [[s.WarnIfTimeLimitExceeded:0]]
LogConfig: Setting CVar [[s.TimeLimitExceededMultiplier:1.5]]
LogConfig: Setting CVar [[s.TimeLimitExceededMinTime:0.005]]
LogConfig: Setting CVar [[s.UseBackgroundLevelStreaming:1]]
LogConfig: Setting CVar [[s.PriorityAsyncLoadingExtraTime:15.0]]
LogConfig: Setting CVar [[s.LevelStreamingActorsUpdateTimeLimit:5.0]]
LogConfig: Setting CVar [[s.PriorityLevelStreamingActorsUpdateExtraTime:5.0]]
LogConfig: Setting CVar [[s.LevelStreamingComponentsRegistrationGranularity:10]]
LogConfig: Setting CVar [[s.UnregisterComponentsTimeLimit:1.0]]
LogConfig: Setting CVar [[s.LevelStreamingComponentsUnregistrationGranularity:5]]
LogConfig: Setting CVar [[s.FlushStreamingOnExit:1]]
LogInit: Object subsystem initialized
LogConfig: Setting CVar [[con.DebugEarlyDefault:1]]
LogConfig: Setting CVar [[r.setres:1280x720]]
[2024.05.10-10.35.52:251][  0]LogConfig: Setting CVar [[r.VSync:0]]
[2024.05.10-10.35.52:251][  0]LogConfig: Setting CVar [[r.RHICmdBypass:0]]
[2024.05.10-10.35.52:251][  0]LogConfig: Applying CVar settings from Section [/Script/Engine.RendererSettings] File [C:/Users/Green/Desktop/Snake/SnakeGame/Saved/Config/Windows/Engine.ini]
[2024.05.10-10.35.52:251][  0]LogConfig: Setting CVar [[r.GPUCrashDebugging:0]]
[2024.05.10-10.35.52:251][  0]LogConfig: Setting CVar [[r.DefaultFeature.AntiAliasing:0]]
[2024.05.10-10.35.52:251][  0]LogConfig: Setting CVar [[r.DefaultFeature.MotionBlur:0]]
[2024.05.10-10.35.52:251][  0]LogConfig: Applying CVar settings from Section [/Script/Engine.RendererOverrideSettings] File [C:/Users/Green/Desktop/Snake/SnakeGame/Saved/Config/Windows/Engine.ini]
[2024.05.10-10.35.52:252][  0]LogConfig: Applying CVar settings from Section [/Script/Engine.StreamingSettings] File [C:/Users/Green/Desktop/Snake/SnakeGame/Saved/Config/Windows/Engine.ini]
[2024.05.10-10.35.52:252][  0]LogConfig: Setting CVar [[s.MinBulkDataSizeForAsyncLoading:131072]]
[2024.05.10-10.35.52:252][  0]LogConfig: Setting CVar [[s.AsyncLoadingThreadEnabled:0]]
[2024.05.10-10.35.52:252][  0]LogConfig: Setting CVar [[s.EventDrivenLoaderEnabled:1]]
[2024.05.10-10.35.52:252][  0]LogConfig: Setting CVar [[s.WarnIfTimeLimitExceeded:0]]
[2024.05.10-10.35.52:252][  0]LogConfig: Setting CVar [[s.TimeLimitExceededMultiplier:1.5]]
[2024.05.10-10.35.52:252][  0]LogConfig: Setting CVar [[s.TimeLimitExceededMinTime:0.005]]
[2024.05.10-10.35.52:252][  0]LogConfig: Setting CVar [[s.UseBackgroundLevelStreaming:1]]
[2024.05.10-10.35.52:252][  0]LogConfig: Setting CVar [[s.PriorityAsyncLoadingExtraTime:15.0]]
[2024.05.10-10.35.52:252][  0]LogConfig: Setting CVar [[s.LevelStreamingActorsUpdateTimeLimit:5.0]]
[2024.05.10-10.35.52:252][  0]LogConfig: Setting CVar [[s.PriorityLevelStreamingActorsUpdateExtraTime:5.0]]
[2024.05.10-10.35.52:252][  0]LogConfig: Setting CVar [[s.LevelStreamingComponentsRegistrationGranularity:10]]
[2024.05.10-10.35.52:252][  0]LogConfig: Setting CVar [[s.UnregisterComponentsTimeLimit:1.0]]
[2024.05.10-10.35.52:252][  0]LogConfig: Setting CVar [[s.LevelStreamingComponentsUnregistrationGranularity:5]]
[2024.05.10-10.35.52:253][  0]LogConfig: Setting CVar [[s.FlushStreamingOnExit:1]]
[2024.05.10-10.35.52:253][  0]LogConfig: Applying CVar settings from Section [/Script/Engine.GarbageCollectionSettings] File [C:/Users/Green/Desktop/Snake/SnakeGame/Saved/Config/Windows/Engine.ini]
[2024.05.10-10.35.52:253][  0]LogConfig: Setting CVar [[gc.MaxObjectsNotConsideredByGC:1]]
[2024.05.10-10.35.52:253][  0]LogConfig: Setting CVar [[gc.SizeOfPermanentObjectPool:0]]
[2024.05.10-10.35.52:253][  0]LogConfig: Setting CVar [[gc.FlushStreamingOnGC:0]]
[2024.05.10-10.35.52:253][  0]LogConfig: Setting CVar [[gc.NumRetriesBeforeForcingGC:10]]
[2024.05.10-10.35.52:253][  0]LogConfig: Setting CVar [[gc.AllowParallelGC:1]]
[2024.05.10-10.35.52:253][  0]LogConfig: Setting CVar [[gc.TimeBetweenPurgingPendingKillObjects:61.1]]
[2024.05.10-10.35.52:253][  0]LogConfig: Setting CVar [[gc.MaxObjectsInEditor:25165824]]
[2024.05.10-10.35.52:253][  0]LogConfig: Setting CVar [[gc.IncrementalBeginDestroyEnabled:1]]
[2024.05.10-10.35.52:253][  0]LogConfig: Setting CVar [[gc.CreateGCClusters:1]]
[2024.05.10-10.35.52:253][  0]LogConfig: Setting CVar [[gc.MinGCClusterSize:5]]
[2024.05.10-10.35.52:253][  0]LogConfig: Setting CVar [[gc.ActorClusteringEnabled:0]]
[2024.05.10-10.35.52:253][  0]LogConfig: Setting CVar [[gc.BlueprintClusteringEnabled:0]]
[2024.05.10-10.35.52:253][  0]LogConfig: Setting CVar [[gc.UseDisregardForGCOnDedicatedServers:0]]
[2024.05.10-10.35.52:253][  0]LogConfig: Setting CVar [[gc.MultithreadedDestructionEnabled:1]]
[2024.05.10-10.35.52:254][  0]LogConfig: Applying CVar settings from Section [/Script/Engine.NetworkSettings] File [C:/Users/Green/Desktop/Snake/SnakeGame/Saved/Config/Windows/Engine.ini]
[2024.05.10-10.35.52:254][  0]LogConfig: Applying CVar settings from Section [/Script/UnrealEd.CookerSettings] File [C:/Users/Green/Desktop/Snake/SnakeGame/Saved/Config/Windows/Engine.ini]
[2024.05.10-10.35.52:270][  0]LogConfig: Applying CVar settings from Section [ViewDistanceQuality@3] File [C:/Users/Green/Desktop/Snake/SnakeGame/Saved/Config/Windows/Scalability.ini]
[2024.05.10-10.35.52:270][  0]LogConfig: Setting CVar [[r.SkeletalMeshLODBias:0]]
[2024.05.10-10.35.52:270][  0]LogConfig: Setting CVar [[r.ViewDistanceScale:1.0]]
[2024.05.10-10.35.52:270][  0]LogConfig: Applying CVar settings from Section [AntiAliasingQuality@3] File [C:/Users/Green/Desktop/Snake/SnakeGame/Saved/Config/Windows/Scalability.ini]
[2024.05.10-10.35.52:270][  0]LogConfig: Setting CVar [[r.PostProcessAAQuality:4]]
[2024.05.10-10.35.52:270][  0]LogConfig: Applying CVar settings from Section [ShadowQuality@3] File [C:/Users/Green/Desktop/Snake/SnakeGame/Saved/Config/Windows/Scalability.ini]
[2024.05.10-10.35.52:270][  0]LogConfig: Setting CVar [[r.LightFunctionQuality:1]]
[2024.05.10-10.35.52:270][  0]LogConfig: Setting CVar [[r.ShadowQuality:5]]
[2024.05.10-10.35.52:271][  0]LogConfig: Setting CVar [[r.Shadow.CSM.MaxCascades:10]]
[2024.05.10-10.35.52:271][  0]LogConfig: Setting CVar [[r.Shadow.MaxResolution:2048]]
[2024.05.10-10.35.52:271][  0]LogConfig: Setting CVar [[r.Shadow.MaxCSMResolution:2048]]
[2024.05.10-10.35.52:271][  0]LogConfig: Setting CVar [[r.Shadow.RadiusThreshold:0.01]]
[2024.05.10-10.35.52:271][  0]LogConfig: Setting CVar [[r.Shadow.DistanceScale:1.0]]
[2024.05.10-10.35.52:271][  0]LogConfig: Setting CVar [[r.Shadow.CSM.TransitionScale:1.0]]
[2024.05.10-10.35.52:271][  0]LogConfig: Setting CVar [[r.Shadow.PreShadowResolutionFactor:1.0]]
[2024.05.10-10.35.52:271][  0]LogConfig: Setting CVar [[r.DistanceFieldShadowing:1]]
[2024.05.10-10.35.52:271][  0]LogConfig: Setting CVar [[r.DistanceFieldAO:1]]
[2024.05.10-10.35.52:271][  0]LogConfig: Setting CVar [[r.AOQuality:2]]
[2024.05.10-10.35.52:271][  0]LogConfig: Setting CVar [[r.VolumetricFog:1]]
[2024.05.10-10.35.52:271][  0]LogConfig: Setting CVar [[r.VolumetricFog.GridPixelSize:8]]
[2024.05.10-10.35.52:271][  0]LogConfig: Setting CVar [[r.VolumetricFog.GridSizeZ:128]]
[2024.05.10-10.35.52:271][  0]LogConfig: Setting CVar [[r.VolumetricFog.HistoryMissSupersampleCount:4]]
[2024.05.10-10.35.52:272][  0]LogConfig: Setting CVar [[r.LightMaxDrawDistanceScale:1]]
[2024.05.10-10.35.52:272][  0]LogConfig: Setting CVar [[r.CapsuleShadows:1]]
[2024.05.10-10.35.52:272][  0]LogConfig: Applying CVar settings from Section [PostProcessQuality@3] File [C:/Users/Green/Desktop/Snake/SnakeGame/Saved/Config/Windows/Scalability.ini]
[2024.05.10-10.35.52:272][  0]LogConfig: Setting CVar [[r.MotionBlurQuality:4]]
[2024.05.10-10.35.52:272][  0]LogConfig: Setting CVar [[r.AmbientOcclusionMipLevelFactor:0.4]]
[2024.05.10-10.35.52:272][  0]LogConfig: Setting CVar [[r.AmbientOcclusionMaxQuality:100]]
[2024.05.10-10.35.52:272][  0]LogConfig: Setting CVar [[r.AmbientOcclusionLevels:-1]]
[2024.05.10-10.35.52:272][  0]LogConfig: Setting CVar [[r.AmbientOcclusionRadiusScale:1.0]]
[2024.05.10-10.35.52:272][  0]LogConfig: Setting CVar [[r.DepthOfFieldQuality:2]]
[2024.05.10-10.35.52:272][  0]LogConfig: Setting CVar [[r.RenderTargetPoolMin:400]]
[2024.05.10-10.35.52:272][  0]LogConfig: Setting CVar [[r.LensFlareQuality:2]]
[2024.05.10-10.35.52:272][  0]LogConfig: Setting CVar [[r.SceneColorFringeQuality:1]]
[2024.05.10-10.35.52:272][  0]LogConfig: Setting CVar [[r.EyeAdaptationQuality:2]]
[2024.05.10-10.35.52:272][  0]LogConfig: Setting CVar [[r.BloomQuality:5]]
[2024.05.10-10.35.52:272][  0]LogConfig: Setting CVar [[r.FastBlurThreshold:100]]
[2024.05.10-10.35.52:272][  0]LogConfig: Setting CVar [[r.Upscale.Quality:3]]
[2024.05.10-10.35.52:272][  0]LogConfig: Setting CVar [[r.Tonemapper.GrainQuantization:1]]
[2024.05.10-10.35.52:272][  0]LogConfig: Setting CVar [[r.LightShaftQuality:1]]
[2024.05.10-10.35.52:273][  0]LogConfig: Setting CVar [[r.Filter.SizeScale:1]]
[2024.05.10-10.35.52:273][  0]LogConfig: Setting CVar [[r.Tonemapper.Quality:5]]
[2024.05.10-10.35.52:273][  0]LogConfig: Setting CVar [[r.DOF.Gather.AccumulatorQuality:1        ; higher gathering accumulator quality]]
[2024.05.10-10.35.52:273][  0]LogConfig: Setting CVar [[r.DOF.Gather.PostfilterMethod:1          ; Median3x3 postfilering method]]
[2024.05.10-10.35.52:273][  0]LogConfig: Setting CVar [[r.DOF.Gather.EnableBokehSettings:0       ; no bokeh simulation when gathering]]
[2024.05.10-10.35.52:273][  0]LogConfig: Setting CVar [[r.DOF.Gather.RingCount:4                 ; medium number of samples when gathering]]
[2024.05.10-10.35.52:273][  0]LogConfig: Setting CVar [[r.DOF.Scatter.ForegroundCompositing:1    ; additive foreground scattering]]
[2024.05.10-10.35.52:273][  0]LogConfig: Setting CVar [[r.DOF.Scatter.BackgroundCompositing:2    ; additive background scattering]]
[2024.05.10-10.35.52:273][  0]LogConfig: Setting CVar [[r.DOF.Scatter.EnableBokehSettings:1      ; bokeh simulation when scattering]]
[2024.05.10-10.35.52:273][  0]LogConfig: Setting CVar [[r.DOF.Scatter.MaxSpriteRatio:0.1         ; only a maximum of 10% of scattered bokeh]]
[2024.05.10-10.35.52:273][  0]LogConfig: Setting CVar [[r.DOF.Recombine.Quality:1                ; cheap slight out of focus]]
[2024.05.10-10.35.52:273][  0]LogConfig: Setting CVar [[r.DOF.Recombine.EnableBokehSettings:0    ; no bokeh simulation on slight out of focus]]
[2024.05.10-10.35.52:273][  0]LogConfig: Setting CVar [[r.DOF.TemporalAAQuality:1                ; more stable temporal accumulation]]
[2024.05.10-10.35.52:273][  0]LogConfig: Setting CVar [[r.DOF.Kernel.MaxForegroundRadius:0.025]]
[2024.05.10-10.35.52:273][  0]LogConfig: Setting CVar [[r.DOF.Kernel.MaxBackgroundRadius:0.025]]
[2024.05.10-10.35.52:273][  0]LogConfig: Applying CVar settings from Section [TextureQuality@3] File [C:/Users/Green/Desktop/Snake/SnakeGame/Saved/Config/Windows/Scalability.ini]
[2024.05.10-10.35.52:273][  0]LogConfig: Setting CVar [[r.Streaming.MipBias:0]]
[2024.05.10-10.35.52:273][  0]LogConfig: Setting CVar [[r.Streaming.AmortizeCPUToGPUCopy:0]]
[2024.05.10-10.35.52:274][  0]LogConfig: Setting CVar [[r.Streaming.MaxNumTexturesToStreamPerFrame:0]]
[2024.05.10-10.35.52:274][  0]LogConfig: Setting CVar [[r.Streaming.Boost:1]]
[2024.05.10-10.35.52:274][  0]LogConfig: Setting CVar [[r.MaxAnisotropy:8]]
[2024.05.10-10.35.52:274][  0]LogConfig: Setting CVar [[r.VT.MaxAnisotropy:8]]
[2024.05.10-10.35.52:274][  0]LogConfig: Setting CVar [[r.Streaming.LimitPoolSizeToVRAM:0]]
[2024.05.10-10.35.52:274][  0]LogConfig: Setting CVar [[r.Streaming.PoolSize:1000]]
[2024.05.10-10.35.52:274][  0]LogConfig: Setting CVar [[r.Streaming.MaxEffectiveScreenSize:0]]
[2024.05.10-10.35.52:274][  0]LogConfig: Applying CVar settings from Section [EffectsQuality@3] File [C:/Users/Green/Desktop/Snake/SnakeGame/Saved/Config/Windows/Scalability.ini]
[2024.05.10-10.35.52:274][  0]LogConfig: Setting CVar [[r.TranslucencyLightingVolumeDim:64]]
[2024.05.10-10.35.52:274][  0]LogConfig: Setting CVar [[r.RefractionQuality:2]]
[2024.05.10-10.35.52:274][  0]LogConfig: Setting CVar [[r.SSR.Quality:3]]
[2024.05.10-10.35.52:274][  0]LogConfig: Setting CVar [[r.SSR.HalfResSceneColor:0]]
[2024.05.10-10.35.52:274][  0]LogConfig: Setting CVar [[r.SceneColorFormat:4]]
[2024.05.10-10.35.52:274][  0]LogConfig: Setting CVar [[r.DetailMode:2]]
[2024.05.10-10.35.52:274][  0]LogConfig: Setting CVar [[r.TranslucencyVolumeBlur:1]]
[2024.05.10-10.35.52:274][  0]LogConfig: Setting CVar [[r.MaterialQualityLevel:1 ; High quality]]
[2024.05.10-10.35.52:274][  0]LogConfig: Setting CVar [[r.AnisotropicMaterials:1]]
[2024.05.10-10.35.52:274][  0]LogConfig: Setting CVar [[r.SSS.Scale:1]]
[2024.05.10-10.35.52:274][  0]LogConfig: Setting CVar [[r.SSS.SampleSet:2]]
[2024.05.10-10.35.52:275][  0]LogConfig: Setting CVar [[r.SSS.Quality:1]]
[2024.05.10-10.35.52:275][  0]LogConfig: Setting CVar [[r.SSS.HalfRes:0]]
[2024.05.10-10.35.52:275][  0]LogConfig: Setting CVar [[r.SSGI.Quality:3]]
[2024.05.10-10.35.52:275][  0]LogConfig: Setting CVar [[r.EmitterSpawnRateScale:1.0]]
[2024.05.10-10.35.52:275][  0]LogConfig: Setting CVar [[r.ParticleLightQuality:2]]
[2024.05.10-10.35.52:275][  0]LogConfig: Setting CVar [[r.SkyAtmosphere.AerialPerspectiveLUT.FastApplyOnOpaque:1 ; Always have FastSkyLUT 1 in this case to avoid wrong sky]]
[2024.05.10-10.35.52:275][  0]LogConfig: Setting CVar [[r.SkyAtmosphere.AerialPerspectiveLUT.SampleCountMaxPerSlice:4]]
[2024.05.10-10.35.52:275][  0]LogConfig: Setting CVar [[r.SkyAtmosphere.AerialPerspectiveLUT.DepthResolution:16.0]]
[2024.05.10-10.35.52:275][  0]LogConfig: Setting CVar [[r.SkyAtmosphere.FastSkyLUT:1]]
[2024.05.10-10.35.52:275][  0]LogConfig: Setting CVar [[r.SkyAtmosphere.FastSkyLUT.SampleCountMin:4.0]]
[2024.05.10-10.35.52:275][  0]LogConfig: Setting CVar [[r.SkyAtmosphere.FastSkyLUT.SampleCountMax:128.0]]
[2024.05.10-10.35.52:275][  0]LogConfig: Setting CVar [[r.SkyAtmosphere.SampleCountMin:4.0]]
[2024.05.10-10.35.52:275][  0]LogConfig: Setting CVar [[r.SkyAtmosphere.SampleCountMax:128.0]]
[2024.05.10-10.35.52:275][  0]LogConfig: Setting CVar [[r.SkyAtmosphere.TransmittanceLUT.UseSmallFormat:0]]
[2024.05.10-10.35.52:275][  0]LogConfig: Setting CVar [[r.SkyAtmosphere.TransmittanceLUT.SampleCount:10.0]]
[2024.05.10-10.35.52:275][  0]LogConfig: Setting CVar [[r.SkyAtmosphere.MultiScatteringLUT.SampleCount:15.0]]
[2024.05.10-10.35.52:275][  0]LogConfig: Setting CVar [[r.SkyLight.RealTimeReflectionCapture:1]]
[2024.05.10-10.35.52:275][  0]LogConfig: Applying CVar settings from Section [FoliageQuality@3] File [C:/Users/Green/Desktop/Snake/SnakeGame/Saved/Config/Windows/Scalability.ini]
[2024.05.10-10.35.52:275][  0]LogConfig: Setting CVar [[foliage.DensityScale:1.0]]
[2024.05.10-10.35.52:275][  0]LogConfig: Setting CVar [[grass.DensityScale:1.0]]
[2024.05.10-10.35.52:276][  0]LogConfig: Applying CVar settings from Section [ShadingQuality@3] File [C:/Users/Green/Desktop/Snake/SnakeGame/Saved/Config/Windows/Scalability.ini]
[2024.05.10-10.35.52:276][  0]LogConfig: Setting CVar [[r.HairStrands.SkyLighting.IntegrationType:2]]
[2024.05.10-10.35.52:276][  0]LogConfig: Setting CVar [[r.HairStrands.SkyAO.SampleCount:4]]
[2024.05.10-10.35.52:276][  0]LogConfig: Setting CVar [[r.HairStrands.Visibility.MSAA.SamplePerPixel:4]]
[2024.05.10-10.35.52:276][  0]LogInit: Selected Device Profile: [Windows]
[2024.05.10-10.35.52:276][  0]LogInit: Applying CVar settings loaded from the selected device profile: [Windows]
[2024.05.10-10.35.52:276][  0]LogHAL: Display: Platform has ~ 16 GB [17100578816 / 17179869184 / 16], which maps to Larger [LargestMinGB=32, LargerMinGB=12, DefaultMinGB=8, SmallerMinGB=6, SmallestMinGB=0)
[2024.05.10-10.35.52:276][  0]LogInit: Going up to parent DeviceProfile []
[2024.05.10-10.35.52:276][  0]LogConfig: Applying CVar settings from Section [ViewDistanceQuality@3] File [C:/Users/Green/Desktop/Snake/SnakeGame/Saved/Config/Windows/Scalability.ini]
[2024.05.10-10.35.52:276][  0]LogConfig: Setting CVar [[r.SkeletalMeshLODBias:0]]
[2024.05.10-10.35.52:276][  0]LogConfig: Setting CVar [[r.ViewDistanceScale:1.0]]
[2024.05.10-10.35.52:276][  0]LogConfig: Applying CVar settings from Section [AntiAliasingQuality@3] File [C:/Users/Green/Desktop/Snake/SnakeGame/Saved/Config/Windows/Scalability.ini]
[2024.05.10-10.35.52:276][  0]LogConfig: Setting CVar [[r.PostProcessAAQuality:4]]
[2024.05.10-10.35.52:276][  0]LogConfig: Applying CVar settings from Section [ShadowQuality@3] File [C:/Users/Green/Desktop/Snake/SnakeGame/Saved/Config/Windows/Scalability.ini]
[2024.05.10-10.35.52:276][  0]LogConfig: Setting CVar [[r.LightFunctionQuality:1]]
[2024.05.10-10.35.52:276][  0]LogConfig: Setting CVar [[r.ShadowQuality:5]]
[2024.05.10-10.35.52:276][  0]LogConfig: Setting CVar [[r.Shadow.CSM.MaxCascades:10]]
[2024.05.10-10.35.52:277][  0]LogConfig: Setting CVar [[r.Shadow.MaxResolution:2048]]
[2024.05.10-10.35.52:277][  0]LogConfig: Setting CVar [[r.Shadow.MaxCSMResolution:2048]]
[2024.05.10-10.35.52:277][  0]LogConfig: Setting CVar [[r.Shadow.RadiusThreshold:0.01]]
[2024.05.10-10.35.52:277][  0]LogConfig: Setting CVar [[r.Shadow.DistanceScale:1.0]]
[2024.05.10-10.35.52:277][  0]LogConfig: Setting CVar [[r.Shadow.CSM.TransitionScale:1.0]]
[2024.05.10-10.35.52:277][  0]LogConfig: Setting CVar [[r.Shadow.PreShadowResolutionFactor:1.0]]
[2024.05.10-10.35.52:277][  0]LogConfig: Setting CVar [[r.DistanceFieldShadowing:1]]
[2024.05.10-10.35.52:277][  0]LogConfig: Setting CVar [[r.DistanceFieldAO:1]]
[2024.05.10-10.35.52:277][  0]LogConfig: Setting CVar [[r.AOQuality:2]]
[2024.05.10-10.35.52:277][  0]LogConfig: Setting CVar [[r.VolumetricFog:1]]
[2024.05.10-10.35.52:277][  0]LogConfig: Setting CVar [[r.VolumetricFog.GridPixelSize:8]]
[2024.05.10-10.35.52:277][  0]LogConfig: Setting CVar [[r.VolumetricFog.GridSizeZ:128]]
[2024.05.10-10.35.52:277][  0]LogConfig: Setting CVar [[r.VolumetricFog.HistoryMissSupersampleCount:4]]
[2024.05.10-10.35.52:277][  0]LogConfig: Setting CVar [[r.LightMaxDrawDistanceScale:1]]
[2024.05.10-10.35.52:277][  0]LogConfig: Setting CVar [[r.CapsuleShadows:1]]
[2024.05.10-10.35.52:277][  0]LogConfig: Applying CVar settings from Section [PostProcessQuality@3] File [C:/Users/Green/Desktop/Snake/SnakeGame/Saved/Config/Windows/Scalability.ini]
[2024.05.10-10.35.52:277][  0]LogConfig: Setting CVar [[r.MotionBlurQuality:4]]
[2024.05.10-10.35.52:277][  0]LogConfig: Setting CVar [[r.AmbientOcclusionMipLevelFactor:0.4]]
[2024.05.10-10.35.52:277][  0]LogConfig: Setting CVar [[r.AmbientOcclusionMaxQuality:100]]
[2024.05.10-10.35.52:277][  0]LogConfig: Setting CVar [[r.AmbientOcclusionLevels:-1]]
[2024.05.10-10.35.52:277][  0]LogConfig: Setting CVar [[r.AmbientOcclusionRadiusScale:1.0]]
[2024.05.10-10.35.52:278][  0]LogConfig: Setting CVar [[r.DepthOfFieldQuality:2]]
[2024.05.10-10.35.52:278][  0]LogConfig: Setting CVar [[r.RenderTargetPoolMin:400]]
[2024.05.10-10.35.52:278][  0]LogConfig: Setting CVar [[r.LensFlareQuality:2]]
[2024.05.10-10.35.52:278][  0]LogConfig: Setting CVar [[r.SceneColorFringeQuality:1]]
[2024.05.10-10.35.52:278][  0]LogConfig: Setting CVar [[r.EyeAdaptationQuality:2]]
[2024.05.10-10.35.52:278][  0]LogConfig: Setting CVar [[r.BloomQuality:5]]
[2024.05.10-10.35.52:278][  0]LogConfig: Setting CVar [[r.FastBlurThreshold:100]]
[2024.05.10-10.35.52:278][  0]LogConfig: Setting CVar [[r.Upscale.Quality:3]]
[2024.05.10-10.35.52:278][  0]LogConfig: Setting CVar [[r.Tonemapper.GrainQuantization:1]]
[2024.05.10-10.35.52:278][  0]LogConfig: Setting CVar [[r.LightShaftQuality:1]]
[2024.05.10-10.35.52:278][  0]LogConfig: Setting CVar [[r.Filter.SizeScale:1]]
[2024.05.10-10.35.52:278][  0]LogConfig: Setting CVar [[r.Tonemapper.Quality:5]]
[2024.05.10-10.35.52:278][  0]LogConfig: Setting CVar [[r.DOF.Gather.AccumulatorQuality:1        ; higher gathering accumulator quality]]
[2024.05.10-10.35.52:278][  0]LogConfig: Setting CVar [[r.DOF.Gather.PostfilterMethod:1          ; Median3x3 postfilering method]]
[2024.05.10-10.35.52:278][  0]LogConfig: Setting CVar [[r.DOF.Gather.EnableBokehSettings:0       ; no bokeh simulation when gathering]]
[2024.05.10-10.35.52:278][  0]LogConfig: Setting CVar [[r.DOF.Gather.RingCount:4                 ; medium number of samples when gathering]]
[2024.05.10-10.35.52:278][  0]LogConfig: Setting CVar [[r.DOF.Scatter.ForegroundCompositing:1    ; additive foreground scattering]]
[2024.05.10-10.35.52:278][  0]LogConfig: Setting CVar [[r.DOF.Scatter.BackgroundCompositing:2    ; additive background scattering]]
[2024.05.10-10.35.52:278][  0]LogConfig: Setting CVar [[r.DOF.Scatter.EnableBokehSettings:1      ; bokeh simulation when scattering]]
[2024.05.10-10.35.52:278][  0]LogConfig: Setting CVar [[r.DOF.Scatter.MaxSpriteRatio:0.1         ; only a maximum of 10% of scattered bokeh]]
[2024.05.10-10.35.52:279][  0]LogConfig: Setting CVar [[r.DOF.Recombine.Quality:1                ; cheap slight out of focus]]
[2024.05.10-10.35.52:279][  0]LogConfig: Setting CVar [[r.DOF.Recombine.EnableBokehSettings:0    ; no bokeh simulation on slight out of focus]]
[2024.05.10-10.35.52:279][  0]LogConfig: Setting CVar [[r.DOF.TemporalAAQuality:1                ; more stable temporal accumulation]]
[2024.05.10-10.35.52:279][  0]LogConfig: Setting CVar [[r.DOF.Kernel.MaxForegroundRadius:0.025]]
[2024.05.10-10.35.52:279][  0]LogConfig: Setting CVar [[r.DOF.Kernel.MaxBackgroundRadius:0.025]]
[2024.05.10-10.35.52:279][  0]LogConfig: Applying CVar settings from Section [TextureQuality@3] File [C:/Users/Green/Desktop/Snake/SnakeGame/Saved/Config/Windows/Scalability.ini]
[2024.05.10-10.35.52:279][  0]LogConfig: Setting CVar [[r.Streaming.MipBias:0]]
[2024.05.10-10.35.52:279][  0]LogConfig: Setting CVar [[r.Streaming.AmortizeCPUToGPUCopy:0]]
[2024.05.10-10.35.52:279][  0]LogConfig: Setting CVar [[r.Streaming.MaxNumTexturesToStreamPerFrame:0]]
[2024.05.10-10.35.52:279][  0]LogConfig: Setting CVar [[r.Streaming.Boost:1]]
[2024.05.10-10.35.52:279][  0]LogConfig: Setting CVar [[r.MaxAnisotropy:8]]
[2024.05.10-10.35.52:279][  0]LogConfig: Setting CVar [[r.VT.MaxAnisotropy:8]]
[2024.05.10-10.35.52:279][  0]LogConfig: Setting CVar [[r.Streaming.LimitPoolSizeToVRAM:0]]
[2024.05.10-10.35.52:279][  0]LogConfig: Setting CVar [[r.Streaming.PoolSize:1000]]
[2024.05.10-10.35.52:279][  0]LogConfig: Setting CVar [[r.Streaming.MaxEffectiveScreenSize:0]]
[2024.05.10-10.35.52:279][  0]LogConfig: Applying CVar settings from Section [EffectsQuality@3] File [C:/Users/Green/Desktop/Snake/SnakeGame/Saved/Config/Windows/Scalability.ini]
[2024.05.10-10.35.52:279][  0]LogConfig: Setting CVar [[r.TranslucencyLightingVolumeDim:64]]
[2024.05.10-10.35.52:279][  0]LogConfig: Setting CVar [[r.RefractionQuality:2]]
[2024.05.10-10.35.52:279][  0]LogConfig: Setting CVar [[r.SSR.Quality:3]]
[2024.05.10-10.35.52:279][  0]LogConfig: Setting CVar [[r.SSR.HalfResSceneColor:0]]
[2024.05.10-10.35.52:279][  0]LogConfig: Setting CVar [[r.SceneColorFormat:4]]
[2024.05.10-10.35.52:279][  0]LogConfig: Setting CVar [[r.DetailMode:2]]
[2024.05.10-10.35.52:280][  0]LogConfig: Setting CVar [[r.TranslucencyVolumeBlur:1]]
[2024.05.10-10.35.52:280][  0]LogConfig: Setting CVar [[r.MaterialQualityLevel:1 ; High quality]]
[2024.05.10-10.35.52:280][  0]LogConfig: Setting CVar [[r.AnisotropicMaterials:1]]
[2024.05.10-10.35.52:280][  0]LogConfig: Setting CVar [[r.SSS.Scale:1]]
[2024.05.10-10.35.52:280][  0]LogConfig: Setting CVar [[r.SSS.SampleSet:2]]
[2024.05.10-10.35.52:280][  0]LogConfig: Setting CVar [[r.SSS.Quality:1]]
[2024.05.10-10.35.52:280][  0]LogConfig: Setting CVar [[r.SSS.HalfRes:0]]
[2024.05.10-10.35.52:280][  0]LogConfig: Setting CVar [[r.SSGI.Quality:3]]
[2024.05.10-10.35.52:280][  0]LogConfig: Setting CVar [[r.EmitterSpawnRateScale:1.0]]
[2024.05.10-10.35.52:280][  0]LogConfig: Setting CVar [[r.ParticleLightQuality:2]]
[2024.05.10-10.35.52:280][  0]LogConfig: Setting CVar [[r.SkyAtmosphere.AerialPerspectiveLUT.FastApplyOnOpaque:1 ; Always have FastSkyLUT 1 in this case to avoid wrong sky]]
[2024.05.10-10.35.52:280][  0]LogConfig: Setting CVar [[r.SkyAtmosphere.AerialPerspectiveLUT.SampleCountMaxPerSlice:4]]
[2024.05.10-10.35.52:280][  0]LogConfig: Setting CVar [[r.SkyAtmosphere.AerialPerspectiveLUT.DepthResolution:16.0]]
[2024.05.10-10.35.52:280][  0]LogConfig: Setting CVar [[r.SkyAtmosphere.FastSkyLUT:1]]
[2024.05.10-10.35.52:280][  0]LogConfig: Setting CVar [[r.SkyAtmosphere.FastSkyLUT.SampleCountMin:4.0]]
[2024.05.10-10.35.52:280][  0]LogConfig: Setting CVar [[r.SkyAtmosphere.FastSkyLUT.SampleCountMax:128.0]]
[2024.05.10-10.35.52:280][  0]LogConfig: Setting CVar [[r.SkyAtmosphere.SampleCountMin:4.0]]
[2024.05.10-10.35.52:280][  0]LogConfig: Setting CVar [[r.SkyAtmosphere.SampleCountMax:128.0]]
[2024.05.10-10.35.52:280][  0]LogConfig: Setting CVar [[r.SkyAtmosphere.TransmittanceLUT.UseSmallFormat:0]]
[2024.05.10-10.35.52:281][  0]LogConfig: Setting CVar [[r.SkyAtmosphere.TransmittanceLUT.SampleCount:10.0]]
[2024.05.10-10.35.52:281][  0]LogConfig: Setting CVar [[r.SkyAtmosphere.MultiScatteringLUT.SampleCount:15.0]]
[2024.05.10-10.35.52:281][  0]LogConfig: Setting CVar [[r.SkyLight.RealTimeReflectionCapture:1]]
[2024.05.10-10.35.52:281][  0]LogConfig: Applying CVar settings from Section [FoliageQuality@3] File [C:/Users/Green/Desktop/Snake/SnakeGame/Saved/Config/Windows/Scalability.ini]
[2024.05.10-10.35.52:281][  0]LogConfig: Setting CVar [[foliage.DensityScale:1.0]]
[2024.05.10-10.35.52:281][  0]LogConfig: Setting CVar [[grass.DensityScale:1.0]]
[2024.05.10-10.35.52:281][  0]LogConfig: Applying CVar settings from Section [ShadingQuality@3] File [C:/Users/Green/Desktop/Snake/SnakeGame/Saved/Config/Windows/Scalability.ini]
[2024.05.10-10.35.52:281][  0]LogConfig: Setting CVar [[r.HairStrands.SkyLighting.IntegrationType:2]]
[2024.05.10-10.35.52:281][  0]LogConfig: Setting CVar [[r.HairStrands.SkyAO.SampleCount:4]]
[2024.05.10-10.35.52:281][  0]LogConfig: Setting CVar [[r.HairStrands.Visibility.MSAA.SamplePerPixel:4]]
[2024.05.10-10.35.52:281][  0]LogConfig: Applying CVar settings from Section [Startup] File [../../../Engine/Config/ConsoleVariables.ini]
[2024.05.10-10.35.52:281][  0]LogConfig: Setting CVar [[net.UseAdaptiveNetUpdateFrequency:0]]
[2024.05.10-10.35.52:282][  0]LogConfig: Setting CVar [[p.chaos.AllowCreatePhysxBodies:1]]
[2024.05.10-10.35.52:282][  0]LogConfig: Setting CVar [[fx.SkipVectorVMBackendOptimizations:1]]
[2024.05.10-10.35.52:282][  0]LogConfig: Applying CVar settings from Section [ConsoleVariables] File [C:/Users/Green/Desktop/Snake/SnakeGame/Saved/Config/Windows/Engine.ini]
[2024.05.10-10.35.52:282][  0]LogConfig: Applying CVar settings from Section [ConsoleVariables] File [C:/Users/Green/Desktop/Snake/SnakeGame/Saved/Config/Windows/Editor.ini]
[2024.05.10-10.35.52:282][  0]LogInit: Computer: DESKTOP-I7FE9TA
[2024.05.10-10.35.52:282][  0]LogInit: User: Green
[2024.05.10-10.35.52:282][  0]LogInit: CPU Page size=4096, Cores=6
[2024.05.10-10.35.52:282][  0]LogInit: High frequency timer resolution =10.000000 MHz
[2024.05.10-10.35.52:282][  0]LogMemory: Memory total: Physical=15.9GB (16GB approx)
[2024.05.10-10.35.52:282][  0]LogMemory: Platform Memory Stats for Windows
[2024.05.10-10.35.52:282][  0]LogMemory: Process Physical Memory: 144.95 MB used, 144.96 MB peak
[2024.05.10-10.35.52:282][  0]LogMemory: Process Virtual Memory: 127.55 MB used, 127.55 MB peak
[2024.05.10-10.35.52:282][  0]LogMemory: Physical Memory: 9644.32 MB used,  6664.07 MB free, 16308.38 MB total
[2024.05.10-10.35.52:282][  0]LogMemory: Virtual Memory: 134212808.00 MB used,  4920.80 MB free, 134217728.00 MB total
[2024.05.10-10.35.52:290][  0]LogWindows: WindowsPlatformFeatures enabled
[2024.05.10-10.35.52:359][  0]LogInit: Physics initialised using underlying interface: PhysX
[2024.05.10-10.35.52:360][  0]LogInit: Using OS detected language (en-US).
[2024.05.10-10.35.52:360][  0]LogInit: Using OS detected locale (en-US).
[2024.05.10-10.35.52:367][  0]LogTextLocalizationManager: No specific localization for 'en-US' exists, so the 'en' localization will be used.
[2024.05.10-10.35.52:558][  0]LogInit: Setting process to per monitor DPI aware
[2024.05.10-10.35.52:581][  0]LogWindowsTextInputMethodSystem: Display: IME system deactivated.
[2024.05.10-10.35.52:600][  0]LogSlate: New Slate User Created.  User Index 0, Is Virtual User: 0
[2024.05.10-10.35.52:600][  0]LogSlate: Slate User Registered.  User Index 0, Is Virtual User: 0
[2024.05.10-10.35.52:731][  0]LogD3D11RHI: Loaded GFSDK_Aftermath_Lib.x64.dll
[2024.05.10-10.35.52:736][  0]LogHMD: Failed to initialize OpenVR with code 110
[2024.05.10-10.35.52:736][  0]LogD3D11RHI: D3D11 min allowed feature level: 11_0
[2024.05.10-10.35.52:736][  0]LogD3D11RHI: D3D11 max allowed feature level: 11_0
[2024.05.10-10.35.52:736][  0]LogD3D11RHI: D3D11 adapters:
[2024.05.10-10.35.52:838][  0]LogD3D11RHI:    0. 'AMD Radeon RX 6750 XT' (Feature Level 11_0)
[2024.05.10-10.35.52:838][  0]LogD3D11RHI:       12243/0/8154 MB DedicatedVideo/DedicatedSystem/SharedSystem, Outputs:1, VendorId:0x1002
[2024.05.10-10.35.52:842][  0]LogD3D11RHI:    1. 'Microsoft Basic Render Driver' (Feature Level 11_0)
[2024.05.10-10.35.52:843][  0]LogD3D11RHI:       0/0/8154 MB DedicatedVideo/DedicatedSystem/SharedSystem, Outputs:0, VendorId:0x1414
[2024.05.10-10.35.52:843][  0]LogD3D11RHI: Chosen D3D11 Adapter:
[2024.05.10-10.35.52:843][  0]LogD3D11RHI:     Description : AMD Radeon RX 6750 XT
[2024.05.10-10.35.52:843][  0]LogD3D11RHI:     VendorId    : 1002
[2024.05.10-10.35.52:843][  0]LogD3D11RHI:     DeviceId    : 73df
[2024.05.10-10.35.52:843][  0]LogD3D11RHI:     SubSysId    : 465e1da2
[2024.05.10-10.35.52:843][  0]LogD3D11RHI:     Revision    : 00c0
[2024.05.10-10.35.52:843][  0]LogD3D11RHI:     DedicatedVideoMemory : 12837953536 bytes
[2024.05.10-10.35.52:843][  0]LogD3D11RHI:     DedicatedSystemMemory : 0 bytes
[2024.05.10-10.35.52:843][  0]LogD3D11RHI:     SharedSystemMemory : 8550289408 bytes
[2024.05.10-10.35.52:843][  0]LogD3D11RHI:     AdapterLuid : 0 3811332
[2024.05.10-10.35.52:849][  0]LogD3D11RHI: Creating new Direct3DDevice
[2024.05.10-10.35.52:849][  0]LogD3D11RHI:     GPU DeviceId: 0x73df (for the marketing name, search the web for "GPU Device Id")
[2024.05.10-10.35.52:849][  0]LogWindows: EnumDisplayDevices:
[2024.05.10-10.35.52:849][  0]LogWindows:    0. 'AMD Radeon RX 6750 XT' (P:1 D:1)
[2024.05.10-10.35.52:850][  0]LogWindows:    1. 'AMD Radeon RX 6750 XT' (P:0 D:0)
[2024.05.10-10.35.52:850][  0]LogWindows:    2. 'AMD Radeon RX 6750 XT' (P:0 D:0)
[2024.05.10-10.35.52:851][  0]LogWindows:    3. 'AMD Radeon RX 6750 XT' (P:0 D:0)
[2024.05.10-10.35.52:851][  0]LogWindows:    4. 'AMD Radeon RX 6750 XT' (P:0 D:0)
[2024.05.10-10.35.52:852][  0]LogWindows:    5. 'AMD Radeon RX 6750 XT' (P:0 D:0)
[2024.05.10-10.35.52:852][  0]LogWindows:    6. 'AMD Radeon RX 6750 XT' (P:0 D:0)
[2024.05.10-10.35.52:852][  0]LogWindows: DebugString: FoundDriverCount:7 
[2024.05.10-10.35.52:852][  0]LogD3D11RHI:     Adapter Name: AMD Radeon RX 6750 XT
[2024.05.10-10.35.52:852][  0]LogD3D11RHI:   Driver Version: AMD Software: Adrenalin Edition 24.4.1 (internal:31.0.24031.5001, unified:31.0.24031.5001)
[2024.05.10-10.35.52:852][  0]LogD3D11RHI:      Driver Date: 4-17-2024
[2024.05.10-10.35.52:853][  0]LogRHI: Texture pool is 8032 MB (70% of 11475 MB)
[2024.05.10-10.35.52:876][  0]LogD3D11RHI: Creating D3DDevice with AMD AGS, using adapter:
[2024.05.10-10.35.52:876][  0]LogD3D11RHI:     Description : AMD Radeon RX 6750 XT
[2024.05.10-10.35.52:876][  0]LogD3D11RHI:     VendorId    : 1002
[2024.05.10-10.35.52:877][  0]LogD3D11RHI:     DeviceId    : 73df
[2024.05.10-10.35.52:877][  0]LogD3D11RHI:     SubSysId    : 465e1da2
[2024.05.10-10.35.52:877][  0]LogD3D11RHI:     Revision    : 00c0
[2024.05.10-10.35.52:877][  0]LogD3D11RHI:     DedicatedVideoMemory : 12837953536 bytes
[2024.05.10-10.35.52:877][  0]LogD3D11RHI:     DedicatedSystemMemory : 0 bytes
[2024.05.10-10.35.52:877][  0]LogD3D11RHI:     SharedSystemMemory : 8550289408 bytes
[2024.05.10-10.35.52:877][  0]LogD3D11RHI:     AdapterLuid : 0 3811332
[2024.05.10-10.35.52:959][  0]LogD3D11RHI: Created device via AGS, feature level 11_0, supported extensions 1fffffbf.
[2024.05.10-10.35.52:960][  0]LogD3D11RHI: RHI has support for 64 bit atomics
[2024.05.10-10.35.52:960][  0]LogD3D11RHI: Async texture creation enabled
[2024.05.10-10.35.52:960][  0]LogD3D11RHI: Array index from any shader is supported
[2024.05.10-10.35.52:960][  0]LogD3D11RHI: HDR output is supported on display 0 (AMD Device: 0x0, Display: 0x0).
[2024.05.10-10.35.52:973][  0]LogD3D11RHI: GPU Timing Frequency: 100.000000 (Debug: 2 1)
[2024.05.10-10.35.53:228][  0]LogTargetPlatformManager: Display: Loaded TargetPlatform 'AllDesktop'
[2024.05.10-10.35.53:250][  0]LogTargetPlatformManager: Display: Loaded TargetPlatform 'Android'
[2024.05.10-10.35.53:250][  0]LogTargetPlatformManager: Display: Loaded TargetPlatform 'Android_ASTC'
[2024.05.10-10.35.53:250][  0]LogTargetPlatformManager: Display: Loaded TargetPlatform 'Android_DXT'
[2024.05.10-10.35.53:250][  0]LogTargetPlatformManager: Display: Loaded TargetPlatform 'Android_ETC2'
[2024.05.10-10.35.53:250][  0]LogTargetPlatformManager: Display: Loaded TargetPlatform 'AndroidClient'
[2024.05.10-10.35.53:250][  0]LogTargetPlatformManager: Display: Loaded TargetPlatform 'Android_ASTCClient'
[2024.05.10-10.35.53:250][  0]LogTargetPlatformManager: Display: Loaded TargetPlatform 'Android_DXTClient'
[2024.05.10-10.35.53:250][  0]LogTargetPlatformManager: Display: Loaded TargetPlatform 'Android_ETC2Client'
[2024.05.10-10.35.53:250][  0]LogTargetPlatformManager: Display: Loaded TargetPlatform 'Android_Multi'
[2024.05.10-10.35.53:250][  0]LogTargetPlatformManager: Display: Loaded TargetPlatform 'Android_MultiClient'
[2024.05.10-10.35.53:270][  0]LogTargetPlatformManager: Display: Loaded TargetPlatform 'IOSClient'
[2024.05.10-10.35.53:270][  0]LogTargetPlatformManager: Display: Loaded TargetPlatform 'IOS'
[2024.05.10-10.35.53:280][  0]LogTargetPlatformManager: Display: Loaded TargetPlatform 'Linux'
[2024.05.10-10.35.53:285][  0]LogTargetPlatformManager: Display: Loaded TargetPlatform 'LinuxNoEditor'
[2024.05.10-10.35.53:290][  0]LogTargetPlatformManager: Display: Loaded TargetPlatform 'LinuxClient'
[2024.05.10-10.35.53:295][  0]LogTargetPlatformManager: Display: Loaded TargetPlatform 'LinuxServer'
[2024.05.10-10.35.53:304][  0]LogTargetPlatformManager: Display: Loaded TargetPlatform 'LinuxAArch64NoEditor'
[2024.05.10-10.35.53:309][  0]LogTargetPlatformManager: Display: Loaded TargetPlatform 'LinuxAArch64Client'
[2024.05.10-10.35.53:314][  0]LogTargetPlatformManager: Display: Loaded TargetPlatform 'LinuxAArch64Server'
[2024.05.10-10.35.53:338][  0]LogTargetPlatformManager: Display: Loaded TargetPlatform 'Lumin'
[2024.05.10-10.35.53:338][  0]LogTargetPlatformManager: Display: Loaded TargetPlatform 'LuminClient'
[2024.05.10-10.35.53:347][  0]LogTargetPlatformManager: Display: Loaded TargetPlatform 'MacNoEditor'
[2024.05.10-10.35.53:354][  0]LogTargetPlatformManager: Display: Loaded TargetPlatform 'Mac'
[2024.05.10-10.35.53:359][  0]LogTargetPlatformManager: Display: Loaded TargetPlatform 'MacClient'
[2024.05.10-10.35.53:364][  0]LogTargetPlatformManager: Display: Loaded TargetPlatform 'MacServer'
[2024.05.10-10.35.53:374][  0]LogTargetPlatformManager: Display: Loaded TargetPlatform 'TVOSClient'
[2024.05.10-10.35.53:374][  0]LogTargetPlatformManager: Display: Loaded TargetPlatform 'TVOS'
[2024.05.10-10.35.53:383][  0]LogTargetPlatformManager: Display: Loaded TargetPlatform 'WindowsNoEditor'
[2024.05.10-10.35.53:388][  0]LogTargetPlatformManager: Display: Loaded TargetPlatform 'Windows'
[2024.05.10-10.35.53:394][  0]LogTargetPlatformManager: Display: Loaded TargetPlatform 'WindowsClient'
[2024.05.10-10.35.53:399][  0]LogTargetPlatformManager: Display: Loaded TargetPlatform 'WindowsServer'
[2024.05.10-10.35.53:399][  0]LogTargetPlatformManager: Display: Building Assets For Windows
[2024.05.10-10.35.53:409][  0]LogAudioDebug: Display: Lib vorbis DLL was dynamically loaded.
[2024.05.10-10.35.53:452][  0]LogTextureFormatOodle: Display: Oodle Texture 2.9.0 init RDO Off
[2024.05.10-10.35.53:499][  0]LogRendererCore: Ray tracing is disabled. Reason: r.RayTracing=0.
[2024.05.10-10.35.53:499][  0]LogShaderCompilers: Guid format shader working directory is -7 characters bigger than the processId version (../../../../../../Users/Green/Desktop/Snake/SnakeGame/Intermediate/Shaders/WorkingDirectory/3284/).
[2024.05.10-10.35.53:499][  0]LogShaderCompilers: Cleaned the shader compiler working directory 'C:/Users/Green/AppData/Local/Temp/UnrealShaderWorkingDir/1FD4D03D448579856DE9B6A249728B76/'.
[2024.05.10-10.35.53:500][  0]LogXGEController: Cleaning working directory: C:/Users/Green/AppData/Local/Temp/UnrealXGEWorkingDir/
[2024.05.10-10.35.53:501][  0]LogShaderCompilers: Display: Using XGE Controller for Shader Compilation.
[2024.05.10-10.35.54:164][  0]LogDerivedDataCache: Display: Max Cache Size: 512 MB
[2024.05.10-10.35.54:216][  0]LogDerivedDataCache: Loaded boot cache 0.05s 94MB C:/Users/Green/AppData/Local/UnrealEngine/4.27/DerivedDataCache/Boot.ddc.
[2024.05.10-10.35.54:216][  0]LogDerivedDataCache: Display: Loaded Boot cache: C:/Users/Green/AppData/Local/UnrealEngine/4.27/DerivedDataCache/Boot.ddc
[2024.05.10-10.35.54:216][  0]LogDerivedDataCache: FDerivedDataBackendGraph:  Pak pak cache file ../../../../../../Users/Green/Desktop/Snake/SnakeGame/DerivedDataCache/DDC.ddp not found, will not use a pak cache.
[2024.05.10-10.35.54:216][  0]LogDerivedDataCache: Unable to find inner node Pak for hierarchical cache Hierarchy.
[2024.05.10-10.35.54:216][  0]LogDerivedDataCache: FDerivedDataBackendGraph:  CompressedPak pak cache file ../../../../../../Users/Green/Desktop/Snake/SnakeGame/DerivedDataCache/Compressed.ddp not found, will not use a pak cache.
[2024.05.10-10.35.54:216][  0]LogDerivedDataCache: Unable to find inner node CompressedPak for hierarchical cache Hierarchy.
[2024.05.10-10.35.54:230][  0]LogDerivedDataCache: Display: Pak cache opened for reading ../../../Engine/DerivedDataCache/Compressed.ddp.
[2024.05.10-10.35.54:230][  0]LogDerivedDataCache: FDerivedDataBackendGraph:  EnterprisePak pak cache file ../../../Enterprise/DerivedDataCache/Compressed.ddp not found, will not use a pak cache.
[2024.05.10-10.35.54:231][  0]LogDerivedDataCache: Unable to find inner node EnterprisePak for hierarchical cache Hierarchy.
[2024.05.10-10.35.54:236][  0]LogDerivedDataCache: Speed tests for C:/Users/Green/AppData/Local/UnrealEngine/Common/DerivedDataCache took 0.01 seconds
[2024.05.10-10.35.54:236][  0]LogDerivedDataCache: Display: Performance to C:/Users/Green/AppData/Local/UnrealEngine/Common/DerivedDataCache: Latency=0.04ms. RandomReadSpeed=1156.90MBs, RandomWriteSpeed=237.53MBs. Assigned SpeedClass 'Local'
[2024.05.10-10.35.54:237][  0]LogDerivedDataCache: Using Local data cache path C:/Users/Green/AppData/Local/UnrealEngine/Common/DerivedDataCache: Writable
[2024.05.10-10.35.54:237][  0]LogDerivedDataCache: Shared data cache path not found in *engine.ini, will not use an Shared cache.
[2024.05.10-10.35.54:238][  0]LogDerivedDataCache: Unable to find inner node Shared for hierarchical cache Hierarchy.
[2024.05.10-10.35.54:276][  0]LogSlate: Using FreeType 2.10.0
[2024.05.10-10.35.54:277][  0]LogSlate: SlateFontServices - WITH_FREETYPE: 1, WITH_HARFBUZZ: 1
[2024.05.10-10.35.54:300][  0]LogAssetRegistry: FAssetRegistry took 0.0037 seconds to start up
[2024.05.10-10.35.54:501][  0]LogInit: Selected Device Profile: [Windows]
[2024.05.10-10.35.54:501][  0]LogInit: Active device profile: [000001AAB3D48900][000001AAAB701800 49] Windows
[2024.05.10-10.35.54:501][  0]LogInit: Profiles: [000001AAB3D48900][000001AAAB701800 49] Windows, [000001AAB3CFF800][000001AAB3AF9980 49] WindowsNoEditor, [000001AAB3D4B500][000001AAB3B09B00 49] WindowsServer, [000001AAB3CFCE00][000001AAB3B0C100 49] WindowsClient, [000001AAB3D4B800][000001AAB3344280 49] IOS, [000001AAB3CFE800][000001AAB3348400 49] iPadAir, [000001AAB3D4A000][000001AAB36FA540 49] iPadAir2, [000001AAB3C8CA00][000001AAB335E780 49] IPadPro, [000001AAB3C8CB00][000001AAB335A7C0 49] iPadAir3, [000001AAB3CFD900][000001AAB3362900 49] iPadAir4, [000001AAB3C8F400][000001AAB336AA80 49] iPadMini2, [000001AAB3CFEA00][000001AAB336EC00 49] iPadMini3, [000001AAB3C8D700][000001AAAD69ED80 49] iPadMini4, [000001AAB3D49100][000001AAAD6A2F00 49] iPadMini5, [000001AAB3CB0300][000001AAAD6EB1C0 49] iPhone6, [000001AAB3CB0400][000001AAAD6E7200 49] iPodTouch6, [000001AAB3C83F00][000001AAB3A7B4C0 49] iPhone7, [000001AAB3C83E00][000001AAB3A77500 49] iPodTouch7, [000001AAB3CFE000][000001AAB338D680 49] iPhone5S, [000001AAB3C81A00][000001AAB33BD800 49] iPhone6Plus, [000001AAB3CB0200][000001AAB33C1980 49] iPhone6S, [000001AAB3C80600][000001AAB33C5B00 49] iPhone6SPlus, [000001AAB3CB2900][000001AAB3ABC100 49] iPhone7Plus, [000001AAB3C83100][000001AAB3AC0280 49] iPhoneSE, [000001AAB3CB2200][000001AAB3AE2400 49] iPhone8, [000001AAB3C83B00][000001AAB4F16580 49] iPhone8Plus, [000001AAB3CB0A00][000001AAB4F1A700 49] iPhoneX, [000001AAB3C81400][000001AAB3366840 49] iPhoneXS, [000001AAB3CB3900][000001AAB33B8980 49] iPhoneXSMax, [000001AAB3C80900][000001AAB3A7EAC0 49] iPhoneXR, [000001AAB3CB2F00][000001AAB3AE6C40 49] iPhone11, [000001AAB3C81300][000001AAB3AEADC0 49] iPhone11Pro, [000001AAB3CB1000][000001AAB3AEEF40 49] iPhone11ProMax, [000001AAB3C82A00][000001AAB3AF30C0 49] iPhoneSE2, [000001AAB3CB1400][000001AAB3391240 49] iPhone12Mini, [000001AAB3C82400][000001AAB33953C0 49] iPhone12, [000001AAB3CB0D00][000001AAB3399540 49] iPhone12Pro, [000001AAB3C82B00][000001AAB339D6C0 49] iPhone12ProMax, [000001AAB3CB3000][000001AAB33A1840 49] iPadPro105, [000001AAB3C80700][000001AAB33A59C0 49] iPadPro129, [000001AAB3CB2800][000001AAB33A9B40 49] iPadPro97, [000001AAB3C82600][000001AAB33AC140 49] iPadPro2_129, [000001AAB3CB3C00][000001AAB33B02C0 49] iPad5, [000001AAB3C82200][000001AAB33B4440 49] iPad6, [000001AAB3CB0F00][000001AAB33C85C0 49] iPad7, [000001AAB3C82D00][000001AAB33CC740 49] iPad8, [000001AAB3CB1100][000001AAB33D08C0 49] iPadPro11, [000001AAB3C81600][000001AAAD6E2A00 49] iPadPro2_11, [000001AAB3CB3400][000001AAB33D4B40 49] iPadPro3_129, [000001AAB3C82800][000001AAB33D8C80 49] iPadPro4_129, [000001AAB3CB3A00][000001AAB33DCDC0 49] AppleTV, [000001AAB3C82100][000001AAB33E4F40 49] AppleTV4K, [000001AAB3CB1F00][000001AAB33E90C0 49] TVOS, [000001AAB3C83400][000001AAB33ED240 49] Mac, [000001AAB3CB3800][000001AAB33F13C0 49] MacClient, [000001AAB3C81E00][000001AAB33F5540 49] MacNoEditor, [000001AAB3CB3F00][000001AAB33F96C0 49] MacServer, [000001AAB3C83500][000001AAB33FD840 49] Linux, [000001AAB3CB0C00][000001AAB34019C0 49] LinuxAArch64, [000001AAB3C82F00][000001AAB3405B40 49] LinuxNoEditor, [000001AAB3CB0B00][000001AAB3408140 49] LinuxAArch64NoEditor, [000001AAB3C83700][000001AAB340C2C0 49] LinuxClient, [000001AAB3CB1A00][000001AAB3956440 49] LinuxAArch64Client, [000001AAB3C81000][000001AAB395A5C0 49] LinuxServer, [000001AAB3CB2500][000001AAB395E740 49] LinuxAArch64Server, [000001AAB3C81900][000001AAB39628C0 49] Android, [000001AAB3CB1300][000001AAB3966A40 49] Android_Low, [000001AAB3C82700][000001AAB33E0B80 49] Android_Mid, [000001AAB3CB2B00][000001AAB396ACC0 49] Android_High, [000001AAB3C83800][000001AAB396EE00 49] Android_Default, [000001AAB3CB1600][000001AAB3972F40 49] Android_Adreno4xx, [000001AAB3C81500][000001AAB397B0C0 49] Android_Adreno5xx_Low, [000001AAB3C8F600][000001AAB397F240 49] Android_Adreno5xx, [000001AAB3CFD800][000001AAB39833C0 49] Android_Adreno6xx, [000001AAB3C8D200][000001AAB3987540 49] Android_Adreno6xx_Vulkan, [000001AAB3CFFC00][000001AAB398B6C0 49] Android_Mali_T6xx, [000001AAB3C8D100][000001AAB398F840 49] Android_Mali_T7xx, [000001AAB3CFD600][000001AAB39939C0 49] Android_Mali_T8xx, [000001AAB3C8DE00][000001AAB3997B40 49] Android_Mali_G71, [000001AAB3CFC500][000001AAB399A140 49] Android_Mali_G72, [000001AAB3C8C800][000001AAB399E2C0 49] Android_Mali_G72_Vulkan, [000001AAB3CFD300][000001AAB39A2440 49] Android_Mali_G76, [000001AAB3C8C100][000001AAB39A65C0 49] Android_Mali_G76_Vulkan, [000001AAB3CFDF00][000001AAB39AA740 49] Android_Mali_G77, [000001AAB3C8D000][000001AAB39AE8C0 49] Android_Mali_G77_Vulkan, [000001AAB3CFCA00][000001AAB39B2A40 49] Android_Mali_G78, [000001AAB3C8EC00][000001AAB39B6BC0 49] Android_Mali_G78_Vulkan, [000001AAB3CFF600][000001AAB39BAD40 49] Android_Mali_G710, [000001AAB3C8EA00][000001AAB3976E80 49] Android_Mali_G710_Vulkan, [000001AAB3CFFF00][000001AAB39BEFC0 49] Android_Vulkan_SM5, [000001AAB3C8FB00][000001AAB39C3100 49] Android_PowerVR_G6xxx, [000001AAB3CFFB00][000001AAB39CB280 49] Android_PowerVR_GT7xxx, [000001AAB3C8F900][000001AAB39CF400 49] Android_PowerVR_GE8xxx, [000001AAB3CFCC00][000001AAB39D3580 49] Android_PowerVR_GM9xxx, [000001AAB3C8E700][000001AAB39D7700 49] Android_PowerVR_GM9xxx_Vulkan, [000001AAB3CFE700][000001AAB39DB880 49] Android_TegraK1, [000001AAB3C8C900][000001AAB39DFA00 49] Android_Unknown_Vulkan, [000001AAB3CFDD00][000001AAB39E3B80 49] Lumin, [000001AAB3C8C500][000001AAB39E6180 49] Lumin_Desktop, [000001AAB3CFF300][000001AAB39EA300 49] HoloLens, 
[2024.05.10-10.35.54:620][  0]LogMeshReduction: Using QuadricMeshReduction for automatic static mesh reduction
[2024.05.10-10.35.54:621][  0]LogMeshReduction: Using SimplygonMeshReduction for automatic skeletal mesh reduction
[2024.05.10-10.35.54:621][  0]LogMeshReduction: Using ProxyLODMeshReduction for automatic mesh merging
[2024.05.10-10.35.54:621][  0]LogMeshReduction: No distributed automatic mesh merging module available
[2024.05.10-10.35.54:621][  0]LogMeshMerging: No distributed automatic mesh merging module available
[2024.05.10-10.35.54:634][  0]LogNetVersion: SnakeGame 1.0.0, NetCL: 17155196, EngineNetVer: 17, GameNetVer: 0 (Checksum: 3033270002)
[2024.05.10-10.35.54:964][  0]LogTexture: Default maximum texture size for cubemaps generated from long-lat sources has been changed from 512 to unlimited. In order to preserve old behaiour for '/Engine/MapTemplates/Sky/DaylightAmbientCubemap.DaylightAmbientCubemap', its maximum texture size has been explicitly set to 512.
[2024.05.10-10.35.55:015][  0]LogHMD: PokeAHoleMaterial loaded successfully
[2024.05.10-10.35.55:021][  0]LogUObjectArray: 17178 objects as part of root set at end of initial load.
[2024.05.10-10.35.55:021][  0]LogUObjectAllocator: 4302048 out of 0 bytes used by permanent object pool.
[2024.05.10-10.35.55:021][  0]LogUObjectArray: CloseDisregardForGC: 0/0 objects in disregard for GC pool
[2024.05.10-10.35.55:204][  0]LogPython: Using Python 3.7.7
[2024.05.10-10.35.55:813][  0]LogNiagaraDebuggerClient: Niagara Debugger Client Initialized | Session: 02CFAFD6478EBC345CFE9293D5855C25 | Instance: 33F56C0A45AD29B2A6EE6B9771474378 (DESKTOP-I7FE9TA-3284).
[2024.05.10-10.35.55:890][  0]LogUdpMessaging: Initializing bridge on interface 0.0.0.0:0 to multicast group 230.0.0.1:6666.
[2024.05.10-10.35.55:920][  0]LogTcpMessaging: Initializing TcpMessaging bridge
[2024.05.10-10.35.56:217][  0]LogOpenImageDenoise: OIDN starting up
[2024.05.10-10.35.56:330][  0]LogAndroidPermission: UAndroidPermissionCallbackProxy::GetInstance
[2024.05.10-10.35.56:346][  0]LogAudioCaptureCore: Display: No Audio Capture implementations found. Audio input will be silent.
[2024.05.10-10.35.56:346][  0]LogAudioCaptureCore: Display: No Audio Capture implementations found. Audio input will be silent.
[2024.05.10-10.35.56:478][  0]SourceControl: Source control is disabled
[2024.05.10-10.35.56:479][  0]SourceControl: Source control is disabled
[2024.05.10-10.35.56:482][  0]SourceControl: Source control is disabled
[2024.05.10-10.35.56:490][  0]SourceControl: Source control is disabled
[2024.05.10-10.35.56:493][  0]SourceControl: Source control is disabled
[2024.05.10-10.35.56:500][  0]LogUProjectInfo: Found projects:
[2024.05.10-10.35.56:517][  0]LogCollectionManager: Loaded 0 collections in 0.001578 seconds
[2024.05.10-10.35.56:544][  0]LogFileCache: Scanning file cache for directory 'C:/Users/Green/Desktop/Snake/SnakeGame/Saved/Collections/' took 0.00s
[2024.05.10-10.35.56:544][  0]LogFileCache: Scanning file cache for directory 'C:/Users/Green/Desktop/Snake/SnakeGame/Content/Developers/Green/Collections/' took 0.00s
[2024.05.10-10.35.56:544][  0]LogFileCache: Scanning file cache for directory 'C:/Users/Green/Desktop/Snake/SnakeGame/Content/Collections/' took 0.00s
[2024.05.10-10.35.56:544][  0]LogOcInput: OculusInput pre-init called
[2024.05.10-10.35.56:765][  0]LogEngine: Initializing Engine...
[2024.05.10-10.35.56:768][  0]LogHMD: Failed to enumerate extensions. Please check that you have a valid OpenXR runtime installed.
[2024.05.10-10.35.56:768][  0]LogHMD: Failed to initialize OpenVR with code 110
[2024.05.10-10.35.56:769][  0]LogMagicLeap: Warning: VR disabled because ZI is not enabled.  To enable, in the editor, Edit -> Project Settings -> Plugins -> Magic Leap Plugin -> Enable Zero Iteration
[2024.05.10-10.35.56:770][  0]LogStats: UGameplayTagsManager::InitializeManager -  0.000 s
[2024.05.10-10.35.56:881][  0]LogInit: Initializing FReadOnlyCVARCache
[2024.05.10-10.35.56:891][  0]LogAIModule: Creating AISystem for world Untitled
[2024.05.10-10.35.56:896][  0]LogAudio: Display: Initializing Audio Device Manager...
[2024.05.10-10.35.56:900][  0]LogAudio: Display: Loading Default Audio Settings Objects...
[2024.05.10-10.35.56:901][  0]LogAudio: Display: No default SoundConcurrencyObject specified (or failed to load).
[2024.05.10-10.35.56:901][  0]LogAudio: Display: Audio Device Manager Initialized
[2024.05.10-10.35.56:902][  0]LogAudio: Display: Creating Audio Device:                 Id: 1, Scope: Shared, Realtime: True
[2024.05.10-10.35.56:902][  0]LogAudioMixer: Display: Audio Mixer Platform Settings:
[2024.05.10-10.35.56:902][  0]LogAudioMixer: Display: 	Sample Rate:						  48000
[2024.05.10-10.35.56:902][  0]LogAudioMixer: Display: 	Callback Buffer Frame Size Requested: 1024
[2024.05.10-10.35.56:902][  0]LogAudioMixer: Display: 	Callback Buffer Frame Size To Use:	  1024
[2024.05.10-10.35.56:902][  0]LogAudioMixer: Display: 	Number of buffers to queue:			  2
[2024.05.10-10.35.56:902][  0]LogAudioMixer: Display: 	Max Channels (voices):				  32
[2024.05.10-10.35.56:902][  0]LogAudioMixer: Display: 	Number of Async Source Workers:		  0
[2024.05.10-10.35.56:902][  0]LogAudio: Display: AudioDevice MaxSources: 32
[2024.05.10-10.35.56:903][  0]LogAudio: Display: Audio Spatialization Plugin: None (built-in).
[2024.05.10-10.35.56:903][  0]LogAudio: Display: Audio Reverb Plugin: None (built-in).
[2024.05.10-10.35.56:903][  0]LogAudio: Display: Audio Occlusion Plugin: None (built-in).
[2024.05.10-10.35.56:903][  0]LogAudioMixer: Display: Initializing audio mixer.
[2024.05.10-10.35.56:920][  0]LogAudioMixer: Display: 0: FrontLeft
[2024.05.10-10.35.56:920][  0]LogAudioMixer: Display: 1: FrontRight
[2024.05.10-10.35.56:939][  0]LogAudioMixer: Display: Using Audio Device Speakers (ASUS Essence STX II Audio Device)
[2024.05.10-10.35.56:942][  0]LogAudioMixer: Display: Initializing Sound Submixes...
[2024.05.10-10.35.56:944][  0]LogAudioMixer: Display: Creating Master Submix 'MasterSubmixDefault'
[2024.05.10-10.35.56:944][  0]LogAudioMixer: Display: Creating Master Submix 'MasterReverbSubmixDefault'
[2024.05.10-10.35.56:945][  0]LogAudioMixer: Display: Creating Master Submix 'MasterEQSubmixDefault'
[2024.05.10-10.35.56:945][  0]LogAudioMixer: FMixerPlatformXAudio2::StartAudioStream() called
[2024.05.10-10.35.56:945][  0]LogAudioMixer: Display: Output buffers initialized: Frames=1024, Channels=2, Samples=2048
[2024.05.10-10.35.56:947][  0]LogAudioMixer: Display: Starting AudioMixerPlatformInterface::RunInternal()
[2024.05.10-10.35.56:947][  0]LogAudioMixer: Display: FMixerPlatformXAudio2::SubmitBuffer() called for the first time
[2024.05.10-10.35.56:947][  0]LogInit: FAudioDevice initialized.
[2024.05.10-10.35.56:947][  0]LogAudio: Display: Audio Device (ID: 1) registered with world 'Untitled'.
[2024.05.10-10.35.56:947][  0]LogNetVersion: Set ProjectVersion to 1.0.0.0. Version Checksum will be recalculated on next use.
[2024.05.10-10.35.56:998][  0]LogDerivedDataCache: Saved boot cache 0.05s 94MB C:/Users/Green/AppData/Local/UnrealEngine/4.27/DerivedDataCache/Boot.ddc.
[2024.05.10-10.35.56:999][  0]LogInit: Texture streaming: Enabled
[2024.05.10-10.35.57:013][  0]LogAnalytics: Display: [UEEditor.Rocket.Release] APIServer = https://datarouter.ol.epicgames.com/. AppVersion = 4.27.2-18319896+++UE4+Release-4.27
[2024.05.10-10.35.57:017][  0]LogEngineSessionManager: EngineSessionManager initialized
[2024.05.10-10.35.57:017][  0]LogEditorSessionSummary: Verbose: Initializing EditorSessionSummaryWriter for editor session tracking
[2024.05.10-10.35.57:020][  0]LogEditorSessionSummary: EditorSessionSummaryWriter initialized
[2024.05.10-10.35.57:040][  0]LogInit: Transaction tracking system initialized
[2024.05.10-10.35.57:063][  0]BlueprintLog: New page: Editor Load
[2024.05.10-10.35.57:137][  0]LocalizationService: Localization service is disabled
[2024.05.10-10.35.57:163][  0]TimingProfiler: Initialize
[2024.05.10-10.35.57:163][  0]TimingProfiler: OnSessionChanged
[2024.05.10-10.35.57:163][  0]LoadingProfiler: Initialize
[2024.05.10-10.35.57:163][  0]LoadingProfiler: OnSessionChanged
[2024.05.10-10.35.57:163][  0]NetworkingProfiler: Initialize
[2024.05.10-10.35.57:164][  0]NetworkingProfiler: OnSessionChanged
[2024.05.10-10.35.57:164][  0]MemoryProfiler: Initialize
[2024.05.10-10.35.57:164][  0]MemoryProfiler: OnSessionChanged
[2024.05.10-10.35.57:304][  0]LogCook: Display: CookSettings for Memory: MemoryMaxUsedVirtual 0MiB, MemoryMaxUsedPhysical 16384MiB, MemoryMinFreeVirtual 0MiB, MemoryMinFreePhysical 1024MiB
[2024.05.10-10.35.57:304][  0]LogCook: Display: Mobile HDR setting 1
[2024.05.10-10.35.57:349][  0]LogFileCache: Scanning file cache for directory 'C:/Users/Green/Desktop/Snake/SnakeGame/Content/' took 0.00s
[2024.05.10-10.35.57:673][  0]LogInit: Display: Engine is initialized. Leaving FEngineLoop::Init()
[2024.05.10-10.35.57:677][  0]SourceControl: Source control is disabled
[2024.05.10-10.35.57:677][  0]LogUnrealEdMisc: Loading editor; pre map load, took 7.106
[2024.05.10-10.35.57:677][  0]Cmd: MAP LOAD FILE="../../../../../../Users/Green/Desktop/Snake/SnakeGame/Content/MainMap.umap" TEMPLATE=0 SHOWPROGRESS=1 FEATURELEVEL=3
[2024.05.10-10.35.57:678][  0]LightingResults: New page: Lighting Build
[2024.05.10-10.35.57:679][  0]LogWorld: UWorld::CleanupWorld for Untitled, bSessionEnded=true, bCleanupResources=true
[2024.05.10-10.35.57:680][  0]LogSlate: InvalidateAllWidgets triggered.  All widgets were invalidated
[2024.05.10-10.35.57:680][  0]MapCheck: New page: Map Check
[2024.05.10-10.35.57:680][  0]LightingResults: New page: Lighting Build
[2024.05.10-10.35.57:685][  0]LogAudio: Display: Audio Device unregistered from world 'None'.
[2024.05.10-10.35.57:690][  0]LogUObjectHash: Compacting FUObjectHashTables data took   0.84ms
[2024.05.10-10.35.57:769][  0]LogAudio: Display: Audio Device (ID: 1) registered with world 'MainMap'.
[2024.05.10-10.35.57:770][  0]LogAIModule: Creating AISystem for world MainMap
[2024.05.10-10.35.57:775][  0]LogEditorServer: Finished looking for orphan Actors (0.000 secs)
[2024.05.10-10.35.57:786][  0]LogUObjectHash: Compacting FUObjectHashTables data took   0.71ms
[2024.05.10-10.35.57:786][  0]Cmd: MAP CHECKDEP NOCLEARLOG
[2024.05.10-10.35.57:786][  0]MapCheck: Map check complete: 0 Error(s), 0 Warning(s), took 0.155ms to complete.
[2024.05.10-10.35.57:786][  0]LogFileHelpers: Loading map 'MainMap' took 0.109
[2024.05.10-10.35.57:790][  0]LogUnrealEdMisc: Total Editor Startup Time, took 7.218
[2024.05.10-10.35.57:892][  0]LogSlate: Updating window title bar state: overlay mode, drag disabled, window buttons hidden, title bar hidden
[2024.05.10-10.35.57:898][  0]LogSlate: Updating window title bar state: overlay mode, drag disabled, window buttons hidden, title bar hidden
[2024.05.10-10.35.57:907][  0]LogSlate: Updating window title bar state: overlay mode, drag disabled, window buttons hidden, title bar hidden
[2024.05.10-10.35.57:913][  0]LogSlate: Updating window title bar state: overlay mode, drag disabled, window buttons hidden, title bar hidden
[2024.05.10-10.35.57:926][  0]LogNativeClassHierarchy: Verbose: Native class hierarchy populated in 0.0083 seconds. Added 3833 classes and 930 folders.
[2024.05.10-10.35.57:933][  0]LogNativeClassHierarchy: Verbose: Native class hierarchy updated for 'WidgetCarousel' in 0.0004 seconds. Added 0 classes and 0 folders.
[2024.05.10-10.35.57:934][  0]LogPakFile: PakFile PrimaryIndexSize=187
[2024.05.10-10.35.57:934][  0]LogPakFile: PakFile PathHashIndexSize=101
[2024.05.10-10.35.57:934][  0]LogPakFile: PakFile FullDirectoryIndexSize=148
[2024.05.10-10.35.57:935][  0]LogShaderLibrary: Display: ShaderCodeLibraryPakFileMountedCallback: PakFile 'C:/Program Files/Epic Games/UE_4.27/FeaturePacks/FP_FirstPerson.upack' (chunk index -1, root 'root:/') mounted
[2024.05.10-10.35.57:935][  0]LogShaderLibrary: Display: ShaderCodeLibraryPakFileMountedCallback: pending pak file info (ChunkID:-1 Root:root:/ File:C:/Program Files/Epic Games/UE_4.27/FeaturePacks/FP_FirstPerson.upack)
[2024.05.10-10.35.57:935][  0]LogPakFile: OnPakFileMounted2Time == 0.000151
[2024.05.10-10.35.57:935][  0]LogPakFile: PakFile PrimaryIndexSize=189
[2024.05.10-10.35.57:935][  0]LogPakFile: PakFile PathHashIndexSize=101
[2024.05.10-10.35.57:936][  0]LogPakFile: PakFile FullDirectoryIndexSize=152
[2024.05.10-10.35.57:936][  0]LogShaderLibrary: Display: ShaderCodeLibraryPakFileMountedCallback: PakFile 'C:/Program Files/Epic Games/UE_4.27/FeaturePacks/FP_FirstPersonBP.upack' (chunk index -1, root 'root:/') mounted
[2024.05.10-10.35.57:936][  0]LogShaderLibrary: Display: ShaderCodeLibraryPakFileMountedCallback: pending pak file info (ChunkID:-1 Root:root:/ File:C:/Program Files/Epic Games/UE_4.27/FeaturePacks/FP_FirstPersonBP.upack)
[2024.05.10-10.35.57:936][  0]LogPakFile: OnPakFileMounted2Time == 0.000228
[2024.05.10-10.35.57:937][  0]LogPakFile: PakFile PrimaryIndexSize=191
[2024.05.10-10.35.57:937][  0]LogPakFile: PakFile PathHashIndexSize=101
[2024.05.10-10.35.57:937][  0]LogPakFile: PakFile FullDirectoryIndexSize=160
[2024.05.10-10.35.57:937][  0]LogShaderLibrary: Display: ShaderCodeLibraryPakFileMountedCallback: PakFile 'C:/Program Files/Epic Games/UE_4.27/FeaturePacks/MobileStarterContent.upack' (chunk index -1, root 'root:/') mounted
[2024.05.10-10.35.57:937][  0]LogShaderLibrary: Display: ShaderCodeLibraryPakFileMountedCallback: pending pak file info (ChunkID:-1 Root:root:/ File:C:/Program Files/Epic Games/UE_4.27/FeaturePacks/MobileStarterContent.upack)
[2024.05.10-10.35.57:937][  0]LogPakFile: OnPakFileMounted2Time == 0.000237
[2024.05.10-10.35.57:938][  0]LogPakFile: PakFile PrimaryIndexSize=185
[2024.05.10-10.35.57:938][  0]LogPakFile: PakFile PathHashIndexSize=101
[2024.05.10-10.35.57:938][  0]LogPakFile: PakFile FullDirectoryIndexSize=148
[2024.05.10-10.35.57:938][  0]LogShaderLibrary: Display: ShaderCodeLibraryPakFileMountedCallback: PakFile 'C:/Program Files/Epic Games/UE_4.27/FeaturePacks/StarterContent.upack' (chunk index -1, root 'root:/') mounted
[2024.05.10-10.35.57:938][  0]LogShaderLibrary: Display: ShaderCodeLibraryPakFileMountedCallback: pending pak file info (ChunkID:-1 Root:root:/ File:C:/Program Files/Epic Games/UE_4.27/FeaturePacks/StarterContent.upack)
[2024.05.10-10.35.57:938][  0]LogPakFile: OnPakFileMounted2Time == 0.000171
[2024.05.10-10.35.57:939][  0]LogPakFile: PakFile PrimaryIndexSize=190
[2024.05.10-10.35.57:939][  0]LogPakFile: PakFile PathHashIndexSize=101
[2024.05.10-10.35.57:939][  0]LogPakFile: PakFile FullDirectoryIndexSize=154
[2024.05.10-10.35.57:939][  0]LogShaderLibrary: Display: ShaderCodeLibraryPakFileMountedCallback: PakFile 'C:/Program Files/Epic Games/UE_4.27/FeaturePacks/TP_2DSideScroller.upack' (chunk index -1, root 'root:/') mounted
[2024.05.10-10.35.57:939][  0]LogShaderLibrary: Display: ShaderCodeLibraryPakFileMountedCallback: pending pak file info (ChunkID:-1 Root:root:/ File:C:/Program Files/Epic Games/UE_4.27/FeaturePacks/TP_2DSideScroller.upack)
[2024.05.10-10.35.57:939][  0]LogPakFile: OnPakFileMounted2Time == 0.000129
[2024.05.10-10.35.57:940][  0]LogPakFile: PakFile PrimaryIndexSize=192
[2024.05.10-10.35.57:940][  0]LogPakFile: PakFile PathHashIndexSize=101
[2024.05.10-10.35.57:940][  0]LogPakFile: PakFile FullDirectoryIndexSize=158
[2024.05.10-10.35.57:940][  0]LogShaderLibrary: Display: ShaderCodeLibraryPakFileMountedCallback: PakFile 'C:/Program Files/Epic Games/UE_4.27/FeaturePacks/TP_2DSideScrollerBP.upack' (chunk index -1, root 'root:/') mounted
[2024.05.10-10.35.57:940][  0]LogShaderLibrary: Display: ShaderCodeLibraryPakFileMountedCallback: pending pak file info (ChunkID:-1 Root:root:/ File:C:/Program Files/Epic Games/UE_4.27/FeaturePacks/TP_2DSideScrollerBP.upack)
[2024.05.10-10.35.57:940][  0]LogPakFile: OnPakFileMounted2Time == 0.000109
[2024.05.10-10.35.57:941][  0]LogPakFile: PakFile PrimaryIndexSize=182
[2024.05.10-10.35.57:941][  0]LogPakFile: PakFile PathHashIndexSize=101
[2024.05.10-10.35.57:941][  0]LogPakFile: PakFile FullDirectoryIndexSize=138
[2024.05.10-10.35.57:941][  0]LogShaderLibrary: Display: ShaderCodeLibraryPakFileMountedCallback: PakFile 'C:/Program Files/Epic Games/UE_4.27/FeaturePacks/TP_Flying.upack' (chunk index -1, root 'root:/') mounted
[2024.05.10-10.35.57:941][  0]LogShaderLibrary: Display: ShaderCodeLibraryPakFileMountedCallback: pending pak file info (ChunkID:-1 Root:root:/ File:C:/Program Files/Epic Games/UE_4.27/FeaturePacks/TP_Flying.upack)
[2024.05.10-10.35.57:941][  0]LogPakFile: OnPakFileMounted2Time == 0.000111
[2024.05.10-10.35.57:942][  0]LogPakFile: PakFile PrimaryIndexSize=184
[2024.05.10-10.35.57:942][  0]LogPakFile: PakFile PathHashIndexSize=101
[2024.05.10-10.35.57:942][  0]LogPakFile: PakFile FullDirectoryIndexSize=142
[2024.05.10-10.35.57:942][  0]LogShaderLibrary: Display: ShaderCodeLibraryPakFileMountedCallback: PakFile 'C:/Program Files/Epic Games/UE_4.27/FeaturePacks/TP_FlyingBP.upack' (chunk index -1, root 'root:/') mounted
[2024.05.10-10.35.57:942][  0]LogShaderLibrary: Display: ShaderCodeLibraryPakFileMountedCallback: pending pak file info (ChunkID:-1 Root:root:/ File:C:/Program Files/Epic Games/UE_4.27/FeaturePacks/TP_FlyingBP.upack)
[2024.05.10-10.35.57:942][  0]LogPakFile: OnPakFileMounted2Time == 0.000122
[2024.05.10-10.35.57:943][  0]LogPakFile: PakFile PrimaryIndexSize=188
[2024.05.10-10.35.57:943][  0]LogPakFile: PakFile PathHashIndexSize=101
[2024.05.10-10.35.57:943][  0]LogPakFile: PakFile FullDirectoryIndexSize=150
[2024.05.10-10.35.57:943][  0]LogShaderLibrary: Display: ShaderCodeLibraryPakFileMountedCallback: PakFile 'C:/Program Files/Epic Games/UE_4.27/FeaturePacks/TP_HandheldARBP.upack' (chunk index -1, root 'root:/') mounted
[2024.05.10-10.35.57:943][  0]LogShaderLibrary: Display: ShaderCodeLibraryPakFileMountedCallback: pending pak file info (ChunkID:-1 Root:root:/ File:C:/Program Files/Epic Games/UE_4.27/FeaturePacks/TP_HandheldARBP.upack)
[2024.05.10-10.35.57:943][  0]LogPakFile: OnPakFileMounted2Time == 0.000120
[2024.05.10-10.35.57:944][  0]LogPakFile: PakFile PrimaryIndexSize=182
[2024.05.10-10.35.57:944][  0]LogPakFile: PakFile PathHashIndexSize=101
[2024.05.10-10.35.57:944][  0]LogPakFile: PakFile FullDirectoryIndexSize=138
[2024.05.10-10.35.57:944][  0]LogShaderLibrary: Display: ShaderCodeLibraryPakFileMountedCallback: PakFile 'C:/Program Files/Epic Games/UE_4.27/FeaturePacks/TP_Puzzle.upack' (chunk index -1, root 'root:/') mounted
[2024.05.10-10.35.57:944][  0]LogShaderLibrary: Display: ShaderCodeLibraryPakFileMountedCallback: pending pak file info (ChunkID:-1 Root:root:/ File:C:/Program Files/Epic Games/UE_4.27/FeaturePacks/TP_Puzzle.upack)
[2024.05.10-10.35.57:944][  0]LogPakFile: OnPakFileMounted2Time == 0.000160
[2024.05.10-10.35.57:945][  0]LogPakFile: PakFile PrimaryIndexSize=184
[2024.05.10-10.35.57:945][  0]LogPakFile: PakFile PathHashIndexSize=101
[2024.05.10-10.35.57:945][  0]LogPakFile: PakFile FullDirectoryIndexSize=142
[2024.05.10-10.35.57:945][  0]LogShaderLibrary: Display: ShaderCodeLibraryPakFileMountedCallback: PakFile 'C:/Program Files/Epic Games/UE_4.27/FeaturePacks/TP_PuzzleBP.upack' (chunk index -1, root 'root:/') mounted
[2024.05.10-10.35.57:945][  0]LogShaderLibrary: Display: ShaderCodeLibraryPakFileMountedCallback: pending pak file info (ChunkID:-1 Root:root:/ File:C:/Program Files/Epic Games/UE_4.27/FeaturePacks/TP_PuzzleBP.upack)
[2024.05.10-10.35.57:945][  0]LogPakFile: OnPakFileMounted2Time == 0.000142
[2024.05.10-10.35.57:946][  0]LogPakFile: PakFile PrimaryIndexSize=183
[2024.05.10-10.35.57:946][  0]LogPakFile: PakFile PathHashIndexSize=101
[2024.05.10-10.35.57:946][  0]LogPakFile: PakFile FullDirectoryIndexSize=140
[2024.05.10-10.35.57:946][  0]LogShaderLibrary: Display: ShaderCodeLibraryPakFileMountedCallback: PakFile 'C:/Program Files/Epic Games/UE_4.27/FeaturePacks/TP_Rolling.upack' (chunk index -1, root 'root:/') mounted
[2024.05.10-10.35.57:946][  0]LogShaderLibrary: Display: ShaderCodeLibraryPakFileMountedCallback: pending pak file info (ChunkID:-1 Root:root:/ File:C:/Program Files/Epic Games/UE_4.27/FeaturePacks/TP_Rolling.upack)
[2024.05.10-10.35.57:946][  0]LogPakFile: OnPakFileMounted2Time == 0.000114
[2024.05.10-10.35.57:947][  0]LogPakFile: PakFile PrimaryIndexSize=185
[2024.05.10-10.35.57:947][  0]LogPakFile: PakFile PathHashIndexSize=101
[2024.05.10-10.35.57:947][  0]LogPakFile: PakFile FullDirectoryIndexSize=144
[2024.05.10-10.35.57:947][  0]LogShaderLibrary: Display: ShaderCodeLibraryPakFileMountedCallback: PakFile 'C:/Program Files/Epic Games/UE_4.27/FeaturePacks/TP_RollingBP.upack' (chunk index -1, root 'root:/') mounted
[2024.05.10-10.35.57:947][  0]LogShaderLibrary: Display: ShaderCodeLibraryPakFileMountedCallback: pending pak file info (ChunkID:-1 Root:root:/ File:C:/Program Files/Epic Games/UE_4.27/FeaturePacks/TP_RollingBP.upack)
[2024.05.10-10.35.57:947][  0]LogPakFile: OnPakFileMounted2Time == 0.000112
[2024.05.10-10.35.57:948][  0]LogPakFile: PakFile PrimaryIndexSize=188
[2024.05.10-10.35.57:948][  0]LogPakFile: PakFile PathHashIndexSize=101
[2024.05.10-10.35.57:948][  0]LogPakFile: PakFile FullDirectoryIndexSize=150
[2024.05.10-10.35.57:948][  0]LogShaderLibrary: Display: ShaderCodeLibraryPakFileMountedCallback: PakFile 'C:/Program Files/Epic Games/UE_4.27/FeaturePacks/TP_SideScroller.upack' (chunk index -1, root 'root:/') mounted
[2024.05.10-10.35.57:948][  0]LogShaderLibrary: Display: ShaderCodeLibraryPakFileMountedCallback: pending pak file info (ChunkID:-1 Root:root:/ File:C:/Program Files/Epic Games/UE_4.27/FeaturePacks/TP_SideScroller.upack)
[2024.05.10-10.35.57:948][  0]LogPakFile: OnPakFileMounted2Time == 0.000129
[2024.05.10-10.35.57:949][  0]LogPakFile: PakFile PrimaryIndexSize=190
[2024.05.10-10.35.57:949][  0]LogPakFile: PakFile PathHashIndexSize=101
[2024.05.10-10.35.57:949][  0]LogPakFile: PakFile FullDirectoryIndexSize=154
[2024.05.10-10.35.57:949][  0]LogShaderLibrary: Display: ShaderCodeLibraryPakFileMountedCallback: PakFile 'C:/Program Files/Epic Games/UE_4.27/FeaturePacks/TP_SideScrollerBP.upack' (chunk index -1, root 'root:/') mounted
[2024.05.10-10.35.57:949][  0]LogShaderLibrary: Display: ShaderCodeLibraryPakFileMountedCallback: pending pak file info (ChunkID:-1 Root:root:/ File:C:/Program Files/Epic Games/UE_4.27/FeaturePacks/TP_SideScrollerBP.upack)
[2024.05.10-10.35.57:949][  0]LogPakFile: OnPakFileMounted2Time == 0.000130
[2024.05.10-10.35.57:950][  0]LogPakFile: PakFile PrimaryIndexSize=187
[2024.05.10-10.35.57:950][  0]LogPakFile: PakFile PathHashIndexSize=101
[2024.05.10-10.35.57:950][  0]LogPakFile: PakFile FullDirectoryIndexSize=148
[2024.05.10-10.35.57:950][  0]LogShaderLibrary: Display: ShaderCodeLibraryPakFileMountedCallback: PakFile 'C:/Program Files/Epic Games/UE_4.27/FeaturePacks/TP_ThirdPerson.upack' (chunk index -1, root 'root:/') mounted
[2024.05.10-10.35.57:950][  0]LogShaderLibrary: Display: ShaderCodeLibraryPakFileMountedCallback: pending pak file info (ChunkID:-1 Root:root:/ File:C:/Program Files/Epic Games/UE_4.27/FeaturePacks/TP_ThirdPerson.upack)
[2024.05.10-10.35.57:950][  0]LogPakFile: OnPakFileMounted2Time == 0.000112
[2024.05.10-10.35.57:951][  0]LogPakFile: PakFile PrimaryIndexSize=189
[2024.05.10-10.35.57:951][  0]LogPakFile: PakFile PathHashIndexSize=101
[2024.05.10-10.35.57:951][  0]LogPakFile: PakFile FullDirectoryIndexSize=152
[2024.05.10-10.35.57:951][  0]LogShaderLibrary: Display: ShaderCodeLibraryPakFileMountedCallback: PakFile 'C:/Program Files/Epic Games/UE_4.27/FeaturePacks/TP_ThirdPersonBP.upack' (chunk index -1, root 'root:/') mounted
[2024.05.10-10.35.57:951][  0]LogShaderLibrary: Display: ShaderCodeLibraryPakFileMountedCallback: pending pak file info (ChunkID:-1 Root:root:/ File:C:/Program Files/Epic Games/UE_4.27/FeaturePacks/TP_ThirdPersonBP.upack)
[2024.05.10-10.35.57:951][  0]LogPakFile: OnPakFileMounted2Time == 0.000117
[2024.05.10-10.35.57:952][  0]LogPakFile: PakFile PrimaryIndexSize=183
[2024.05.10-10.35.57:952][  0]LogPakFile: PakFile PathHashIndexSize=101
[2024.05.10-10.35.57:952][  0]LogPakFile: PakFile FullDirectoryIndexSize=140
[2024.05.10-10.35.57:952][  0]LogShaderLibrary: Display: ShaderCodeLibraryPakFileMountedCallback: PakFile 'C:/Program Files/Epic Games/UE_4.27/FeaturePacks/TP_TopDown.upack' (chunk index -1, root 'root:/') mounted
[2024.05.10-10.35.57:952][  0]LogShaderLibrary: Display: ShaderCodeLibraryPakFileMountedCallback: pending pak file info (ChunkID:-1 Root:root:/ File:C:/Program Files/Epic Games/UE_4.27/FeaturePacks/TP_TopDown.upack)
[2024.05.10-10.35.57:952][  0]LogPakFile: OnPakFileMounted2Time == 0.000147
[2024.05.10-10.35.57:953][  0]LogPakFile: PakFile PrimaryIndexSize=185
[2024.05.10-10.35.57:953][  0]LogPakFile: PakFile PathHashIndexSize=101
[2024.05.10-10.35.57:953][  0]LogPakFile: PakFile FullDirectoryIndexSize=144
[2024.05.10-10.35.57:953][  0]LogShaderLibrary: Display: ShaderCodeLibraryPakFileMountedCallback: PakFile 'C:/Program Files/Epic Games/UE_4.27/FeaturePacks/TP_TopDownBP.upack' (chunk index -1, root 'root:/') mounted
[2024.05.10-10.35.57:953][  0]LogShaderLibrary: Display: ShaderCodeLibraryPakFileMountedCallback: pending pak file info (ChunkID:-1 Root:root:/ File:C:/Program Files/Epic Games/UE_4.27/FeaturePacks/TP_TopDownBP.upack)
[2024.05.10-10.35.57:953][  0]LogPakFile: OnPakFileMounted2Time == 0.000119
[2024.05.10-10.35.57:954][  0]LogPakFile: PakFile PrimaryIndexSize=185
[2024.05.10-10.35.57:954][  0]LogPakFile: PakFile PathHashIndexSize=101
[2024.05.10-10.35.57:954][  0]LogPakFile: PakFile FullDirectoryIndexSize=144
[2024.05.10-10.35.57:954][  0]LogShaderLibrary: Display: ShaderCodeLibraryPakFileMountedCallback: PakFile 'C:/Program Files/Epic Games/UE_4.27/FeaturePacks/TP_TwinStick.upack' (chunk index -1, root 'root:/') mounted
[2024.05.10-10.35.57:954][  0]LogShaderLibrary: Display: ShaderCodeLibraryPakFileMountedCallback: pending pak file info (ChunkID:-1 Root:root:/ File:C:/Program Files/Epic Games/UE_4.27/FeaturePacks/TP_TwinStick.upack)
[2024.05.10-10.35.57:954][  0]LogPakFile: OnPakFileMounted2Time == 0.000126
[2024.05.10-10.35.57:955][  0]LogPakFile: PakFile PrimaryIndexSize=187
[2024.05.10-10.35.57:955][  0]LogPakFile: PakFile PathHashIndexSize=101
[2024.05.10-10.35.57:955][  0]LogPakFile: PakFile FullDirectoryIndexSize=148
[2024.05.10-10.35.57:955][  0]LogShaderLibrary: Display: ShaderCodeLibraryPakFileMountedCallback: PakFile 'C:/Program Files/Epic Games/UE_4.27/FeaturePacks/TP_TwinStickBP.upack' (chunk index -1, root 'root:/') mounted
[2024.05.10-10.35.57:955][  0]LogShaderLibrary: Display: ShaderCodeLibraryPakFileMountedCallback: pending pak file info (ChunkID:-1 Root:root:/ File:C:/Program Files/Epic Games/UE_4.27/FeaturePacks/TP_TwinStickBP.upack)
[2024.05.10-10.35.57:955][  0]LogPakFile: OnPakFileMounted2Time == 0.000114
[2024.05.10-10.35.57:955][  0]LogPakFile: PakFile PrimaryIndexSize=183
[2024.05.10-10.35.57:956][  0]LogPakFile: PakFile PathHashIndexSize=101
[2024.05.10-10.35.57:956][  0]LogPakFile: PakFile FullDirectoryIndexSize=140
[2024.05.10-10.35.57:956][  0]LogShaderLibrary: Display: ShaderCodeLibraryPakFileMountedCallback: PakFile 'C:/Program Files/Epic Games/UE_4.27/FeaturePacks/TP_Vehicle.upack' (chunk index -1, root 'root:/') mounted
[2024.05.10-10.35.57:956][  0]LogShaderLibrary: Display: ShaderCodeLibraryPakFileMountedCallback: pending pak file info (ChunkID:-1 Root:root:/ File:C:/Program Files/Epic Games/UE_4.27/FeaturePacks/TP_Vehicle.upack)
[2024.05.10-10.35.57:956][  0]LogPakFile: OnPakFileMounted2Time == 0.000122
[2024.05.10-10.35.57:956][  0]LogPakFile: PakFile PrimaryIndexSize=186
[2024.05.10-10.35.57:956][  0]LogPakFile: PakFile PathHashIndexSize=101
[2024.05.10-10.35.57:957][  0]LogPakFile: PakFile FullDirectoryIndexSize=146
[2024.05.10-10.35.57:957][  0]LogShaderLibrary: Display: ShaderCodeLibraryPakFileMountedCallback: PakFile 'C:/Program Files/Epic Games/UE_4.27/FeaturePacks/TP_VehicleAdv.upack' (chunk index -1, root 'root:/') mounted
[2024.05.10-10.35.57:957][  0]LogShaderLibrary: Display: ShaderCodeLibraryPakFileMountedCallback: pending pak file info (ChunkID:-1 Root:root:/ File:C:/Program Files/Epic Games/UE_4.27/FeaturePacks/TP_VehicleAdv.upack)
[2024.05.10-10.35.57:957][  0]LogPakFile: OnPakFileMounted2Time == 0.000113
[2024.05.10-10.35.57:957][  0]LogPakFile: PakFile PrimaryIndexSize=188
[2024.05.10-10.35.57:957][  0]LogPakFile: PakFile PathHashIndexSize=101
[2024.05.10-10.35.57:957][  0]LogPakFile: PakFile FullDirectoryIndexSize=150
[2024.05.10-10.35.57:957][  0]LogShaderLibrary: Display: ShaderCodeLibraryPakFileMountedCallback: PakFile 'C:/Program Files/Epic Games/UE_4.27/FeaturePacks/TP_VehicleAdvBP.upack' (chunk index -1, root 'root:/') mounted
[2024.05.10-10.35.57:958][  0]LogShaderLibrary: Display: ShaderCodeLibraryPakFileMountedCallback: pending pak file info (ChunkID:-1 Root:root:/ File:C:/Program Files/Epic Games/UE_4.27/FeaturePacks/TP_VehicleAdvBP.upack)
[2024.05.10-10.35.57:958][  0]LogPakFile: OnPakFileMounted2Time == 0.000115
[2024.05.10-10.35.57:958][  0]LogPakFile: PakFile PrimaryIndexSize=185
[2024.05.10-10.35.57:958][  0]LogPakFile: PakFile PathHashIndexSize=101
[2024.05.10-10.35.57:958][  0]LogPakFile: PakFile FullDirectoryIndexSize=144
[2024.05.10-10.35.57:958][  0]LogShaderLibrary: Display: ShaderCodeLibraryPakFileMountedCallback: PakFile 'C:/Program Files/Epic Games/UE_4.27/FeaturePacks/TP_VehicleBP.upack' (chunk index -1, root 'root:/') mounted
[2024.05.10-10.35.57:958][  0]LogShaderLibrary: Display: ShaderCodeLibraryPakFileMountedCallback: pending pak file info (ChunkID:-1 Root:root:/ File:C:/Program Files/Epic Games/UE_4.27/FeaturePacks/TP_VehicleBP.upack)
[2024.05.10-10.35.57:958][  0]LogPakFile: OnPakFileMounted2Time == 0.000107
[2024.05.10-10.35.57:959][  0]LogPakFile: PakFile PrimaryIndexSize=192
[2024.05.10-10.35.57:959][  0]LogPakFile: PakFile PathHashIndexSize=101
[2024.05.10-10.35.57:959][  0]LogPakFile: PakFile FullDirectoryIndexSize=158
[2024.05.10-10.35.57:959][  0]LogShaderLibrary: Display: ShaderCodeLibraryPakFileMountedCallback: PakFile 'C:/Program Files/Epic Games/UE_4.27/FeaturePacks/TP_VirtualRealityBP.upack' (chunk index -1, root 'root:/') mounted
[2024.05.10-10.35.57:959][  0]LogShaderLibrary: Display: ShaderCodeLibraryPakFileMountedCallback: pending pak file info (ChunkID:-1 Root:root:/ File:C:/Program Files/Epic Games/UE_4.27/FeaturePacks/TP_VirtualRealityBP.upack)
[2024.05.10-10.35.57:959][  0]LogPakFile: OnPakFileMounted2Time == 0.000120
[2024.05.10-10.35.58:020][  0]LogNativeClassHierarchy: Verbose: Native class hierarchy updated for 'AddContentDialog' in 0.0002 seconds. Added 0 classes and 0 folders.
[2024.05.10-10.35.58:022][  0]LogNativeClassHierarchy: Verbose: Native class hierarchy updated for 'SceneOutliner' in 0.0003 seconds. Added 2 classes and 0 folders.
[2024.05.10-10.35.58:050][  0]LogNativeClassHierarchy: Verbose: Native class hierarchy updated for 'HierarchicalLODOutliner' in 0.0002 seconds. Added 0 classes and 0 folders.
[2024.05.10-10.35.58:050][  0]LogLoad: (Engine Initialization) Total time: 7.48 seconds
[2024.05.10-10.35.58:050][  0]LogLoad: (Engine Initialization) Total Blueprint compile time: 0.00 seconds
[2024.05.10-10.35.58:086][  0]LogAssetRegistry: Asset discovery search completed in 3.7878 seconds
[2024.05.10-10.35.58:091][  0]LogCollectionManager: Fixed up redirectors for 0 collections in 0.000004 seconds (updated 0 objects)
[2024.05.10-10.35.58:092][  0]LogContentStreaming: Texture pool size now 1000 MB
[2024.05.10-10.35.58:097][  0]LogSlate: Took 0.000110 seconds to synchronously load lazily loaded font '../../../Engine/Content/Slate/Fonts/Roboto-Regular.ttf' (155K)
[2024.05.10-10.35.58:098][  0]LogSlate: Took 0.000113 seconds to synchronously load lazily loaded font '../../../Engine/Content/Editor/Slate/Fonts/FontAwesome.ttf' (139K)
[2024.05.10-10.35.58:099][  0]LogSlate: Took 0.000140 seconds to synchronously load lazily loaded font '../../../Engine/Content/Slate/Fonts/Roboto-Bold.ttf' (160K)
[2024.05.10-10.35.58:183][  1]LogRenderer: Reallocating scene render targets to support 968x772 Format 10 NumSamples 1 (Frame:1).
[2024.05.10-10.35.59:776][160]LogTemp: Repeating last play command: Selected Viewport
[2024.05.10-10.35.59:781][160]LogPlayLevel: PlayLevel: No blueprints needed recompiling
[2024.05.10-10.35.59:781][160]PIE: New page: PIE session: MainMap (May 10, 2024, 4:35:59 PM)
[2024.05.10-10.35.59:783][160]LogOnline: OSS: Creating online subsystem instance for: NULL
[2024.05.10-10.35.59:785][160]LogOnline: OSS: TryLoadSubsystemAndSetDefault: Loaded subsystem for module [NULL]
[2024.05.10-10.35.59:785][160]LogPlayLevel: Creating play world package: /Game/UEDPIE_0_MainMap
[2024.05.10-10.35.59:787][160]LogPlayLevel: PIE: StaticDuplicateObject took: (0.002255s)
[2024.05.10-10.35.59:788][160]LogAIModule: Creating AISystem for world MainMap
[2024.05.10-10.35.59:788][160]LogPlayLevel: PIE: World Init took: (0.001277s)
[2024.05.10-10.35.59:788][160]LogPlayLevel: PIE: Created PIE world by copying editor world from /Game/MainMap.MainMap to /Game/UEDPIE_0_MainMap.MainMap (0.003836s)
[2024.05.10-10.35.59:793][160]LogUObjectHash: Compacting FUObjectHashTables data took   0.57ms
[2024.05.10-10.35.59:794][160]LogAudio: Display: Creating Audio Device:                 Id: 2, Scope: Unique, Realtime: True
[2024.05.10-10.35.59:794][160]LogAudioMixer: Display: Audio Mixer Platform Settings:
[2024.05.10-10.35.59:794][160]LogAudioMixer: Display: 	Sample Rate:						  48000
[2024.05.10-10.35.59:794][160]LogAudioMixer: Display: 	Callback Buffer Frame Size Requested: 1024
[2024.05.10-10.35.59:794][160]LogAudioMixer: Display: 	Callback Buffer Frame Size To Use:	  1024
[2024.05.10-10.35.59:794][160]LogAudioMixer: Display: 	Number of buffers to queue:			  2
[2024.05.10-10.35.59:795][160]LogAudioMixer: Display: 	Max Channels (voices):				  32
[2024.05.10-10.35.59:795][160]LogAudioMixer: Display: 	Number of Async Source Workers:		  0
[2024.05.10-10.35.59:795][160]LogAudio: Display: AudioDevice MaxSources: 32
[2024.05.10-10.35.59:795][160]LogAudio: Display: Audio Spatialization Plugin: None (built-in).
[2024.05.10-10.35.59:795][160]LogAudio: Display: Audio Reverb Plugin: None (built-in).
[2024.05.10-10.35.59:795][160]LogAudio: Display: Audio Occlusion Plugin: None (built-in).
[2024.05.10-10.35.59:796][160]LogAudioMixer: Display: Initializing audio mixer.
[2024.05.10-10.35.59:799][160]LogAudioMixer: Display: 0: FrontLeft
[2024.05.10-10.35.59:799][160]LogAudioMixer: Display: 1: FrontRight
[2024.05.10-10.35.59:805][160]LogAudioMixer: Display: Using Audio Device Speakers (ASUS Essence STX II Audio Device)
[2024.05.10-10.35.59:805][160]LogAudioMixer: Display: Initializing Sound Submixes...
[2024.05.10-10.35.59:805][160]LogAudioMixer: Display: Creating Master Submix 'MasterSubmixDefault'
[2024.05.10-10.35.59:805][160]LogAudioMixer: Display: Creating Master Submix 'MasterReverbSubmixDefault'
[2024.05.10-10.35.59:806][160]LogAudioMixer: Display: Creating Master Submix 'MasterEQSubmixDefault'
[2024.05.10-10.35.59:806][160]LogAudioMixer: FMixerPlatformXAudio2::StartAudioStream() called
[2024.05.10-10.35.59:806][160]LogAudioMixer: Display: Output buffers initialized: Frames=1024, Channels=2, Samples=2048
[2024.05.10-10.35.59:808][160]LogAudioMixer: Display: Starting AudioMixerPlatformInterface::RunInternal()
[2024.05.10-10.35.59:808][160]LogAudioMixer: Display: FMixerPlatformXAudio2::SubmitBuffer() called for the first time
[2024.05.10-10.35.59:808][160]LogInit: FAudioDevice initialized.
[2024.05.10-10.35.59:808][160]LogAudio: Display: Audio Device (ID: 2) registered with world 'MainMap'.
[2024.05.10-10.35.59:830][160]LogLoad: Game class is 'SnakeGameModeBP_C'
[2024.05.10-10.35.59:832][160]LogWorld: Bringing World /Game/UEDPIE_0_MainMap.MainMap up for play (max tick rate 0) at 2024.05.10-13.35.59
[2024.05.10-10.35.59:832][160]LogWorld: Bringing up level for play took: 0.000721
[2024.05.10-10.35.59:832][160]LogOnline: OSS: Creating online subsystem instance for: :Context_6
[2024.05.10-10.35.59:836][160]LogNativeClassHierarchy: Verbose: Native class hierarchy updated for 'MovieSceneCapture' in 0.0003 seconds. Added 20 classes and 0 folders.
[2024.05.10-10.35.59:837][160]LogActor: Warning: SnakeElemBP_C /Game/UEDPIE_0_MainMap.MainMap:PersistentLevel.SnakeElemBP_C_0 has natively added scene component(s), but none of them were set as the actor's RootComponent - picking one arbitrarily
[2024.05.10-10.35.59:838][160]PIE: Server logged in
[2024.05.10-10.35.59:839][160]PIE: Play in editor total start time 0.059 seconds.
[2024.05.10-10.35.59:861][161]LogActor: Warning: SnakeElemBP_C /Engine/Transient.World_5:PersistentLevel.SnakeElemBP_C_0 has natively added scene component(s), but none of them were set as the actor's RootComponent - picking one arbitrarily
[2024.05.10-10.36.05:180][796]LogActor: Warning: SnakeElemBP_C /Game/UEDPIE_0_MainMap.MainMap:PersistentLevel.SnakeElemBP_C_1 has natively added scene component(s), but none of them were set as the actor's RootComponent - picking one arbitrarily
[2024.05.10-10.36.14:181][876]LogActor: Warning: SnakeElemBP_C /Game/UEDPIE_0_MainMap.MainMap:PersistentLevel.SnakeElemBP_C_2 has natively added scene component(s), but none of them were set as the actor's RootComponent - picking one arbitrarily
[2024.05.10-10.36.18:381][380]LogActor: Warning: SnakeElemBP_C /Game/UEDPIE_0_MainMap.MainMap:PersistentLevel.SnakeElemBP_C_3 has natively added scene component(s), but none of them were set as the actor's RootComponent - picking one arbitrarily
[2024.05.10-10.36.26:181][316]LogActor: Warning: SnakeElemBP_C /Game/UEDPIE_0_MainMap.MainMap:PersistentLevel.SnakeElemBP_C_4 has natively added scene component(s), but none of them were set as the actor's RootComponent - picking one arbitrarily
[2024.05.10-10.36.29:781][748]LogActor: Warning: SnakeElemBP_C /Game/UEDPIE_0_MainMap.MainMap:PersistentLevel.SnakeElemBP_C_5 has natively added scene component(s), but none of them were set as the actor's RootComponent - picking one arbitrarily
[2024.05.10-10.36.37:581][684]LogActor: Warning: SnakeElemBP_C /Game/UEDPIE_0_MainMap.MainMap:PersistentLevel.SnakeElemBP_C_6 has natively added scene component(s), but none of them were set as the actor's RootComponent - picking one arbitrarily
[2024.05.10-10.36.43:582][404]LogActor: Warning: SnakeElemBP_C /Game/UEDPIE_0_MainMap.MainMap:PersistentLevel.SnakeElemBP_C_7 has natively added scene component(s), but none of them were set as the actor's RootComponent - picking one arbitrarily
[2024.05.10-10.36.50:182][196]LogActor: Warning: SnakeElemBP_C /Game/UEDPIE_0_MainMap.MainMap:PersistentLevel.SnakeElemBP_C_8 has natively added scene component(s), but none of them were set as the actor's RootComponent - picking one arbitrarily
[2024.05.10-10.36.57:382][ 60]LogActor: Warning: SnakeElemBP_C /Game/UEDPIE_0_MainMap.MainMap:PersistentLevel.SnakeElemBP_C_9 has natively added scene component(s), but none of them were set as the actor's RootComponent - picking one arbitrarily
