Log file open, 04/23/24 10:44:56
LogWindows: Failed to load 'aqProf.dll' (GetLastError=126)
LogWindows: File 'aqProf.dll' does not exist
LogWindows: Failed to load 'VtuneApi.dll' (GetLastError=126)
LogWindows: File 'VtuneApi.dll' does not exist
LogWindows: Failed to load 'VtuneApi32e.dll' (GetLastError=126)
LogWindows: File 'VtuneApi32e.dll' does not exist
LogConsoleResponse: Display: Failed to find resolution value strings in scalability ini. Falling back to default.
LogConsoleResponse: Display: Failed to find resolution value strings in scalability ini. Falling back to default.
LogInit: Display: Running engine for game: SnakeGame
LogPlatformFile: Not using cached read wrapper
LogTaskGraph: Started task graph with 5 named threads and 35 total threads with 3 sets of task threads.
LogStats: Stats thread started at 0.304848
LogICUInternationalization: ICU TimeZone Detection - Raw Offset: +3:00, Platform Override: ''
LogInit: Display: Loading text-based GConfig....
LogPluginManager: Mounting plugin MeshPainting
LogPluginManager: Mounting plugin XGEController
LogPluginManager: Mounting plugin Paper2D
LogPluginManager: Mounting plugin AISupport
LogPluginManager: Mounting plugin EnvironmentQueryEditor
LogPluginManager: Mounting plugin LiveLink
LogPluginManager: Mounting plugin LightPropagationVolume
LogPluginManager: Mounting plugin CameraShakePreviewer
LogPluginManager: Mounting plugin GameplayCameras
LogPluginManager: Mounting plugin OodleData
LogPluginManager: Mounting plugin AnimationSharing
LogPluginManager: Mounting plugin OodleNetwork
LogPluginManager: Mounting plugin CLionSourceCodeAccess
LogPluginManager: Mounting plugin CodeLiteSourceCodeAccess
LogPluginManager: Mounting plugin KDevelopSourceCodeAccess
LogPluginManager: Mounting plugin GitSourceControl
LogPluginManager: Mounting plugin NullSourceCodeAccess
LogPluginManager: Mounting plugin PerforceSourceControl
LogPluginManager: Mounting plugin PlasticSourceControl
LogPluginManager: Mounting plugin PluginUtils
LogPluginManager: Mounting plugin PropertyAccessNode
LogPluginManager: Mounting plugin RiderSourceCodeAccess
LogPluginManager: Mounting plugin SubversionSourceControl
LogPluginManager: Mounting plugin TextureFormatOodle
LogPluginManager: Mounting plugin AssetManagerEditor
LogPluginManager: Mounting plugin UObjectPlugin
LogPluginManager: Mounting plugin CryptoKeys
LogPluginManager: Mounting plugin VisualStudioCodeSourceCodeAccess
LogPluginManager: Mounting plugin CurveEditorTools
LogPluginManager: Mounting plugin VisualStudioSourceCodeAccess
LogPluginManager: Mounting plugin DataValidation
LogPluginManager: Mounting plugin XCodeSourceCodeAccess
LogPluginManager: Mounting plugin FacialAnimation
LogPluginManager: Mounting plugin GeometryMode
LogPluginManager: Mounting plugin GameplayTagsEditor
LogPluginManager: Mounting plugin MacGraphicsSwitching
LogPluginManager: Mounting plugin MaterialAnalyzer
LogPluginManager: Mounting plugin PluginBrowser
LogPluginManager: Mounting plugin MobileLauncherProfileWizard
LogPluginManager: Mounting plugin SpeedTreeImporter
LogPluginManager: Mounting plugin VariantManagerContent
LogPluginManager: Mounting plugin Niagara
LogPluginManager: Mounting plugin PixWinPlugin
LogPluginManager: Mounting plugin DatasmithContent
LogPluginManager: Mounting plugin AlembicImporter
LogPluginManager: Mounting plugin AutomationUtils
LogPluginManager: Mounting plugin BackChannel
LogPluginManager: Mounting plugin ChaosCloth
LogPluginManager: Mounting plugin ChaosClothEditor
LogPluginManager: Mounting plugin ChaosEditor
LogPluginManager: Mounting plugin ChaosNiagara
LogPluginManager: Mounting plugin ChaosSolverPlugin
LogPluginManager: Mounting plugin CharacterAI
LogPluginManager: Mounting plugin GeometryCache
LogPluginManager: Mounting plugin GeometryProcessing
LogPluginManager: Mounting plugin GeometryCollectionPlugin
LogPluginManager: Mounting plugin OpenImageDenoise
LogPluginManager: Mounting plugin PlanarCut
LogPluginManager: Mounting plugin MagicLeap
LogPluginManager: Mounting plugin LuminPlatformFeatures
LogPluginManager: Mounting plugin PlatformCrypto
LogPluginManager: Mounting plugin MotoSynth
LogPluginManager: Mounting plugin MagicLeapLightEstimation
LogPluginManager: Mounting plugin PythonScriptPlugin
LogPluginManager: Mounting plugin MagicLeapMedia
LogPluginManager: Mounting plugin MagicLeapPassableWorld
LogPluginManager: Mounting plugin ProxyLODPlugin
LogPluginManager: Mounting plugin MLSDK
LogPluginManager: Mounting plugin SkeletalReduction
LogPluginManager: Mounting plugin AndroidMedia
LogPluginManager: Mounting plugin AvfMedia
LogPluginManager: Mounting plugin ImgMedia
LogPluginManager: Mounting plugin MediaCompositing
LogPluginManager: Mounting plugin WebMMedia
LogPluginManager: Mounting plugin MediaPlayerEditor
LogPluginManager: Mounting plugin WmfMedia
LogPluginManager: Mounting plugin TcpMessaging
LogPluginManager: Mounting plugin UdpMessaging
LogPluginManager: Mounting plugin ActorSequence
LogPluginManager: Mounting plugin LevelSequenceEditor
LogPluginManager: Mounting plugin MatineeToLevelSequence
LogPluginManager: Mounting plugin OnlineSubsystem
LogPluginManager: Mounting plugin TemplateSequence
LogPluginManager: Mounting plugin OnlineSubsystemNull
LogPluginManager: Mounting plugin OnlineSubsystemUtils
LogPluginManager: Mounting plugin LauncherChunkInstaller
LogPluginManager: Mounting plugin ActorLayerUtilities
LogPluginManager: Mounting plugin AndroidDeviceProfileSelector
LogPluginManager: Mounting plugin AndroidMoviePlayer
LogPluginManager: Mounting plugin AndroidPermission
LogPluginManager: Mounting plugin AppleImageUtils
LogPluginManager: Mounting plugin AppleMoviePlayer
LogPluginManager: Mounting plugin ArchVisCharacter
LogPluginManager: Mounting plugin AudioCapture
LogPluginManager: Mounting plugin AudioSynesthesia
LogPluginManager: Mounting plugin CustomMeshComponent
LogPluginManager: Mounting plugin CableComponent
LogPluginManager: Mounting plugin ExampleDeviceProfileSelector
LogPluginManager: Mounting plugin EditableMesh
LogPluginManager: Mounting plugin AssetTags
LogPluginManager: Mounting plugin GoogleCloudMessaging
LogPluginManager: Mounting plugin GooglePAD
LogPluginManager: Mounting plugin ChunkDownloader
LogPluginManager: Mounting plugin IOSDeviceProfileSelector
LogPluginManager: Mounting plugin LinuxDeviceProfileSelector
LogPluginManager: Mounting plugin LocationServicesBPLibrary
LogPluginManager: Mounting plugin MobilePatchingUtils
LogPluginManager: Mounting plugin OpenXR
LogPluginManager: Mounting plugin ScreenshotTools
LogPluginManager: Mounting plugin OpenXREyeTracker
LogPluginManager: Mounting plugin PhysXVehicles
LogPluginManager: Mounting plugin PostSplashScreen
LogPluginManager: Mounting plugin ProceduralMeshComponent
LogPluginManager: Mounting plugin PropertyAccessEditor
LogPluginManager: Mounting plugin RuntimePhysXCooking
LogPluginManager: Mounting plugin SignificanceManager
LogPluginManager: Mounting plugin SoundFields
LogPluginManager: Mounting plugin OpenXRHandTracking
LogPluginManager: Mounting plugin Synthesis
LogPluginManager: Mounting plugin WindowsMoviePlayer
LogPluginManager: Mounting plugin Takes
LogPluginManager: Mounting plugin WebMMoviePlayer
LogPluginManager: Mounting plugin ContentBrowserAssetDataSource
LogPluginManager: Mounting plugin ContentBrowserClassDataSource
LogPluginManager: Mounting plugin ContentBrowserFileDataSource
LogPluginManager: Mounting plugin OnlineSubsystemIOS
LogPluginManager: Mounting plugin OnlineSubsystemGooglePlay
LogPluginManager: Mounting plugin SteamVR
LogPluginManager: Mounting plugin OculusVR
PixWinPlugin: PIX capture plugin failed to initialize! Check that the process is launched from PIX.
LogInit: Using libcurl 7.55.1-DEV
LogInit:  - built for x86_64-pc-win32
LogInit:  - supports SSL with OpenSSL/1.1.1
LogInit:  - supports HTTP deflate (compression) using libz 1.2.8
LogInit:  - other features:
LogInit:      CURL_VERSION_SSL
LogInit:      CURL_VERSION_LIBZ
LogInit:      CURL_VERSION_IPV6
LogInit:      CURL_VERSION_ASYNCHDNS
LogInit:      CURL_VERSION_LARGEFILE
LogInit:      CURL_VERSION_IDN
LogInit:  CurlRequestOptions (configurable via config and command line):
LogInit:  - bVerifyPeer = true  - Libcurl will verify peer certificate
LogInit:  - bUseHttpProxy = false  - Libcurl will NOT use HTTP proxy
LogInit:  - bDontReuseConnections = false  - Libcurl will reuse connections
LogInit:  - MaxHostConnections = 16  - Libcurl will limit the number of connections to a host
LogInit:  - LocalHostAddr = Default
LogInit:  - BufferSize = 65536
LogOnline: OSS: Creating online subsystem instance for: NULL
LogInit: WinSock: version 1.1 (2.2), MaxSocks=32767, MaxUdp=65467
LogOnline: OSS: TryLoadSubsystemAndSetDefault: Loaded subsystem for module [NULL]
LogOculusPluginWrapper: OculusPlugin initialized successfully
LogHMD: Failed initializing OVRPlugin 1.59.0
LogInit: Build: ++UE4+Release-4.27-CL-18319896
LogInit: Engine Version: 4.27.2-18319896+++UE4+Release-4.27
LogInit: Compatible Engine Version: 4.27.0-17155196+++UE4+Release-4.27
LogInit: Net CL: 17155196
LogInit: OS: Windows 10 (Release 2009) (), CPU: Intel(R) Core(TM) i7-8700K CPU @ 3.70GHz, GPU: AMD Radeon RX 6750 XT
LogInit: Compiled (64-bit): Nov 30 2021 07:12:08
LogInit: Compiled with Visual C++: 19.24.28315.00
LogInit: Build Configuration: Development
LogInit: Branch Name: ++UE4+Release-4.27
LogInit: Command Line:  -skipcompile
LogInit: Base Directory: C:/Program Files/Epic Games/UE_4.27/Engine/Binaries/Win64/
LogInit: Allocator: TBB
LogInit: Installed Engine Build: 1
LogDevObjectVersion: Number of dev versions registered: 29
LogDevObjectVersion:   Dev-Blueprints (B0D832E4-1F89-4F0D-ACCF-7EB736FD4AA2): 10
LogDevObjectVersion:   Dev-Build (E1C64328-A22C-4D53-A36C-8E866417BD8C): 0
LogDevObjectVersion:   Dev-Core (375EC13C-06E4-48FB-B500-84F0262A717E): 4
LogDevObjectVersion:   Dev-Editor (E4B068ED-F494-42E9-A231-DA0B2E46BB41): 40
LogDevObjectVersion:   Dev-Framework (CFFC743F-43B0-4480-9391-14DF171D2073): 37
LogDevObjectVersion:   Dev-Mobile (B02B49B5-BB20-44E9-A304-32B752E40360): 3
LogDevObjectVersion:   Dev-Networking (A4E4105C-59A1-49B5-A7C5-40C4547EDFEE): 0
LogDevObjectVersion:   Dev-Online (39C831C9-5AE6-47DC-9A44-9C173E1C8E7C): 0
LogDevObjectVersion:   Dev-Physics (78F01B33-EBEA-4F98-B9B4-84EACCB95AA2): 14
LogDevObjectVersion:   Dev-Platform (6631380F-2D4D-43E0-8009-CF276956A95A): 0
LogDevObjectVersion:   Dev-Rendering (12F88B9F-8875-4AFC-A67C-D90C383ABD29): 45
LogDevObjectVersion:   Dev-Sequencer (7B5AE74C-D270-4C10-A958-57980B212A5A): 13
LogDevObjectVersion:   Dev-VR (D7296918-1DD6-4BDD-9DE2-64A83CC13884): 3
LogDevObjectVersion:   Dev-LoadTimes (C2A15278-BFE7-4AFE-6C17-90FF531DF755): 1
LogDevObjectVersion:   Private-Geometry (6EACA3D4-40EC-4CC1-B786-8BED09428FC5): 3
LogDevObjectVersion:   Dev-AnimPhys (29E575DD-E0A3-4627-9D10-D276232CDCEA): 17
LogDevObjectVersion:   Dev-Anim (AF43A65D-7FD3-4947-9873-3E8ED9C1BB05): 15
LogDevObjectVersion:   Dev-ReflectionCapture (6B266CEC-1EC7-4B8F-A30B-E4D90942FC07): 1
LogDevObjectVersion:   Dev-Automation (0DF73D61-A23F-47EA-B727-89E90C41499A): 1
LogDevObjectVersion:   FortniteMain (601D1886-AC64-4F84-AA16-D3DE0DEAC7D6): 47
LogDevObjectVersion:   FortniteRelease (E7086368-6B23-4C58-8439-1B7016265E91): 1
LogDevObjectVersion:   Dev-Enterprise (9DFFBCD6-494F-0158-E221-12823C92A888): 10
LogDevObjectVersion:   Dev-Niagara (F2AED0AC-9AFE-416F-8664-AA7FFA26D6FC): 1
LogDevObjectVersion:   Dev-Destruction (174F1F0B-B4C6-45A5-B13F-2EE8D0FB917D): 10
LogDevObjectVersion:   Dev-Physics-Ext (35F94A83-E258-406C-A318-09F59610247C): 41
LogDevObjectVersion:   Dev-PhysicsMaterial-Chaos (B68FC16E-8B1B-42E2-B453-215C058844FE): 1
LogDevObjectVersion:   Dev-CineCamera (B2E18506-4273-CFC2-A54E-F4BB758BBA07): 1
LogDevObjectVersion:   Dev-VirtualProduction (64F58936-FD1B-42BA-BA96-7289D5D0FA4E): 1
LogDevObjectVersion:   Dev-MediaFramework (6F0ED827-A609-4895-9C91-998D90180EA4): 2
LogInit: Presizing for max 25165824 objects, including 0 objects not considered by GC, pre-allocating 0 bytes for permanent pool.
LogConfig: Applying CVar settings from Section [/Script/Engine.StreamingSettings] File [C:/Users/Green/Desktop/Snake/SnakeGame/Saved/Config/Windows/Engine.ini]
LogConfig: Setting CVar [[s.MinBulkDataSizeForAsyncLoading:131072]]
LogConfig: Setting CVar [[s.AsyncLoadingThreadEnabled:0]]
LogConfig: Setting CVar [[s.EventDrivenLoaderEnabled:1]]
LogConfig: Setting CVar [[s.WarnIfTimeLimitExceeded:0]]
LogConfig: Setting CVar [[s.TimeLimitExceededMultiplier:1.5]]
LogConfig: Setting CVar [[s.TimeLimitExceededMinTime:0.005]]
LogConfig: Setting CVar [[s.UseBackgroundLevelStreaming:1]]
LogConfig: Setting CVar [[s.PriorityAsyncLoadingExtraTime:15.0]]
LogConfig: Setting CVar [[s.LevelStreamingActorsUpdateTimeLimit:5.0]]
LogConfig: Setting CVar [[s.PriorityLevelStreamingActorsUpdateExtraTime:5.0]]
LogConfig: Setting CVar [[s.LevelStreamingComponentsRegistrationGranularity:10]]
LogConfig: Setting CVar [[s.UnregisterComponentsTimeLimit:1.0]]
LogConfig: Setting CVar [[s.LevelStreamingComponentsUnregistrationGranularity:5]]
LogConfig: Setting CVar [[s.FlushStreamingOnExit:1]]
LogInit: Object subsystem initialized
LogConfig: Setting CVar [[con.DebugEarlyDefault:1]]
LogConfig: Setting CVar [[r.setres:1280x720]]
[2024.04.23-07.44.57:302][  0]LogConfig: Setting CVar [[r.VSync:0]]
[2024.04.23-07.44.57:302][  0]LogConfig: Setting CVar [[r.RHICmdBypass:0]]
[2024.04.23-07.44.57:302][  0]LogConfig: Applying CVar settings from Section [/Script/Engine.RendererSettings] File [C:/Users/Green/Desktop/Snake/SnakeGame/Saved/Config/Windows/Engine.ini]
[2024.04.23-07.44.57:303][  0]LogConfig: Setting CVar [[r.GPUCrashDebugging:0]]
[2024.04.23-07.44.57:303][  0]LogConfig: Applying CVar settings from Section [/Script/Engine.RendererOverrideSettings] File [C:/Users/Green/Desktop/Snake/SnakeGame/Saved/Config/Windows/Engine.ini]
[2024.04.23-07.44.57:303][  0]LogConfig: Applying CVar settings from Section [/Script/Engine.StreamingSettings] File [C:/Users/Green/Desktop/Snake/SnakeGame/Saved/Config/Windows/Engine.ini]
[2024.04.23-07.44.57:303][  0]LogConfig: Setting CVar [[s.MinBulkDataSizeForAsyncLoading:131072]]
[2024.04.23-07.44.57:303][  0]LogConfig: Setting CVar [[s.AsyncLoadingThreadEnabled:0]]
[2024.04.23-07.44.57:303][  0]LogConfig: Setting CVar [[s.EventDrivenLoaderEnabled:1]]
[2024.04.23-07.44.57:303][  0]LogConfig: Setting CVar [[s.WarnIfTimeLimitExceeded:0]]
[2024.04.23-07.44.57:303][  0]LogConfig: Setting CVar [[s.TimeLimitExceededMultiplier:1.5]]
[2024.04.23-07.44.57:303][  0]LogConfig: Setting CVar [[s.TimeLimitExceededMinTime:0.005]]
[2024.04.23-07.44.57:303][  0]LogConfig: Setting CVar [[s.UseBackgroundLevelStreaming:1]]
[2024.04.23-07.44.57:303][  0]LogConfig: Setting CVar [[s.PriorityAsyncLoadingExtraTime:15.0]]
[2024.04.23-07.44.57:303][  0]LogConfig: Setting CVar [[s.LevelStreamingActorsUpdateTimeLimit:5.0]]
[2024.04.23-07.44.57:303][  0]LogConfig: Setting CVar [[s.PriorityLevelStreamingActorsUpdateExtraTime:5.0]]
[2024.04.23-07.44.57:303][  0]LogConfig: Setting CVar [[s.LevelStreamingComponentsRegistrationGranularity:10]]
[2024.04.23-07.44.57:303][  0]LogConfig: Setting CVar [[s.UnregisterComponentsTimeLimit:1.0]]
[2024.04.23-07.44.57:303][  0]LogConfig: Setting CVar [[s.LevelStreamingComponentsUnregistrationGranularity:5]]
[2024.04.23-07.44.57:303][  0]LogConfig: Setting CVar [[s.FlushStreamingOnExit:1]]
[2024.04.23-07.44.57:303][  0]LogConfig: Applying CVar settings from Section [/Script/Engine.GarbageCollectionSettings] File [C:/Users/Green/Desktop/Snake/SnakeGame/Saved/Config/Windows/Engine.ini]
[2024.04.23-07.44.57:304][  0]LogConfig: Setting CVar [[gc.MaxObjectsNotConsideredByGC:1]]
[2024.04.23-07.44.57:304][  0]LogConfig: Setting CVar [[gc.SizeOfPermanentObjectPool:0]]
[2024.04.23-07.44.57:304][  0]LogConfig: Setting CVar [[gc.FlushStreamingOnGC:0]]
[2024.04.23-07.44.57:304][  0]LogConfig: Setting CVar [[gc.NumRetriesBeforeForcingGC:10]]
[2024.04.23-07.44.57:304][  0]LogConfig: Setting CVar [[gc.AllowParallelGC:1]]
[2024.04.23-07.44.57:304][  0]LogConfig: Setting CVar [[gc.TimeBetweenPurgingPendingKillObjects:61.1]]
[2024.04.23-07.44.57:304][  0]LogConfig: Setting CVar [[gc.MaxObjectsInEditor:25165824]]
[2024.04.23-07.44.57:304][  0]LogConfig: Setting CVar [[gc.IncrementalBeginDestroyEnabled:1]]
[2024.04.23-07.44.57:304][  0]LogConfig: Setting CVar [[gc.CreateGCClusters:1]]
[2024.04.23-07.44.57:304][  0]LogConfig: Setting CVar [[gc.MinGCClusterSize:5]]
[2024.04.23-07.44.57:304][  0]LogConfig: Setting CVar [[gc.ActorClusteringEnabled:0]]
[2024.04.23-07.44.57:304][  0]LogConfig: Setting CVar [[gc.BlueprintClusteringEnabled:0]]
[2024.04.23-07.44.57:304][  0]LogConfig: Setting CVar [[gc.UseDisregardForGCOnDedicatedServers:0]]
[2024.04.23-07.44.57:304][  0]LogConfig: Setting CVar [[gc.MultithreadedDestructionEnabled:1]]
[2024.04.23-07.44.57:304][  0]LogConfig: Applying CVar settings from Section [/Script/Engine.NetworkSettings] File [C:/Users/Green/Desktop/Snake/SnakeGame/Saved/Config/Windows/Engine.ini]
[2024.04.23-07.44.57:304][  0]LogConfig: Applying CVar settings from Section [/Script/UnrealEd.CookerSettings] File [C:/Users/Green/Desktop/Snake/SnakeGame/Saved/Config/Windows/Engine.ini]
[2024.04.23-07.44.57:318][  0]LogConfig: Applying CVar settings from Section [ViewDistanceQuality@3] File [C:/Users/Green/Desktop/Snake/SnakeGame/Saved/Config/Windows/Scalability.ini]
[2024.04.23-07.44.57:318][  0]LogConfig: Setting CVar [[r.SkeletalMeshLODBias:0]]
[2024.04.23-07.44.57:318][  0]LogConfig: Setting CVar [[r.ViewDistanceScale:1.0]]
[2024.04.23-07.44.57:318][  0]LogConfig: Applying CVar settings from Section [AntiAliasingQuality@3] File [C:/Users/Green/Desktop/Snake/SnakeGame/Saved/Config/Windows/Scalability.ini]
[2024.04.23-07.44.57:318][  0]LogConfig: Setting CVar [[r.PostProcessAAQuality:4]]
[2024.04.23-07.44.57:318][  0]LogConfig: Applying CVar settings from Section [ShadowQuality@3] File [C:/Users/Green/Desktop/Snake/SnakeGame/Saved/Config/Windows/Scalability.ini]
[2024.04.23-07.44.57:318][  0]LogConfig: Setting CVar [[r.LightFunctionQuality:1]]
[2024.04.23-07.44.57:319][  0]LogConfig: Setting CVar [[r.ShadowQuality:5]]
[2024.04.23-07.44.57:319][  0]LogConfig: Setting CVar [[r.Shadow.CSM.MaxCascades:10]]
[2024.04.23-07.44.57:319][  0]LogConfig: Setting CVar [[r.Shadow.MaxResolution:2048]]
[2024.04.23-07.44.57:319][  0]LogConfig: Setting CVar [[r.Shadow.MaxCSMResolution:2048]]
[2024.04.23-07.44.57:319][  0]LogConfig: Setting CVar [[r.Shadow.RadiusThreshold:0.01]]
[2024.04.23-07.44.57:319][  0]LogConfig: Setting CVar [[r.Shadow.DistanceScale:1.0]]
[2024.04.23-07.44.57:319][  0]LogConfig: Setting CVar [[r.Shadow.CSM.TransitionScale:1.0]]
[2024.04.23-07.44.57:319][  0]LogConfig: Setting CVar [[r.Shadow.PreShadowResolutionFactor:1.0]]
[2024.04.23-07.44.57:319][  0]LogConfig: Setting CVar [[r.DistanceFieldShadowing:1]]
[2024.04.23-07.44.57:319][  0]LogConfig: Setting CVar [[r.DistanceFieldAO:1]]
[2024.04.23-07.44.57:319][  0]LogConfig: Setting CVar [[r.AOQuality:2]]
[2024.04.23-07.44.57:319][  0]LogConfig: Setting CVar [[r.VolumetricFog:1]]
[2024.04.23-07.44.57:319][  0]LogConfig: Setting CVar [[r.VolumetricFog.GridPixelSize:8]]
[2024.04.23-07.44.57:319][  0]LogConfig: Setting CVar [[r.VolumetricFog.GridSizeZ:128]]
[2024.04.23-07.44.57:319][  0]LogConfig: Setting CVar [[r.VolumetricFog.HistoryMissSupersampleCount:4]]
[2024.04.23-07.44.57:319][  0]LogConfig: Setting CVar [[r.LightMaxDrawDistanceScale:1]]
[2024.04.23-07.44.57:319][  0]LogConfig: Setting CVar [[r.CapsuleShadows:1]]
[2024.04.23-07.44.57:319][  0]LogConfig: Applying CVar settings from Section [PostProcessQuality@3] File [C:/Users/Green/Desktop/Snake/SnakeGame/Saved/Config/Windows/Scalability.ini]
[2024.04.23-07.44.57:320][  0]LogConfig: Setting CVar [[r.MotionBlurQuality:4]]
[2024.04.23-07.44.57:320][  0]LogConfig: Setting CVar [[r.AmbientOcclusionMipLevelFactor:0.4]]
[2024.04.23-07.44.57:320][  0]LogConfig: Setting CVar [[r.AmbientOcclusionMaxQuality:100]]
[2024.04.23-07.44.57:320][  0]LogConfig: Setting CVar [[r.AmbientOcclusionLevels:-1]]
[2024.04.23-07.44.57:320][  0]LogConfig: Setting CVar [[r.AmbientOcclusionRadiusScale:1.0]]
[2024.04.23-07.44.57:320][  0]LogConfig: Setting CVar [[r.DepthOfFieldQuality:2]]
[2024.04.23-07.44.57:320][  0]LogConfig: Setting CVar [[r.RenderTargetPoolMin:400]]
[2024.04.23-07.44.57:320][  0]LogConfig: Setting CVar [[r.LensFlareQuality:2]]
[2024.04.23-07.44.57:320][  0]LogConfig: Setting CVar [[r.SceneColorFringeQuality:1]]
[2024.04.23-07.44.57:320][  0]LogConfig: Setting CVar [[r.EyeAdaptationQuality:2]]
[2024.04.23-07.44.57:320][  0]LogConfig: Setting CVar [[r.BloomQuality:5]]
[2024.04.23-07.44.57:320][  0]LogConfig: Setting CVar [[r.FastBlurThreshold:100]]
[2024.04.23-07.44.57:320][  0]LogConfig: Setting CVar [[r.Upscale.Quality:3]]
[2024.04.23-07.44.57:320][  0]LogConfig: Setting CVar [[r.Tonemapper.GrainQuantization:1]]
[2024.04.23-07.44.57:320][  0]LogConfig: Setting CVar [[r.LightShaftQuality:1]]
[2024.04.23-07.44.57:320][  0]LogConfig: Setting CVar [[r.Filter.SizeScale:1]]
[2024.04.23-07.44.57:320][  0]LogConfig: Setting CVar [[r.Tonemapper.Quality:5]]
[2024.04.23-07.44.57:320][  0]LogConfig: Setting CVar [[r.DOF.Gather.AccumulatorQuality:1        ; higher gathering accumulator quality]]
[2024.04.23-07.44.57:320][  0]LogConfig: Setting CVar [[r.DOF.Gather.PostfilterMethod:1          ; Median3x3 postfilering method]]
[2024.04.23-07.44.57:320][  0]LogConfig: Setting CVar [[r.DOF.Gather.EnableBokehSettings:0       ; no bokeh simulation when gathering]]
[2024.04.23-07.44.57:320][  0]LogConfig: Setting CVar [[r.DOF.Gather.RingCount:4                 ; medium number of samples when gathering]]
[2024.04.23-07.44.57:320][  0]LogConfig: Setting CVar [[r.DOF.Scatter.ForegroundCompositing:1    ; additive foreground scattering]]
[2024.04.23-07.44.57:320][  0]LogConfig: Setting CVar [[r.DOF.Scatter.BackgroundCompositing:2    ; additive background scattering]]
[2024.04.23-07.44.57:321][  0]LogConfig: Setting CVar [[r.DOF.Scatter.EnableBokehSettings:1      ; bokeh simulation when scattering]]
[2024.04.23-07.44.57:321][  0]LogConfig: Setting CVar [[r.DOF.Scatter.MaxSpriteRatio:0.1         ; only a maximum of 10% of scattered bokeh]]
[2024.04.23-07.44.57:321][  0]LogConfig: Setting CVar [[r.DOF.Recombine.Quality:1                ; cheap slight out of focus]]
[2024.04.23-07.44.57:321][  0]LogConfig: Setting CVar [[r.DOF.Recombine.EnableBokehSettings:0    ; no bokeh simulation on slight out of focus]]
[2024.04.23-07.44.57:321][  0]LogConfig: Setting CVar [[r.DOF.TemporalAAQuality:1                ; more stable temporal accumulation]]
[2024.04.23-07.44.57:321][  0]LogConfig: Setting CVar [[r.DOF.Kernel.MaxForegroundRadius:0.025]]
[2024.04.23-07.44.57:321][  0]LogConfig: Setting CVar [[r.DOF.Kernel.MaxBackgroundRadius:0.025]]
[2024.04.23-07.44.57:321][  0]LogConfig: Applying CVar settings from Section [TextureQuality@3] File [C:/Users/Green/Desktop/Snake/SnakeGame/Saved/Config/Windows/Scalability.ini]
[2024.04.23-07.44.57:321][  0]LogConfig: Setting CVar [[r.Streaming.MipBias:0]]
[2024.04.23-07.44.57:321][  0]LogConfig: Setting CVar [[r.Streaming.AmortizeCPUToGPUCopy:0]]
[2024.04.23-07.44.57:321][  0]LogConfig: Setting CVar [[r.Streaming.MaxNumTexturesToStreamPerFrame:0]]
[2024.04.23-07.44.57:321][  0]LogConfig: Setting CVar [[r.Streaming.Boost:1]]
[2024.04.23-07.44.57:321][  0]LogConfig: Setting CVar [[r.MaxAnisotropy:8]]
[2024.04.23-07.44.57:321][  0]LogConfig: Setting CVar [[r.VT.MaxAnisotropy:8]]
[2024.04.23-07.44.57:321][  0]LogConfig: Setting CVar [[r.Streaming.LimitPoolSizeToVRAM:0]]
[2024.04.23-07.44.57:321][  0]LogConfig: Setting CVar [[r.Streaming.PoolSize:1000]]
[2024.04.23-07.44.57:321][  0]LogConfig: Setting CVar [[r.Streaming.MaxEffectiveScreenSize:0]]
[2024.04.23-07.44.57:321][  0]LogConfig: Applying CVar settings from Section [EffectsQuality@3] File [C:/Users/Green/Desktop/Snake/SnakeGame/Saved/Config/Windows/Scalability.ini]
[2024.04.23-07.44.57:321][  0]LogConfig: Setting CVar [[r.TranslucencyLightingVolumeDim:64]]
[2024.04.23-07.44.57:321][  0]LogConfig: Setting CVar [[r.RefractionQuality:2]]
[2024.04.23-07.44.57:321][  0]LogConfig: Setting CVar [[r.SSR.Quality:3]]
[2024.04.23-07.44.57:322][  0]LogConfig: Setting CVar [[r.SSR.HalfResSceneColor:0]]
[2024.04.23-07.44.57:322][  0]LogConfig: Setting CVar [[r.SceneColorFormat:4]]
[2024.04.23-07.44.57:322][  0]LogConfig: Setting CVar [[r.DetailMode:2]]
[2024.04.23-07.44.57:322][  0]LogConfig: Setting CVar [[r.TranslucencyVolumeBlur:1]]
[2024.04.23-07.44.57:322][  0]LogConfig: Setting CVar [[r.MaterialQualityLevel:1 ; High quality]]
[2024.04.23-07.44.57:322][  0]LogConfig: Setting CVar [[r.AnisotropicMaterials:1]]
[2024.04.23-07.44.57:322][  0]LogConfig: Setting CVar [[r.SSS.Scale:1]]
[2024.04.23-07.44.57:322][  0]LogConfig: Setting CVar [[r.SSS.SampleSet:2]]
[2024.04.23-07.44.57:322][  0]LogConfig: Setting CVar [[r.SSS.Quality:1]]
[2024.04.23-07.44.57:322][  0]LogConfig: Setting CVar [[r.SSS.HalfRes:0]]
[2024.04.23-07.44.57:322][  0]LogConfig: Setting CVar [[r.SSGI.Quality:3]]
[2024.04.23-07.44.57:322][  0]LogConfig: Setting CVar [[r.EmitterSpawnRateScale:1.0]]
[2024.04.23-07.44.57:322][  0]LogConfig: Setting CVar [[r.ParticleLightQuality:2]]
[2024.04.23-07.44.57:322][  0]LogConfig: Setting CVar [[r.SkyAtmosphere.AerialPerspectiveLUT.FastApplyOnOpaque:1 ; Always have FastSkyLUT 1 in this case to avoid wrong sky]]
[2024.04.23-07.44.57:322][  0]LogConfig: Setting CVar [[r.SkyAtmosphere.AerialPerspectiveLUT.SampleCountMaxPerSlice:4]]
[2024.04.23-07.44.57:322][  0]LogConfig: Setting CVar [[r.SkyAtmosphere.AerialPerspectiveLUT.DepthResolution:16.0]]
[2024.04.23-07.44.57:322][  0]LogConfig: Setting CVar [[r.SkyAtmosphere.FastSkyLUT:1]]
[2024.04.23-07.44.57:322][  0]LogConfig: Setting CVar [[r.SkyAtmosphere.FastSkyLUT.SampleCountMin:4.0]]
[2024.04.23-07.44.57:322][  0]LogConfig: Setting CVar [[r.SkyAtmosphere.FastSkyLUT.SampleCountMax:128.0]]
[2024.04.23-07.44.57:322][  0]LogConfig: Setting CVar [[r.SkyAtmosphere.SampleCountMin:4.0]]
[2024.04.23-07.44.57:322][  0]LogConfig: Setting CVar [[r.SkyAtmosphere.SampleCountMax:128.0]]
[2024.04.23-07.44.57:323][  0]LogConfig: Setting CVar [[r.SkyAtmosphere.TransmittanceLUT.UseSmallFormat:0]]
[2024.04.23-07.44.57:323][  0]LogConfig: Setting CVar [[r.SkyAtmosphere.TransmittanceLUT.SampleCount:10.0]]
[2024.04.23-07.44.57:323][  0]LogConfig: Setting CVar [[r.SkyAtmosphere.MultiScatteringLUT.SampleCount:15.0]]
[2024.04.23-07.44.57:323][  0]LogConfig: Setting CVar [[r.SkyLight.RealTimeReflectionCapture:1]]
[2024.04.23-07.44.57:323][  0]LogConfig: Applying CVar settings from Section [FoliageQuality@3] File [C:/Users/Green/Desktop/Snake/SnakeGame/Saved/Config/Windows/Scalability.ini]
[2024.04.23-07.44.57:323][  0]LogConfig: Setting CVar [[foliage.DensityScale:1.0]]
[2024.04.23-07.44.57:323][  0]LogConfig: Setting CVar [[grass.DensityScale:1.0]]
[2024.04.23-07.44.57:323][  0]LogConfig: Applying CVar settings from Section [ShadingQuality@3] File [C:/Users/Green/Desktop/Snake/SnakeGame/Saved/Config/Windows/Scalability.ini]
[2024.04.23-07.44.57:323][  0]LogConfig: Setting CVar [[r.HairStrands.SkyLighting.IntegrationType:2]]
[2024.04.23-07.44.57:323][  0]LogConfig: Setting CVar [[r.HairStrands.SkyAO.SampleCount:4]]
[2024.04.23-07.44.57:323][  0]LogConfig: Setting CVar [[r.HairStrands.Visibility.MSAA.SamplePerPixel:4]]
[2024.04.23-07.44.57:323][  0]LogInit: Selected Device Profile: [Windows]
[2024.04.23-07.44.57:323][  0]LogInit: Applying CVar settings loaded from the selected device profile: [Windows]
[2024.04.23-07.44.57:323][  0]LogHAL: Display: Platform has ~ 16 GB [17100578816 / 17179869184 / 16], which maps to Larger [LargestMinGB=32, LargerMinGB=12, DefaultMinGB=8, SmallerMinGB=6, SmallestMinGB=0)
[2024.04.23-07.44.57:324][  0]LogInit: Going up to parent DeviceProfile []
[2024.04.23-07.44.57:324][  0]LogConfig: Applying CVar settings from Section [ViewDistanceQuality@3] File [C:/Users/Green/Desktop/Snake/SnakeGame/Saved/Config/Windows/Scalability.ini]
[2024.04.23-07.44.57:324][  0]LogConfig: Setting CVar [[r.SkeletalMeshLODBias:0]]
[2024.04.23-07.44.57:324][  0]LogConfig: Setting CVar [[r.ViewDistanceScale:1.0]]
[2024.04.23-07.44.57:324][  0]LogConfig: Applying CVar settings from Section [AntiAliasingQuality@3] File [C:/Users/Green/Desktop/Snake/SnakeGame/Saved/Config/Windows/Scalability.ini]
[2024.04.23-07.44.57:324][  0]LogConfig: Setting CVar [[r.PostProcessAAQuality:4]]
[2024.04.23-07.44.57:324][  0]LogConfig: Applying CVar settings from Section [ShadowQuality@3] File [C:/Users/Green/Desktop/Snake/SnakeGame/Saved/Config/Windows/Scalability.ini]
[2024.04.23-07.44.57:324][  0]LogConfig: Setting CVar [[r.LightFunctionQuality:1]]
[2024.04.23-07.44.57:324][  0]LogConfig: Setting CVar [[r.ShadowQuality:5]]
[2024.04.23-07.44.57:324][  0]LogConfig: Setting CVar [[r.Shadow.CSM.MaxCascades:10]]
[2024.04.23-07.44.57:324][  0]LogConfig: Setting CVar [[r.Shadow.MaxResolution:2048]]
[2024.04.23-07.44.57:324][  0]LogConfig: Setting CVar [[r.Shadow.MaxCSMResolution:2048]]
[2024.04.23-07.44.57:324][  0]LogConfig: Setting CVar [[r.Shadow.RadiusThreshold:0.01]]
[2024.04.23-07.44.57:324][  0]LogConfig: Setting CVar [[r.Shadow.DistanceScale:1.0]]
[2024.04.23-07.44.57:324][  0]LogConfig: Setting CVar [[r.Shadow.CSM.TransitionScale:1.0]]
[2024.04.23-07.44.57:324][  0]LogConfig: Setting CVar [[r.Shadow.PreShadowResolutionFactor:1.0]]
[2024.04.23-07.44.57:324][  0]LogConfig: Setting CVar [[r.DistanceFieldShadowing:1]]
[2024.04.23-07.44.57:324][  0]LogConfig: Setting CVar [[r.DistanceFieldAO:1]]
[2024.04.23-07.44.57:324][  0]LogConfig: Setting CVar [[r.AOQuality:2]]
[2024.04.23-07.44.57:325][  0]LogConfig: Setting CVar [[r.VolumetricFog:1]]
[2024.04.23-07.44.57:325][  0]LogConfig: Setting CVar [[r.VolumetricFog.GridPixelSize:8]]
[2024.04.23-07.44.57:325][  0]LogConfig: Setting CVar [[r.VolumetricFog.GridSizeZ:128]]
[2024.04.23-07.44.57:325][  0]LogConfig: Setting CVar [[r.VolumetricFog.HistoryMissSupersampleCount:4]]
[2024.04.23-07.44.57:325][  0]LogConfig: Setting CVar [[r.LightMaxDrawDistanceScale:1]]
[2024.04.23-07.44.57:325][  0]LogConfig: Setting CVar [[r.CapsuleShadows:1]]
[2024.04.23-07.44.57:325][  0]LogConfig: Applying CVar settings from Section [PostProcessQuality@3] File [C:/Users/Green/Desktop/Snake/SnakeGame/Saved/Config/Windows/Scalability.ini]
[2024.04.23-07.44.57:325][  0]LogConfig: Setting CVar [[r.MotionBlurQuality:4]]
[2024.04.23-07.44.57:325][  0]LogConfig: Setting CVar [[r.AmbientOcclusionMipLevelFactor:0.4]]
[2024.04.23-07.44.57:325][  0]LogConfig: Setting CVar [[r.AmbientOcclusionMaxQuality:100]]
[2024.04.23-07.44.57:325][  0]LogConfig: Setting CVar [[r.AmbientOcclusionLevels:-1]]
[2024.04.23-07.44.57:325][  0]LogConfig: Setting CVar [[r.AmbientOcclusionRadiusScale:1.0]]
[2024.04.23-07.44.57:325][  0]LogConfig: Setting CVar [[r.DepthOfFieldQuality:2]]
[2024.04.23-07.44.57:325][  0]LogConfig: Setting CVar [[r.RenderTargetPoolMin:400]]
[2024.04.23-07.44.57:325][  0]LogConfig: Setting CVar [[r.LensFlareQuality:2]]
[2024.04.23-07.44.57:325][  0]LogConfig: Setting CVar [[r.SceneColorFringeQuality:1]]
[2024.04.23-07.44.57:325][  0]LogConfig: Setting CVar [[r.EyeAdaptationQuality:2]]
[2024.04.23-07.44.57:325][  0]LogConfig: Setting CVar [[r.BloomQuality:5]]
[2024.04.23-07.44.57:325][  0]LogConfig: Setting CVar [[r.FastBlurThreshold:100]]
[2024.04.23-07.44.57:326][  0]LogConfig: Setting CVar [[r.Upscale.Quality:3]]
[2024.04.23-07.44.57:326][  0]LogConfig: Setting CVar [[r.Tonemapper.GrainQuantization:1]]
[2024.04.23-07.44.57:326][  0]LogConfig: Setting CVar [[r.LightShaftQuality:1]]
[2024.04.23-07.44.57:326][  0]LogConfig: Setting CVar [[r.Filter.SizeScale:1]]
[2024.04.23-07.44.57:326][  0]LogConfig: Setting CVar [[r.Tonemapper.Quality:5]]
[2024.04.23-07.44.57:326][  0]LogConfig: Setting CVar [[r.DOF.Gather.AccumulatorQuality:1        ; higher gathering accumulator quality]]
[2024.04.23-07.44.57:326][  0]LogConfig: Setting CVar [[r.DOF.Gather.PostfilterMethod:1          ; Median3x3 postfilering method]]
[2024.04.23-07.44.57:326][  0]LogConfig: Setting CVar [[r.DOF.Gather.EnableBokehSettings:0       ; no bokeh simulation when gathering]]
[2024.04.23-07.44.57:326][  0]LogConfig: Setting CVar [[r.DOF.Gather.RingCount:4                 ; medium number of samples when gathering]]
[2024.04.23-07.44.57:326][  0]LogConfig: Setting CVar [[r.DOF.Scatter.ForegroundCompositing:1    ; additive foreground scattering]]
[2024.04.23-07.44.57:326][  0]LogConfig: Setting CVar [[r.DOF.Scatter.BackgroundCompositing:2    ; additive background scattering]]
[2024.04.23-07.44.57:326][  0]LogConfig: Setting CVar [[r.DOF.Scatter.EnableBokehSettings:1      ; bokeh simulation when scattering]]
[2024.04.23-07.44.57:326][  0]LogConfig: Setting CVar [[r.DOF.Scatter.MaxSpriteRatio:0.1         ; only a maximum of 10% of scattered bokeh]]
[2024.04.23-07.44.57:326][  0]LogConfig: Setting CVar [[r.DOF.Recombine.Quality:1                ; cheap slight out of focus]]
[2024.04.23-07.44.57:326][  0]LogConfig: Setting CVar [[r.DOF.Recombine.EnableBokehSettings:0    ; no bokeh simulation on slight out of focus]]
[2024.04.23-07.44.57:326][  0]LogConfig: Setting CVar [[r.DOF.TemporalAAQuality:1                ; more stable temporal accumulation]]
[2024.04.23-07.44.57:326][  0]LogConfig: Setting CVar [[r.DOF.Kernel.MaxForegroundRadius:0.025]]
[2024.04.23-07.44.57:326][  0]LogConfig: Setting CVar [[r.DOF.Kernel.MaxBackgroundRadius:0.025]]
[2024.04.23-07.44.57:326][  0]LogConfig: Applying CVar settings from Section [TextureQuality@3] File [C:/Users/Green/Desktop/Snake/SnakeGame/Saved/Config/Windows/Scalability.ini]
[2024.04.23-07.44.57:326][  0]LogConfig: Setting CVar [[r.Streaming.MipBias:0]]
[2024.04.23-07.44.57:326][  0]LogConfig: Setting CVar [[r.Streaming.AmortizeCPUToGPUCopy:0]]
[2024.04.23-07.44.57:326][  0]LogConfig: Setting CVar [[r.Streaming.MaxNumTexturesToStreamPerFrame:0]]
[2024.04.23-07.44.57:327][  0]LogConfig: Setting CVar [[r.Streaming.Boost:1]]
[2024.04.23-07.44.57:327][  0]LogConfig: Setting CVar [[r.MaxAnisotropy:8]]
[2024.04.23-07.44.57:327][  0]LogConfig: Setting CVar [[r.VT.MaxAnisotropy:8]]
[2024.04.23-07.44.57:327][  0]LogConfig: Setting CVar [[r.Streaming.LimitPoolSizeToVRAM:0]]
[2024.04.23-07.44.57:327][  0]LogConfig: Setting CVar [[r.Streaming.PoolSize:1000]]
[2024.04.23-07.44.57:327][  0]LogConfig: Setting CVar [[r.Streaming.MaxEffectiveScreenSize:0]]
[2024.04.23-07.44.57:327][  0]LogConfig: Applying CVar settings from Section [EffectsQuality@3] File [C:/Users/Green/Desktop/Snake/SnakeGame/Saved/Config/Windows/Scalability.ini]
[2024.04.23-07.44.57:327][  0]LogConfig: Setting CVar [[r.TranslucencyLightingVolumeDim:64]]
[2024.04.23-07.44.57:327][  0]LogConfig: Setting CVar [[r.RefractionQuality:2]]
[2024.04.23-07.44.57:327][  0]LogConfig: Setting CVar [[r.SSR.Quality:3]]
[2024.04.23-07.44.57:327][  0]LogConfig: Setting CVar [[r.SSR.HalfResSceneColor:0]]
[2024.04.23-07.44.57:327][  0]LogConfig: Setting CVar [[r.SceneColorFormat:4]]
[2024.04.23-07.44.57:327][  0]LogConfig: Setting CVar [[r.DetailMode:2]]
[2024.04.23-07.44.57:327][  0]LogConfig: Setting CVar [[r.TranslucencyVolumeBlur:1]]
[2024.04.23-07.44.57:327][  0]LogConfig: Setting CVar [[r.MaterialQualityLevel:1 ; High quality]]
[2024.04.23-07.44.57:327][  0]LogConfig: Setting CVar [[r.AnisotropicMaterials:1]]
[2024.04.23-07.44.57:327][  0]LogConfig: Setting CVar [[r.SSS.Scale:1]]
[2024.04.23-07.44.57:327][  0]LogConfig: Setting CVar [[r.SSS.SampleSet:2]]
[2024.04.23-07.44.57:327][  0]LogConfig: Setting CVar [[r.SSS.Quality:1]]
[2024.04.23-07.44.57:327][  0]LogConfig: Setting CVar [[r.SSS.HalfRes:0]]
[2024.04.23-07.44.57:327][  0]LogConfig: Setting CVar [[r.SSGI.Quality:3]]
[2024.04.23-07.44.57:327][  0]LogConfig: Setting CVar [[r.EmitterSpawnRateScale:1.0]]
[2024.04.23-07.44.57:327][  0]LogConfig: Setting CVar [[r.ParticleLightQuality:2]]
[2024.04.23-07.44.57:327][  0]LogConfig: Setting CVar [[r.SkyAtmosphere.AerialPerspectiveLUT.FastApplyOnOpaque:1 ; Always have FastSkyLUT 1 in this case to avoid wrong sky]]
[2024.04.23-07.44.57:328][  0]LogConfig: Setting CVar [[r.SkyAtmosphere.AerialPerspectiveLUT.SampleCountMaxPerSlice:4]]
[2024.04.23-07.44.57:328][  0]LogConfig: Setting CVar [[r.SkyAtmosphere.AerialPerspectiveLUT.DepthResolution:16.0]]
[2024.04.23-07.44.57:328][  0]LogConfig: Setting CVar [[r.SkyAtmosphere.FastSkyLUT:1]]
[2024.04.23-07.44.57:328][  0]LogConfig: Setting CVar [[r.SkyAtmosphere.FastSkyLUT.SampleCountMin:4.0]]
[2024.04.23-07.44.57:328][  0]LogConfig: Setting CVar [[r.SkyAtmosphere.FastSkyLUT.SampleCountMax:128.0]]
[2024.04.23-07.44.57:328][  0]LogConfig: Setting CVar [[r.SkyAtmosphere.SampleCountMin:4.0]]
[2024.04.23-07.44.57:328][  0]LogConfig: Setting CVar [[r.SkyAtmosphere.SampleCountMax:128.0]]
[2024.04.23-07.44.57:328][  0]LogConfig: Setting CVar [[r.SkyAtmosphere.TransmittanceLUT.UseSmallFormat:0]]
[2024.04.23-07.44.57:328][  0]LogConfig: Setting CVar [[r.SkyAtmosphere.TransmittanceLUT.SampleCount:10.0]]
[2024.04.23-07.44.57:328][  0]LogConfig: Setting CVar [[r.SkyAtmosphere.MultiScatteringLUT.SampleCount:15.0]]
[2024.04.23-07.44.57:328][  0]LogConfig: Setting CVar [[r.SkyLight.RealTimeReflectionCapture:1]]
[2024.04.23-07.44.57:328][  0]LogConfig: Applying CVar settings from Section [FoliageQuality@3] File [C:/Users/Green/Desktop/Snake/SnakeGame/Saved/Config/Windows/Scalability.ini]
[2024.04.23-07.44.57:328][  0]LogConfig: Setting CVar [[foliage.DensityScale:1.0]]
[2024.04.23-07.44.57:328][  0]LogConfig: Setting CVar [[grass.DensityScale:1.0]]
[2024.04.23-07.44.57:328][  0]LogConfig: Applying CVar settings from Section [ShadingQuality@3] File [C:/Users/Green/Desktop/Snake/SnakeGame/Saved/Config/Windows/Scalability.ini]
[2024.04.23-07.44.57:328][  0]LogConfig: Setting CVar [[r.HairStrands.SkyLighting.IntegrationType:2]]
[2024.04.23-07.44.57:328][  0]LogConfig: Setting CVar [[r.HairStrands.SkyAO.SampleCount:4]]
[2024.04.23-07.44.57:328][  0]LogConfig: Setting CVar [[r.HairStrands.Visibility.MSAA.SamplePerPixel:4]]
[2024.04.23-07.44.57:328][  0]LogConfig: Applying CVar settings from Section [Startup] File [../../../Engine/Config/ConsoleVariables.ini]
[2024.04.23-07.44.57:329][  0]LogConfig: Setting CVar [[net.UseAdaptiveNetUpdateFrequency:0]]
[2024.04.23-07.44.57:329][  0]LogConfig: Setting CVar [[p.chaos.AllowCreatePhysxBodies:1]]
[2024.04.23-07.44.57:329][  0]LogConfig: Setting CVar [[fx.SkipVectorVMBackendOptimizations:1]]
[2024.04.23-07.44.57:329][  0]LogConfig: Applying CVar settings from Section [ConsoleVariables] File [C:/Users/Green/Desktop/Snake/SnakeGame/Saved/Config/Windows/Engine.ini]
[2024.04.23-07.44.57:329][  0]LogConfig: Applying CVar settings from Section [ConsoleVariables] File [C:/Users/Green/Desktop/Snake/SnakeGame/Saved/Config/Windows/Editor.ini]
[2024.04.23-07.44.57:329][  0]LogInit: Computer: DESKTOP-I7FE9TA
[2024.04.23-07.44.57:329][  0]LogInit: User: Green
[2024.04.23-07.44.57:329][  0]LogInit: CPU Page size=4096, Cores=6
[2024.04.23-07.44.57:329][  0]LogInit: High frequency timer resolution =10.000000 MHz
[2024.04.23-07.44.57:329][  0]LogMemory: Memory total: Physical=15.9GB (16GB approx)
[2024.04.23-07.44.57:329][  0]LogMemory: Platform Memory Stats for Windows
[2024.04.23-07.44.57:329][  0]LogMemory: Process Physical Memory: 144.76 MB used, 144.76 MB peak
[2024.04.23-07.44.57:329][  0]LogMemory: Process Virtual Memory: 127.74 MB used, 127.74 MB peak
[2024.04.23-07.44.57:329][  0]LogMemory: Physical Memory: 9235.49 MB used,  7072.89 MB free, 16308.38 MB total
[2024.04.23-07.44.57:329][  0]LogMemory: Virtual Memory: 134211984.00 MB used,  5742.07 MB free, 134217728.00 MB total
[2024.04.23-07.44.57:335][  0]LogWindows: WindowsPlatformFeatures enabled
[2024.04.23-07.44.57:381][  0]LogInit: Physics initialised using underlying interface: PhysX
[2024.04.23-07.44.57:382][  0]LogInit: Using OS detected language (en-US).
[2024.04.23-07.44.57:382][  0]LogInit: Using OS detected locale (en-US).
[2024.04.23-07.44.57:388][  0]LogTextLocalizationManager: No specific localization for 'en-US' exists, so the 'en' localization will be used.
[2024.04.23-07.44.57:559][  0]LogInit: Setting process to per monitor DPI aware
[2024.04.23-07.44.57:577][  0]LogWindowsTextInputMethodSystem: Display: IME system deactivated.
[2024.04.23-07.44.57:591][  0]LogSlate: New Slate User Created.  User Index 0, Is Virtual User: 0
[2024.04.23-07.44.57:592][  0]LogSlate: Slate User Registered.  User Index 0, Is Virtual User: 0
[2024.04.23-07.44.57:717][  0]LogD3D11RHI: Loaded GFSDK_Aftermath_Lib.x64.dll
[2024.04.23-07.44.57:721][  0]LogHMD: Failed to initialize OpenVR with code 110
[2024.04.23-07.44.57:721][  0]LogD3D11RHI: D3D11 min allowed feature level: 11_0
[2024.04.23-07.44.57:721][  0]LogD3D11RHI: D3D11 max allowed feature level: 11_0
[2024.04.23-07.44.57:721][  0]LogD3D11RHI: D3D11 adapters:
[2024.04.23-07.44.57:863][  0]LogD3D11RHI:    0. 'AMD Radeon RX 6750 XT' (Feature Level 11_0)
[2024.04.23-07.44.57:863][  0]LogD3D11RHI:       12243/0/8154 MB DedicatedVideo/DedicatedSystem/SharedSystem, Outputs:1, VendorId:0x1002
[2024.04.23-07.44.57:869][  0]LogD3D11RHI:    1. 'Microsoft Basic Render Driver' (Feature Level 11_0)
[2024.04.23-07.44.57:870][  0]LogD3D11RHI:       0/0/8154 MB DedicatedVideo/DedicatedSystem/SharedSystem, Outputs:0, VendorId:0x1414
[2024.04.23-07.44.57:870][  0]LogD3D11RHI: Chosen D3D11 Adapter:
[2024.04.23-07.44.57:870][  0]LogD3D11RHI:     Description : AMD Radeon RX 6750 XT
[2024.04.23-07.44.57:870][  0]LogD3D11RHI:     VendorId    : 1002
[2024.04.23-07.44.57:870][  0]LogD3D11RHI:     DeviceId    : 73df
[2024.04.23-07.44.57:870][  0]LogD3D11RHI:     SubSysId    : 465e1da2
[2024.04.23-07.44.57:870][  0]LogD3D11RHI:     Revision    : 00c0
[2024.04.23-07.44.57:870][  0]LogD3D11RHI:     DedicatedVideoMemory : 12837937152 bytes
[2024.04.23-07.44.57:870][  0]LogD3D11RHI:     DedicatedSystemMemory : 0 bytes
[2024.04.23-07.44.57:870][  0]LogD3D11RHI:     SharedSystemMemory : 8550289408 bytes
[2024.04.23-07.44.57:870][  0]LogD3D11RHI:     AdapterLuid : 0 49277
[2024.04.23-07.44.57:878][  0]LogD3D11RHI: Creating new Direct3DDevice
[2024.04.23-07.44.57:878][  0]LogD3D11RHI:     GPU DeviceId: 0x73df (for the marketing name, search the web for "GPU Device Id")
[2024.04.23-07.44.57:878][  0]LogWindows: EnumDisplayDevices:
[2024.04.23-07.44.57:879][  0]LogWindows:    0. 'AMD Radeon RX 6750 XT' (P:1 D:1)
[2024.04.23-07.44.57:879][  0]LogWindows:    1. 'AMD Radeon RX 6750 XT' (P:0 D:0)
[2024.04.23-07.44.57:880][  0]LogWindows:    2. 'AMD Radeon RX 6750 XT' (P:0 D:0)
[2024.04.23-07.44.57:880][  0]LogWindows:    3. 'AMD Radeon RX 6750 XT' (P:0 D:0)
[2024.04.23-07.44.57:881][  0]LogWindows:    4. 'AMD Radeon RX 6750 XT' (P:0 D:0)
[2024.04.23-07.44.57:881][  0]LogWindows:    5. 'AMD Radeon RX 6750 XT' (P:0 D:0)
[2024.04.23-07.44.57:882][  0]LogWindows:    6. 'AMD Radeon RX 6750 XT' (P:0 D:0)
[2024.04.23-07.44.57:882][  0]LogWindows: DebugString: FoundDriverCount:7 
[2024.04.23-07.44.57:882][  0]LogD3D11RHI:     Adapter Name: AMD Radeon RX 6750 XT
[2024.04.23-07.44.57:882][  0]LogD3D11RHI:   Driver Version: AMD Software: Adrenalin Edition 23.12.1 (internal:31.0.23013.1023, unified:31.0.23013.1023)
[2024.04.23-07.44.57:882][  0]LogD3D11RHI:      Driver Date: 11-28-2023
[2024.04.23-07.44.57:882][  0]LogRHI: Texture pool is 8032 MB (70% of 11475 MB)
[2024.04.23-07.44.57:918][  0]LogD3D11RHI: Creating D3DDevice with AMD AGS, using adapter:
[2024.04.23-07.44.57:918][  0]LogD3D11RHI:     Description : AMD Radeon RX 6750 XT
[2024.04.23-07.44.57:918][  0]LogD3D11RHI:     VendorId    : 1002
[2024.04.23-07.44.57:918][  0]LogD3D11RHI:     DeviceId    : 73df
[2024.04.23-07.44.57:918][  0]LogD3D11RHI:     SubSysId    : 465e1da2
[2024.04.23-07.44.57:918][  0]LogD3D11RHI:     Revision    : 00c0
[2024.04.23-07.44.57:918][  0]LogD3D11RHI:     DedicatedVideoMemory : 12837937152 bytes
[2024.04.23-07.44.57:918][  0]LogD3D11RHI:     DedicatedSystemMemory : 0 bytes
[2024.04.23-07.44.57:919][  0]LogD3D11RHI:     SharedSystemMemory : 8550289408 bytes
[2024.04.23-07.44.57:919][  0]LogD3D11RHI:     AdapterLuid : 0 49277
[2024.04.23-07.44.58:015][  0]LogD3D11RHI: Created device via AGS, feature level 11_0, supported extensions 1fffffbf.
[2024.04.23-07.44.58:015][  0]LogD3D11RHI: RHI has support for 64 bit atomics
[2024.04.23-07.44.58:015][  0]LogD3D11RHI: Async texture creation enabled
[2024.04.23-07.44.58:016][  0]LogD3D11RHI: Array index from any shader is supported
[2024.04.23-07.44.58:016][  0]LogD3D11RHI: HDR output is supported on display 0 (AMD Device: 0x0, Display: 0x0).
[2024.04.23-07.44.58:030][  0]LogD3D11RHI: GPU Timing Frequency: 100.000000 (Debug: 2 1)
[2024.04.23-07.44.58:291][  0]LogTargetPlatformManager: Display: Loaded TargetPlatform 'AllDesktop'
[2024.04.23-07.44.58:311][  0]LogTargetPlatformManager: Display: Loaded TargetPlatform 'Android'
[2024.04.23-07.44.58:311][  0]LogTargetPlatformManager: Display: Loaded TargetPlatform 'Android_ASTC'
[2024.04.23-07.44.58:311][  0]LogTargetPlatformManager: Display: Loaded TargetPlatform 'Android_DXT'
[2024.04.23-07.44.58:311][  0]LogTargetPlatformManager: Display: Loaded TargetPlatform 'Android_ETC2'
[2024.04.23-07.44.58:312][  0]LogTargetPlatformManager: Display: Loaded TargetPlatform 'AndroidClient'
[2024.04.23-07.44.58:312][  0]LogTargetPlatformManager: Display: Loaded TargetPlatform 'Android_ASTCClient'
[2024.04.23-07.44.58:312][  0]LogTargetPlatformManager: Display: Loaded TargetPlatform 'Android_DXTClient'
[2024.04.23-07.44.58:312][  0]LogTargetPlatformManager: Display: Loaded TargetPlatform 'Android_ETC2Client'
[2024.04.23-07.44.58:312][  0]LogTargetPlatformManager: Display: Loaded TargetPlatform 'Android_Multi'
[2024.04.23-07.44.58:312][  0]LogTargetPlatformManager: Display: Loaded TargetPlatform 'Android_MultiClient'
[2024.04.23-07.44.58:338][  0]LogTargetPlatformManager: Display: Loaded TargetPlatform 'IOSClient'
[2024.04.23-07.44.58:338][  0]LogTargetPlatformManager: Display: Loaded TargetPlatform 'IOS'
[2024.04.23-07.44.58:348][  0]LogTargetPlatformManager: Display: Loaded TargetPlatform 'Linux'
[2024.04.23-07.44.58:353][  0]LogTargetPlatformManager: Display: Loaded TargetPlatform 'LinuxNoEditor'
[2024.04.23-07.44.58:358][  0]LogTargetPlatformManager: Display: Loaded TargetPlatform 'LinuxClient'
[2024.04.23-07.44.58:363][  0]LogTargetPlatformManager: Display: Loaded TargetPlatform 'LinuxServer'
[2024.04.23-07.44.58:373][  0]LogTargetPlatformManager: Display: Loaded TargetPlatform 'LinuxAArch64NoEditor'
[2024.04.23-07.44.58:378][  0]LogTargetPlatformManager: Display: Loaded TargetPlatform 'LinuxAArch64Client'
[2024.04.23-07.44.58:383][  0]LogTargetPlatformManager: Display: Loaded TargetPlatform 'LinuxAArch64Server'
[2024.04.23-07.44.58:406][  0]LogTargetPlatformManager: Display: Loaded TargetPlatform 'Lumin'
[2024.04.23-07.44.58:406][  0]LogTargetPlatformManager: Display: Loaded TargetPlatform 'LuminClient'
[2024.04.23-07.44.58:415][  0]LogTargetPlatformManager: Display: Loaded TargetPlatform 'MacNoEditor'
[2024.04.23-07.44.58:419][  0]LogTargetPlatformManager: Display: Loaded TargetPlatform 'Mac'
[2024.04.23-07.44.58:423][  0]LogTargetPlatformManager: Display: Loaded TargetPlatform 'MacClient'
[2024.04.23-07.44.58:428][  0]LogTargetPlatformManager: Display: Loaded TargetPlatform 'MacServer'
[2024.04.23-07.44.58:438][  0]LogTargetPlatformManager: Display: Loaded TargetPlatform 'TVOSClient'
[2024.04.23-07.44.58:438][  0]LogTargetPlatformManager: Display: Loaded TargetPlatform 'TVOS'
[2024.04.23-07.44.58:447][  0]LogTargetPlatformManager: Display: Loaded TargetPlatform 'WindowsNoEditor'
[2024.04.23-07.44.58:452][  0]LogTargetPlatformManager: Display: Loaded TargetPlatform 'Windows'
[2024.04.23-07.44.58:457][  0]LogTargetPlatformManager: Display: Loaded TargetPlatform 'WindowsClient'
[2024.04.23-07.44.58:462][  0]LogTargetPlatformManager: Display: Loaded TargetPlatform 'WindowsServer'
[2024.04.23-07.44.58:462][  0]LogTargetPlatformManager: Display: Building Assets For Windows
[2024.04.23-07.44.58:472][  0]LogAudioDebug: Display: Lib vorbis DLL was dynamically loaded.
[2024.04.23-07.44.58:515][  0]LogTextureFormatOodle: Display: Oodle Texture 2.9.0 init RDO Off
[2024.04.23-07.44.58:557][  0]LogRendererCore: Ray tracing is disabled. Reason: r.RayTracing=0.
[2024.04.23-07.44.58:558][  0]LogShaderCompilers: Guid format shader working directory is -7 characters bigger than the processId version (../../../../../../Users/Green/Desktop/Snake/SnakeGame/Intermediate/Shaders/WorkingDirectory/5960/).
[2024.04.23-07.44.58:558][  0]LogShaderCompilers: Cleaned the shader compiler working directory 'C:/Users/Green/AppData/Local/Temp/UnrealShaderWorkingDir/48441ACE4209193D2C1101865483F14F/'.
[2024.04.23-07.44.58:559][  0]LogShaderCompilers: Display: Using XGE Controller for Shader Compilation.
[2024.04.23-07.44.59:197][  0]LogDerivedDataCache: Display: Max Cache Size: 512 MB
[2024.04.23-07.44.59:247][  0]LogDerivedDataCache: Loaded boot cache 0.05s 94MB C:/Users/Green/AppData/Local/UnrealEngine/4.27/DerivedDataCache/Boot.ddc.
[2024.04.23-07.44.59:247][  0]LogDerivedDataCache: Display: Loaded Boot cache: C:/Users/Green/AppData/Local/UnrealEngine/4.27/DerivedDataCache/Boot.ddc
[2024.04.23-07.44.59:248][  0]LogDerivedDataCache: FDerivedDataBackendGraph:  Pak pak cache file ../../../../../../Users/Green/Desktop/Snake/SnakeGame/DerivedDataCache/DDC.ddp not found, will not use a pak cache.
[2024.04.23-07.44.59:248][  0]LogDerivedDataCache: Unable to find inner node Pak for hierarchical cache Hierarchy.
[2024.04.23-07.44.59:248][  0]LogDerivedDataCache: FDerivedDataBackendGraph:  CompressedPak pak cache file ../../../../../../Users/Green/Desktop/Snake/SnakeGame/DerivedDataCache/Compressed.ddp not found, will not use a pak cache.
[2024.04.23-07.44.59:248][  0]LogDerivedDataCache: Unable to find inner node CompressedPak for hierarchical cache Hierarchy.
[2024.04.23-07.44.59:262][  0]LogDerivedDataCache: Display: Pak cache opened for reading ../../../Engine/DerivedDataCache/Compressed.ddp.
[2024.04.23-07.44.59:262][  0]LogDerivedDataCache: FDerivedDataBackendGraph:  EnterprisePak pak cache file ../../../Enterprise/DerivedDataCache/Compressed.ddp not found, will not use a pak cache.
[2024.04.23-07.44.59:262][  0]LogDerivedDataCache: Unable to find inner node EnterprisePak for hierarchical cache Hierarchy.
[2024.04.23-07.44.59:269][  0]LogDerivedDataCache: Speed tests for C:/Users/Green/AppData/Local/UnrealEngine/Common/DerivedDataCache took 0.01 seconds
[2024.04.23-07.44.59:269][  0]LogDerivedDataCache: Display: Performance to C:/Users/Green/AppData/Local/UnrealEngine/Common/DerivedDataCache: Latency=0.04ms. RandomReadSpeed=1155.32MBs, RandomWriteSpeed=187.84MBs. Assigned SpeedClass 'Local'
[2024.04.23-07.44.59:270][  0]LogDerivedDataCache: Using Local data cache path C:/Users/Green/AppData/Local/UnrealEngine/Common/DerivedDataCache: Writable
[2024.04.23-07.44.59:270][  0]LogDerivedDataCache: Shared data cache path not found in *engine.ini, will not use an Shared cache.
[2024.04.23-07.44.59:270][  0]LogDerivedDataCache: Unable to find inner node Shared for hierarchical cache Hierarchy.
[2024.04.23-07.44.59:309][  0]LogSlate: Using FreeType 2.10.0
[2024.04.23-07.44.59:310][  0]LogSlate: SlateFontServices - WITH_FREETYPE: 1, WITH_HARFBUZZ: 1
[2024.04.23-07.44.59:336][  0]LogAssetRegistry: FAssetRegistry took 0.0041 seconds to start up
[2024.04.23-07.44.59:531][  0]LogInit: Selected Device Profile: [Windows]
[2024.04.23-07.44.59:531][  0]LogInit: Active device profile: [000001C08C828900][000001C0FDFE7800 49] Windows
[2024.04.23-07.44.59:532][  0]LogInit: Profiles: [000001C08C828900][000001C0FDFE7800 49] Windows, [000001C08C7EB800][000001C08B1AB980 49] WindowsNoEditor, [000001C08C82B500][000001C0EB2A5B00 49] WindowsServer, [000001C08C7E8E00][000001C0EB2B8100 49] WindowsClient, [000001C08C82B800][000001C08C584280 49] IOS, [000001C08C7EA800][000001C08C588400 49] iPadAir, [000001C08C82A000][000001C08B1A6540 49] iPadAir2, [000001C08C754A00][000001C08C3C0780 49] IPadPro, [000001C08C754B00][000001C08C58C7C0 49] iPadAir3, [000001C08C7E9900][000001C08C3C4900 49] iPadAir4, [000001C08C757400][000001C0FDF9CA80 49] iPadMini2, [000001C08C7EAA00][000001C0FDFA0C00 49] iPadMini3, [000001C08C755700][000001C0FDFA4D80 49] iPadMini4, [000001C08C829100][000001C0FDFA8F00 49] iPadMini5, [000001C08C778300][000001C08C21F1C0 49] iPhone6, [000001C08C778400][000001C08C21B200 49] iPodTouch6, [000001C08C71FF00][000001C08C2314C0 49] iPhone7, [000001C08C71FE00][000001C08C22D500 49] iPodTouch7, [000001C08C7EA000][000001C08D9DD680 49] iPhone5S, [000001C08C71DA00][000001C08D9E9800 49] iPhone6Plus, [000001C08C778200][000001C0EB25D980 49] iPhone6S, [000001C08C71C600][000001C0EB261B00 49] iPhone6SPlus, [000001C08C77A900][000001C0EB264100 49] iPhone7Plus, [000001C08C71F100][000001C0EB26C280 49] iPhoneSE, [000001C08C77A200][000001C0EB270400 49] iPhone8, [000001C08C71FB00][000001C0EB278580 49] iPhone8Plus, [000001C08C778A00][000001C0EB27C700 49] iPhoneX, [000001C08C71D400][000001C08C3CC840 49] iPhoneXS, [000001C08C77B900][000001C0EB280980 49] iPhoneXSMax, [000001C08C71C900][000001C0EB284AC0 49] iPhoneXR, [000001C08C77AF00][000001C0EB296C40 49] iPhone11, [000001C08C71D300][000001C0EB268DC0 49] iPhone11Pro, [000001C08C779000][000001C0EB29AF40 49] iPhone11ProMax, [000001C08C71EA00][000001C0EB29F0C0 49] iPhoneSE2, [000001C08C779400][000001C08D993240 49] iPhone12Mini, [000001C08C71E400][000001C08D9ED3C0 49] iPhone12, [000001C08C778D00][000001C0EB275540 49] iPhone12Pro, [000001C08C71EB00][000001C08B1716C0 49] iPhone12ProMax, [000001C08C77B000][000001C08B175840 49] iPadPro105, [000001C08C71C700][000001C08B1799C0 49] iPadPro129, [000001C08C77A800][000001C08B17DB40 49] iPadPro97, [000001C08C71E600][000001C08B180140 49] iPadPro2_129, [000001C08C77BC00][000001C08B1842C0 49] iPad5, [000001C08C71E200][000001C08B188440 49] iPad6, [000001C08C778F00][000001C08B18C5C0 49] iPad7, [000001C08C71ED00][000001C0EB234740 49] iPad8, [000001C08C779100][000001C0EB2388C0 49] iPadPro11, [000001C08C71D600][000001C0EB292A00 49] iPadPro2_11, [000001C08C77B400][000001C0EB23CB40 49] iPadPro3_129, [000001C08C71E800][000001C0EB240C80 49] iPadPro4_129, [000001C08C77BA00][000001C0EB244DC0 49] AppleTV, [000001C08C71E100][000001C0EB24CF40 49] AppleTV4K, [000001C08C779F00][000001C0EB2510C0 49] TVOS, [000001C08C71F400][000001C0EB255240 49] Mac, [000001C08C77B800][000001C0EB2593C0 49] MacClient, [000001C08C71DE00][000001C08C59F540 49] MacNoEditor, [000001C08C77BF00][000001C08C5A36C0 49] MacServer, [000001C08C71F500][000001C08C5A7840 49] Linux, [000001C08C778C00][000001C08C5AB9C0 49] LinuxAArch64, [000001C08C71EF00][000001C08C5AFB40 49] LinuxNoEditor, [000001C08C778B00][000001C08C5B2140 49] LinuxAArch64NoEditor, [000001C08C71F700][000001C08C5B62C0 49] LinuxClient, [000001C08C779A00][000001C08C5BA440 49] LinuxAArch64Client, [000001C08C71D000][000001C08C5BE5C0 49] LinuxServer, [000001C08C77A500][000001C08C5C2740 49] LinuxAArch64Server, [000001C08C71D900][000001C08D9968C0 49] Android, [000001C08C779300][000001C08D99AA40 49] Android_Low, [000001C08C71E700][000001C0EB248B80 49] Android_Mid, [000001C08C77AB00][000001C08D99ECC0 49] Android_High, [000001C08C71F800][000001C08D9A2E00 49] Android_Default, [000001C08C779600][000001C08D9A6F40 49] Android_Adreno4xx, [000001C08C71D500][000001C08D9AF0C0 49] Android_Adreno5xx_Low, [000001C08C757600][000001C08D9B3240 49] Android_Adreno5xx, [000001C08C7E9800][000001C08D9B73C0 49] Android_Adreno6xx, [000001C08C755200][000001C08D9BB540 49] Android_Adreno6xx_Vulkan, [000001C08C7EBC00][000001C08D9BF6C0 49] Android_Mali_T6xx, [000001C08C755100][000001C0D6CF1840 49] Android_Mali_T7xx, [000001C08C7E9600][000001C0D6CF59C0 49] Android_Mali_T8xx, [000001C08C755E00][000001C0D6CF9B40 49] Android_Mali_G71, [000001C08C7E8500][000001C0D6CFC140 49] Android_Mali_G72, [000001C08C754800][000001C0D6D002C0 49] Android_Mali_G72_Vulkan, [000001C08C7E9300][000001C0D6D04440 49] Android_Mali_G76, [000001C08C754100][000001C0D6D085C0 49] Android_Mali_G76_Vulkan, [000001C08C7E9F00][000001C0D6D0C740 49] Android_Mali_G77, [000001C08C755000][000001C0D6D108C0 49] Android_Mali_G77_Vulkan, [000001C08C7E8A00][000001C0D6D14A40 49] Android_Mali_G78, [000001C08C756C00][000001C0D6D18BC0 49] Android_Mali_G78_Vulkan, [000001C08C7EB600][000001C0D6D1CD40 49] Android_Mali_G710, [000001C08C756A00][000001C08D9AAE80 49] Android_Mali_G710_Vulkan, [000001C08C7EBF00][000001C0FDF06FC0 49] Android_Vulkan_SM5, [000001C08C757B00][000001C0FDF0B100 49] Android_PowerVR_G6xxx, [000001C08C7EBB00][000001C0FDF13280 49] Android_PowerVR_GT7xxx, [000001C08C757900][000001C0FDF17400 49] Android_PowerVR_GE8xxx, [000001C08C7E8C00][000001C0FDF1B580 49] Android_PowerVR_GM9xxx, [000001C08C756700][000001C0FDF1F700 49] Android_PowerVR_GM9xxx_Vulkan, [000001C08C7EA700][000001C0FDF23880 49] Android_TegraK1, [000001C08C754900][000001C0FDF27A00 49] Android_Unknown_Vulkan, [000001C08C7E9D00][000001C0FDF2BB80 49] Lumin, [000001C08C754500][000001C0FDF2E180 49] Lumin_Desktop, [000001C08C7EB300][000001C0FDF32300 49] HoloLens, 
[2024.04.23-07.44.59:648][  0]LogMeshReduction: Using QuadricMeshReduction for automatic static mesh reduction
[2024.04.23-07.44.59:648][  0]LogMeshReduction: Using SimplygonMeshReduction for automatic skeletal mesh reduction
[2024.04.23-07.44.59:649][  0]LogMeshReduction: Using ProxyLODMeshReduction for automatic mesh merging
[2024.04.23-07.44.59:649][  0]LogMeshReduction: No distributed automatic mesh merging module available
[2024.04.23-07.44.59:649][  0]LogMeshMerging: No distributed automatic mesh merging module available
[2024.04.23-07.44.59:662][  0]LogNetVersion: SnakeGame 1.0.0, NetCL: 17155196, EngineNetVer: 17, GameNetVer: 0 (Checksum: 3033270002)
[2024.04.23-07.44.59:993][  0]LogTexture: Default maximum texture size for cubemaps generated from long-lat sources has been changed from 512 to unlimited. In order to preserve old behaiour for '/Engine/MapTemplates/Sky/DaylightAmbientCubemap.DaylightAmbientCubemap', its maximum texture size has been explicitly set to 512.
[2024.04.23-07.45.00:052][  0]LogHMD: PokeAHoleMaterial loaded successfully
[2024.04.23-07.45.00:057][  0]LogUObjectArray: 17178 objects as part of root set at end of initial load.
[2024.04.23-07.45.00:057][  0]LogUObjectAllocator: 4302048 out of 0 bytes used by permanent object pool.
[2024.04.23-07.45.00:057][  0]LogUObjectArray: CloseDisregardForGC: 0/0 objects in disregard for GC pool
[2024.04.23-07.45.00:345][  0]LogNiagaraDebuggerClient: Niagara Debugger Client Initialized | Session: 83FFCB004453BEEF4ED83C8202CEAB8F | Instance: 1A5627574D6EB23CF0994083EC2371F5 (DESKTOP-I7FE9TA-5960).
[2024.04.23-07.45.00:463][  0]LogPython: Using Python 3.7.7
[2024.04.23-07.45.00:933][  0]LogTcpMessaging: Initializing TcpMessaging bridge
[2024.04.23-07.45.00:939][  0]LogUdpMessaging: Initializing bridge on interface 0.0.0.0:0 to multicast group 230.0.0.1:6666.
[2024.04.23-07.45.01:115][  0]SourceControl: Source control is disabled
[2024.04.23-07.45.01:115][  0]SourceControl: Source control is disabled
[2024.04.23-07.45.01:119][  0]SourceControl: Source control is disabled
[2024.04.23-07.45.01:123][  0]SourceControl: Source control is disabled
[2024.04.23-07.45.01:134][  0]SourceControl: Source control is disabled
[2024.04.23-07.45.01:153][  0]LogUProjectInfo: Found projects:
[2024.04.23-07.45.01:435][  0]LogOpenImageDenoise: OIDN starting up
[2024.04.23-07.45.01:493][  0]LogAndroidPermission: UAndroidPermissionCallbackProxy::GetInstance
[2024.04.23-07.45.01:513][  0]LogAudioCaptureCore: Display: No Audio Capture implementations found. Audio input will be silent.
[2024.04.23-07.45.01:514][  0]LogAudioCaptureCore: Display: No Audio Capture implementations found. Audio input will be silent.
[2024.04.23-07.45.01:633][  0]LogCollectionManager: Loaded 0 collections in 0.001718 seconds
[2024.04.23-07.45.01:661][  0]LogFileCache: Scanning file cache for directory 'C:/Users/Green/Desktop/Snake/SnakeGame/Saved/Collections/' took 0.00s
[2024.04.23-07.45.01:661][  0]LogFileCache: Scanning file cache for directory 'C:/Users/Green/Desktop/Snake/SnakeGame/Content/Developers/Green/Collections/' took 0.00s
[2024.04.23-07.45.01:661][  0]LogFileCache: Scanning file cache for directory 'C:/Users/Green/Desktop/Snake/SnakeGame/Content/Collections/' took 0.00s
[2024.04.23-07.45.01:661][  0]LogOcInput: OculusInput pre-init called
[2024.04.23-07.45.01:877][  0]LogEngine: Initializing Engine...
[2024.04.23-07.45.01:880][  0]LogHMD: Failed to enumerate extensions. Please check that you have a valid OpenXR runtime installed.
[2024.04.23-07.45.01:880][  0]LogHMD: Failed to initialize OpenVR with code 110
[2024.04.23-07.45.01:880][  0]LogMagicLeap: Warning: VR disabled because ZI is not enabled.  To enable, in the editor, Edit -> Project Settings -> Plugins -> Magic Leap Plugin -> Enable Zero Iteration
[2024.04.23-07.45.01:881][  0]LogStats: UGameplayTagsManager::InitializeManager -  0.000 s
[2024.04.23-07.45.01:980][  0]LogInit: Initializing FReadOnlyCVARCache
[2024.04.23-07.45.01:989][  0]LogAIModule: Creating AISystem for world Untitled
[2024.04.23-07.45.01:991][  0]LogAudio: Display: Initializing Audio Device Manager...
[2024.04.23-07.45.01:995][  0]LogAudio: Display: Loading Default Audio Settings Objects...
[2024.04.23-07.45.01:996][  0]LogAudio: Display: No default SoundConcurrencyObject specified (or failed to load).
[2024.04.23-07.45.01:996][  0]LogAudio: Display: Audio Device Manager Initialized
[2024.04.23-07.45.01:996][  0]LogAudio: Display: Creating Audio Device:                 Id: 1, Scope: Shared, Realtime: True
[2024.04.23-07.45.01:996][  0]LogAudioMixer: Display: Audio Mixer Platform Settings:
[2024.04.23-07.45.01:996][  0]LogAudioMixer: Display: 	Sample Rate:						  48000
[2024.04.23-07.45.01:996][  0]LogAudioMixer: Display: 	Callback Buffer Frame Size Requested: 1024
[2024.04.23-07.45.01:997][  0]LogAudioMixer: Display: 	Callback Buffer Frame Size To Use:	  1024
[2024.04.23-07.45.01:997][  0]LogAudioMixer: Display: 	Number of buffers to queue:			  2
[2024.04.23-07.45.01:997][  0]LogAudioMixer: Display: 	Max Channels (voices):				  32
[2024.04.23-07.45.01:997][  0]LogAudioMixer: Display: 	Number of Async Source Workers:		  0
[2024.04.23-07.45.01:997][  0]LogAudio: Display: AudioDevice MaxSources: 32
[2024.04.23-07.45.01:997][  0]LogAudio: Display: Audio Spatialization Plugin: None (built-in).
[2024.04.23-07.45.01:997][  0]LogAudio: Display: Audio Reverb Plugin: None (built-in).
[2024.04.23-07.45.01:998][  0]LogAudio: Display: Audio Occlusion Plugin: None (built-in).
[2024.04.23-07.45.01:998][  0]LogAudioMixer: Display: Initializing audio mixer.
[2024.04.23-07.45.02:015][  0]LogAudioMixer: Display: 0: FrontLeft
[2024.04.23-07.45.02:015][  0]LogAudioMixer: Display: 1: FrontRight
[2024.04.23-07.45.02:045][  0]LogAudioMixer: Display: Using Audio Device Speakers (ASUS Essence STX II Audio Device)
[2024.04.23-07.45.02:048][  0]LogAudioMixer: Display: Initializing Sound Submixes...
[2024.04.23-07.45.02:051][  0]LogAudioMixer: Display: Creating Master Submix 'MasterSubmixDefault'
[2024.04.23-07.45.02:051][  0]LogAudioMixer: Display: Creating Master Submix 'MasterReverbSubmixDefault'
[2024.04.23-07.45.02:052][  0]LogAudioMixer: Display: Creating Master Submix 'MasterEQSubmixDefault'
[2024.04.23-07.45.02:052][  0]LogAudioMixer: FMixerPlatformXAudio2::StartAudioStream() called
[2024.04.23-07.45.02:052][  0]LogAudioMixer: Display: Output buffers initialized: Frames=1024, Channels=2, Samples=2048
[2024.04.23-07.45.02:054][  0]LogAudioMixer: Display: Starting AudioMixerPlatformInterface::RunInternal()
[2024.04.23-07.45.02:055][  0]LogAudioMixer: Display: FMixerPlatformXAudio2::SubmitBuffer() called for the first time
[2024.04.23-07.45.02:055][  0]LogInit: FAudioDevice initialized.
[2024.04.23-07.45.02:055][  0]LogAudio: Display: Audio Device (ID: 1) registered with world 'Untitled'.
[2024.04.23-07.45.02:055][  0]LogNetVersion: Set ProjectVersion to 1.0.0.0. Version Checksum will be recalculated on next use.
[2024.04.23-07.45.02:104][  0]LogDerivedDataCache: Saved boot cache 0.05s 94MB C:/Users/Green/AppData/Local/UnrealEngine/4.27/DerivedDataCache/Boot.ddc.
[2024.04.23-07.45.02:104][  0]LogInit: Texture streaming: Enabled
[2024.04.23-07.45.02:118][  0]LogAnalytics: Display: [UEEditor.Rocket.Release] APIServer = https://datarouter.ol.epicgames.com/. AppVersion = 4.27.2-18319896+++UE4+Release-4.27
[2024.04.23-07.45.02:122][  0]LogEngineSessionManager: EngineSessionManager initialized
[2024.04.23-07.45.02:122][  0]LogEditorSessionSummary: Verbose: Initializing EditorSessionSummaryWriter for editor session tracking
[2024.04.23-07.45.02:125][  0]LogEditorSessionSummary: EditorSessionSummaryWriter initialized
[2024.04.23-07.45.02:143][  0]LogInit: Transaction tracking system initialized
[2024.04.23-07.45.02:165][  0]BlueprintLog: New page: Editor Load
[2024.04.23-07.45.02:230][  0]LocalizationService: Localization service is disabled
[2024.04.23-07.45.02:257][  0]TimingProfiler: Initialize
[2024.04.23-07.45.02:257][  0]TimingProfiler: OnSessionChanged
[2024.04.23-07.45.02:257][  0]LoadingProfiler: Initialize
[2024.04.23-07.45.02:257][  0]LoadingProfiler: OnSessionChanged
[2024.04.23-07.45.02:257][  0]NetworkingProfiler: Initialize
[2024.04.23-07.45.02:258][  0]NetworkingProfiler: OnSessionChanged
[2024.04.23-07.45.02:258][  0]MemoryProfiler: Initialize
[2024.04.23-07.45.02:258][  0]MemoryProfiler: OnSessionChanged
[2024.04.23-07.45.02:397][  0]LogCook: Display: CookSettings for Memory: MemoryMaxUsedVirtual 0MiB, MemoryMaxUsedPhysical 16384MiB, MemoryMinFreeVirtual 0MiB, MemoryMinFreePhysical 1024MiB
[2024.04.23-07.45.02:397][  0]LogCook: Display: Mobile HDR setting 1
[2024.04.23-07.45.02:590][  0]LogFileCache: Scanning file cache for directory 'C:/Users/Green/Desktop/Snake/SnakeGame/Content/' took 0.00s
[2024.04.23-07.45.02:761][  0]LogInit: Display: Engine is initialized. Leaving FEngineLoop::Init()
[2024.04.23-07.45.02:764][  0]SourceControl: Source control is disabled
[2024.04.23-07.45.02:765][  0]LogUnrealEdMisc: Loading editor; pre map load, took 7.155
[2024.04.23-07.45.02:765][  0]Cmd: MAP LOAD FILE="../../../../../../Users/Green/Desktop/Snake/SnakeGame/Content/MainMap.umap" TEMPLATE=0 SHOWPROGRESS=1 FEATURELEVEL=3
[2024.04.23-07.45.02:765][  0]LightingResults: New page: Lighting Build
[2024.04.23-07.45.02:767][  0]LogWorld: UWorld::CleanupWorld for Untitled, bSessionEnded=true, bCleanupResources=true
[2024.04.23-07.45.02:767][  0]LogSlate: InvalidateAllWidgets triggered.  All widgets were invalidated
[2024.04.23-07.45.02:767][  0]MapCheck: New page: Map Check
[2024.04.23-07.45.02:767][  0]LightingResults: New page: Lighting Build
[2024.04.23-07.45.02:772][  0]LogAudio: Display: Audio Device unregistered from world 'None'.
[2024.04.23-07.45.02:775][  0]LogUObjectHash: Compacting FUObjectHashTables data took   0.68ms
[2024.04.23-07.45.02:834][  0]LogAudio: Display: Audio Device (ID: 1) registered with world 'MainMap'.
[2024.04.23-07.45.02:835][  0]LogAIModule: Creating AISystem for world MainMap
[2024.04.23-07.45.02:838][  0]LogEditorServer: Finished looking for orphan Actors (0.000 secs)
[2024.04.23-07.45.02:858][  0]LogUObjectHash: Compacting FUObjectHashTables data took   0.65ms
[2024.04.23-07.45.02:859][  0]Cmd: MAP CHECKDEP NOCLEARLOG
[2024.04.23-07.45.02:859][  0]MapCheck: Map check complete: 0 Error(s), 0 Warning(s), took 0.188ms to complete.
[2024.04.23-07.45.02:859][  0]LogFileHelpers: Loading map 'MainMap' took 0.094
[2024.04.23-07.45.02:861][  0]LogUnrealEdMisc: Total Editor Startup Time, took 7.251
[2024.04.23-07.45.02:972][  0]LogSlate: Updating window title bar state: overlay mode, drag disabled, window buttons hidden, title bar hidden
[2024.04.23-07.45.02:978][  0]LogSlate: Updating window title bar state: overlay mode, drag disabled, window buttons hidden, title bar hidden
[2024.04.23-07.45.02:983][  0]LogSlate: Updating window title bar state: overlay mode, drag disabled, window buttons hidden, title bar hidden
[2024.04.23-07.45.02:989][  0]LogSlate: Updating window title bar state: overlay mode, drag disabled, window buttons hidden, title bar hidden
[2024.04.23-07.45.03:001][  0]LogNativeClassHierarchy: Verbose: Native class hierarchy populated in 0.0080 seconds. Added 3826 classes and 930 folders.
[2024.04.23-07.45.03:005][  0]LogNativeClassHierarchy: Verbose: Native class hierarchy updated for 'WidgetCarousel' in 0.0002 seconds. Added 0 classes and 0 folders.
[2024.04.23-07.45.03:006][  0]LogPakFile: PakFile PrimaryIndexSize=187
[2024.04.23-07.45.03:006][  0]LogPakFile: PakFile PathHashIndexSize=101
[2024.04.23-07.45.03:007][  0]LogPakFile: PakFile FullDirectoryIndexSize=148
[2024.04.23-07.45.03:007][  0]LogShaderLibrary: Display: ShaderCodeLibraryPakFileMountedCallback: PakFile 'C:/Program Files/Epic Games/UE_4.27/FeaturePacks/FP_FirstPerson.upack' (chunk index -1, root 'root:/') mounted
[2024.04.23-07.45.03:007][  0]LogShaderLibrary: Display: ShaderCodeLibraryPakFileMountedCallback: pending pak file info (ChunkID:-1 Root:root:/ File:C:/Program Files/Epic Games/UE_4.27/FeaturePacks/FP_FirstPerson.upack)
[2024.04.23-07.45.03:007][  0]LogPakFile: OnPakFileMounted2Time == 0.000242
[2024.04.23-07.45.03:008][  0]LogPakFile: PakFile PrimaryIndexSize=189
[2024.04.23-07.45.03:008][  0]LogPakFile: PakFile PathHashIndexSize=101
[2024.04.23-07.45.03:008][  0]LogPakFile: PakFile FullDirectoryIndexSize=152
[2024.04.23-07.45.03:008][  0]LogShaderLibrary: Display: ShaderCodeLibraryPakFileMountedCallback: PakFile 'C:/Program Files/Epic Games/UE_4.27/FeaturePacks/FP_FirstPersonBP.upack' (chunk index -1, root 'root:/') mounted
[2024.04.23-07.45.03:008][  0]LogShaderLibrary: Display: ShaderCodeLibraryPakFileMountedCallback: pending pak file info (ChunkID:-1 Root:root:/ File:C:/Program Files/Epic Games/UE_4.27/FeaturePacks/FP_FirstPersonBP.upack)
[2024.04.23-07.45.03:008][  0]LogPakFile: OnPakFileMounted2Time == 0.000217
[2024.04.23-07.45.03:009][  0]LogPakFile: PakFile PrimaryIndexSize=191
[2024.04.23-07.45.03:009][  0]LogPakFile: PakFile PathHashIndexSize=101
[2024.04.23-07.45.03:009][  0]LogPakFile: PakFile FullDirectoryIndexSize=160
[2024.04.23-07.45.03:009][  0]LogShaderLibrary: Display: ShaderCodeLibraryPakFileMountedCallback: PakFile 'C:/Program Files/Epic Games/UE_4.27/FeaturePacks/MobileStarterContent.upack' (chunk index -1, root 'root:/') mounted
[2024.04.23-07.45.03:009][  0]LogShaderLibrary: Display: ShaderCodeLibraryPakFileMountedCallback: pending pak file info (ChunkID:-1 Root:root:/ File:C:/Program Files/Epic Games/UE_4.27/FeaturePacks/MobileStarterContent.upack)
[2024.04.23-07.45.03:009][  0]LogPakFile: OnPakFileMounted2Time == 0.000131
[2024.04.23-07.45.03:010][  0]LogPakFile: PakFile PrimaryIndexSize=185
[2024.04.23-07.45.03:010][  0]LogPakFile: PakFile PathHashIndexSize=101
[2024.04.23-07.45.03:010][  0]LogPakFile: PakFile FullDirectoryIndexSize=148
[2024.04.23-07.45.03:010][  0]LogShaderLibrary: Display: ShaderCodeLibraryPakFileMountedCallback: PakFile 'C:/Program Files/Epic Games/UE_4.27/FeaturePacks/StarterContent.upack' (chunk index -1, root 'root:/') mounted
[2024.04.23-07.45.03:010][  0]LogShaderLibrary: Display: ShaderCodeLibraryPakFileMountedCallback: pending pak file info (ChunkID:-1 Root:root:/ File:C:/Program Files/Epic Games/UE_4.27/FeaturePacks/StarterContent.upack)
[2024.04.23-07.45.03:010][  0]LogPakFile: OnPakFileMounted2Time == 0.000118
[2024.04.23-07.45.03:011][  0]LogPakFile: PakFile PrimaryIndexSize=190
[2024.04.23-07.45.03:011][  0]LogPakFile: PakFile PathHashIndexSize=101
[2024.04.23-07.45.03:011][  0]LogPakFile: PakFile FullDirectoryIndexSize=154
[2024.04.23-07.45.03:011][  0]LogShaderLibrary: Display: ShaderCodeLibraryPakFileMountedCallback: PakFile 'C:/Program Files/Epic Games/UE_4.27/FeaturePacks/TP_2DSideScroller.upack' (chunk index -1, root 'root:/') mounted
[2024.04.23-07.45.03:011][  0]LogShaderLibrary: Display: ShaderCodeLibraryPakFileMountedCallback: pending pak file info (ChunkID:-1 Root:root:/ File:C:/Program Files/Epic Games/UE_4.27/FeaturePacks/TP_2DSideScroller.upack)
[2024.04.23-07.45.03:011][  0]LogPakFile: OnPakFileMounted2Time == 0.000147
[2024.04.23-07.45.03:012][  0]LogPakFile: PakFile PrimaryIndexSize=192
[2024.04.23-07.45.03:012][  0]LogPakFile: PakFile PathHashIndexSize=101
[2024.04.23-07.45.03:012][  0]LogPakFile: PakFile FullDirectoryIndexSize=158
[2024.04.23-07.45.03:012][  0]LogShaderLibrary: Display: ShaderCodeLibraryPakFileMountedCallback: PakFile 'C:/Program Files/Epic Games/UE_4.27/FeaturePacks/TP_2DSideScrollerBP.upack' (chunk index -1, root 'root:/') mounted
[2024.04.23-07.45.03:012][  0]LogShaderLibrary: Display: ShaderCodeLibraryPakFileMountedCallback: pending pak file info (ChunkID:-1 Root:root:/ File:C:/Program Files/Epic Games/UE_4.27/FeaturePacks/TP_2DSideScrollerBP.upack)
[2024.04.23-07.45.03:012][  0]LogPakFile: OnPakFileMounted2Time == 0.000116
[2024.04.23-07.45.03:013][  0]LogPakFile: PakFile PrimaryIndexSize=182
[2024.04.23-07.45.03:013][  0]LogPakFile: PakFile PathHashIndexSize=101
[2024.04.23-07.45.03:013][  0]LogPakFile: PakFile FullDirectoryIndexSize=138
[2024.04.23-07.45.03:013][  0]LogShaderLibrary: Display: ShaderCodeLibraryPakFileMountedCallback: PakFile 'C:/Program Files/Epic Games/UE_4.27/FeaturePacks/TP_Flying.upack' (chunk index -1, root 'root:/') mounted
[2024.04.23-07.45.03:013][  0]LogShaderLibrary: Display: ShaderCodeLibraryPakFileMountedCallback: pending pak file info (ChunkID:-1 Root:root:/ File:C:/Program Files/Epic Games/UE_4.27/FeaturePacks/TP_Flying.upack)
[2024.04.23-07.45.03:013][  0]LogPakFile: OnPakFileMounted2Time == 0.000149
[2024.04.23-07.45.03:014][  0]LogPakFile: PakFile PrimaryIndexSize=184
[2024.04.23-07.45.03:014][  0]LogPakFile: PakFile PathHashIndexSize=101
[2024.04.23-07.45.03:014][  0]LogPakFile: PakFile FullDirectoryIndexSize=142
[2024.04.23-07.45.03:014][  0]LogShaderLibrary: Display: ShaderCodeLibraryPakFileMountedCallback: PakFile 'C:/Program Files/Epic Games/UE_4.27/FeaturePacks/TP_FlyingBP.upack' (chunk index -1, root 'root:/') mounted
[2024.04.23-07.45.03:014][  0]LogShaderLibrary: Display: ShaderCodeLibraryPakFileMountedCallback: pending pak file info (ChunkID:-1 Root:root:/ File:C:/Program Files/Epic Games/UE_4.27/FeaturePacks/TP_FlyingBP.upack)
[2024.04.23-07.45.03:014][  0]LogPakFile: OnPakFileMounted2Time == 0.000110
[2024.04.23-07.45.03:015][  0]LogPakFile: PakFile PrimaryIndexSize=188
[2024.04.23-07.45.03:015][  0]LogPakFile: PakFile PathHashIndexSize=101
[2024.04.23-07.45.03:015][  0]LogPakFile: PakFile FullDirectoryIndexSize=150
[2024.04.23-07.45.03:015][  0]LogShaderLibrary: Display: ShaderCodeLibraryPakFileMountedCallback: PakFile 'C:/Program Files/Epic Games/UE_4.27/FeaturePacks/TP_HandheldARBP.upack' (chunk index -1, root 'root:/') mounted
[2024.04.23-07.45.03:015][  0]LogShaderLibrary: Display: ShaderCodeLibraryPakFileMountedCallback: pending pak file info (ChunkID:-1 Root:root:/ File:C:/Program Files/Epic Games/UE_4.27/FeaturePacks/TP_HandheldARBP.upack)
[2024.04.23-07.45.03:015][  0]LogPakFile: OnPakFileMounted2Time == 0.000140
[2024.04.23-07.45.03:016][  0]LogPakFile: PakFile PrimaryIndexSize=182
[2024.04.23-07.45.03:016][  0]LogPakFile: PakFile PathHashIndexSize=101
[2024.04.23-07.45.03:016][  0]LogPakFile: PakFile FullDirectoryIndexSize=138
[2024.04.23-07.45.03:016][  0]LogShaderLibrary: Display: ShaderCodeLibraryPakFileMountedCallback: PakFile 'C:/Program Files/Epic Games/UE_4.27/FeaturePacks/TP_Puzzle.upack' (chunk index -1, root 'root:/') mounted
[2024.04.23-07.45.03:016][  0]LogShaderLibrary: Display: ShaderCodeLibraryPakFileMountedCallback: pending pak file info (ChunkID:-1 Root:root:/ File:C:/Program Files/Epic Games/UE_4.27/FeaturePacks/TP_Puzzle.upack)
[2024.04.23-07.45.03:016][  0]LogPakFile: OnPakFileMounted2Time == 0.000118
[2024.04.23-07.45.03:017][  0]LogPakFile: PakFile PrimaryIndexSize=184
[2024.04.23-07.45.03:017][  0]LogPakFile: PakFile PathHashIndexSize=101
[2024.04.23-07.45.03:017][  0]LogPakFile: PakFile FullDirectoryIndexSize=142
[2024.04.23-07.45.03:017][  0]LogShaderLibrary: Display: ShaderCodeLibraryPakFileMountedCallback: PakFile 'C:/Program Files/Epic Games/UE_4.27/FeaturePacks/TP_PuzzleBP.upack' (chunk index -1, root 'root:/') mounted
[2024.04.23-07.45.03:017][  0]LogShaderLibrary: Display: ShaderCodeLibraryPakFileMountedCallback: pending pak file info (ChunkID:-1 Root:root:/ File:C:/Program Files/Epic Games/UE_4.27/FeaturePacks/TP_PuzzleBP.upack)
[2024.04.23-07.45.03:017][  0]LogPakFile: OnPakFileMounted2Time == 0.000120
[2024.04.23-07.45.03:018][  0]LogPakFile: PakFile PrimaryIndexSize=183
[2024.04.23-07.45.03:018][  0]LogPakFile: PakFile PathHashIndexSize=101
[2024.04.23-07.45.03:018][  0]LogPakFile: PakFile FullDirectoryIndexSize=140
[2024.04.23-07.45.03:018][  0]LogShaderLibrary: Display: ShaderCodeLibraryPakFileMountedCallback: PakFile 'C:/Program Files/Epic Games/UE_4.27/FeaturePacks/TP_Rolling.upack' (chunk index -1, root 'root:/') mounted
[2024.04.23-07.45.03:018][  0]LogShaderLibrary: Display: ShaderCodeLibraryPakFileMountedCallback: pending pak file info (ChunkID:-1 Root:root:/ File:C:/Program Files/Epic Games/UE_4.27/FeaturePacks/TP_Rolling.upack)
[2024.04.23-07.45.03:018][  0]LogPakFile: OnPakFileMounted2Time == 0.000109
[2024.04.23-07.45.03:019][  0]LogPakFile: PakFile PrimaryIndexSize=185
[2024.04.23-07.45.03:019][  0]LogPakFile: PakFile PathHashIndexSize=101
[2024.04.23-07.45.03:019][  0]LogPakFile: PakFile FullDirectoryIndexSize=144
[2024.04.23-07.45.03:019][  0]LogShaderLibrary: Display: ShaderCodeLibraryPakFileMountedCallback: PakFile 'C:/Program Files/Epic Games/UE_4.27/FeaturePacks/TP_RollingBP.upack' (chunk index -1, root 'root:/') mounted
[2024.04.23-07.45.03:019][  0]LogShaderLibrary: Display: ShaderCodeLibraryPakFileMountedCallback: pending pak file info (ChunkID:-1 Root:root:/ File:C:/Program Files/Epic Games/UE_4.27/FeaturePacks/TP_RollingBP.upack)
[2024.04.23-07.45.03:019][  0]LogPakFile: OnPakFileMounted2Time == 0.000125
[2024.04.23-07.45.03:019][  0]LogPakFile: PakFile PrimaryIndexSize=188
[2024.04.23-07.45.03:020][  0]LogPakFile: PakFile PathHashIndexSize=101
[2024.04.23-07.45.03:020][  0]LogPakFile: PakFile FullDirectoryIndexSize=150
[2024.04.23-07.45.03:020][  0]LogShaderLibrary: Display: ShaderCodeLibraryPakFileMountedCallback: PakFile 'C:/Program Files/Epic Games/UE_4.27/FeaturePacks/TP_SideScroller.upack' (chunk index -1, root 'root:/') mounted
[2024.04.23-07.45.03:020][  0]LogShaderLibrary: Display: ShaderCodeLibraryPakFileMountedCallback: pending pak file info (ChunkID:-1 Root:root:/ File:C:/Program Files/Epic Games/UE_4.27/FeaturePacks/TP_SideScroller.upack)
[2024.04.23-07.45.03:020][  0]LogPakFile: OnPakFileMounted2Time == 0.000133
[2024.04.23-07.45.03:020][  0]LogPakFile: PakFile PrimaryIndexSize=190
[2024.04.23-07.45.03:020][  0]LogPakFile: PakFile PathHashIndexSize=101
[2024.04.23-07.45.03:021][  0]LogPakFile: PakFile FullDirectoryIndexSize=154
[2024.04.23-07.45.03:021][  0]LogShaderLibrary: Display: ShaderCodeLibraryPakFileMountedCallback: PakFile 'C:/Program Files/Epic Games/UE_4.27/FeaturePacks/TP_SideScrollerBP.upack' (chunk index -1, root 'root:/') mounted
[2024.04.23-07.45.03:021][  0]LogShaderLibrary: Display: ShaderCodeLibraryPakFileMountedCallback: pending pak file info (ChunkID:-1 Root:root:/ File:C:/Program Files/Epic Games/UE_4.27/FeaturePacks/TP_SideScrollerBP.upack)
[2024.04.23-07.45.03:021][  0]LogPakFile: OnPakFileMounted2Time == 0.000108
[2024.04.23-07.45.03:021][  0]LogPakFile: PakFile PrimaryIndexSize=187
[2024.04.23-07.45.03:021][  0]LogPakFile: PakFile PathHashIndexSize=101
[2024.04.23-07.45.03:021][  0]LogPakFile: PakFile FullDirectoryIndexSize=148
[2024.04.23-07.45.03:021][  0]LogShaderLibrary: Display: ShaderCodeLibraryPakFileMountedCallback: PakFile 'C:/Program Files/Epic Games/UE_4.27/FeaturePacks/TP_ThirdPerson.upack' (chunk index -1, root 'root:/') mounted
[2024.04.23-07.45.03:021][  0]LogShaderLibrary: Display: ShaderCodeLibraryPakFileMountedCallback: pending pak file info (ChunkID:-1 Root:root:/ File:C:/Program Files/Epic Games/UE_4.27/FeaturePacks/TP_ThirdPerson.upack)
[2024.04.23-07.45.03:022][  0]LogPakFile: OnPakFileMounted2Time == 0.000138
[2024.04.23-07.45.03:022][  0]LogPakFile: PakFile PrimaryIndexSize=189
[2024.04.23-07.45.03:022][  0]LogPakFile: PakFile PathHashIndexSize=101
[2024.04.23-07.45.03:022][  0]LogPakFile: PakFile FullDirectoryIndexSize=152
[2024.04.23-07.45.03:022][  0]LogShaderLibrary: Display: ShaderCodeLibraryPakFileMountedCallback: PakFile 'C:/Program Files/Epic Games/UE_4.27/FeaturePacks/TP_ThirdPersonBP.upack' (chunk index -1, root 'root:/') mounted
[2024.04.23-07.45.03:022][  0]LogShaderLibrary: Display: ShaderCodeLibraryPakFileMountedCallback: pending pak file info (ChunkID:-1 Root:root:/ File:C:/Program Files/Epic Games/UE_4.27/FeaturePacks/TP_ThirdPersonBP.upack)
[2024.04.23-07.45.03:022][  0]LogPakFile: OnPakFileMounted2Time == 0.000135
[2024.04.23-07.45.03:023][  0]LogPakFile: PakFile PrimaryIndexSize=183
[2024.04.23-07.45.03:023][  0]LogPakFile: PakFile PathHashIndexSize=101
[2024.04.23-07.45.03:023][  0]LogPakFile: PakFile FullDirectoryIndexSize=140
[2024.04.23-07.45.03:023][  0]LogShaderLibrary: Display: ShaderCodeLibraryPakFileMountedCallback: PakFile 'C:/Program Files/Epic Games/UE_4.27/FeaturePacks/TP_TopDown.upack' (chunk index -1, root 'root:/') mounted
[2024.04.23-07.45.03:023][  0]LogShaderLibrary: Display: ShaderCodeLibraryPakFileMountedCallback: pending pak file info (ChunkID:-1 Root:root:/ File:C:/Program Files/Epic Games/UE_4.27/FeaturePacks/TP_TopDown.upack)
[2024.04.23-07.45.03:023][  0]LogPakFile: OnPakFileMounted2Time == 0.000124
[2024.04.23-07.45.03:024][  0]LogPakFile: PakFile PrimaryIndexSize=185
[2024.04.23-07.45.03:024][  0]LogPakFile: PakFile PathHashIndexSize=101
[2024.04.23-07.45.03:024][  0]LogPakFile: PakFile FullDirectoryIndexSize=144
[2024.04.23-07.45.03:024][  0]LogShaderLibrary: Display: ShaderCodeLibraryPakFileMountedCallback: PakFile 'C:/Program Files/Epic Games/UE_4.27/FeaturePacks/TP_TopDownBP.upack' (chunk index -1, root 'root:/') mounted
[2024.04.23-07.45.03:024][  0]LogShaderLibrary: Display: ShaderCodeLibraryPakFileMountedCallback: pending pak file info (ChunkID:-1 Root:root:/ File:C:/Program Files/Epic Games/UE_4.27/FeaturePacks/TP_TopDownBP.upack)
[2024.04.23-07.45.03:024][  0]LogPakFile: OnPakFileMounted2Time == 0.000116
[2024.04.23-07.45.03:025][  0]LogPakFile: PakFile PrimaryIndexSize=185
[2024.04.23-07.45.03:025][  0]LogPakFile: PakFile PathHashIndexSize=101
[2024.04.23-07.45.03:025][  0]LogPakFile: PakFile FullDirectoryIndexSize=144
[2024.04.23-07.45.03:025][  0]LogShaderLibrary: Display: ShaderCodeLibraryPakFileMountedCallback: PakFile 'C:/Program Files/Epic Games/UE_4.27/FeaturePacks/TP_TwinStick.upack' (chunk index -1, root 'root:/') mounted
[2024.04.23-07.45.03:025][  0]LogShaderLibrary: Display: ShaderCodeLibraryPakFileMountedCallback: pending pak file info (ChunkID:-1 Root:root:/ File:C:/Program Files/Epic Games/UE_4.27/FeaturePacks/TP_TwinStick.upack)
[2024.04.23-07.45.03:025][  0]LogPakFile: OnPakFileMounted2Time == 0.000121
[2024.04.23-07.45.03:026][  0]LogPakFile: PakFile PrimaryIndexSize=187
[2024.04.23-07.45.03:026][  0]LogPakFile: PakFile PathHashIndexSize=101
[2024.04.23-07.45.03:026][  0]LogPakFile: PakFile FullDirectoryIndexSize=148
[2024.04.23-07.45.03:026][  0]LogShaderLibrary: Display: ShaderCodeLibraryPakFileMountedCallback: PakFile 'C:/Program Files/Epic Games/UE_4.27/FeaturePacks/TP_TwinStickBP.upack' (chunk index -1, root 'root:/') mounted
[2024.04.23-07.45.03:026][  0]LogShaderLibrary: Display: ShaderCodeLibraryPakFileMountedCallback: pending pak file info (ChunkID:-1 Root:root:/ File:C:/Program Files/Epic Games/UE_4.27/FeaturePacks/TP_TwinStickBP.upack)
[2024.04.23-07.45.03:026][  0]LogPakFile: OnPakFileMounted2Time == 0.000115
[2024.04.23-07.45.03:027][  0]LogPakFile: PakFile PrimaryIndexSize=183
[2024.04.23-07.45.03:027][  0]LogPakFile: PakFile PathHashIndexSize=101
[2024.04.23-07.45.03:027][  0]LogPakFile: PakFile FullDirectoryIndexSize=140
[2024.04.23-07.45.03:027][  0]LogShaderLibrary: Display: ShaderCodeLibraryPakFileMountedCallback: PakFile 'C:/Program Files/Epic Games/UE_4.27/FeaturePacks/TP_Vehicle.upack' (chunk index -1, root 'root:/') mounted
[2024.04.23-07.45.03:027][  0]LogShaderLibrary: Display: ShaderCodeLibraryPakFileMountedCallback: pending pak file info (ChunkID:-1 Root:root:/ File:C:/Program Files/Epic Games/UE_4.27/FeaturePacks/TP_Vehicle.upack)
[2024.04.23-07.45.03:027][  0]LogPakFile: OnPakFileMounted2Time == 0.000125
[2024.04.23-07.45.03:028][  0]LogPakFile: PakFile PrimaryIndexSize=186
[2024.04.23-07.45.03:028][  0]LogPakFile: PakFile PathHashIndexSize=101
[2024.04.23-07.45.03:028][  0]LogPakFile: PakFile FullDirectoryIndexSize=146
[2024.04.23-07.45.03:028][  0]LogShaderLibrary: Display: ShaderCodeLibraryPakFileMountedCallback: PakFile 'C:/Program Files/Epic Games/UE_4.27/FeaturePacks/TP_VehicleAdv.upack' (chunk index -1, root 'root:/') mounted
[2024.04.23-07.45.03:028][  0]LogShaderLibrary: Display: ShaderCodeLibraryPakFileMountedCallback: pending pak file info (ChunkID:-1 Root:root:/ File:C:/Program Files/Epic Games/UE_4.27/FeaturePacks/TP_VehicleAdv.upack)
[2024.04.23-07.45.03:028][  0]LogPakFile: OnPakFileMounted2Time == 0.000117
[2024.04.23-07.45.03:029][  0]LogPakFile: PakFile PrimaryIndexSize=188
[2024.04.23-07.45.03:029][  0]LogPakFile: PakFile PathHashIndexSize=101
[2024.04.23-07.45.03:029][  0]LogPakFile: PakFile FullDirectoryIndexSize=150
[2024.04.23-07.45.03:029][  0]LogShaderLibrary: Display: ShaderCodeLibraryPakFileMountedCallback: PakFile 'C:/Program Files/Epic Games/UE_4.27/FeaturePacks/TP_VehicleAdvBP.upack' (chunk index -1, root 'root:/') mounted
[2024.04.23-07.45.03:029][  0]LogShaderLibrary: Display: ShaderCodeLibraryPakFileMountedCallback: pending pak file info (ChunkID:-1 Root:root:/ File:C:/Program Files/Epic Games/UE_4.27/FeaturePacks/TP_VehicleAdvBP.upack)
[2024.04.23-07.45.03:029][  0]LogPakFile: OnPakFileMounted2Time == 0.000122
[2024.04.23-07.45.03:029][  0]LogPakFile: PakFile PrimaryIndexSize=185
[2024.04.23-07.45.03:029][  0]LogPakFile: PakFile PathHashIndexSize=101
[2024.04.23-07.45.03:030][  0]LogPakFile: PakFile FullDirectoryIndexSize=144
[2024.04.23-07.45.03:030][  0]LogShaderLibrary: Display: ShaderCodeLibraryPakFileMountedCallback: PakFile 'C:/Program Files/Epic Games/UE_4.27/FeaturePacks/TP_VehicleBP.upack' (chunk index -1, root 'root:/') mounted
[2024.04.23-07.45.03:030][  0]LogShaderLibrary: Display: ShaderCodeLibraryPakFileMountedCallback: pending pak file info (ChunkID:-1 Root:root:/ File:C:/Program Files/Epic Games/UE_4.27/FeaturePacks/TP_VehicleBP.upack)
[2024.04.23-07.45.03:030][  0]LogPakFile: OnPakFileMounted2Time == 0.000116
[2024.04.23-07.45.03:030][  0]LogPakFile: PakFile PrimaryIndexSize=192
[2024.04.23-07.45.03:030][  0]LogPakFile: PakFile PathHashIndexSize=101
[2024.04.23-07.45.03:030][  0]LogPakFile: PakFile FullDirectoryIndexSize=158
[2024.04.23-07.45.03:031][  0]LogShaderLibrary: Display: ShaderCodeLibraryPakFileMountedCallback: PakFile 'C:/Program Files/Epic Games/UE_4.27/FeaturePacks/TP_VirtualRealityBP.upack' (chunk index -1, root 'root:/') mounted
[2024.04.23-07.45.03:031][  0]LogShaderLibrary: Display: ShaderCodeLibraryPakFileMountedCallback: pending pak file info (ChunkID:-1 Root:root:/ File:C:/Program Files/Epic Games/UE_4.27/FeaturePacks/TP_VirtualRealityBP.upack)
[2024.04.23-07.45.03:031][  0]LogPakFile: OnPakFileMounted2Time == 0.000116
[2024.04.23-07.45.03:092][  0]LogNativeClassHierarchy: Verbose: Native class hierarchy updated for 'AddContentDialog' in 0.0003 seconds. Added 0 classes and 0 folders.
[2024.04.23-07.45.03:093][  0]LogNativeClassHierarchy: Verbose: Native class hierarchy updated for 'SceneOutliner' in 0.0002 seconds. Added 2 classes and 0 folders.
[2024.04.23-07.45.03:119][  0]LogNativeClassHierarchy: Verbose: Native class hierarchy updated for 'HierarchicalLODOutliner' in 0.0003 seconds. Added 0 classes and 0 folders.
[2024.04.23-07.45.03:119][  0]LogLoad: (Engine Initialization) Total time: 7.51 seconds
[2024.04.23-07.45.03:119][  0]LogLoad: (Engine Initialization) Total Blueprint compile time: 0.00 seconds
[2024.04.23-07.45.03:154][  0]LogAssetRegistry: Asset discovery search completed in 3.8207 seconds
[2024.04.23-07.45.03:159][  0]LogCollectionManager: Fixed up redirectors for 0 collections in 0.000003 seconds (updated 0 objects)
[2024.04.23-07.45.03:161][  0]LogContentStreaming: Texture pool size now 1000 MB
[2024.04.23-07.45.03:166][  0]LogSlate: Took 0.000125 seconds to synchronously load lazily loaded font '../../../Engine/Content/Slate/Fonts/Roboto-Regular.ttf' (155K)
[2024.04.23-07.45.03:166][  0]LogSlate: Took 0.000099 seconds to synchronously load lazily loaded font '../../../Engine/Content/Editor/Slate/Fonts/FontAwesome.ttf' (139K)
[2024.04.23-07.45.03:167][  0]LogSlate: Took 0.000096 seconds to synchronously load lazily loaded font '../../../Engine/Content/Slate/Fonts/Roboto-Bold.ttf' (160K)
[2024.04.23-07.45.03:247][  1]LogRenderer: Reallocating scene render targets to support 996x788 Format 10 NumSamples 1 (Frame:1).
[2024.04.23-07.45.05:278][232]LogTemp: Repeating last play command: Selected Viewport
[2024.04.23-07.45.05:282][232]LogPlayLevel: PlayLevel: No blueprints needed recompiling
[2024.04.23-07.45.05:283][232]PIE: New page: PIE session: MainMap (Apr 23, 2024, 1:45:05 PM)
[2024.04.23-07.45.05:284][232]LogOnline: OSS: Creating online subsystem instance for: NULL
[2024.04.23-07.45.05:286][232]LogOnline: OSS: TryLoadSubsystemAndSetDefault: Loaded subsystem for module [NULL]
[2024.04.23-07.45.05:286][232]LogPlayLevel: Creating play world package: /Game/UEDPIE_0_MainMap
[2024.04.23-07.45.05:288][232]LogPlayLevel: PIE: StaticDuplicateObject took: (0.001932s)
[2024.04.23-07.45.05:289][232]LogAIModule: Creating AISystem for world MainMap
[2024.04.23-07.45.05:290][232]LogPlayLevel: PIE: World Init took: (0.001007s)
[2024.04.23-07.45.05:290][232]LogPlayLevel: PIE: Created PIE world by copying editor world from /Game/MainMap.MainMap to /Game/UEDPIE_0_MainMap.MainMap (0.003303s)
[2024.04.23-07.45.05:297][232]LogUObjectHash: Compacting FUObjectHashTables data took   0.54ms
[2024.04.23-07.45.05:300][232]LogAudio: Display: Creating Audio Device:                 Id: 2, Scope: Unique, Realtime: True
[2024.04.23-07.45.05:300][232]LogAudioMixer: Display: Audio Mixer Platform Settings:
[2024.04.23-07.45.05:300][232]LogAudioMixer: Display: 	Sample Rate:						  48000
[2024.04.23-07.45.05:301][232]LogAudioMixer: Display: 	Callback Buffer Frame Size Requested: 1024
[2024.04.23-07.45.05:301][232]LogAudioMixer: Display: 	Callback Buffer Frame Size To Use:	  1024
[2024.04.23-07.45.05:301][232]LogAudioMixer: Display: 	Number of buffers to queue:			  2
[2024.04.23-07.45.05:301][232]LogAudioMixer: Display: 	Max Channels (voices):				  32
[2024.04.23-07.45.05:301][232]LogAudioMixer: Display: 	Number of Async Source Workers:		  0
[2024.04.23-07.45.05:301][232]LogAudio: Display: AudioDevice MaxSources: 32
[2024.04.23-07.45.05:301][232]LogAudio: Display: Audio Spatialization Plugin: None (built-in).
[2024.04.23-07.45.05:302][232]LogAudio: Display: Audio Reverb Plugin: None (built-in).
[2024.04.23-07.45.05:302][232]LogAudio: Display: Audio Occlusion Plugin: None (built-in).
[2024.04.23-07.45.05:302][232]LogAudioMixer: Display: Initializing audio mixer.
[2024.04.23-07.45.05:305][232]LogAudioMixer: Display: 0: FrontLeft
[2024.04.23-07.45.05:305][232]LogAudioMixer: Display: 1: FrontRight
[2024.04.23-07.45.05:310][232]LogAudioMixer: Display: Using Audio Device Speakers (ASUS Essence STX II Audio Device)
[2024.04.23-07.45.05:311][232]LogAudioMixer: Display: Initializing Sound Submixes...
[2024.04.23-07.45.05:311][232]LogAudioMixer: Display: Creating Master Submix 'MasterSubmixDefault'
[2024.04.23-07.45.05:311][232]LogAudioMixer: Display: Creating Master Submix 'MasterReverbSubmixDefault'
[2024.04.23-07.45.05:311][232]LogAudioMixer: Display: Creating Master Submix 'MasterEQSubmixDefault'
[2024.04.23-07.45.05:311][232]LogAudioMixer: FMixerPlatformXAudio2::StartAudioStream() called
[2024.04.23-07.45.05:312][232]LogAudioMixer: Display: Output buffers initialized: Frames=1024, Channels=2, Samples=2048
[2024.04.23-07.45.05:313][232]LogAudioMixer: Display: Starting AudioMixerPlatformInterface::RunInternal()
[2024.04.23-07.45.05:313][232]LogAudioMixer: Display: FMixerPlatformXAudio2::SubmitBuffer() called for the first time
[2024.04.23-07.45.05:313][232]LogInit: FAudioDevice initialized.
[2024.04.23-07.45.05:314][232]LogAudio: Display: Audio Device (ID: 2) registered with world 'MainMap'.
[2024.04.23-07.45.05:327][232]LogLoad: Game class is 'SnakeGameModeBP_C'
[2024.04.23-07.45.05:329][232]LogWorld: Bringing World /Game/UEDPIE_0_MainMap.MainMap up for play (max tick rate 0) at 2024.04.23-10.45.05
[2024.04.23-07.45.05:329][232]LogWorld: Bringing up level for play took: 0.000489
[2024.04.23-07.45.05:329][232]LogOnline: OSS: Creating online subsystem instance for: :Context_1
[2024.04.23-07.45.05:333][232]LogNativeClassHierarchy: Verbose: Native class hierarchy updated for 'MovieSceneCapture' in 0.0003 seconds. Added 20 classes and 0 folders.
[2024.04.23-07.45.05:334][232]LogActor: Warning: SnakeElemBP_C /Game/UEDPIE_0_MainMap.MainMap:PersistentLevel.SnakeElemBP_C_0 has natively added scene component(s), but none of them were set as the actor's RootComponent - picking one arbitrarily
[2024.04.23-07.45.05:334][232]LogActor: Warning: SnakeElemBP_C /Game/UEDPIE_0_MainMap.MainMap:PersistentLevel.SnakeElemBP_C_1 has natively added scene component(s), but none of them were set as the actor's RootComponent - picking one arbitrarily
[2024.04.23-07.45.05:334][232]LogActor: Warning: SnakeElemBP_C /Game/UEDPIE_0_MainMap.MainMap:PersistentLevel.SnakeElemBP_C_2 has natively added scene component(s), but none of them were set as the actor's RootComponent - picking one arbitrarily
[2024.04.23-07.45.05:335][232]LogActor: Warning: SnakeElemBP_C /Game/UEDPIE_0_MainMap.MainMap:PersistentLevel.SnakeElemBP_C_3 has natively added scene component(s), but none of them were set as the actor's RootComponent - picking one arbitrarily
[2024.04.23-07.45.05:335][232]PIE: Server logged in
[2024.04.23-07.45.05:336][232]PIE: Play in editor total start time 0.054 seconds.
[2024.04.23-07.45.05:358][233]LogActor: Warning: SnakeElemBP_C /Engine/Transient.World_0:PersistentLevel.SnakeElemBP_C_0 has natively added scene component(s), but none of them were set as the actor's RootComponent - picking one arbitrarily
[2024.04.23-07.45.43:416][791]LogSlate: Updating window title bar state: overlay mode, drag disabled, window buttons hidden, title bar hidden
[2024.04.23-07.45.43:416][791]LogWorld: BeginTearingDown for /Game/UEDPIE_0_MainMap
[2024.04.23-07.45.43:416][791]LogWorld: UWorld::CleanupWorld for MainMap, bSessionEnded=true, bCleanupResources=true
[2024.04.23-07.45.43:417][791]LogSlate: InvalidateAllWidgets triggered.  All widgets were invalidated
[2024.04.23-07.45.43:426][791]LogPlayLevel: Display: Shutting down PIE online subsystems
[2024.04.23-07.45.43:427][791]LogSlate: InvalidateAllWidgets triggered.  All widgets were invalidated
[2024.04.23-07.45.43:431][791]LogAudio: Display: Audio Device unregistered from world 'None'.
[2024.04.23-07.45.43:431][791]LogAudioMixer: FMixerPlatformXAudio2::StopAudioStream() called
[2024.04.23-07.45.43:433][791]LogAudioMixer: FMixerPlatformXAudio2::StopAudioStream() called
[2024.04.23-07.45.43:435][791]LogSlate: Updating window title bar state: overlay mode, drag disabled, window buttons hidden, title bar hidden
[2024.04.23-07.45.43:437][791]LogUObjectHash: Compacting FUObjectHashTables data took   0.61ms
[2024.04.23-07.45.43:484][793]LogPlayLevel: Display: Destroying online subsystem :Context_1
