Log file open, 04/23/24 08:56:43
LogWindows: Failed to load 'aqProf.dll' (GetLastError=126)
LogWindows: File 'aqProf.dll' does not exist
LogWindows: Failed to load 'VtuneApi.dll' (GetLastError=126)
LogWindows: File 'VtuneApi.dll' does not exist
LogWindows: Failed to load 'VtuneApi32e.dll' (GetLastError=126)
LogWindows: File 'VtuneApi32e.dll' does not exist
LogConsoleResponse: Display: Failed to find resolution value strings in scalability ini. Falling back to default.
LogConsoleResponse: Display: Failed to find resolution value strings in scalability ini. Falling back to default.
LogInit: Display: Running engine for game: SnakeGame
LogPlatformFile: Not using cached read wrapper
LogTaskGraph: Started task graph with 5 named threads and 35 total threads with 3 sets of task threads.
LogStats: Stats thread started at 0.297005
LogICUInternationalization: ICU TimeZone Detection - Raw Offset: +3:00, Platform Override: ''
LogInit: Display: Loading text-based GConfig....
LogPluginManager: Mounting plugin MeshPainting
LogPluginManager: Mounting plugin XGEController
LogPluginManager: Mounting plugin Paper2D
LogPluginManager: Mounting plugin EnvironmentQueryEditor
LogPluginManager: Mounting plugin AISupport
LogPluginManager: Mounting plugin LightPropagationVolume
LogPluginManager: Mounting plugin GameplayCameras
LogPluginManager: Mounting plugin CameraShakePreviewer
LogPluginManager: Mounting plugin OodleNetwork
LogPluginManager: Mounting plugin OodleData
LogPluginManager: Mounting plugin LiveLink
LogPluginManager: Mounting plugin AnimationSharing
LogPluginManager: Mounting plugin CLionSourceCodeAccess
LogPluginManager: Mounting plugin CodeLiteSourceCodeAccess
LogPluginManager: Mounting plugin KDevelopSourceCodeAccess
LogPluginManager: Mounting plugin GitSourceControl
LogPluginManager: Mounting plugin NullSourceCodeAccess
LogPluginManager: Mounting plugin PixWinPlugin
LogPluginManager: Mounting plugin PerforceSourceControl
LogPluginManager: Mounting plugin PlasticSourceControl
LogPluginManager: Mounting plugin PluginUtils
LogPluginManager: Mounting plugin PropertyAccessNode
LogPluginManager: Mounting plugin RiderSourceCodeAccess
LogPluginManager: Mounting plugin SubversionSourceControl
LogPluginManager: Mounting plugin AssetManagerEditor
LogPluginManager: Mounting plugin UObjectPlugin
LogPluginManager: Mounting plugin CryptoKeys
LogPluginManager: Mounting plugin CurveEditorTools
LogPluginManager: Mounting plugin TextureFormatOodle
LogPluginManager: Mounting plugin DataValidation
LogPluginManager: Mounting plugin Niagara
LogPluginManager: Mounting plugin FacialAnimation
LogPluginManager: Mounting plugin GameplayTagsEditor
LogPluginManager: Mounting plugin GeometryMode
LogPluginManager: Mounting plugin VisualStudioCodeSourceCodeAccess
LogPluginManager: Mounting plugin MacGraphicsSwitching
LogPluginManager: Mounting plugin MaterialAnalyzer
LogPluginManager: Mounting plugin MobileLauncherProfileWizard
LogPluginManager: Mounting plugin PluginBrowser
LogPluginManager: Mounting plugin VisualStudioSourceCodeAccess
LogPluginManager: Mounting plugin XCodeSourceCodeAccess
LogPluginManager: Mounting plugin SpeedTreeImporter
LogPluginManager: Mounting plugin LuminPlatformFeatures
LogPluginManager: Mounting plugin MagicLeap
LogPluginManager: Mounting plugin AlembicImporter
LogPluginManager: Mounting plugin AutomationUtils
LogPluginManager: Mounting plugin BackChannel
LogPluginManager: Mounting plugin ChaosClothEditor
LogPluginManager: Mounting plugin ChaosEditor
LogPluginManager: Mounting plugin ChaosCloth
LogPluginManager: Mounting plugin MagicLeapLightEstimation
LogPluginManager: Mounting plugin ChaosNiagara
LogPluginManager: Mounting plugin ChaosSolverPlugin
LogPluginManager: Mounting plugin CharacterAI
LogPluginManager: Mounting plugin MagicLeapMedia
LogPluginManager: Mounting plugin GeometryCache
LogPluginManager: Mounting plugin GeometryCollectionPlugin
LogPluginManager: Mounting plugin MagicLeapPassableWorld
LogPluginManager: Mounting plugin DatasmithContent
LogPluginManager: Mounting plugin AndroidMedia
LogPluginManager: Mounting plugin AvfMedia
LogPluginManager: Mounting plugin VariantManagerContent
LogPluginManager: Mounting plugin MediaCompositing
LogPluginManager: Mounting plugin ImgMedia
LogPluginManager: Mounting plugin MediaPlayerEditor
LogPluginManager: Mounting plugin WebMMedia
LogPluginManager: Mounting plugin WmfMedia
LogPluginManager: Mounting plugin UdpMessaging
LogPluginManager: Mounting plugin TcpMessaging
LogPluginManager: Mounting plugin GeometryProcessing
LogPluginManager: Mounting plugin MotoSynth
LogPluginManager: Mounting plugin OpenImageDenoise
LogPluginManager: Mounting plugin PlanarCut
LogPluginManager: Mounting plugin PlatformCrypto
LogPluginManager: Mounting plugin ProxyLODPlugin
LogPluginManager: Mounting plugin PythonScriptPlugin
LogPluginManager: Mounting plugin SkeletalReduction
LogPluginManager: Mounting plugin ActorSequence
LogPluginManager: Mounting plugin LevelSequenceEditor
LogPluginManager: Mounting plugin TemplateSequence
LogPluginManager: Mounting plugin MLSDK
LogPluginManager: Mounting plugin MatineeToLevelSequence
LogPluginManager: Mounting plugin OnlineSubsystemNull
LogPluginManager: Mounting plugin OnlineSubsystemUtils
LogPluginManager: Mounting plugin ActorLayerUtilities
LogPluginManager: Mounting plugin LauncherChunkInstaller
LogPluginManager: Mounting plugin AndroidDeviceProfileSelector
LogPluginManager: Mounting plugin AndroidMoviePlayer
LogPluginManager: Mounting plugin AndroidPermission
LogPluginManager: Mounting plugin AppleMoviePlayer
LogPluginManager: Mounting plugin ArchVisCharacter
LogPluginManager: Mounting plugin AssetTags
LogPluginManager: Mounting plugin AppleImageUtils
LogPluginManager: Mounting plugin AudioCapture
LogPluginManager: Mounting plugin AudioSynesthesia
LogPluginManager: Mounting plugin CableComponent
LogPluginManager: Mounting plugin ChunkDownloader
LogPluginManager: Mounting plugin EditableMesh
LogPluginManager: Mounting plugin CustomMeshComponent
LogPluginManager: Mounting plugin OnlineSubsystem
LogPluginManager: Mounting plugin ExampleDeviceProfileSelector
LogPluginManager: Mounting plugin GoogleCloudMessaging
LogPluginManager: Mounting plugin GooglePAD
LogPluginManager: Mounting plugin ScreenshotTools
LogPluginManager: Mounting plugin Takes
LogPluginManager: Mounting plugin IOSDeviceProfileSelector
LogPluginManager: Mounting plugin LinuxDeviceProfileSelector
LogPluginManager: Mounting plugin LocationServicesBPLibrary
LogPluginManager: Mounting plugin MobilePatchingUtils
LogPluginManager: Mounting plugin OpenXR
LogPluginManager: Mounting plugin OpenXREyeTracker
LogPluginManager: Mounting plugin OpenXRHandTracking
LogPluginManager: Mounting plugin PhysXVehicles
LogPluginManager: Mounting plugin PostSplashScreen
LogPluginManager: Mounting plugin ProceduralMeshComponent
LogPluginManager: Mounting plugin PropertyAccessEditor
LogPluginManager: Mounting plugin RuntimePhysXCooking
LogPluginManager: Mounting plugin SignificanceManager
LogPluginManager: Mounting plugin SoundFields
LogPluginManager: Mounting plugin Synthesis
LogPluginManager: Mounting plugin WebMMoviePlayer
LogPluginManager: Mounting plugin WindowsMoviePlayer
LogPluginManager: Mounting plugin ContentBrowserAssetDataSource
LogPluginManager: Mounting plugin ContentBrowserClassDataSource
LogPluginManager: Mounting plugin ContentBrowserFileDataSource
LogPluginManager: Mounting plugin OnlineSubsystemGooglePlay
LogPluginManager: Mounting plugin OnlineSubsystemIOS
LogPluginManager: Mounting plugin OculusVR
LogPluginManager: Mounting plugin SteamVR
PixWinPlugin: PIX capture plugin failed to initialize! Check that the process is launched from PIX.
LogInit: Using libcurl 7.55.1-DEV
LogInit:  - built for x86_64-pc-win32
LogInit:  - supports SSL with OpenSSL/1.1.1
LogInit:  - supports HTTP deflate (compression) using libz 1.2.8
LogInit:  - other features:
LogInit:      CURL_VERSION_SSL
LogInit:      CURL_VERSION_LIBZ
LogInit:      CURL_VERSION_IPV6
LogInit:      CURL_VERSION_ASYNCHDNS
LogInit:      CURL_VERSION_LARGEFILE
LogInit:      CURL_VERSION_IDN
LogInit:  CurlRequestOptions (configurable via config and command line):
LogInit:  - bVerifyPeer = true  - Libcurl will verify peer certificate
LogInit:  - bUseHttpProxy = false  - Libcurl will NOT use HTTP proxy
LogInit:  - bDontReuseConnections = false  - Libcurl will reuse connections
LogInit:  - MaxHostConnections = 16  - Libcurl will limit the number of connections to a host
LogInit:  - LocalHostAddr = Default
LogInit:  - BufferSize = 65536
LogOnline: OSS: Creating online subsystem instance for: NULL
LogInit: WinSock: version 1.1 (2.2), MaxSocks=32767, MaxUdp=65467
LogOnline: OSS: TryLoadSubsystemAndSetDefault: Loaded subsystem for module [NULL]
LogOculusPluginWrapper: OculusPlugin initialized successfully
LogHMD: Failed initializing OVRPlugin 1.59.0
LogInit: Build: ++UE4+Release-4.27-CL-18319896
LogInit: Engine Version: 4.27.2-18319896+++UE4+Release-4.27
LogInit: Compatible Engine Version: 4.27.0-17155196+++UE4+Release-4.27
LogInit: Net CL: 17155196
LogInit: OS: Windows 10 (Release 2009) (), CPU: Intel(R) Core(TM) i7-8700K CPU @ 3.70GHz, GPU: AMD Radeon RX 6750 XT
LogInit: Compiled (64-bit): Nov 30 2021 07:12:08
LogInit: Compiled with Visual C++: 19.24.28315.00
LogInit: Build Configuration: Development
LogInit: Branch Name: ++UE4+Release-4.27
LogInit: Command Line:  -skipcompile
LogInit: Base Directory: C:/Program Files/Epic Games/UE_4.27/Engine/Binaries/Win64/
LogInit: Allocator: TBB
LogInit: Installed Engine Build: 1
LogDevObjectVersion: Number of dev versions registered: 29
LogDevObjectVersion:   Dev-Blueprints (B0D832E4-1F89-4F0D-ACCF-7EB736FD4AA2): 10
LogDevObjectVersion:   Dev-Build (E1C64328-A22C-4D53-A36C-8E866417BD8C): 0
LogDevObjectVersion:   Dev-Core (375EC13C-06E4-48FB-B500-84F0262A717E): 4
LogDevObjectVersion:   Dev-Editor (E4B068ED-F494-42E9-A231-DA0B2E46BB41): 40
LogDevObjectVersion:   Dev-Framework (CFFC743F-43B0-4480-9391-14DF171D2073): 37
LogDevObjectVersion:   Dev-Mobile (B02B49B5-BB20-44E9-A304-32B752E40360): 3
LogDevObjectVersion:   Dev-Networking (A4E4105C-59A1-49B5-A7C5-40C4547EDFEE): 0
LogDevObjectVersion:   Dev-Online (39C831C9-5AE6-47DC-9A44-9C173E1C8E7C): 0
LogDevObjectVersion:   Dev-Physics (78F01B33-EBEA-4F98-B9B4-84EACCB95AA2): 14
LogDevObjectVersion:   Dev-Platform (6631380F-2D4D-43E0-8009-CF276956A95A): 0
LogDevObjectVersion:   Dev-Rendering (12F88B9F-8875-4AFC-A67C-D90C383ABD29): 45
LogDevObjectVersion:   Dev-Sequencer (7B5AE74C-D270-4C10-A958-57980B212A5A): 13
LogDevObjectVersion:   Dev-VR (D7296918-1DD6-4BDD-9DE2-64A83CC13884): 3
LogDevObjectVersion:   Dev-LoadTimes (C2A15278-BFE7-4AFE-6C17-90FF531DF755): 1
LogDevObjectVersion:   Private-Geometry (6EACA3D4-40EC-4CC1-B786-8BED09428FC5): 3
LogDevObjectVersion:   Dev-AnimPhys (29E575DD-E0A3-4627-9D10-D276232CDCEA): 17
LogDevObjectVersion:   Dev-Anim (AF43A65D-7FD3-4947-9873-3E8ED9C1BB05): 15
LogDevObjectVersion:   Dev-ReflectionCapture (6B266CEC-1EC7-4B8F-A30B-E4D90942FC07): 1
LogDevObjectVersion:   Dev-Automation (0DF73D61-A23F-47EA-B727-89E90C41499A): 1
LogDevObjectVersion:   FortniteMain (601D1886-AC64-4F84-AA16-D3DE0DEAC7D6): 47
LogDevObjectVersion:   FortniteRelease (E7086368-6B23-4C58-8439-1B7016265E91): 1
LogDevObjectVersion:   Dev-Enterprise (9DFFBCD6-494F-0158-E221-12823C92A888): 10
LogDevObjectVersion:   Dev-Niagara (F2AED0AC-9AFE-416F-8664-AA7FFA26D6FC): 1
LogDevObjectVersion:   Dev-Destruction (174F1F0B-B4C6-45A5-B13F-2EE8D0FB917D): 10
LogDevObjectVersion:   Dev-Physics-Ext (35F94A83-E258-406C-A318-09F59610247C): 41
LogDevObjectVersion:   Dev-PhysicsMaterial-Chaos (B68FC16E-8B1B-42E2-B453-215C058844FE): 1
LogDevObjectVersion:   Dev-CineCamera (B2E18506-4273-CFC2-A54E-F4BB758BBA07): 1
LogDevObjectVersion:   Dev-VirtualProduction (64F58936-FD1B-42BA-BA96-7289D5D0FA4E): 1
LogDevObjectVersion:   Dev-MediaFramework (6F0ED827-A609-4895-9C91-998D90180EA4): 2
LogInit: Presizing for max 25165824 objects, including 0 objects not considered by GC, pre-allocating 0 bytes for permanent pool.
LogConfig: Applying CVar settings from Section [/Script/Engine.StreamingSettings] File [C:/Users/Green/Desktop/Snake/SnakeGame/Saved/Config/Windows/Engine.ini]
LogConfig: Setting CVar [[s.MinBulkDataSizeForAsyncLoading:131072]]
LogConfig: Setting CVar [[s.AsyncLoadingThreadEnabled:0]]
LogConfig: Setting CVar [[s.EventDrivenLoaderEnabled:1]]
LogConfig: Setting CVar [[s.WarnIfTimeLimitExceeded:0]]
LogConfig: Setting CVar [[s.TimeLimitExceededMultiplier:1.5]]
LogConfig: Setting CVar [[s.TimeLimitExceededMinTime:0.005]]
LogConfig: Setting CVar [[s.UseBackgroundLevelStreaming:1]]
LogConfig: Setting CVar [[s.PriorityAsyncLoadingExtraTime:15.0]]
LogConfig: Setting CVar [[s.LevelStreamingActorsUpdateTimeLimit:5.0]]
LogConfig: Setting CVar [[s.PriorityLevelStreamingActorsUpdateExtraTime:5.0]]
LogConfig: Setting CVar [[s.LevelStreamingComponentsRegistrationGranularity:10]]
LogConfig: Setting CVar [[s.UnregisterComponentsTimeLimit:1.0]]
LogConfig: Setting CVar [[s.LevelStreamingComponentsUnregistrationGranularity:5]]
LogConfig: Setting CVar [[s.FlushStreamingOnExit:1]]
LogInit: Object subsystem initialized
LogConfig: Setting CVar [[con.DebugEarlyDefault:1]]
LogConfig: Setting CVar [[r.setres:1280x720]]
[2024.04.23-05.56.44:169][  0]LogConfig: Setting CVar [[r.VSync:0]]
[2024.04.23-05.56.44:169][  0]LogConfig: Setting CVar [[r.RHICmdBypass:0]]
[2024.04.23-05.56.44:169][  0]LogConfig: Applying CVar settings from Section [/Script/Engine.RendererSettings] File [C:/Users/Green/Desktop/Snake/SnakeGame/Saved/Config/Windows/Engine.ini]
[2024.04.23-05.56.44:169][  0]LogConfig: Setting CVar [[r.GPUCrashDebugging:0]]
[2024.04.23-05.56.44:170][  0]LogConfig: Applying CVar settings from Section [/Script/Engine.RendererOverrideSettings] File [C:/Users/Green/Desktop/Snake/SnakeGame/Saved/Config/Windows/Engine.ini]
[2024.04.23-05.56.44:170][  0]LogConfig: Applying CVar settings from Section [/Script/Engine.StreamingSettings] File [C:/Users/Green/Desktop/Snake/SnakeGame/Saved/Config/Windows/Engine.ini]
[2024.04.23-05.56.44:170][  0]LogConfig: Setting CVar [[s.MinBulkDataSizeForAsyncLoading:131072]]
[2024.04.23-05.56.44:170][  0]LogConfig: Setting CVar [[s.AsyncLoadingThreadEnabled:0]]
[2024.04.23-05.56.44:170][  0]LogConfig: Setting CVar [[s.EventDrivenLoaderEnabled:1]]
[2024.04.23-05.56.44:170][  0]LogConfig: Setting CVar [[s.WarnIfTimeLimitExceeded:0]]
[2024.04.23-05.56.44:170][  0]LogConfig: Setting CVar [[s.TimeLimitExceededMultiplier:1.5]]
[2024.04.23-05.56.44:170][  0]LogConfig: Setting CVar [[s.TimeLimitExceededMinTime:0.005]]
[2024.04.23-05.56.44:170][  0]LogConfig: Setting CVar [[s.UseBackgroundLevelStreaming:1]]
[2024.04.23-05.56.44:170][  0]LogConfig: Setting CVar [[s.PriorityAsyncLoadingExtraTime:15.0]]
[2024.04.23-05.56.44:170][  0]LogConfig: Setting CVar [[s.LevelStreamingActorsUpdateTimeLimit:5.0]]
[2024.04.23-05.56.44:170][  0]LogConfig: Setting CVar [[s.PriorityLevelStreamingActorsUpdateExtraTime:5.0]]
[2024.04.23-05.56.44:170][  0]LogConfig: Setting CVar [[s.LevelStreamingComponentsRegistrationGranularity:10]]
[2024.04.23-05.56.44:170][  0]LogConfig: Setting CVar [[s.UnregisterComponentsTimeLimit:1.0]]
[2024.04.23-05.56.44:170][  0]LogConfig: Setting CVar [[s.LevelStreamingComponentsUnregistrationGranularity:5]]
[2024.04.23-05.56.44:170][  0]LogConfig: Setting CVar [[s.FlushStreamingOnExit:1]]
[2024.04.23-05.56.44:170][  0]LogConfig: Applying CVar settings from Section [/Script/Engine.GarbageCollectionSettings] File [C:/Users/Green/Desktop/Snake/SnakeGame/Saved/Config/Windows/Engine.ini]
[2024.04.23-05.56.44:171][  0]LogConfig: Setting CVar [[gc.MaxObjectsNotConsideredByGC:1]]
[2024.04.23-05.56.44:171][  0]LogConfig: Setting CVar [[gc.SizeOfPermanentObjectPool:0]]
[2024.04.23-05.56.44:171][  0]LogConfig: Setting CVar [[gc.FlushStreamingOnGC:0]]
[2024.04.23-05.56.44:171][  0]LogConfig: Setting CVar [[gc.NumRetriesBeforeForcingGC:10]]
[2024.04.23-05.56.44:171][  0]LogConfig: Setting CVar [[gc.AllowParallelGC:1]]
[2024.04.23-05.56.44:171][  0]LogConfig: Setting CVar [[gc.TimeBetweenPurgingPendingKillObjects:61.1]]
[2024.04.23-05.56.44:171][  0]LogConfig: Setting CVar [[gc.MaxObjectsInEditor:25165824]]
[2024.04.23-05.56.44:171][  0]LogConfig: Setting CVar [[gc.IncrementalBeginDestroyEnabled:1]]
[2024.04.23-05.56.44:171][  0]LogConfig: Setting CVar [[gc.CreateGCClusters:1]]
[2024.04.23-05.56.44:171][  0]LogConfig: Setting CVar [[gc.MinGCClusterSize:5]]
[2024.04.23-05.56.44:171][  0]LogConfig: Setting CVar [[gc.ActorClusteringEnabled:0]]
[2024.04.23-05.56.44:171][  0]LogConfig: Setting CVar [[gc.BlueprintClusteringEnabled:0]]
[2024.04.23-05.56.44:171][  0]LogConfig: Setting CVar [[gc.UseDisregardForGCOnDedicatedServers:0]]
[2024.04.23-05.56.44:171][  0]LogConfig: Setting CVar [[gc.MultithreadedDestructionEnabled:1]]
[2024.04.23-05.56.44:171][  0]LogConfig: Applying CVar settings from Section [/Script/Engine.NetworkSettings] File [C:/Users/Green/Desktop/Snake/SnakeGame/Saved/Config/Windows/Engine.ini]
[2024.04.23-05.56.44:171][  0]LogConfig: Applying CVar settings from Section [/Script/UnrealEd.CookerSettings] File [C:/Users/Green/Desktop/Snake/SnakeGame/Saved/Config/Windows/Engine.ini]
[2024.04.23-05.56.44:185][  0]LogConfig: Applying CVar settings from Section [ViewDistanceQuality@3] File [C:/Users/Green/Desktop/Snake/SnakeGame/Saved/Config/Windows/Scalability.ini]
[2024.04.23-05.56.44:185][  0]LogConfig: Setting CVar [[r.SkeletalMeshLODBias:0]]
[2024.04.23-05.56.44:185][  0]LogConfig: Setting CVar [[r.ViewDistanceScale:1.0]]
[2024.04.23-05.56.44:186][  0]LogConfig: Applying CVar settings from Section [AntiAliasingQuality@3] File [C:/Users/Green/Desktop/Snake/SnakeGame/Saved/Config/Windows/Scalability.ini]
[2024.04.23-05.56.44:186][  0]LogConfig: Setting CVar [[r.PostProcessAAQuality:4]]
[2024.04.23-05.56.44:186][  0]LogConfig: Applying CVar settings from Section [ShadowQuality@3] File [C:/Users/Green/Desktop/Snake/SnakeGame/Saved/Config/Windows/Scalability.ini]
[2024.04.23-05.56.44:186][  0]LogConfig: Setting CVar [[r.LightFunctionQuality:1]]
[2024.04.23-05.56.44:186][  0]LogConfig: Setting CVar [[r.ShadowQuality:5]]
[2024.04.23-05.56.44:186][  0]LogConfig: Setting CVar [[r.Shadow.CSM.MaxCascades:10]]
[2024.04.23-05.56.44:186][  0]LogConfig: Setting CVar [[r.Shadow.MaxResolution:2048]]
[2024.04.23-05.56.44:186][  0]LogConfig: Setting CVar [[r.Shadow.MaxCSMResolution:2048]]
[2024.04.23-05.56.44:186][  0]LogConfig: Setting CVar [[r.Shadow.RadiusThreshold:0.01]]
[2024.04.23-05.56.44:186][  0]LogConfig: Setting CVar [[r.Shadow.DistanceScale:1.0]]
[2024.04.23-05.56.44:186][  0]LogConfig: Setting CVar [[r.Shadow.CSM.TransitionScale:1.0]]
[2024.04.23-05.56.44:186][  0]LogConfig: Setting CVar [[r.Shadow.PreShadowResolutionFactor:1.0]]
[2024.04.23-05.56.44:186][  0]LogConfig: Setting CVar [[r.DistanceFieldShadowing:1]]
[2024.04.23-05.56.44:186][  0]LogConfig: Setting CVar [[r.DistanceFieldAO:1]]
[2024.04.23-05.56.44:186][  0]LogConfig: Setting CVar [[r.AOQuality:2]]
[2024.04.23-05.56.44:186][  0]LogConfig: Setting CVar [[r.VolumetricFog:1]]
[2024.04.23-05.56.44:186][  0]LogConfig: Setting CVar [[r.VolumetricFog.GridPixelSize:8]]
[2024.04.23-05.56.44:186][  0]LogConfig: Setting CVar [[r.VolumetricFog.GridSizeZ:128]]
[2024.04.23-05.56.44:186][  0]LogConfig: Setting CVar [[r.VolumetricFog.HistoryMissSupersampleCount:4]]
[2024.04.23-05.56.44:186][  0]LogConfig: Setting CVar [[r.LightMaxDrawDistanceScale:1]]
[2024.04.23-05.56.44:186][  0]LogConfig: Setting CVar [[r.CapsuleShadows:1]]
[2024.04.23-05.56.44:186][  0]LogConfig: Applying CVar settings from Section [PostProcessQuality@3] File [C:/Users/Green/Desktop/Snake/SnakeGame/Saved/Config/Windows/Scalability.ini]
[2024.04.23-05.56.44:186][  0]LogConfig: Setting CVar [[r.MotionBlurQuality:4]]
[2024.04.23-05.56.44:187][  0]LogConfig: Setting CVar [[r.AmbientOcclusionMipLevelFactor:0.4]]
[2024.04.23-05.56.44:187][  0]LogConfig: Setting CVar [[r.AmbientOcclusionMaxQuality:100]]
[2024.04.23-05.56.44:187][  0]LogConfig: Setting CVar [[r.AmbientOcclusionLevels:-1]]
[2024.04.23-05.56.44:187][  0]LogConfig: Setting CVar [[r.AmbientOcclusionRadiusScale:1.0]]
[2024.04.23-05.56.44:187][  0]LogConfig: Setting CVar [[r.DepthOfFieldQuality:2]]
[2024.04.23-05.56.44:187][  0]LogConfig: Setting CVar [[r.RenderTargetPoolMin:400]]
[2024.04.23-05.56.44:187][  0]LogConfig: Setting CVar [[r.LensFlareQuality:2]]
[2024.04.23-05.56.44:187][  0]LogConfig: Setting CVar [[r.SceneColorFringeQuality:1]]
[2024.04.23-05.56.44:187][  0]LogConfig: Setting CVar [[r.EyeAdaptationQuality:2]]
[2024.04.23-05.56.44:187][  0]LogConfig: Setting CVar [[r.BloomQuality:5]]
[2024.04.23-05.56.44:187][  0]LogConfig: Setting CVar [[r.FastBlurThreshold:100]]
[2024.04.23-05.56.44:187][  0]LogConfig: Setting CVar [[r.Upscale.Quality:3]]
[2024.04.23-05.56.44:187][  0]LogConfig: Setting CVar [[r.Tonemapper.GrainQuantization:1]]
[2024.04.23-05.56.44:187][  0]LogConfig: Setting CVar [[r.LightShaftQuality:1]]
[2024.04.23-05.56.44:187][  0]LogConfig: Setting CVar [[r.Filter.SizeScale:1]]
[2024.04.23-05.56.44:187][  0]LogConfig: Setting CVar [[r.Tonemapper.Quality:5]]
[2024.04.23-05.56.44:187][  0]LogConfig: Setting CVar [[r.DOF.Gather.AccumulatorQuality:1        ; higher gathering accumulator quality]]
[2024.04.23-05.56.44:187][  0]LogConfig: Setting CVar [[r.DOF.Gather.PostfilterMethod:1          ; Median3x3 postfilering method]]
[2024.04.23-05.56.44:187][  0]LogConfig: Setting CVar [[r.DOF.Gather.EnableBokehSettings:0       ; no bokeh simulation when gathering]]
[2024.04.23-05.56.44:187][  0]LogConfig: Setting CVar [[r.DOF.Gather.RingCount:4                 ; medium number of samples when gathering]]
[2024.04.23-05.56.44:187][  0]LogConfig: Setting CVar [[r.DOF.Scatter.ForegroundCompositing:1    ; additive foreground scattering]]
[2024.04.23-05.56.44:187][  0]LogConfig: Setting CVar [[r.DOF.Scatter.BackgroundCompositing:2    ; additive background scattering]]
[2024.04.23-05.56.44:187][  0]LogConfig: Setting CVar [[r.DOF.Scatter.EnableBokehSettings:1      ; bokeh simulation when scattering]]
[2024.04.23-05.56.44:188][  0]LogConfig: Setting CVar [[r.DOF.Scatter.MaxSpriteRatio:0.1         ; only a maximum of 10% of scattered bokeh]]
[2024.04.23-05.56.44:188][  0]LogConfig: Setting CVar [[r.DOF.Recombine.Quality:1                ; cheap slight out of focus]]
[2024.04.23-05.56.44:188][  0]LogConfig: Setting CVar [[r.DOF.Recombine.EnableBokehSettings:0    ; no bokeh simulation on slight out of focus]]
[2024.04.23-05.56.44:188][  0]LogConfig: Setting CVar [[r.DOF.TemporalAAQuality:1                ; more stable temporal accumulation]]
[2024.04.23-05.56.44:188][  0]LogConfig: Setting CVar [[r.DOF.Kernel.MaxForegroundRadius:0.025]]
[2024.04.23-05.56.44:188][  0]LogConfig: Setting CVar [[r.DOF.Kernel.MaxBackgroundRadius:0.025]]
[2024.04.23-05.56.44:188][  0]LogConfig: Applying CVar settings from Section [TextureQuality@3] File [C:/Users/Green/Desktop/Snake/SnakeGame/Saved/Config/Windows/Scalability.ini]
[2024.04.23-05.56.44:188][  0]LogConfig: Setting CVar [[r.Streaming.MipBias:0]]
[2024.04.23-05.56.44:188][  0]LogConfig: Setting CVar [[r.Streaming.AmortizeCPUToGPUCopy:0]]
[2024.04.23-05.56.44:188][  0]LogConfig: Setting CVar [[r.Streaming.MaxNumTexturesToStreamPerFrame:0]]
[2024.04.23-05.56.44:188][  0]LogConfig: Setting CVar [[r.Streaming.Boost:1]]
[2024.04.23-05.56.44:188][  0]LogConfig: Setting CVar [[r.MaxAnisotropy:8]]
[2024.04.23-05.56.44:188][  0]LogConfig: Setting CVar [[r.VT.MaxAnisotropy:8]]
[2024.04.23-05.56.44:188][  0]LogConfig: Setting CVar [[r.Streaming.LimitPoolSizeToVRAM:0]]
[2024.04.23-05.56.44:188][  0]LogConfig: Setting CVar [[r.Streaming.PoolSize:1000]]
[2024.04.23-05.56.44:188][  0]LogConfig: Setting CVar [[r.Streaming.MaxEffectiveScreenSize:0]]
[2024.04.23-05.56.44:188][  0]LogConfig: Applying CVar settings from Section [EffectsQuality@3] File [C:/Users/Green/Desktop/Snake/SnakeGame/Saved/Config/Windows/Scalability.ini]
[2024.04.23-05.56.44:188][  0]LogConfig: Setting CVar [[r.TranslucencyLightingVolumeDim:64]]
[2024.04.23-05.56.44:188][  0]LogConfig: Setting CVar [[r.RefractionQuality:2]]
[2024.04.23-05.56.44:188][  0]LogConfig: Setting CVar [[r.SSR.Quality:3]]
[2024.04.23-05.56.44:188][  0]LogConfig: Setting CVar [[r.SSR.HalfResSceneColor:0]]
[2024.04.23-05.56.44:188][  0]LogConfig: Setting CVar [[r.SceneColorFormat:4]]
[2024.04.23-05.56.44:188][  0]LogConfig: Setting CVar [[r.DetailMode:2]]
[2024.04.23-05.56.44:189][  0]LogConfig: Setting CVar [[r.TranslucencyVolumeBlur:1]]
[2024.04.23-05.56.44:189][  0]LogConfig: Setting CVar [[r.MaterialQualityLevel:1 ; High quality]]
[2024.04.23-05.56.44:189][  0]LogConfig: Setting CVar [[r.AnisotropicMaterials:1]]
[2024.04.23-05.56.44:189][  0]LogConfig: Setting CVar [[r.SSS.Scale:1]]
[2024.04.23-05.56.44:189][  0]LogConfig: Setting CVar [[r.SSS.SampleSet:2]]
[2024.04.23-05.56.44:189][  0]LogConfig: Setting CVar [[r.SSS.Quality:1]]
[2024.04.23-05.56.44:189][  0]LogConfig: Setting CVar [[r.SSS.HalfRes:0]]
[2024.04.23-05.56.44:189][  0]LogConfig: Setting CVar [[r.SSGI.Quality:3]]
[2024.04.23-05.56.44:189][  0]LogConfig: Setting CVar [[r.EmitterSpawnRateScale:1.0]]
[2024.04.23-05.56.44:189][  0]LogConfig: Setting CVar [[r.ParticleLightQuality:2]]
[2024.04.23-05.56.44:189][  0]LogConfig: Setting CVar [[r.SkyAtmosphere.AerialPerspectiveLUT.FastApplyOnOpaque:1 ; Always have FastSkyLUT 1 in this case to avoid wrong sky]]
[2024.04.23-05.56.44:189][  0]LogConfig: Setting CVar [[r.SkyAtmosphere.AerialPerspectiveLUT.SampleCountMaxPerSlice:4]]
[2024.04.23-05.56.44:189][  0]LogConfig: Setting CVar [[r.SkyAtmosphere.AerialPerspectiveLUT.DepthResolution:16.0]]
[2024.04.23-05.56.44:189][  0]LogConfig: Setting CVar [[r.SkyAtmosphere.FastSkyLUT:1]]
[2024.04.23-05.56.44:189][  0]LogConfig: Setting CVar [[r.SkyAtmosphere.FastSkyLUT.SampleCountMin:4.0]]
[2024.04.23-05.56.44:189][  0]LogConfig: Setting CVar [[r.SkyAtmosphere.FastSkyLUT.SampleCountMax:128.0]]
[2024.04.23-05.56.44:189][  0]LogConfig: Setting CVar [[r.SkyAtmosphere.SampleCountMin:4.0]]
[2024.04.23-05.56.44:189][  0]LogConfig: Setting CVar [[r.SkyAtmosphere.SampleCountMax:128.0]]
[2024.04.23-05.56.44:189][  0]LogConfig: Setting CVar [[r.SkyAtmosphere.TransmittanceLUT.UseSmallFormat:0]]
[2024.04.23-05.56.44:189][  0]LogConfig: Setting CVar [[r.SkyAtmosphere.TransmittanceLUT.SampleCount:10.0]]
[2024.04.23-05.56.44:189][  0]LogConfig: Setting CVar [[r.SkyAtmosphere.MultiScatteringLUT.SampleCount:15.0]]
[2024.04.23-05.56.44:189][  0]LogConfig: Setting CVar [[r.SkyLight.RealTimeReflectionCapture:1]]
[2024.04.23-05.56.44:190][  0]LogConfig: Applying CVar settings from Section [FoliageQuality@3] File [C:/Users/Green/Desktop/Snake/SnakeGame/Saved/Config/Windows/Scalability.ini]
[2024.04.23-05.56.44:190][  0]LogConfig: Setting CVar [[foliage.DensityScale:1.0]]
[2024.04.23-05.56.44:190][  0]LogConfig: Setting CVar [[grass.DensityScale:1.0]]
[2024.04.23-05.56.44:190][  0]LogConfig: Applying CVar settings from Section [ShadingQuality@3] File [C:/Users/Green/Desktop/Snake/SnakeGame/Saved/Config/Windows/Scalability.ini]
[2024.04.23-05.56.44:190][  0]LogConfig: Setting CVar [[r.HairStrands.SkyLighting.IntegrationType:2]]
[2024.04.23-05.56.44:190][  0]LogConfig: Setting CVar [[r.HairStrands.SkyAO.SampleCount:4]]
[2024.04.23-05.56.44:190][  0]LogConfig: Setting CVar [[r.HairStrands.Visibility.MSAA.SamplePerPixel:4]]
[2024.04.23-05.56.44:190][  0]LogInit: Selected Device Profile: [Windows]
[2024.04.23-05.56.44:190][  0]LogInit: Applying CVar settings loaded from the selected device profile: [Windows]
[2024.04.23-05.56.44:190][  0]LogHAL: Display: Platform has ~ 16 GB [17100578816 / 17179869184 / 16], which maps to Larger [LargestMinGB=32, LargerMinGB=12, DefaultMinGB=8, SmallerMinGB=6, SmallestMinGB=0)
[2024.04.23-05.56.44:190][  0]LogInit: Going up to parent DeviceProfile []
[2024.04.23-05.56.44:190][  0]LogConfig: Applying CVar settings from Section [ViewDistanceQuality@3] File [C:/Users/Green/Desktop/Snake/SnakeGame/Saved/Config/Windows/Scalability.ini]
[2024.04.23-05.56.44:190][  0]LogConfig: Setting CVar [[r.SkeletalMeshLODBias:0]]
[2024.04.23-05.56.44:190][  0]LogConfig: Setting CVar [[r.ViewDistanceScale:1.0]]
[2024.04.23-05.56.44:190][  0]LogConfig: Applying CVar settings from Section [AntiAliasingQuality@3] File [C:/Users/Green/Desktop/Snake/SnakeGame/Saved/Config/Windows/Scalability.ini]
[2024.04.23-05.56.44:190][  0]LogConfig: Setting CVar [[r.PostProcessAAQuality:4]]
[2024.04.23-05.56.44:190][  0]LogConfig: Applying CVar settings from Section [ShadowQuality@3] File [C:/Users/Green/Desktop/Snake/SnakeGame/Saved/Config/Windows/Scalability.ini]
[2024.04.23-05.56.44:190][  0]LogConfig: Setting CVar [[r.LightFunctionQuality:1]]
[2024.04.23-05.56.44:190][  0]LogConfig: Setting CVar [[r.ShadowQuality:5]]
[2024.04.23-05.56.44:190][  0]LogConfig: Setting CVar [[r.Shadow.CSM.MaxCascades:10]]
[2024.04.23-05.56.44:191][  0]LogConfig: Setting CVar [[r.Shadow.MaxResolution:2048]]
[2024.04.23-05.56.44:191][  0]LogConfig: Setting CVar [[r.Shadow.MaxCSMResolution:2048]]
[2024.04.23-05.56.44:191][  0]LogConfig: Setting CVar [[r.Shadow.RadiusThreshold:0.01]]
[2024.04.23-05.56.44:191][  0]LogConfig: Setting CVar [[r.Shadow.DistanceScale:1.0]]
[2024.04.23-05.56.44:191][  0]LogConfig: Setting CVar [[r.Shadow.CSM.TransitionScale:1.0]]
[2024.04.23-05.56.44:191][  0]LogConfig: Setting CVar [[r.Shadow.PreShadowResolutionFactor:1.0]]
[2024.04.23-05.56.44:191][  0]LogConfig: Setting CVar [[r.DistanceFieldShadowing:1]]
[2024.04.23-05.56.44:191][  0]LogConfig: Setting CVar [[r.DistanceFieldAO:1]]
[2024.04.23-05.56.44:191][  0]LogConfig: Setting CVar [[r.AOQuality:2]]
[2024.04.23-05.56.44:191][  0]LogConfig: Setting CVar [[r.VolumetricFog:1]]
[2024.04.23-05.56.44:191][  0]LogConfig: Setting CVar [[r.VolumetricFog.GridPixelSize:8]]
[2024.04.23-05.56.44:191][  0]LogConfig: Setting CVar [[r.VolumetricFog.GridSizeZ:128]]
[2024.04.23-05.56.44:191][  0]LogConfig: Setting CVar [[r.VolumetricFog.HistoryMissSupersampleCount:4]]
[2024.04.23-05.56.44:191][  0]LogConfig: Setting CVar [[r.LightMaxDrawDistanceScale:1]]
[2024.04.23-05.56.44:191][  0]LogConfig: Setting CVar [[r.CapsuleShadows:1]]
[2024.04.23-05.56.44:191][  0]LogConfig: Applying CVar settings from Section [PostProcessQuality@3] File [C:/Users/Green/Desktop/Snake/SnakeGame/Saved/Config/Windows/Scalability.ini]
[2024.04.23-05.56.44:191][  0]LogConfig: Setting CVar [[r.MotionBlurQuality:4]]
[2024.04.23-05.56.44:191][  0]LogConfig: Setting CVar [[r.AmbientOcclusionMipLevelFactor:0.4]]
[2024.04.23-05.56.44:191][  0]LogConfig: Setting CVar [[r.AmbientOcclusionMaxQuality:100]]
[2024.04.23-05.56.44:191][  0]LogConfig: Setting CVar [[r.AmbientOcclusionLevels:-1]]
[2024.04.23-05.56.44:192][  0]LogConfig: Setting CVar [[r.AmbientOcclusionRadiusScale:1.0]]
[2024.04.23-05.56.44:192][  0]LogConfig: Setting CVar [[r.DepthOfFieldQuality:2]]
[2024.04.23-05.56.44:192][  0]LogConfig: Setting CVar [[r.RenderTargetPoolMin:400]]
[2024.04.23-05.56.44:192][  0]LogConfig: Setting CVar [[r.LensFlareQuality:2]]
[2024.04.23-05.56.44:192][  0]LogConfig: Setting CVar [[r.SceneColorFringeQuality:1]]
[2024.04.23-05.56.44:192][  0]LogConfig: Setting CVar [[r.EyeAdaptationQuality:2]]
[2024.04.23-05.56.44:192][  0]LogConfig: Setting CVar [[r.BloomQuality:5]]
[2024.04.23-05.56.44:192][  0]LogConfig: Setting CVar [[r.FastBlurThreshold:100]]
[2024.04.23-05.56.44:192][  0]LogConfig: Setting CVar [[r.Upscale.Quality:3]]
[2024.04.23-05.56.44:192][  0]LogConfig: Setting CVar [[r.Tonemapper.GrainQuantization:1]]
[2024.04.23-05.56.44:192][  0]LogConfig: Setting CVar [[r.LightShaftQuality:1]]
[2024.04.23-05.56.44:192][  0]LogConfig: Setting CVar [[r.Filter.SizeScale:1]]
[2024.04.23-05.56.44:192][  0]LogConfig: Setting CVar [[r.Tonemapper.Quality:5]]
[2024.04.23-05.56.44:192][  0]LogConfig: Setting CVar [[r.DOF.Gather.AccumulatorQuality:1        ; higher gathering accumulator quality]]
[2024.04.23-05.56.44:192][  0]LogConfig: Setting CVar [[r.DOF.Gather.PostfilterMethod:1          ; Median3x3 postfilering method]]
[2024.04.23-05.56.44:192][  0]LogConfig: Setting CVar [[r.DOF.Gather.EnableBokehSettings:0       ; no bokeh simulation when gathering]]
[2024.04.23-05.56.44:192][  0]LogConfig: Setting CVar [[r.DOF.Gather.RingCount:4                 ; medium number of samples when gathering]]
[2024.04.23-05.56.44:192][  0]LogConfig: Setting CVar [[r.DOF.Scatter.ForegroundCompositing:1    ; additive foreground scattering]]
[2024.04.23-05.56.44:192][  0]LogConfig: Setting CVar [[r.DOF.Scatter.BackgroundCompositing:2    ; additive background scattering]]
[2024.04.23-05.56.44:192][  0]LogConfig: Setting CVar [[r.DOF.Scatter.EnableBokehSettings:1      ; bokeh simulation when scattering]]
[2024.04.23-05.56.44:192][  0]LogConfig: Setting CVar [[r.DOF.Scatter.MaxSpriteRatio:0.1         ; only a maximum of 10% of scattered bokeh]]
[2024.04.23-05.56.44:192][  0]LogConfig: Setting CVar [[r.DOF.Recombine.Quality:1                ; cheap slight out of focus]]
[2024.04.23-05.56.44:193][  0]LogConfig: Setting CVar [[r.DOF.Recombine.EnableBokehSettings:0    ; no bokeh simulation on slight out of focus]]
[2024.04.23-05.56.44:193][  0]LogConfig: Setting CVar [[r.DOF.TemporalAAQuality:1                ; more stable temporal accumulation]]
[2024.04.23-05.56.44:193][  0]LogConfig: Setting CVar [[r.DOF.Kernel.MaxForegroundRadius:0.025]]
[2024.04.23-05.56.44:193][  0]LogConfig: Setting CVar [[r.DOF.Kernel.MaxBackgroundRadius:0.025]]
[2024.04.23-05.56.44:193][  0]LogConfig: Applying CVar settings from Section [TextureQuality@3] File [C:/Users/Green/Desktop/Snake/SnakeGame/Saved/Config/Windows/Scalability.ini]
[2024.04.23-05.56.44:193][  0]LogConfig: Setting CVar [[r.Streaming.MipBias:0]]
[2024.04.23-05.56.44:193][  0]LogConfig: Setting CVar [[r.Streaming.AmortizeCPUToGPUCopy:0]]
[2024.04.23-05.56.44:193][  0]LogConfig: Setting CVar [[r.Streaming.MaxNumTexturesToStreamPerFrame:0]]
[2024.04.23-05.56.44:193][  0]LogConfig: Setting CVar [[r.Streaming.Boost:1]]
[2024.04.23-05.56.44:193][  0]LogConfig: Setting CVar [[r.MaxAnisotropy:8]]
[2024.04.23-05.56.44:193][  0]LogConfig: Setting CVar [[r.VT.MaxAnisotropy:8]]
[2024.04.23-05.56.44:193][  0]LogConfig: Setting CVar [[r.Streaming.LimitPoolSizeToVRAM:0]]
[2024.04.23-05.56.44:193][  0]LogConfig: Setting CVar [[r.Streaming.PoolSize:1000]]
[2024.04.23-05.56.44:193][  0]LogConfig: Setting CVar [[r.Streaming.MaxEffectiveScreenSize:0]]
[2024.04.23-05.56.44:193][  0]LogConfig: Applying CVar settings from Section [EffectsQuality@3] File [C:/Users/Green/Desktop/Snake/SnakeGame/Saved/Config/Windows/Scalability.ini]
[2024.04.23-05.56.44:193][  0]LogConfig: Setting CVar [[r.TranslucencyLightingVolumeDim:64]]
[2024.04.23-05.56.44:193][  0]LogConfig: Setting CVar [[r.RefractionQuality:2]]
[2024.04.23-05.56.44:193][  0]LogConfig: Setting CVar [[r.SSR.Quality:3]]
[2024.04.23-05.56.44:193][  0]LogConfig: Setting CVar [[r.SSR.HalfResSceneColor:0]]
[2024.04.23-05.56.44:193][  0]LogConfig: Setting CVar [[r.SceneColorFormat:4]]
[2024.04.23-05.56.44:193][  0]LogConfig: Setting CVar [[r.DetailMode:2]]
[2024.04.23-05.56.44:193][  0]LogConfig: Setting CVar [[r.TranslucencyVolumeBlur:1]]
[2024.04.23-05.56.44:194][  0]LogConfig: Setting CVar [[r.MaterialQualityLevel:1 ; High quality]]
[2024.04.23-05.56.44:194][  0]LogConfig: Setting CVar [[r.AnisotropicMaterials:1]]
[2024.04.23-05.56.44:194][  0]LogConfig: Setting CVar [[r.SSS.Scale:1]]
[2024.04.23-05.56.44:194][  0]LogConfig: Setting CVar [[r.SSS.SampleSet:2]]
[2024.04.23-05.56.44:194][  0]LogConfig: Setting CVar [[r.SSS.Quality:1]]
[2024.04.23-05.56.44:194][  0]LogConfig: Setting CVar [[r.SSS.HalfRes:0]]
[2024.04.23-05.56.44:194][  0]LogConfig: Setting CVar [[r.SSGI.Quality:3]]
[2024.04.23-05.56.44:194][  0]LogConfig: Setting CVar [[r.EmitterSpawnRateScale:1.0]]
[2024.04.23-05.56.44:194][  0]LogConfig: Setting CVar [[r.ParticleLightQuality:2]]
[2024.04.23-05.56.44:194][  0]LogConfig: Setting CVar [[r.SkyAtmosphere.AerialPerspectiveLUT.FastApplyOnOpaque:1 ; Always have FastSkyLUT 1 in this case to avoid wrong sky]]
[2024.04.23-05.56.44:194][  0]LogConfig: Setting CVar [[r.SkyAtmosphere.AerialPerspectiveLUT.SampleCountMaxPerSlice:4]]
[2024.04.23-05.56.44:194][  0]LogConfig: Setting CVar [[r.SkyAtmosphere.AerialPerspectiveLUT.DepthResolution:16.0]]
[2024.04.23-05.56.44:194][  0]LogConfig: Setting CVar [[r.SkyAtmosphere.FastSkyLUT:1]]
[2024.04.23-05.56.44:194][  0]LogConfig: Setting CVar [[r.SkyAtmosphere.FastSkyLUT.SampleCountMin:4.0]]
[2024.04.23-05.56.44:194][  0]LogConfig: Setting CVar [[r.SkyAtmosphere.FastSkyLUT.SampleCountMax:128.0]]
[2024.04.23-05.56.44:194][  0]LogConfig: Setting CVar [[r.SkyAtmosphere.SampleCountMin:4.0]]
[2024.04.23-05.56.44:194][  0]LogConfig: Setting CVar [[r.SkyAtmosphere.SampleCountMax:128.0]]
[2024.04.23-05.56.44:194][  0]LogConfig: Setting CVar [[r.SkyAtmosphere.TransmittanceLUT.UseSmallFormat:0]]
[2024.04.23-05.56.44:194][  0]LogConfig: Setting CVar [[r.SkyAtmosphere.TransmittanceLUT.SampleCount:10.0]]
[2024.04.23-05.56.44:194][  0]LogConfig: Setting CVar [[r.SkyAtmosphere.MultiScatteringLUT.SampleCount:15.0]]
[2024.04.23-05.56.44:194][  0]LogConfig: Setting CVar [[r.SkyLight.RealTimeReflectionCapture:1]]
[2024.04.23-05.56.44:194][  0]LogConfig: Applying CVar settings from Section [FoliageQuality@3] File [C:/Users/Green/Desktop/Snake/SnakeGame/Saved/Config/Windows/Scalability.ini]
[2024.04.23-05.56.44:195][  0]LogConfig: Setting CVar [[foliage.DensityScale:1.0]]
[2024.04.23-05.56.44:195][  0]LogConfig: Setting CVar [[grass.DensityScale:1.0]]
[2024.04.23-05.56.44:195][  0]LogConfig: Applying CVar settings from Section [ShadingQuality@3] File [C:/Users/Green/Desktop/Snake/SnakeGame/Saved/Config/Windows/Scalability.ini]
[2024.04.23-05.56.44:195][  0]LogConfig: Setting CVar [[r.HairStrands.SkyLighting.IntegrationType:2]]
[2024.04.23-05.56.44:195][  0]LogConfig: Setting CVar [[r.HairStrands.SkyAO.SampleCount:4]]
[2024.04.23-05.56.44:195][  0]LogConfig: Setting CVar [[r.HairStrands.Visibility.MSAA.SamplePerPixel:4]]
[2024.04.23-05.56.44:195][  0]LogConfig: Applying CVar settings from Section [Startup] File [../../../Engine/Config/ConsoleVariables.ini]
[2024.04.23-05.56.44:195][  0]LogConfig: Setting CVar [[net.UseAdaptiveNetUpdateFrequency:0]]
[2024.04.23-05.56.44:195][  0]LogConfig: Setting CVar [[p.chaos.AllowCreatePhysxBodies:1]]
[2024.04.23-05.56.44:195][  0]LogConfig: Setting CVar [[fx.SkipVectorVMBackendOptimizations:1]]
[2024.04.23-05.56.44:195][  0]LogConfig: Applying CVar settings from Section [ConsoleVariables] File [C:/Users/Green/Desktop/Snake/SnakeGame/Saved/Config/Windows/Engine.ini]
[2024.04.23-05.56.44:195][  0]LogConfig: Applying CVar settings from Section [ConsoleVariables] File [C:/Users/Green/Desktop/Snake/SnakeGame/Saved/Config/Windows/Editor.ini]
[2024.04.23-05.56.44:195][  0]LogInit: Computer: DESKTOP-I7FE9TA
[2024.04.23-05.56.44:195][  0]LogInit: User: Green
[2024.04.23-05.56.44:196][  0]LogInit: CPU Page size=4096, Cores=6
[2024.04.23-05.56.44:196][  0]LogInit: High frequency timer resolution =10.000000 MHz
[2024.04.23-05.56.44:196][  0]LogMemory: Memory total: Physical=15.9GB (16GB approx)
[2024.04.23-05.56.44:196][  0]LogMemory: Platform Memory Stats for Windows
[2024.04.23-05.56.44:196][  0]LogMemory: Process Physical Memory: 144.68 MB used, 144.69 MB peak
[2024.04.23-05.56.44:196][  0]LogMemory: Process Virtual Memory: 123.61 MB used, 123.61 MB peak
[2024.04.23-05.56.44:196][  0]LogMemory: Physical Memory: 10478.31 MB used,  5830.07 MB free, 16308.38 MB total
[2024.04.23-05.56.44:196][  0]LogMemory: Virtual Memory: 134212112.00 MB used,  5613.66 MB free, 134217728.00 MB total
[2024.04.23-05.56.44:203][  0]LogWindows: WindowsPlatformFeatures enabled
[2024.04.23-05.56.44:266][  0]LogInit: Physics initialised using underlying interface: PhysX
[2024.04.23-05.56.44:266][  0]LogInit: Using OS detected language (en-US).
[2024.04.23-05.56.44:267][  0]LogInit: Using OS detected locale (en-US).
[2024.04.23-05.56.44:273][  0]LogTextLocalizationManager: No specific localization for 'en-US' exists, so the 'en' localization will be used.
[2024.04.23-05.56.44:444][  0]LogInit: Setting process to per monitor DPI aware
[2024.04.23-05.56.44:464][  0]LogWindowsTextInputMethodSystem: Display: IME system deactivated.
[2024.04.23-05.56.44:478][  0]LogSlate: New Slate User Created.  User Index 0, Is Virtual User: 0
[2024.04.23-05.56.44:479][  0]LogSlate: Slate User Registered.  User Index 0, Is Virtual User: 0
[2024.04.23-05.56.44:611][  0]LogD3D11RHI: Loaded GFSDK_Aftermath_Lib.x64.dll
[2024.04.23-05.56.44:616][  0]LogHMD: Failed to initialize OpenVR with code 110
[2024.04.23-05.56.44:616][  0]LogD3D11RHI: D3D11 min allowed feature level: 11_0
[2024.04.23-05.56.44:616][  0]LogD3D11RHI: D3D11 max allowed feature level: 11_0
[2024.04.23-05.56.44:616][  0]LogD3D11RHI: D3D11 adapters:
[2024.04.23-05.56.44:762][  0]LogD3D11RHI:    0. 'AMD Radeon RX 6750 XT' (Feature Level 11_0)
[2024.04.23-05.56.44:762][  0]LogD3D11RHI:       12243/0/8154 MB DedicatedVideo/DedicatedSystem/SharedSystem, Outputs:1, VendorId:0x1002
[2024.04.23-05.56.44:766][  0]LogD3D11RHI:    1. 'Microsoft Basic Render Driver' (Feature Level 11_0)
[2024.04.23-05.56.44:767][  0]LogD3D11RHI:       0/0/8154 MB DedicatedVideo/DedicatedSystem/SharedSystem, Outputs:0, VendorId:0x1414
[2024.04.23-05.56.44:767][  0]LogD3D11RHI: Chosen D3D11 Adapter:
[2024.04.23-05.56.44:767][  0]LogD3D11RHI:     Description : AMD Radeon RX 6750 XT
[2024.04.23-05.56.44:767][  0]LogD3D11RHI:     VendorId    : 1002
[2024.04.23-05.56.44:767][  0]LogD3D11RHI:     DeviceId    : 73df
[2024.04.23-05.56.44:767][  0]LogD3D11RHI:     SubSysId    : 465e1da2
[2024.04.23-05.56.44:767][  0]LogD3D11RHI:     Revision    : 00c0
[2024.04.23-05.56.44:767][  0]LogD3D11RHI:     DedicatedVideoMemory : 12837937152 bytes
[2024.04.23-05.56.44:767][  0]LogD3D11RHI:     DedicatedSystemMemory : 0 bytes
[2024.04.23-05.56.44:767][  0]LogD3D11RHI:     SharedSystemMemory : 8550289408 bytes
[2024.04.23-05.56.44:767][  0]LogD3D11RHI:     AdapterLuid : 0 49277
[2024.04.23-05.56.44:773][  0]LogD3D11RHI: Creating new Direct3DDevice
[2024.04.23-05.56.44:773][  0]LogD3D11RHI:     GPU DeviceId: 0x73df (for the marketing name, search the web for "GPU Device Id")
[2024.04.23-05.56.44:773][  0]LogWindows: EnumDisplayDevices:
[2024.04.23-05.56.44:774][  0]LogWindows:    0. 'AMD Radeon RX 6750 XT' (P:1 D:1)
[2024.04.23-05.56.44:774][  0]LogWindows:    1. 'AMD Radeon RX 6750 XT' (P:0 D:0)
[2024.04.23-05.56.44:775][  0]LogWindows:    2. 'AMD Radeon RX 6750 XT' (P:0 D:0)
[2024.04.23-05.56.44:775][  0]LogWindows:    3. 'AMD Radeon RX 6750 XT' (P:0 D:0)
[2024.04.23-05.56.44:776][  0]LogWindows:    4. 'AMD Radeon RX 6750 XT' (P:0 D:0)
[2024.04.23-05.56.44:776][  0]LogWindows:    5. 'AMD Radeon RX 6750 XT' (P:0 D:0)
[2024.04.23-05.56.44:777][  0]LogWindows:    6. 'AMD Radeon RX 6750 XT' (P:0 D:0)
[2024.04.23-05.56.44:777][  0]LogWindows: DebugString: FoundDriverCount:7 
[2024.04.23-05.56.44:777][  0]LogD3D11RHI:     Adapter Name: AMD Radeon RX 6750 XT
[2024.04.23-05.56.44:777][  0]LogD3D11RHI:   Driver Version: AMD Software: Adrenalin Edition 23.12.1 (internal:31.0.23013.1023, unified:31.0.23013.1023)
[2024.04.23-05.56.44:777][  0]LogD3D11RHI:      Driver Date: 11-28-2023
[2024.04.23-05.56.44:778][  0]LogRHI: Texture pool is 8032 MB (70% of 11475 MB)
[2024.04.23-05.56.44:808][  0]LogD3D11RHI: Creating D3DDevice with AMD AGS, using adapter:
[2024.04.23-05.56.44:809][  0]LogD3D11RHI:     Description : AMD Radeon RX 6750 XT
[2024.04.23-05.56.44:809][  0]LogD3D11RHI:     VendorId    : 1002
[2024.04.23-05.56.44:809][  0]LogD3D11RHI:     DeviceId    : 73df
[2024.04.23-05.56.44:809][  0]LogD3D11RHI:     SubSysId    : 465e1da2
[2024.04.23-05.56.44:809][  0]LogD3D11RHI:     Revision    : 00c0
[2024.04.23-05.56.44:809][  0]LogD3D11RHI:     DedicatedVideoMemory : 12837937152 bytes
[2024.04.23-05.56.44:809][  0]LogD3D11RHI:     DedicatedSystemMemory : 0 bytes
[2024.04.23-05.56.44:809][  0]LogD3D11RHI:     SharedSystemMemory : 8550289408 bytes
[2024.04.23-05.56.44:809][  0]LogD3D11RHI:     AdapterLuid : 0 49277
[2024.04.23-05.56.44:907][  0]LogD3D11RHI: Created device via AGS, feature level 11_0, supported extensions 1fffffbf.
[2024.04.23-05.56.44:907][  0]LogD3D11RHI: RHI has support for 64 bit atomics
[2024.04.23-05.56.44:907][  0]LogD3D11RHI: Async texture creation enabled
[2024.04.23-05.56.44:907][  0]LogD3D11RHI: Array index from any shader is supported
[2024.04.23-05.56.44:907][  0]LogD3D11RHI: HDR output is supported on display 0 (AMD Device: 0x0, Display: 0x0).
[2024.04.23-05.56.44:922][  0]LogD3D11RHI: GPU Timing Frequency: 100.000000 (Debug: 2 1)
[2024.04.23-05.56.45:184][  0]LogTargetPlatformManager: Display: Loaded TargetPlatform 'AllDesktop'
[2024.04.23-05.56.45:204][  0]LogTargetPlatformManager: Display: Loaded TargetPlatform 'Android'
[2024.04.23-05.56.45:204][  0]LogTargetPlatformManager: Display: Loaded TargetPlatform 'Android_ASTC'
[2024.04.23-05.56.45:204][  0]LogTargetPlatformManager: Display: Loaded TargetPlatform 'Android_DXT'
[2024.04.23-05.56.45:204][  0]LogTargetPlatformManager: Display: Loaded TargetPlatform 'Android_ETC2'
[2024.04.23-05.56.45:204][  0]LogTargetPlatformManager: Display: Loaded TargetPlatform 'AndroidClient'
[2024.04.23-05.56.45:204][  0]LogTargetPlatformManager: Display: Loaded TargetPlatform 'Android_ASTCClient'
[2024.04.23-05.56.45:204][  0]LogTargetPlatformManager: Display: Loaded TargetPlatform 'Android_DXTClient'
[2024.04.23-05.56.45:204][  0]LogTargetPlatformManager: Display: Loaded TargetPlatform 'Android_ETC2Client'
[2024.04.23-05.56.45:204][  0]LogTargetPlatformManager: Display: Loaded TargetPlatform 'Android_Multi'
[2024.04.23-05.56.45:204][  0]LogTargetPlatformManager: Display: Loaded TargetPlatform 'Android_MultiClient'
[2024.04.23-05.56.45:226][  0]LogTargetPlatformManager: Display: Loaded TargetPlatform 'IOSClient'
[2024.04.23-05.56.45:226][  0]LogTargetPlatformManager: Display: Loaded TargetPlatform 'IOS'
[2024.04.23-05.56.45:236][  0]LogTargetPlatformManager: Display: Loaded TargetPlatform 'Linux'
[2024.04.23-05.56.45:241][  0]LogTargetPlatformManager: Display: Loaded TargetPlatform 'LinuxNoEditor'
[2024.04.23-05.56.45:245][  0]LogTargetPlatformManager: Display: Loaded TargetPlatform 'LinuxClient'
[2024.04.23-05.56.45:251][  0]LogTargetPlatformManager: Display: Loaded TargetPlatform 'LinuxServer'
[2024.04.23-05.56.45:260][  0]LogTargetPlatformManager: Display: Loaded TargetPlatform 'LinuxAArch64NoEditor'
[2024.04.23-05.56.45:265][  0]LogTargetPlatformManager: Display: Loaded TargetPlatform 'LinuxAArch64Client'
[2024.04.23-05.56.45:270][  0]LogTargetPlatformManager: Display: Loaded TargetPlatform 'LinuxAArch64Server'
[2024.04.23-05.56.45:293][  0]LogTargetPlatformManager: Display: Loaded TargetPlatform 'Lumin'
[2024.04.23-05.56.45:293][  0]LogTargetPlatformManager: Display: Loaded TargetPlatform 'LuminClient'
[2024.04.23-05.56.45:302][  0]LogTargetPlatformManager: Display: Loaded TargetPlatform 'MacNoEditor'
[2024.04.23-05.56.45:307][  0]LogTargetPlatformManager: Display: Loaded TargetPlatform 'Mac'
[2024.04.23-05.56.45:311][  0]LogTargetPlatformManager: Display: Loaded TargetPlatform 'MacClient'
[2024.04.23-05.56.45:315][  0]LogTargetPlatformManager: Display: Loaded TargetPlatform 'MacServer'
[2024.04.23-05.56.45:326][  0]LogTargetPlatformManager: Display: Loaded TargetPlatform 'TVOSClient'
[2024.04.23-05.56.45:326][  0]LogTargetPlatformManager: Display: Loaded TargetPlatform 'TVOS'
[2024.04.23-05.56.45:335][  0]LogTargetPlatformManager: Display: Loaded TargetPlatform 'WindowsNoEditor'
[2024.04.23-05.56.45:340][  0]LogTargetPlatformManager: Display: Loaded TargetPlatform 'Windows'
[2024.04.23-05.56.45:345][  0]LogTargetPlatformManager: Display: Loaded TargetPlatform 'WindowsClient'
[2024.04.23-05.56.45:349][  0]LogTargetPlatformManager: Display: Loaded TargetPlatform 'WindowsServer'
[2024.04.23-05.56.45:349][  0]LogTargetPlatformManager: Display: Building Assets For Windows
[2024.04.23-05.56.45:360][  0]LogAudioDebug: Display: Lib vorbis DLL was dynamically loaded.
[2024.04.23-05.56.45:403][  0]LogTextureFormatOodle: Display: Oodle Texture 2.9.0 init RDO Off
[2024.04.23-05.56.45:453][  0]LogRendererCore: Ray tracing is disabled. Reason: r.RayTracing=0.
[2024.04.23-05.56.45:453][  0]LogShaderCompilers: Guid format shader working directory is -8 characters bigger than the processId version (../../../../../../Users/Green/Desktop/Snake/SnakeGame/Intermediate/Shaders/WorkingDirectory/20920/).
[2024.04.23-05.56.45:453][  0]LogShaderCompilers: Cleaned the shader compiler working directory 'C:/Users/Green/AppData/Local/Temp/UnrealShaderWorkingDir/DED37DEA464D38D0B4416980CB489051/'.
[2024.04.23-05.56.45:455][  0]LogShaderCompilers: Display: Using XGE Controller for Shader Compilation.
[2024.04.23-05.56.46:110][  0]LogDerivedDataCache: Display: Max Cache Size: 512 MB
[2024.04.23-05.56.46:165][  0]LogDerivedDataCache: Loaded boot cache 0.05s 94MB C:/Users/Green/AppData/Local/UnrealEngine/4.27/DerivedDataCache/Boot.ddc.
[2024.04.23-05.56.46:165][  0]LogDerivedDataCache: Display: Loaded Boot cache: C:/Users/Green/AppData/Local/UnrealEngine/4.27/DerivedDataCache/Boot.ddc
[2024.04.23-05.56.46:166][  0]LogDerivedDataCache: FDerivedDataBackendGraph:  Pak pak cache file ../../../../../../Users/Green/Desktop/Snake/SnakeGame/DerivedDataCache/DDC.ddp not found, will not use a pak cache.
[2024.04.23-05.56.46:166][  0]LogDerivedDataCache: Unable to find inner node Pak for hierarchical cache Hierarchy.
[2024.04.23-05.56.46:166][  0]LogDerivedDataCache: FDerivedDataBackendGraph:  CompressedPak pak cache file ../../../../../../Users/Green/Desktop/Snake/SnakeGame/DerivedDataCache/Compressed.ddp not found, will not use a pak cache.
[2024.04.23-05.56.46:166][  0]LogDerivedDataCache: Unable to find inner node CompressedPak for hierarchical cache Hierarchy.
[2024.04.23-05.56.46:180][  0]LogDerivedDataCache: Display: Pak cache opened for reading ../../../Engine/DerivedDataCache/Compressed.ddp.
[2024.04.23-05.56.46:180][  0]LogDerivedDataCache: FDerivedDataBackendGraph:  EnterprisePak pak cache file ../../../Enterprise/DerivedDataCache/Compressed.ddp not found, will not use a pak cache.
[2024.04.23-05.56.46:180][  0]LogDerivedDataCache: Unable to find inner node EnterprisePak for hierarchical cache Hierarchy.
[2024.04.23-05.56.46:186][  0]LogDerivedDataCache: Speed tests for C:/Users/Green/AppData/Local/UnrealEngine/Common/DerivedDataCache took 0.01 seconds
[2024.04.23-05.56.46:186][  0]LogDerivedDataCache: Display: Performance to C:/Users/Green/AppData/Local/UnrealEngine/Common/DerivedDataCache: Latency=0.04ms. RandomReadSpeed=1099.57MBs, RandomWriteSpeed=239.12MBs. Assigned SpeedClass 'Local'
[2024.04.23-05.56.46:187][  0]LogDerivedDataCache: Using Local data cache path C:/Users/Green/AppData/Local/UnrealEngine/Common/DerivedDataCache: Writable
[2024.04.23-05.56.46:187][  0]LogDerivedDataCache: Shared data cache path not found in *engine.ini, will not use an Shared cache.
[2024.04.23-05.56.46:187][  0]LogDerivedDataCache: Unable to find inner node Shared for hierarchical cache Hierarchy.
[2024.04.23-05.56.46:226][  0]LogSlate: Using FreeType 2.10.0
[2024.04.23-05.56.46:227][  0]LogSlate: SlateFontServices - WITH_FREETYPE: 1, WITH_HARFBUZZ: 1
[2024.04.23-05.56.46:252][  0]LogAssetRegistry: FAssetRegistry took 0.0038 seconds to start up
[2024.04.23-05.56.46:468][  0]LogInit: Selected Device Profile: [Windows]
[2024.04.23-05.56.46:468][  0]LogInit: Active device profile: [00000144E0EBC900][00000144DF0DA180 49] Windows
[2024.04.23-05.56.46:468][  0]LogInit: Profiles: [00000144E0EBC900][00000144DF0DA180 49] Windows, [00000144E0E9B800][00000144DA382300 49] WindowsNoEditor, [00000144E0EBF500][00000144DA386480 49] WindowsServer, [00000144E0E98E00][00000144DA3725C0 49] WindowsClient, [00000144E0EBF800][00000144DA32E700 49] IOS, [00000144E0E9A800][00000144E18E0840 49] iPadAir, [00000144E0EBE000][00000144E18E8980 49] iPadAir2, [00000144E0E1CA00][00000144E18F4C40 49] IPadPro, [00000144E0E1CB00][00000144E18F0C80 49] iPadAir3, [00000144E0E99900][00000144E18F8E00 49] iPadAir4, [00000144E0E1F400][00000144E18FCF80 49] iPadMini2, [00000144E0E9AA00][00000144DEE55100 49] iPadMini3, [00000144E0E1D700][00000144DEE59280 49] iPadMini4, [00000144E0EBD100][00000144DF027400 49] iPadMini5, [00000144E0E40300][00000144DF02B6C0 49] iPhone6, [00000144E0E40400][00000144DA32B700 49] iPodTouch6, [00000144E0E0FF00][00000144DA34B9C0 49] iPhone7, [00000144E0E0FE00][00000144DA347A00 49] iPodTouch7, [00000144E0E9A000][00000144DA37FB80 49] iPhone5S, [00000144E0E0DA00][00000144E18E4180 49] iPhone6Plus, [00000144E0E40200][00000144DA34E300 49] iPhone6S, [00000144E0E0C600][00000144DEE66480 49] iPhone6SPlus, [00000144E0E42900][00000144DEE6A600 49] iPhone7Plus, [00000144E0E0F100][00000144E18EC740 49] iPhoneSE, [00000144E0E42200][00000144DEE6E880 49] iPhone8, [00000144E0E0FB00][00000144DEE349C0 49] iPhone8Plus, [00000144E0E40A00][00000144DEE38B00 49] iPhoneX, [00000144E0E0D400][00000144DEE40C80 49] iPhoneXS, [00000144E0E43900][00000144DEE44E00 49] iPhoneXSMax, [00000144E0E0C900][00000144DEE48F80 49] iPhoneXR, [00000144E0E42F00][00000144DEE4D100 49] iPhone11, [00000144E0E0D300][00000144DEE51280 49] iPhone11Pro, [00000144E0E41000][00000144DA303400 49] iPhone11ProMax, [00000144E0E0EA00][00000144DA307580 49] iPhoneSE2, [00000144E0E41400][00000144DA30B700 49] iPhone12Mini, [00000144E0E0E400][00000144DA30F880 49] iPhone12, [00000144E0E40D00][00000144DA313A00 49] iPhone12Pro, [00000144E0E0EB00][00000144DA317B80 49] iPhone12ProMax, [00000144E0E43000][00000144DA31A180 49] iPadPro105, [00000144E0E0C700][00000144DA31E300 49] iPadPro129, [00000144E0E42800][00000144DA322480 49] iPadPro97, [00000144E0E0E600][00000144DA326600 49] iPadPro2_129, [00000144E0E43C00][00000144DED94780 49] iPad5, [00000144E0E0E200][00000144DED98900 49] iPad6, [00000144E0E40F00][00000144DEE3CA40 49] iPad7, [00000144E0E0ED00][00000144DED9CB80 49] iPad8, [00000144E0E41100][00000144DEDA0CC0 49] iPadPro11, [00000144E0E0D600][00000144DEDA8E40 49] iPadPro2_11, [00000144E0E43400][00000144DEDACFC0 49] iPadPro3_129, [00000144E0E0E800][00000144DEDB1140 49] iPadPro4_129, [00000144E0E43A00][00000144DEDB52C0 49] AppleTV, [00000144E0E0E100][00000144DEDB9440 49] AppleTV4K, [00000144E0E41F00][00000144E18B95C0 49] TVOS, [00000144E0E0F400][00000144E18BD740 49] Mac, [00000144E0E43800][00000144E18C18C0 49] MacClient, [00000144E0E0DE00][00000144E18C5A40 49] MacNoEditor, [00000144E0E43F00][00000144E18C9BC0 49] MacServer, [00000144E0E0F500][00000144E18CC1C0 49] Linux, [00000144E0E40C00][00000144E18D0340 49] LinuxAArch64, [00000144E0E0EF00][00000144E18D44C0 49] LinuxNoEditor, [00000144E0E40B00][00000144E18D8640 49] LinuxAArch64NoEditor, [00000144E0E0F700][00000144E18DC7C0 49] LinuxClient, [00000144E0E41A00][00000144B3F5C940 49] LinuxAArch64Client, [00000144E0E0D000][00000144B3F60AC0 49] LinuxServer, [00000144E0E42500][00000144DEDA4C00 49] LinuxAArch64Server, [00000144E0E0D900][00000144B3F64D40 49] Android, [00000144E0E41300][00000144B3F68E80 49] Android_Low, [00000144E0E0E700][00000144B3F6CFC0 49] Android_Mid, [00000144E0E42B00][00000144B3F75140 49] Android_High, [00000144E0E0F800][00000144B3F792C0 49] Android_Default, [00000144E0E41600][00000144B3F7D440 49] Android_Adreno4xx, [00000144E0E0D500][00000144B3F815C0 49] Android_Adreno5xx_Low, [00000144E0E1F600][00000144B3F85740 49] Android_Adreno5xx, [00000144E0E99800][00000144B3F898C0 49] Android_Adreno6xx, [00000144E0E1D200][00000144DF095A40 49] Android_Adreno6xx_Vulkan, [00000144E0E9BC00][00000144DF099BC0 49] Android_Mali_T6xx, [00000144E0E1D100][00000144DF09C1C0 49] Android_Mali_T7xx, [00000144E0E99600][00000144DF0A0340 49] Android_Mali_T8xx, [00000144E0E1DE00][00000144DF0A44C0 49] Android_Mali_G71, [00000144E0E98500][00000144DF0A8640 49] Android_Mali_G72, [00000144E0E1C800][00000144DF0AC7C0 49] Android_Mali_G72_Vulkan, [00000144E0E99300][00000144DF0B0940 49] Android_Mali_G76, [00000144E0E1C100][00000144DF0B4AC0 49] Android_Mali_G76_Vulkan, [00000144E0E99F00][00000144DF0B8C40 49] Android_Mali_G77, [00000144E0E1D000][00000144B3F70D80 49] Android_Mali_G77_Vulkan, [00000144E0E98A00][00000144DF0BCEC0 49] Android_Mali_G78, [00000144E0E1EC00][00000144DF0C1000 49] Android_Mali_G78_Vulkan, [00000144E0E9B600][00000144DF0C5140 49] Android_Mali_G710, [00000144E0E1EA00][00000144DF0CD2C0 49] Android_Mali_G710_Vulkan, [00000144E0E9BF00][00000144D8E69440 49] Android_Vulkan_SM5, [00000144E0E1FB00][00000144D8E6D5C0 49] Android_PowerVR_G6xxx, [00000144E0E9BB00][00000144D8E71740 49] Android_PowerVR_GT7xxx, [00000144E0E1F900][00000144D8E758C0 49] Android_PowerVR_GE8xxx, [00000144E0E98C00][00000144D8E79A40 49] Android_PowerVR_GM9xxx, [00000144E0E1E700][00000144D8E7DBC0 49] Android_PowerVR_GM9xxx_Vulkan, [00000144E0E9A700][00000144D8E801C0 49] Android_TegraK1, [00000144E0E1C900][00000144D8E84340 49] Android_Unknown_Vulkan, [00000144E0E99D00][00000144D8E884C0 49] Lumin, [00000144E0E1C500][00000144D8E8C640 49] Lumin_Desktop, [00000144E0E9B300][00000144D8E907C0 49] HoloLens, 
[2024.04.23-05.56.46:585][  0]LogMeshReduction: Using QuadricMeshReduction for automatic static mesh reduction
[2024.04.23-05.56.46:585][  0]LogMeshReduction: Using SimplygonMeshReduction for automatic skeletal mesh reduction
[2024.04.23-05.56.46:585][  0]LogMeshReduction: Using ProxyLODMeshReduction for automatic mesh merging
[2024.04.23-05.56.46:586][  0]LogMeshReduction: No distributed automatic mesh merging module available
[2024.04.23-05.56.46:586][  0]LogMeshMerging: No distributed automatic mesh merging module available
[2024.04.23-05.56.46:599][  0]LogNetVersion: SnakeGame 1.0.0, NetCL: 17155196, EngineNetVer: 17, GameNetVer: 0 (Checksum: 3033270002)
[2024.04.23-05.56.46:935][  0]LogTexture: Default maximum texture size for cubemaps generated from long-lat sources has been changed from 512 to unlimited. In order to preserve old behaiour for '/Engine/MapTemplates/Sky/DaylightAmbientCubemap.DaylightAmbientCubemap', its maximum texture size has been explicitly set to 512.
[2024.04.23-05.56.46:988][  0]LogHMD: PokeAHoleMaterial loaded successfully
[2024.04.23-05.56.46:994][  0]LogUObjectArray: 17178 objects as part of root set at end of initial load.
[2024.04.23-05.56.46:994][  0]LogUObjectAllocator: 4302048 out of 0 bytes used by permanent object pool.
[2024.04.23-05.56.46:994][  0]LogUObjectArray: CloseDisregardForGC: 0/0 objects in disregard for GC pool
[2024.04.23-05.56.47:265][  0]LogNiagaraDebuggerClient: Niagara Debugger Client Initialized | Session: 31D7872E4B4A747122F08E84728C13FF | Instance: CBEDC7EA491D13B78A5337B44A27F21E (DESKTOP-I7FE9TA-20920).
[2024.04.23-05.56.47:397][  0]LogUdpMessaging: Initializing bridge on interface 0.0.0.0:0 to multicast group 230.0.0.1:6666.
[2024.04.23-05.56.47:407][  0]LogTcpMessaging: Initializing TcpMessaging bridge
[2024.04.23-05.56.47:420][  0]LogPython: Using Python 3.7.7
[2024.04.23-05.56.48:055][  0]SourceControl: Source control is disabled
[2024.04.23-05.56.48:056][  0]SourceControl: Source control is disabled
[2024.04.23-05.56.48:059][  0]SourceControl: Source control is disabled
[2024.04.23-05.56.48:063][  0]SourceControl: Source control is disabled
[2024.04.23-05.56.48:075][  0]SourceControl: Source control is disabled
[2024.04.23-05.56.48:108][  0]LogUProjectInfo: Found projects:
[2024.04.23-05.56.48:354][  0]LogOpenImageDenoise: OIDN starting up
[2024.04.23-05.56.48:370][  0]LogAndroidPermission: UAndroidPermissionCallbackProxy::GetInstance
[2024.04.23-05.56.48:398][  0]LogAudioCaptureCore: Display: No Audio Capture implementations found. Audio input will be silent.
[2024.04.23-05.56.48:398][  0]LogAudioCaptureCore: Display: No Audio Capture implementations found. Audio input will be silent.
[2024.04.23-05.56.48:530][  0]LogCollectionManager: Loaded 0 collections in 0.001529 seconds
[2024.04.23-05.56.48:558][  0]LogFileCache: Scanning file cache for directory 'C:/Users/Green/Desktop/Snake/SnakeGame/Saved/Collections/' took 0.00s
[2024.04.23-05.56.48:558][  0]LogFileCache: Scanning file cache for directory 'C:/Users/Green/Desktop/Snake/SnakeGame/Content/Developers/Green/Collections/' took 0.00s
[2024.04.23-05.56.48:558][  0]LogFileCache: Scanning file cache for directory 'C:/Users/Green/Desktop/Snake/SnakeGame/Content/Collections/' took 0.00s
[2024.04.23-05.56.48:558][  0]LogOcInput: OculusInput pre-init called
[2024.04.23-05.56.48:785][  0]LogEngine: Initializing Engine...
[2024.04.23-05.56.48:788][  0]LogHMD: Failed to enumerate extensions. Please check that you have a valid OpenXR runtime installed.
[2024.04.23-05.56.48:788][  0]LogHMD: Failed to initialize OpenVR with code 110
[2024.04.23-05.56.48:788][  0]LogMagicLeap: Warning: VR disabled because ZI is not enabled.  To enable, in the editor, Edit -> Project Settings -> Plugins -> Magic Leap Plugin -> Enable Zero Iteration
[2024.04.23-05.56.48:789][  0]LogStats: UGameplayTagsManager::InitializeManager -  0.000 s
[2024.04.23-05.56.48:888][  0]LogInit: Initializing FReadOnlyCVARCache
[2024.04.23-05.56.48:897][  0]LogAIModule: Creating AISystem for world Untitled
[2024.04.23-05.56.48:899][  0]LogAudio: Display: Initializing Audio Device Manager...
[2024.04.23-05.56.48:904][  0]LogAudio: Display: Loading Default Audio Settings Objects...
[2024.04.23-05.56.48:905][  0]LogAudio: Display: No default SoundConcurrencyObject specified (or failed to load).
[2024.04.23-05.56.48:905][  0]LogAudio: Display: Audio Device Manager Initialized
[2024.04.23-05.56.48:905][  0]LogAudio: Display: Creating Audio Device:                 Id: 1, Scope: Shared, Realtime: True
[2024.04.23-05.56.48:905][  0]LogAudioMixer: Display: Audio Mixer Platform Settings:
[2024.04.23-05.56.48:906][  0]LogAudioMixer: Display: 	Sample Rate:						  48000
[2024.04.23-05.56.48:906][  0]LogAudioMixer: Display: 	Callback Buffer Frame Size Requested: 1024
[2024.04.23-05.56.48:906][  0]LogAudioMixer: Display: 	Callback Buffer Frame Size To Use:	  1024
[2024.04.23-05.56.48:906][  0]LogAudioMixer: Display: 	Number of buffers to queue:			  2
[2024.04.23-05.56.48:906][  0]LogAudioMixer: Display: 	Max Channels (voices):				  32
[2024.04.23-05.56.48:906][  0]LogAudioMixer: Display: 	Number of Async Source Workers:		  0
[2024.04.23-05.56.48:906][  0]LogAudio: Display: AudioDevice MaxSources: 32
[2024.04.23-05.56.48:907][  0]LogAudio: Display: Audio Spatialization Plugin: None (built-in).
[2024.04.23-05.56.48:907][  0]LogAudio: Display: Audio Reverb Plugin: None (built-in).
[2024.04.23-05.56.48:907][  0]LogAudio: Display: Audio Occlusion Plugin: None (built-in).
[2024.04.23-05.56.48:907][  0]LogAudioMixer: Display: Initializing audio mixer.
[2024.04.23-05.56.48:928][  0]LogAudioMixer: Display: 0: FrontLeft
[2024.04.23-05.56.48:929][  0]LogAudioMixer: Display: 1: FrontRight
[2024.04.23-05.56.48:961][  0]LogAudioMixer: Display: Using Audio Device Speakers (ASUS Essence STX II Audio Device)
[2024.04.23-05.56.48:965][  0]LogAudioMixer: Display: Initializing Sound Submixes...
[2024.04.23-05.56.48:968][  0]LogAudioMixer: Display: Creating Master Submix 'MasterSubmixDefault'
[2024.04.23-05.56.48:968][  0]LogAudioMixer: Display: Creating Master Submix 'MasterReverbSubmixDefault'
[2024.04.23-05.56.48:969][  0]LogAudioMixer: Display: Creating Master Submix 'MasterEQSubmixDefault'
[2024.04.23-05.56.48:969][  0]LogAudioMixer: FMixerPlatformXAudio2::StartAudioStream() called
[2024.04.23-05.56.48:969][  0]LogAudioMixer: Display: Output buffers initialized: Frames=1024, Channels=2, Samples=2048
[2024.04.23-05.56.48:971][  0]LogAudioMixer: Display: Starting AudioMixerPlatformInterface::RunInternal()
[2024.04.23-05.56.48:971][  0]LogAudioMixer: Display: FMixerPlatformXAudio2::SubmitBuffer() called for the first time
[2024.04.23-05.56.48:971][  0]LogInit: FAudioDevice initialized.
[2024.04.23-05.56.48:971][  0]LogAudio: Display: Audio Device (ID: 1) registered with world 'Untitled'.
[2024.04.23-05.56.48:972][  0]LogNetVersion: Set ProjectVersion to 1.0.0.0. Version Checksum will be recalculated on next use.
[2024.04.23-05.56.49:016][  0]LogDerivedDataCache: Saved boot cache 0.04s 94MB C:/Users/Green/AppData/Local/UnrealEngine/4.27/DerivedDataCache/Boot.ddc.
[2024.04.23-05.56.49:017][  0]LogInit: Texture streaming: Enabled
[2024.04.23-05.56.49:032][  0]LogAnalytics: Display: [UEEditor.Rocket.Release] APIServer = https://datarouter.ol.epicgames.com/. AppVersion = 4.27.2-18319896+++UE4+Release-4.27
[2024.04.23-05.56.49:037][  0]LogEngineSessionManager: EngineSessionManager initialized
[2024.04.23-05.56.49:038][  0]LogEngineSessionManager: EngineSessionManager sent abnormal shutdown report. Type=Debugger, SessionId={6E196008-4A89-2425-4E5C-5D9F323F0A70}
[2024.04.23-05.56.49:038][  0]LogEngineSessionManager: EngineSessionManager sent abnormal shutdown report. Type=Debugger, SessionId={044F4D2A-493E-115B-D4AD-36A31586D63C}
[2024.04.23-05.56.49:038][  0]LogEditorSessionSummary: Verbose: Initializing EditorSessionSummaryWriter for editor session tracking
[2024.04.23-05.56.49:040][  0]LogEditorSessionSummary: EditorSessionSummaryWriter initialized
[2024.04.23-05.56.49:062][  0]LogInit: Transaction tracking system initialized
[2024.04.23-05.56.49:086][  0]BlueprintLog: New page: Editor Load
[2024.04.23-05.56.49:153][  0]LocalizationService: Localization service is disabled
[2024.04.23-05.56.49:178][  0]TimingProfiler: Initialize
[2024.04.23-05.56.49:179][  0]TimingProfiler: OnSessionChanged
[2024.04.23-05.56.49:179][  0]LoadingProfiler: Initialize
[2024.04.23-05.56.49:179][  0]LoadingProfiler: OnSessionChanged
[2024.04.23-05.56.49:179][  0]NetworkingProfiler: Initialize
[2024.04.23-05.56.49:179][  0]NetworkingProfiler: OnSessionChanged
[2024.04.23-05.56.49:179][  0]MemoryProfiler: Initialize
[2024.04.23-05.56.49:179][  0]MemoryProfiler: OnSessionChanged
[2024.04.23-05.56.49:322][  0]LogCook: Display: CookSettings for Memory: MemoryMaxUsedVirtual 0MiB, MemoryMaxUsedPhysical 16384MiB, MemoryMinFreeVirtual 0MiB, MemoryMinFreePhysical 1024MiB
[2024.04.23-05.56.49:322][  0]LogCook: Display: Mobile HDR setting 1
[2024.04.23-05.56.49:518][  0]LogFileCache: Scanning file cache for directory 'C:/Users/Green/Desktop/Snake/SnakeGame/Content/' took 0.00s
[2024.04.23-05.56.49:680][  0]LogInit: Display: Engine is initialized. Leaving FEngineLoop::Init()
[2024.04.23-05.56.49:683][  0]SourceControl: Source control is disabled
[2024.04.23-05.56.49:684][  0]LogUnrealEdMisc: Loading editor; pre map load, took 7.102
[2024.04.23-05.56.49:684][  0]Cmd: MAP LOAD FILE="../../../../../../Users/Green/Desktop/Snake/SnakeGame/Content/MainMap.umap" TEMPLATE=0 SHOWPROGRESS=1 FEATURELEVEL=3
[2024.04.23-05.56.49:684][  0]LightingResults: New page: Lighting Build
[2024.04.23-05.56.49:685][  0]LogWorld: UWorld::CleanupWorld for Untitled, bSessionEnded=true, bCleanupResources=true
[2024.04.23-05.56.49:685][  0]LogSlate: InvalidateAllWidgets triggered.  All widgets were invalidated
[2024.04.23-05.56.49:686][  0]MapCheck: New page: Map Check
[2024.04.23-05.56.49:686][  0]LightingResults: New page: Lighting Build
[2024.04.23-05.56.49:690][  0]LogAudio: Display: Audio Device unregistered from world 'None'.
[2024.04.23-05.56.49:693][  0]LogUObjectHash: Compacting FUObjectHashTables data took   0.70ms
[2024.04.23-05.56.49:740][  0]LogAudio: Display: Audio Device (ID: 1) registered with world 'MainMap'.
[2024.04.23-05.56.49:741][  0]LogAIModule: Creating AISystem for world MainMap
[2024.04.23-05.56.49:753][  0]LogEditorServer: Finished looking for orphan Actors (0.000 secs)
[2024.04.23-05.56.49:763][  0]LogUObjectHash: Compacting FUObjectHashTables data took   0.65ms
[2024.04.23-05.56.49:764][  0]Cmd: MAP CHECKDEP NOCLEARLOG
[2024.04.23-05.56.49:764][  0]MapCheck: Map check complete: 0 Error(s), 0 Warning(s), took 0.189ms to complete.
[2024.04.23-05.56.49:764][  0]LogFileHelpers: Loading map 'MainMap' took 0.080
[2024.04.23-05.56.49:766][  0]LogUnrealEdMisc: Total Editor Startup Time, took 7.185
[2024.04.23-05.56.49:867][  0]LogSlate: Updating window title bar state: overlay mode, drag disabled, window buttons hidden, title bar hidden
[2024.04.23-05.56.49:873][  0]LogSlate: Updating window title bar state: overlay mode, drag disabled, window buttons hidden, title bar hidden
[2024.04.23-05.56.49:878][  0]LogSlate: Updating window title bar state: overlay mode, drag disabled, window buttons hidden, title bar hidden
[2024.04.23-05.56.49:883][  0]LogSlate: Updating window title bar state: overlay mode, drag disabled, window buttons hidden, title bar hidden
[2024.04.23-05.56.49:895][  0]LogNativeClassHierarchy: Verbose: Native class hierarchy populated in 0.0080 seconds. Added 3826 classes and 930 folders.
[2024.04.23-05.56.49:899][  0]LogNativeClassHierarchy: Verbose: Native class hierarchy updated for 'WidgetCarousel' in 0.0002 seconds. Added 0 classes and 0 folders.
[2024.04.23-05.56.49:900][  0]LogPakFile: PakFile PrimaryIndexSize=187
[2024.04.23-05.56.49:901][  0]LogPakFile: PakFile PathHashIndexSize=101
[2024.04.23-05.56.49:901][  0]LogPakFile: PakFile FullDirectoryIndexSize=148
[2024.04.23-05.56.49:901][  0]LogShaderLibrary: Display: ShaderCodeLibraryPakFileMountedCallback: PakFile 'C:/Program Files/Epic Games/UE_4.27/FeaturePacks/FP_FirstPerson.upack' (chunk index -1, root 'root:/') mounted
[2024.04.23-05.56.49:901][  0]LogShaderLibrary: Display: ShaderCodeLibraryPakFileMountedCallback: pending pak file info (ChunkID:-1 Root:root:/ File:C:/Program Files/Epic Games/UE_4.27/FeaturePacks/FP_FirstPerson.upack)
[2024.04.23-05.56.49:901][  0]LogPakFile: OnPakFileMounted2Time == 0.000217
[2024.04.23-05.56.49:902][  0]LogPakFile: PakFile PrimaryIndexSize=189
[2024.04.23-05.56.49:902][  0]LogPakFile: PakFile PathHashIndexSize=101
[2024.04.23-05.56.49:902][  0]LogPakFile: PakFile FullDirectoryIndexSize=152
[2024.04.23-05.56.49:902][  0]LogShaderLibrary: Display: ShaderCodeLibraryPakFileMountedCallback: PakFile 'C:/Program Files/Epic Games/UE_4.27/FeaturePacks/FP_FirstPersonBP.upack' (chunk index -1, root 'root:/') mounted
[2024.04.23-05.56.49:902][  0]LogShaderLibrary: Display: ShaderCodeLibraryPakFileMountedCallback: pending pak file info (ChunkID:-1 Root:root:/ File:C:/Program Files/Epic Games/UE_4.27/FeaturePacks/FP_FirstPersonBP.upack)
[2024.04.23-05.56.49:902][  0]LogPakFile: OnPakFileMounted2Time == 0.000220
[2024.04.23-05.56.49:903][  0]LogPakFile: PakFile PrimaryIndexSize=191
[2024.04.23-05.56.49:903][  0]LogPakFile: PakFile PathHashIndexSize=101
[2024.04.23-05.56.49:903][  0]LogPakFile: PakFile FullDirectoryIndexSize=160
[2024.04.23-05.56.49:903][  0]LogShaderLibrary: Display: ShaderCodeLibraryPakFileMountedCallback: PakFile 'C:/Program Files/Epic Games/UE_4.27/FeaturePacks/MobileStarterContent.upack' (chunk index -1, root 'root:/') mounted
[2024.04.23-05.56.49:903][  0]LogShaderLibrary: Display: ShaderCodeLibraryPakFileMountedCallback: pending pak file info (ChunkID:-1 Root:root:/ File:C:/Program Files/Epic Games/UE_4.27/FeaturePacks/MobileStarterContent.upack)
[2024.04.23-05.56.49:903][  0]LogPakFile: OnPakFileMounted2Time == 0.000170
[2024.04.23-05.56.49:904][  0]LogPakFile: PakFile PrimaryIndexSize=185
[2024.04.23-05.56.49:904][  0]LogPakFile: PakFile PathHashIndexSize=101
[2024.04.23-05.56.49:904][  0]LogPakFile: PakFile FullDirectoryIndexSize=148
[2024.04.23-05.56.49:904][  0]LogShaderLibrary: Display: ShaderCodeLibraryPakFileMountedCallback: PakFile 'C:/Program Files/Epic Games/UE_4.27/FeaturePacks/StarterContent.upack' (chunk index -1, root 'root:/') mounted
[2024.04.23-05.56.49:904][  0]LogShaderLibrary: Display: ShaderCodeLibraryPakFileMountedCallback: pending pak file info (ChunkID:-1 Root:root:/ File:C:/Program Files/Epic Games/UE_4.27/FeaturePacks/StarterContent.upack)
[2024.04.23-05.56.49:904][  0]LogPakFile: OnPakFileMounted2Time == 0.000147
[2024.04.23-05.56.49:905][  0]LogPakFile: PakFile PrimaryIndexSize=190
[2024.04.23-05.56.49:905][  0]LogPakFile: PakFile PathHashIndexSize=101
[2024.04.23-05.56.49:905][  0]LogPakFile: PakFile FullDirectoryIndexSize=154
[2024.04.23-05.56.49:905][  0]LogShaderLibrary: Display: ShaderCodeLibraryPakFileMountedCallback: PakFile 'C:/Program Files/Epic Games/UE_4.27/FeaturePacks/TP_2DSideScroller.upack' (chunk index -1, root 'root:/') mounted
[2024.04.23-05.56.49:905][  0]LogShaderLibrary: Display: ShaderCodeLibraryPakFileMountedCallback: pending pak file info (ChunkID:-1 Root:root:/ File:C:/Program Files/Epic Games/UE_4.27/FeaturePacks/TP_2DSideScroller.upack)
[2024.04.23-05.56.49:905][  0]LogPakFile: OnPakFileMounted2Time == 0.000114
[2024.04.23-05.56.49:906][  0]LogPakFile: PakFile PrimaryIndexSize=192
[2024.04.23-05.56.49:906][  0]LogPakFile: PakFile PathHashIndexSize=101
[2024.04.23-05.56.49:906][  0]LogPakFile: PakFile FullDirectoryIndexSize=158
[2024.04.23-05.56.49:906][  0]LogShaderLibrary: Display: ShaderCodeLibraryPakFileMountedCallback: PakFile 'C:/Program Files/Epic Games/UE_4.27/FeaturePacks/TP_2DSideScrollerBP.upack' (chunk index -1, root 'root:/') mounted
[2024.04.23-05.56.49:906][  0]LogShaderLibrary: Display: ShaderCodeLibraryPakFileMountedCallback: pending pak file info (ChunkID:-1 Root:root:/ File:C:/Program Files/Epic Games/UE_4.27/FeaturePacks/TP_2DSideScrollerBP.upack)
[2024.04.23-05.56.49:906][  0]LogPakFile: OnPakFileMounted2Time == 0.000121
[2024.04.23-05.56.49:907][  0]LogPakFile: PakFile PrimaryIndexSize=182
[2024.04.23-05.56.49:907][  0]LogPakFile: PakFile PathHashIndexSize=101
[2024.04.23-05.56.49:907][  0]LogPakFile: PakFile FullDirectoryIndexSize=138
[2024.04.23-05.56.49:907][  0]LogShaderLibrary: Display: ShaderCodeLibraryPakFileMountedCallback: PakFile 'C:/Program Files/Epic Games/UE_4.27/FeaturePacks/TP_Flying.upack' (chunk index -1, root 'root:/') mounted
[2024.04.23-05.56.49:907][  0]LogShaderLibrary: Display: ShaderCodeLibraryPakFileMountedCallback: pending pak file info (ChunkID:-1 Root:root:/ File:C:/Program Files/Epic Games/UE_4.27/FeaturePacks/TP_Flying.upack)
[2024.04.23-05.56.49:907][  0]LogPakFile: OnPakFileMounted2Time == 0.000126
[2024.04.23-05.56.49:908][  0]LogPakFile: PakFile PrimaryIndexSize=184
[2024.04.23-05.56.49:908][  0]LogPakFile: PakFile PathHashIndexSize=101
[2024.04.23-05.56.49:908][  0]LogPakFile: PakFile FullDirectoryIndexSize=142
[2024.04.23-05.56.49:908][  0]LogShaderLibrary: Display: ShaderCodeLibraryPakFileMountedCallback: PakFile 'C:/Program Files/Epic Games/UE_4.27/FeaturePacks/TP_FlyingBP.upack' (chunk index -1, root 'root:/') mounted
[2024.04.23-05.56.49:908][  0]LogShaderLibrary: Display: ShaderCodeLibraryPakFileMountedCallback: pending pak file info (ChunkID:-1 Root:root:/ File:C:/Program Files/Epic Games/UE_4.27/FeaturePacks/TP_FlyingBP.upack)
[2024.04.23-05.56.49:908][  0]LogPakFile: OnPakFileMounted2Time == 0.000118
[2024.04.23-05.56.49:909][  0]LogPakFile: PakFile PrimaryIndexSize=188
[2024.04.23-05.56.49:909][  0]LogPakFile: PakFile PathHashIndexSize=101
[2024.04.23-05.56.49:909][  0]LogPakFile: PakFile FullDirectoryIndexSize=150
[2024.04.23-05.56.49:909][  0]LogShaderLibrary: Display: ShaderCodeLibraryPakFileMountedCallback: PakFile 'C:/Program Files/Epic Games/UE_4.27/FeaturePacks/TP_HandheldARBP.upack' (chunk index -1, root 'root:/') mounted
[2024.04.23-05.56.49:909][  0]LogShaderLibrary: Display: ShaderCodeLibraryPakFileMountedCallback: pending pak file info (ChunkID:-1 Root:root:/ File:C:/Program Files/Epic Games/UE_4.27/FeaturePacks/TP_HandheldARBP.upack)
[2024.04.23-05.56.49:909][  0]LogPakFile: OnPakFileMounted2Time == 0.000115
[2024.04.23-05.56.49:910][  0]LogPakFile: PakFile PrimaryIndexSize=182
[2024.04.23-05.56.49:910][  0]LogPakFile: PakFile PathHashIndexSize=101
[2024.04.23-05.56.49:910][  0]LogPakFile: PakFile FullDirectoryIndexSize=138
[2024.04.23-05.56.49:910][  0]LogShaderLibrary: Display: ShaderCodeLibraryPakFileMountedCallback: PakFile 'C:/Program Files/Epic Games/UE_4.27/FeaturePacks/TP_Puzzle.upack' (chunk index -1, root 'root:/') mounted
[2024.04.23-05.56.49:910][  0]LogShaderLibrary: Display: ShaderCodeLibraryPakFileMountedCallback: pending pak file info (ChunkID:-1 Root:root:/ File:C:/Program Files/Epic Games/UE_4.27/FeaturePacks/TP_Puzzle.upack)
[2024.04.23-05.56.49:910][  0]LogPakFile: OnPakFileMounted2Time == 0.000114
[2024.04.23-05.56.49:911][  0]LogPakFile: PakFile PrimaryIndexSize=184
[2024.04.23-05.56.49:911][  0]LogPakFile: PakFile PathHashIndexSize=101
[2024.04.23-05.56.49:911][  0]LogPakFile: PakFile FullDirectoryIndexSize=142
[2024.04.23-05.56.49:911][  0]LogShaderLibrary: Display: ShaderCodeLibraryPakFileMountedCallback: PakFile 'C:/Program Files/Epic Games/UE_4.27/FeaturePacks/TP_PuzzleBP.upack' (chunk index -1, root 'root:/') mounted
[2024.04.23-05.56.49:911][  0]LogShaderLibrary: Display: ShaderCodeLibraryPakFileMountedCallback: pending pak file info (ChunkID:-1 Root:root:/ File:C:/Program Files/Epic Games/UE_4.27/FeaturePacks/TP_PuzzleBP.upack)
[2024.04.23-05.56.49:911][  0]LogPakFile: OnPakFileMounted2Time == 0.000117
[2024.04.23-05.56.49:911][  0]LogPakFile: PakFile PrimaryIndexSize=183
[2024.04.23-05.56.49:911][  0]LogPakFile: PakFile PathHashIndexSize=101
[2024.04.23-05.56.49:911][  0]LogPakFile: PakFile FullDirectoryIndexSize=140
[2024.04.23-05.56.49:911][  0]LogShaderLibrary: Display: ShaderCodeLibraryPakFileMountedCallback: PakFile 'C:/Program Files/Epic Games/UE_4.27/FeaturePacks/TP_Rolling.upack' (chunk index -1, root 'root:/') mounted
[2024.04.23-05.56.49:911][  0]LogShaderLibrary: Display: ShaderCodeLibraryPakFileMountedCallback: pending pak file info (ChunkID:-1 Root:root:/ File:C:/Program Files/Epic Games/UE_4.27/FeaturePacks/TP_Rolling.upack)
[2024.04.23-05.56.49:911][  0]LogPakFile: OnPakFileMounted2Time == 0.000114
[2024.04.23-05.56.49:911][  0]LogPakFile: PakFile PrimaryIndexSize=185
[2024.04.23-05.56.49:911][  0]LogPakFile: PakFile PathHashIndexSize=101
[2024.04.23-05.56.49:912][  0]LogPakFile: PakFile FullDirectoryIndexSize=144
[2024.04.23-05.56.49:912][  0]LogShaderLibrary: Display: ShaderCodeLibraryPakFileMountedCallback: PakFile 'C:/Program Files/Epic Games/UE_4.27/FeaturePacks/TP_RollingBP.upack' (chunk index -1, root 'root:/') mounted
[2024.04.23-05.56.49:912][  0]LogShaderLibrary: Display: ShaderCodeLibraryPakFileMountedCallback: pending pak file info (ChunkID:-1 Root:root:/ File:C:/Program Files/Epic Games/UE_4.27/FeaturePacks/TP_RollingBP.upack)
[2024.04.23-05.56.49:912][  0]LogPakFile: OnPakFileMounted2Time == 0.000122
[2024.04.23-05.56.49:912][  0]LogPakFile: PakFile PrimaryIndexSize=188
[2024.04.23-05.56.49:912][  0]LogPakFile: PakFile PathHashIndexSize=101
[2024.04.23-05.56.49:912][  0]LogPakFile: PakFile FullDirectoryIndexSize=150
[2024.04.23-05.56.49:912][  0]LogShaderLibrary: Display: ShaderCodeLibraryPakFileMountedCallback: PakFile 'C:/Program Files/Epic Games/UE_4.27/FeaturePacks/TP_SideScroller.upack' (chunk index -1, root 'root:/') mounted
[2024.04.23-05.56.49:912][  0]LogShaderLibrary: Display: ShaderCodeLibraryPakFileMountedCallback: pending pak file info (ChunkID:-1 Root:root:/ File:C:/Program Files/Epic Games/UE_4.27/FeaturePacks/TP_SideScroller.upack)
[2024.04.23-05.56.49:913][  0]LogPakFile: OnPakFileMounted2Time == 0.000113
[2024.04.23-05.56.49:913][  0]LogPakFile: PakFile PrimaryIndexSize=190
[2024.04.23-05.56.49:913][  0]LogPakFile: PakFile PathHashIndexSize=101
[2024.04.23-05.56.49:913][  0]LogPakFile: PakFile FullDirectoryIndexSize=154
[2024.04.23-05.56.49:913][  0]LogShaderLibrary: Display: ShaderCodeLibraryPakFileMountedCallback: PakFile 'C:/Program Files/Epic Games/UE_4.27/FeaturePacks/TP_SideScrollerBP.upack' (chunk index -1, root 'root:/') mounted
[2024.04.23-05.56.49:913][  0]LogShaderLibrary: Display: ShaderCodeLibraryPakFileMountedCallback: pending pak file info (ChunkID:-1 Root:root:/ File:C:/Program Files/Epic Games/UE_4.27/FeaturePacks/TP_SideScrollerBP.upack)
[2024.04.23-05.56.49:913][  0]LogPakFile: OnPakFileMounted2Time == 0.000131
[2024.04.23-05.56.49:914][  0]LogPakFile: PakFile PrimaryIndexSize=187
[2024.04.23-05.56.49:914][  0]LogPakFile: PakFile PathHashIndexSize=101
[2024.04.23-05.56.49:914][  0]LogPakFile: PakFile FullDirectoryIndexSize=148
[2024.04.23-05.56.49:914][  0]LogShaderLibrary: Display: ShaderCodeLibraryPakFileMountedCallback: PakFile 'C:/Program Files/Epic Games/UE_4.27/FeaturePacks/TP_ThirdPerson.upack' (chunk index -1, root 'root:/') mounted
[2024.04.23-05.56.49:914][  0]LogShaderLibrary: Display: ShaderCodeLibraryPakFileMountedCallback: pending pak file info (ChunkID:-1 Root:root:/ File:C:/Program Files/Epic Games/UE_4.27/FeaturePacks/TP_ThirdPerson.upack)
[2024.04.23-05.56.49:914][  0]LogPakFile: OnPakFileMounted2Time == 0.000123
[2024.04.23-05.56.49:915][  0]LogPakFile: PakFile PrimaryIndexSize=189
[2024.04.23-05.56.49:915][  0]LogPakFile: PakFile PathHashIndexSize=101
[2024.04.23-05.56.49:915][  0]LogPakFile: PakFile FullDirectoryIndexSize=152
[2024.04.23-05.56.49:915][  0]LogShaderLibrary: Display: ShaderCodeLibraryPakFileMountedCallback: PakFile 'C:/Program Files/Epic Games/UE_4.27/FeaturePacks/TP_ThirdPersonBP.upack' (chunk index -1, root 'root:/') mounted
[2024.04.23-05.56.49:915][  0]LogShaderLibrary: Display: ShaderCodeLibraryPakFileMountedCallback: pending pak file info (ChunkID:-1 Root:root:/ File:C:/Program Files/Epic Games/UE_4.27/FeaturePacks/TP_ThirdPersonBP.upack)
[2024.04.23-05.56.49:915][  0]LogPakFile: OnPakFileMounted2Time == 0.000124
[2024.04.23-05.56.49:916][  0]LogPakFile: PakFile PrimaryIndexSize=183
[2024.04.23-05.56.49:916][  0]LogPakFile: PakFile PathHashIndexSize=101
[2024.04.23-05.56.49:916][  0]LogPakFile: PakFile FullDirectoryIndexSize=140
[2024.04.23-05.56.49:916][  0]LogShaderLibrary: Display: ShaderCodeLibraryPakFileMountedCallback: PakFile 'C:/Program Files/Epic Games/UE_4.27/FeaturePacks/TP_TopDown.upack' (chunk index -1, root 'root:/') mounted
[2024.04.23-05.56.49:916][  0]LogShaderLibrary: Display: ShaderCodeLibraryPakFileMountedCallback: pending pak file info (ChunkID:-1 Root:root:/ File:C:/Program Files/Epic Games/UE_4.27/FeaturePacks/TP_TopDown.upack)
[2024.04.23-05.56.49:916][  0]LogPakFile: OnPakFileMounted2Time == 0.000132
[2024.04.23-05.56.49:917][  0]LogPakFile: PakFile PrimaryIndexSize=185
[2024.04.23-05.56.49:917][  0]LogPakFile: PakFile PathHashIndexSize=101
[2024.04.23-05.56.49:917][  0]LogPakFile: PakFile FullDirectoryIndexSize=144
[2024.04.23-05.56.49:917][  0]LogShaderLibrary: Display: ShaderCodeLibraryPakFileMountedCallback: PakFile 'C:/Program Files/Epic Games/UE_4.27/FeaturePacks/TP_TopDownBP.upack' (chunk index -1, root 'root:/') mounted
[2024.04.23-05.56.49:917][  0]LogShaderLibrary: Display: ShaderCodeLibraryPakFileMountedCallback: pending pak file info (ChunkID:-1 Root:root:/ File:C:/Program Files/Epic Games/UE_4.27/FeaturePacks/TP_TopDownBP.upack)
[2024.04.23-05.56.49:917][  0]LogPakFile: OnPakFileMounted2Time == 0.000118
[2024.04.23-05.56.49:918][  0]LogPakFile: PakFile PrimaryIndexSize=185
[2024.04.23-05.56.49:918][  0]LogPakFile: PakFile PathHashIndexSize=101
[2024.04.23-05.56.49:918][  0]LogPakFile: PakFile FullDirectoryIndexSize=144
[2024.04.23-05.56.49:918][  0]LogShaderLibrary: Display: ShaderCodeLibraryPakFileMountedCallback: PakFile 'C:/Program Files/Epic Games/UE_4.27/FeaturePacks/TP_TwinStick.upack' (chunk index -1, root 'root:/') mounted
[2024.04.23-05.56.49:918][  0]LogShaderLibrary: Display: ShaderCodeLibraryPakFileMountedCallback: pending pak file info (ChunkID:-1 Root:root:/ File:C:/Program Files/Epic Games/UE_4.27/FeaturePacks/TP_TwinStick.upack)
[2024.04.23-05.56.49:918][  0]LogPakFile: OnPakFileMounted2Time == 0.000118
[2024.04.23-05.56.49:918][  0]LogPakFile: PakFile PrimaryIndexSize=187
[2024.04.23-05.56.49:919][  0]LogPakFile: PakFile PathHashIndexSize=101
[2024.04.23-05.56.49:919][  0]LogPakFile: PakFile FullDirectoryIndexSize=148
[2024.04.23-05.56.49:919][  0]LogShaderLibrary: Display: ShaderCodeLibraryPakFileMountedCallback: PakFile 'C:/Program Files/Epic Games/UE_4.27/FeaturePacks/TP_TwinStickBP.upack' (chunk index -1, root 'root:/') mounted
[2024.04.23-05.56.49:919][  0]LogShaderLibrary: Display: ShaderCodeLibraryPakFileMountedCallback: pending pak file info (ChunkID:-1 Root:root:/ File:C:/Program Files/Epic Games/UE_4.27/FeaturePacks/TP_TwinStickBP.upack)
[2024.04.23-05.56.49:919][  0]LogPakFile: OnPakFileMounted2Time == 0.000126
[2024.04.23-05.56.49:919][  0]LogPakFile: PakFile PrimaryIndexSize=183
[2024.04.23-05.56.49:919][  0]LogPakFile: PakFile PathHashIndexSize=101
[2024.04.23-05.56.49:919][  0]LogPakFile: PakFile FullDirectoryIndexSize=140
[2024.04.23-05.56.49:920][  0]LogShaderLibrary: Display: ShaderCodeLibraryPakFileMountedCallback: PakFile 'C:/Program Files/Epic Games/UE_4.27/FeaturePacks/TP_Vehicle.upack' (chunk index -1, root 'root:/') mounted
[2024.04.23-05.56.49:920][  0]LogShaderLibrary: Display: ShaderCodeLibraryPakFileMountedCallback: pending pak file info (ChunkID:-1 Root:root:/ File:C:/Program Files/Epic Games/UE_4.27/FeaturePacks/TP_Vehicle.upack)
[2024.04.23-05.56.49:920][  0]LogPakFile: OnPakFileMounted2Time == 0.000122
[2024.04.23-05.56.49:920][  0]LogPakFile: PakFile PrimaryIndexSize=186
[2024.04.23-05.56.49:920][  0]LogPakFile: PakFile PathHashIndexSize=101
[2024.04.23-05.56.49:920][  0]LogPakFile: PakFile FullDirectoryIndexSize=146
[2024.04.23-05.56.49:920][  0]LogShaderLibrary: Display: ShaderCodeLibraryPakFileMountedCallback: PakFile 'C:/Program Files/Epic Games/UE_4.27/FeaturePacks/TP_VehicleAdv.upack' (chunk index -1, root 'root:/') mounted
[2024.04.23-05.56.49:920][  0]LogShaderLibrary: Display: ShaderCodeLibraryPakFileMountedCallback: pending pak file info (ChunkID:-1 Root:root:/ File:C:/Program Files/Epic Games/UE_4.27/FeaturePacks/TP_VehicleAdv.upack)
[2024.04.23-05.56.49:921][  0]LogPakFile: OnPakFileMounted2Time == 0.000121
[2024.04.23-05.56.49:921][  0]LogPakFile: PakFile PrimaryIndexSize=188
[2024.04.23-05.56.49:921][  0]LogPakFile: PakFile PathHashIndexSize=101
[2024.04.23-05.56.49:921][  0]LogPakFile: PakFile FullDirectoryIndexSize=150
[2024.04.23-05.56.49:921][  0]LogShaderLibrary: Display: ShaderCodeLibraryPakFileMountedCallback: PakFile 'C:/Program Files/Epic Games/UE_4.27/FeaturePacks/TP_VehicleAdvBP.upack' (chunk index -1, root 'root:/') mounted
[2024.04.23-05.56.49:921][  0]LogShaderLibrary: Display: ShaderCodeLibraryPakFileMountedCallback: pending pak file info (ChunkID:-1 Root:root:/ File:C:/Program Files/Epic Games/UE_4.27/FeaturePacks/TP_VehicleAdvBP.upack)
[2024.04.23-05.56.49:921][  0]LogPakFile: OnPakFileMounted2Time == 0.000118
[2024.04.23-05.56.49:922][  0]LogPakFile: PakFile PrimaryIndexSize=185
[2024.04.23-05.56.49:922][  0]LogPakFile: PakFile PathHashIndexSize=101
[2024.04.23-05.56.49:922][  0]LogPakFile: PakFile FullDirectoryIndexSize=144
[2024.04.23-05.56.49:922][  0]LogShaderLibrary: Display: ShaderCodeLibraryPakFileMountedCallback: PakFile 'C:/Program Files/Epic Games/UE_4.27/FeaturePacks/TP_VehicleBP.upack' (chunk index -1, root 'root:/') mounted
[2024.04.23-05.56.49:922][  0]LogShaderLibrary: Display: ShaderCodeLibraryPakFileMountedCallback: pending pak file info (ChunkID:-1 Root:root:/ File:C:/Program Files/Epic Games/UE_4.27/FeaturePacks/TP_VehicleBP.upack)
[2024.04.23-05.56.49:922][  0]LogPakFile: OnPakFileMounted2Time == 0.000119
[2024.04.23-05.56.49:923][  0]LogPakFile: PakFile PrimaryIndexSize=192
[2024.04.23-05.56.49:923][  0]LogPakFile: PakFile PathHashIndexSize=101
[2024.04.23-05.56.49:923][  0]LogPakFile: PakFile FullDirectoryIndexSize=158
[2024.04.23-05.56.49:923][  0]LogShaderLibrary: Display: ShaderCodeLibraryPakFileMountedCallback: PakFile 'C:/Program Files/Epic Games/UE_4.27/FeaturePacks/TP_VirtualRealityBP.upack' (chunk index -1, root 'root:/') mounted
[2024.04.23-05.56.49:923][  0]LogShaderLibrary: Display: ShaderCodeLibraryPakFileMountedCallback: pending pak file info (ChunkID:-1 Root:root:/ File:C:/Program Files/Epic Games/UE_4.27/FeaturePacks/TP_VirtualRealityBP.upack)
[2024.04.23-05.56.49:923][  0]LogPakFile: OnPakFileMounted2Time == 0.000113
[2024.04.23-05.56.49:983][  0]LogNativeClassHierarchy: Verbose: Native class hierarchy updated for 'AddContentDialog' in 0.0003 seconds. Added 0 classes and 0 folders.
[2024.04.23-05.56.49:984][  0]LogNativeClassHierarchy: Verbose: Native class hierarchy updated for 'SceneOutliner' in 0.0002 seconds. Added 2 classes and 0 folders.
[2024.04.23-05.56.50:009][  0]LogNativeClassHierarchy: Verbose: Native class hierarchy updated for 'HierarchicalLODOutliner' in 0.0002 seconds. Added 0 classes and 0 folders.
[2024.04.23-05.56.50:009][  0]LogLoad: (Engine Initialization) Total time: 7.43 seconds
[2024.04.23-05.56.50:009][  0]LogLoad: (Engine Initialization) Total Blueprint compile time: 0.00 seconds
[2024.04.23-05.56.50:047][  0]LogAssetRegistry: Asset discovery search completed in 3.7974 seconds
[2024.04.23-05.56.50:052][  0]LogCollectionManager: Fixed up redirectors for 0 collections in 0.000003 seconds (updated 0 objects)
[2024.04.23-05.56.50:053][  0]LogContentStreaming: Texture pool size now 1000 MB
[2024.04.23-05.56.50:058][  0]LogSlate: Took 0.000127 seconds to synchronously load lazily loaded font '../../../Engine/Content/Slate/Fonts/Roboto-Regular.ttf' (155K)
[2024.04.23-05.56.50:059][  0]LogSlate: Took 0.000103 seconds to synchronously load lazily loaded font '../../../Engine/Content/Editor/Slate/Fonts/FontAwesome.ttf' (139K)
[2024.04.23-05.56.50:060][  0]LogSlate: Took 0.000105 seconds to synchronously load lazily loaded font '../../../Engine/Content/Slate/Fonts/Roboto-Bold.ttf' (160K)
[2024.04.23-05.56.50:136][  1]LogRenderer: Reallocating scene render targets to support 1188x788 Format 10 NumSamples 1 (Frame:1).
[2024.04.23-05.56.53:574][223]LogTemp: Repeating last play command: Selected Viewport
[2024.04.23-05.56.53:578][223]LogPlayLevel: PlayLevel: No blueprints needed recompiling
[2024.04.23-05.56.53:578][223]PIE: New page: PIE session: MainMap (Apr 23, 2024, 11:56:53 AM)
[2024.04.23-05.56.53:580][223]LogOnline: OSS: Creating online subsystem instance for: NULL
[2024.04.23-05.56.53:582][223]LogOnline: OSS: TryLoadSubsystemAndSetDefault: Loaded subsystem for module [NULL]
[2024.04.23-05.56.53:582][223]LogPlayLevel: Creating play world package: /Game/UEDPIE_0_MainMap
[2024.04.23-05.56.53:584][223]LogPlayLevel: PIE: StaticDuplicateObject took: (0.001918s)
[2024.04.23-05.56.53:585][223]LogAIModule: Creating AISystem for world MainMap
[2024.04.23-05.56.53:585][223]LogPlayLevel: PIE: World Init took: (0.001029s)
[2024.04.23-05.56.53:585][223]LogPlayLevel: PIE: Created PIE world by copying editor world from /Game/MainMap.MainMap to /Game/UEDPIE_0_MainMap.MainMap (0.003263s)
[2024.04.23-05.56.53:591][223]LogUObjectHash: Compacting FUObjectHashTables data took   0.56ms
[2024.04.23-05.56.53:594][223]LogAudio: Display: Creating Audio Device:                 Id: 2, Scope: Unique, Realtime: True
[2024.04.23-05.56.53:595][223]LogAudioMixer: Display: Audio Mixer Platform Settings:
[2024.04.23-05.56.53:595][223]LogAudioMixer: Display: 	Sample Rate:						  48000
[2024.04.23-05.56.53:595][223]LogAudioMixer: Display: 	Callback Buffer Frame Size Requested: 1024
[2024.04.23-05.56.53:595][223]LogAudioMixer: Display: 	Callback Buffer Frame Size To Use:	  1024
[2024.04.23-05.56.53:595][223]LogAudioMixer: Display: 	Number of buffers to queue:			  2
[2024.04.23-05.56.53:595][223]LogAudioMixer: Display: 	Max Channels (voices):				  32
[2024.04.23-05.56.53:595][223]LogAudioMixer: Display: 	Number of Async Source Workers:		  0
[2024.04.23-05.56.53:595][223]LogAudio: Display: AudioDevice MaxSources: 32
[2024.04.23-05.56.53:596][223]LogAudio: Display: Audio Spatialization Plugin: None (built-in).
[2024.04.23-05.56.53:596][223]LogAudio: Display: Audio Reverb Plugin: None (built-in).
[2024.04.23-05.56.53:596][223]LogAudio: Display: Audio Occlusion Plugin: None (built-in).
[2024.04.23-05.56.53:596][223]LogAudioMixer: Display: Initializing audio mixer.
[2024.04.23-05.56.53:599][223]LogAudioMixer: Display: 0: FrontLeft
[2024.04.23-05.56.53:599][223]LogAudioMixer: Display: 1: FrontRight
[2024.04.23-05.56.53:605][223]LogAudioMixer: Display: Using Audio Device Speakers (ASUS Essence STX II Audio Device)
[2024.04.23-05.56.53:605][223]LogAudioMixer: Display: Initializing Sound Submixes...
[2024.04.23-05.56.53:605][223]LogAudioMixer: Display: Creating Master Submix 'MasterSubmixDefault'
[2024.04.23-05.56.53:605][223]LogAudioMixer: Display: Creating Master Submix 'MasterReverbSubmixDefault'
[2024.04.23-05.56.53:605][223]LogAudioMixer: Display: Creating Master Submix 'MasterEQSubmixDefault'
[2024.04.23-05.56.53:605][223]LogAudioMixer: FMixerPlatformXAudio2::StartAudioStream() called
[2024.04.23-05.56.53:606][223]LogAudioMixer: Display: Output buffers initialized: Frames=1024, Channels=2, Samples=2048
[2024.04.23-05.56.53:607][223]LogAudioMixer: Display: Starting AudioMixerPlatformInterface::RunInternal()
[2024.04.23-05.56.53:607][223]LogAudioMixer: Display: FMixerPlatformXAudio2::SubmitBuffer() called for the first time
[2024.04.23-05.56.53:607][223]LogInit: FAudioDevice initialized.
[2024.04.23-05.56.53:608][223]LogAudio: Display: Audio Device (ID: 2) registered with world 'MainMap'.
[2024.04.23-05.56.53:623][223]LogLoad: Game class is 'SnakeGameModeBP_C'
[2024.04.23-05.56.53:624][223]LogWorld: Bringing World /Game/UEDPIE_0_MainMap.MainMap up for play (max tick rate 0) at 2024.04.23-08.56.53
[2024.04.23-05.56.53:624][223]LogWorld: Bringing up level for play took: 0.000480
[2024.04.23-05.56.53:625][223]LogOnline: OSS: Creating online subsystem instance for: :Context_1
[2024.04.23-05.56.53:628][223]LogNativeClassHierarchy: Verbose: Native class hierarchy updated for 'MovieSceneCapture' in 0.0003 seconds. Added 20 classes and 0 folders.
[2024.04.23-05.56.53:629][223]LogActor: Warning: SnakeElemBP_C /Game/UEDPIE_0_MainMap.MainMap:PersistentLevel.SnakeElemBP_C_0 has natively added scene component(s), but none of them were set as the actor's RootComponent - picking one arbitrarily
[2024.04.23-05.56.53:629][223]LogActor: Warning: SnakeElemBP_C /Game/UEDPIE_0_MainMap.MainMap:PersistentLevel.SnakeElemBP_C_1 has natively added scene component(s), but none of them were set as the actor's RootComponent - picking one arbitrarily
[2024.04.23-05.56.53:629][223]LogActor: Warning: SnakeElemBP_C /Game/UEDPIE_0_MainMap.MainMap:PersistentLevel.SnakeElemBP_C_2 has natively added scene component(s), but none of them were set as the actor's RootComponent - picking one arbitrarily
[2024.04.23-05.56.53:629][223]LogActor: Warning: SnakeElemBP_C /Game/UEDPIE_0_MainMap.MainMap:PersistentLevel.SnakeElemBP_C_3 has natively added scene component(s), but none of them were set as the actor's RootComponent - picking one arbitrarily
[2024.04.23-05.56.53:629][223]PIE: Server logged in
[2024.04.23-05.56.53:630][223]PIE: Play in editor total start time 0.054 seconds.
[2024.04.23-05.56.53:650][224]LogActor: Warning: SnakeElemBP_C /Engine/Transient.World_0:PersistentLevel.SnakeElemBP_C_0 has natively added scene component(s), but none of them were set as the actor's RootComponent - picking one arbitrarily
[2024.04.23-05.56.57:251][647]LogSlate: Updating window title bar state: overlay mode, drag disabled, window buttons hidden, title bar hidden
[2024.04.23-05.56.57:251][647]LogWorld: BeginTearingDown for /Game/UEDPIE_0_MainMap
[2024.04.23-05.56.57:251][647]LogWorld: UWorld::CleanupWorld for MainMap, bSessionEnded=true, bCleanupResources=true
[2024.04.23-05.56.57:251][647]LogSlate: InvalidateAllWidgets triggered.  All widgets were invalidated
[2024.04.23-05.56.57:264][647]LogPlayLevel: Display: Shutting down PIE online subsystems
[2024.04.23-05.56.57:266][647]LogSlate: InvalidateAllWidgets triggered.  All widgets were invalidated
[2024.04.23-05.56.57:270][647]LogAudio: Display: Audio Device unregistered from world 'None'.
[2024.04.23-05.56.57:270][647]LogAudioMixer: FMixerPlatformXAudio2::StopAudioStream() called
[2024.04.23-05.56.57:272][647]LogAudioMixer: FMixerPlatformXAudio2::StopAudioStream() called
[2024.04.23-05.56.57:274][647]LogSlate: Updating window title bar state: overlay mode, drag disabled, window buttons hidden, title bar hidden
[2024.04.23-05.56.57:276][647]LogUObjectHash: Compacting FUObjectHashTables data took   0.68ms
[2024.04.23-05.56.57:331][652]LogPlayLevel: Display: Destroying online subsystem :Context_1
